#
# A fatal error has been detected by the Java Runtime Environment:
#
#  SIGBUS (0x7) at pc=0x00007f965d4617d2, pid=4629, tid=140282179733248
#
# JRE version: Java(TM) SE Runtime Environment (8.0_25-b17) (build 1.8.0_25-b17)
# Java VM: Java HotSpot(TM) 64-Bit Server VM (25.25-b02 mixed mode linux-amd64 compressed oops)
# Problematic frame:
# C  [libzip.so+0x117d2]  newEntry+0x62
#
# Failed to write core dump. Core dumps have been disabled. To enable core dumping, try "ulimit -c unlimited" before starting Java again
#
# If you would like to submit a bug report, please visit:
#   http://bugreport.sun.com/bugreport/crash.jsp
# The crash happened outside the Java Virtual Machine in native code.
# See problematic frame for where to report the bug.
#

---------------  T H R E A D  ---------------

Current thread (0x00007f9610140800):  JavaThread "BlockingClient network thread for /95.85.11.229:18333" daemon [_thread_in_native, id=4851, stack(0x00007f95fd6dc000,0x00007f95fd7dd000)]

siginfo: si_signo: 7 (SIGBUS), si_code: 2 (BUS_ADRERR), si_addr: 0x00007f96480adce0

Registers:
RAX=0x00007f9608089140, RBX=0x00007f965815bfc0, RCX=0x00007f9608000078, RDX=0x00007f9608000020
RSP=0x00007f95fd7d8f30, RBP=0x00007f95fd7d8f80, RSI=0x0000000000000048, RDI=0x00000000000004c0
R8 =0x0000000000000005, R9 =0x0000000000000077, R10=0x7274532f73746975, R11=0x0000000000000001
R12=0x00007f96480adcc3, R13=0x00007f9608089140, R14=0x00000000a08111fc, R15=0x00007f9658174d30
RIP=0x00007f965d4617d2, EFLAGS=0x0000000000010206, CSGSFS=0x0000000000000033, ERR=0x0000000000000004
  TRAPNO=0x000000000000000e

Top of Stack: (sp=0x00007f95fd7d8f30)
0x00007f95fd7d8f30:   0000000000000000 00007f9600000000
0x00007f95fd7d8f40:   00000001000007a8 00007f965f0ac97e
0x00007f95fd7d8f50:   00007f9608089140 00007f965815bfc0
0x00007f95fd7d8f60:   00007f9620222da0 00007f9658174d30
0x00007f95fd7d8f70:   00000000a08111fc 0000000000000036
0x00007f95fd7d8f80:   00007f95fd7d8fe0 00007f965d461f2f
0x00007f95fd7d8f90:   00007f9610140800 0100000000000000
0x00007f95fd7d8fa0:   00007f95fd7d9000 00007f95fd7d9037
0x00007f95fd7d8fb0:   00007f95fd7d9035 00007f95fd7d9000
0x00007f95fd7d8fc0:   0000000000000036 00007f96101409e8
0x00007f95fd7d8fd0:   00007f95fd7d9458 0000000000000001
0x00007f95fd7d8fe0:   00007f95fd7d9440 00007f965d453d30
0x00007f95fd7d8ff0:   000000000000003e 00007f9658174d30
0x00007f95fd7d9000:   676275732f6d6f63 63726f2f68706172
0x00007f95fd7d9010:   637269632f646968 7274532f73746975
0x00007f95fd7d9020:   52746978456d6165 3124747365757165
0x00007f95fd7d9030:   00007373616c632e 0000000000000000
0x00007f95fd7d9040:   0000000000000000 0000000000000000
0x00007f95fd7d9050:   0000000001431950 0000000000000000
0x00007f95fd7d9060:   0000000000000000 0000000000000000
0x00007f95fd7d9070:   0000000000000000 0000000000000000
0x00007f95fd7d9080:   000000005c662420 0000000000000000
0x00007f95fd7d9090:   0000000000000000 0000000000000000
0x00007f95fd7d90a0:   0000000000000000 0000000000000000
0x00007f95fd7d90b0:   00000000004dfa40 00007f965f80be0e
0x00007f95fd7d90c0:   00007f95fd7d9760 00007f95fd7d9750
0x00007f95fd7d90d0:   00007f95fd7d9800 00007f9610140800
0x00007f95fd7d90e0:   0000000000000000 00007f965f7d877c
0x00007f95fd7d90f0:   00007f9610141280 00000000f584e258
0x00007f95fd7d9100:   00000000f584e278 00000000f584e2c8
0x00007f95fd7d9110:   00000000f584e358 00007f9600000010
0x00007f95fd7d9120:   00000000014577d0 0000000000000000 

Instructions: (pc=0x00007f965d4617d2)
0x00007f965d4617b2:   00 48 c7 40 28 00 00 00 00 41 80 7f 30 00 0f 84
0x00007f965d4617c2:   8a 02 00 00 4c 8b 63 08 4d 2b 67 28 4d 03 67 18
0x00007f965d4617d2:   41 0f b6 5c 24 1d 41 0f b6 44 24 1c c1 e3 08 09
0x00007f965d4617e2:   c3 41 0f b6 44 24 1e 88 45 bd 41 0f b6 54 24 20 

Register to memory mapping:

RAX=0x00007f9608089140 is an unknown value
RBX=0x00007f965815bfc0 is an unknown value
RCX=0x00007f9608000078 is an unknown value
RDX=0x00007f9608000020 is an unknown value
RSP=0x00007f95fd7d8f30 is pointing into the stack for thread: 0x00007f9610140800
RBP=0x00007f95fd7d8f80 is pointing into the stack for thread: 0x00007f9610140800
RSI=0x0000000000000048 is an unknown value
RDI=0x00000000000004c0 is an unknown value
R8 =0x0000000000000005 is an unknown value
R9 =0x0000000000000077 is an unknown value
R10=0x7274532f73746975 is an unknown value
R11=0x0000000000000001 is an unknown value
R12=0x00007f96480adcc3 is an unknown value
R13=0x00007f9608089140 is an unknown value
R14=0x00000000a08111fc is an unknown value
R15=0x00007f9658174d30 is an unknown value


Stack: [0x00007f95fd6dc000,0x00007f95fd7dd000],  sp=0x00007f95fd7d8f30,  free space=1011k
Native frames: (J=compiled Java code, j=interpreted, Vv=VM code, C=native code)
C  [libzip.so+0x117d2]  newEntry+0x62
C  [libzip.so+0x11f2f]  ZIP_GetEntry2+0xff
C  [libzip.so+0x3d30]  Java_java_util_zip_ZipFile_getEntry+0xf0
J 212  java.util.zip.ZipFile.getEntry(J[BZ)J (0 bytes) @ 0x00007f96491723ce [0x00007f9649172300+0xce]
J 293 C1 java.util.zip.ZipFile.getEntry(Ljava/lang/String;)Ljava/util/zip/ZipEntry; (86 bytes) @ 0x00007f96491a480c [0x00007f96491a45a0+0x26c]
J 495 C1 java.util.jar.JarFile.getEntry(Ljava/lang/String;)Ljava/util/zip/ZipEntry; (22 bytes) @ 0x00007f9649237024 [0x00007f9649236fa0+0x84]
J 499 C2 sun.misc.URLClassPath$JarLoader.getResource(Ljava/lang/String;Z)Lsun/misc/Resource; (85 bytes) @ 0x00007f9649244a08 [0x00007f96492448e0+0x128]
J 226 C1 sun.misc.URLClassPath.getResource(Ljava/lang/String;Z)Lsun/misc/Resource; (74 bytes) @ 0x00007f9649177e5c [0x00007f9649177d20+0x13c]
J 245 C1 java.net.URLClassLoader$1.run()Ljava/lang/Class; (73 bytes) @ 0x00007f964917f5ec [0x00007f964917f3e0+0x20c]
J 244 C1 java.net.URLClassLoader$1.run()Ljava/lang/Object; (5 bytes) @ 0x00007f964917f04c [0x00007f964917efc0+0x8c]
v  ~StubRoutines::call_stub
V  [libjvm.so+0x664086]  JavaCalls::call_helper(JavaValue*, methodHandle*, JavaCallArguments*, Thread*)+0x1056
V  [libjvm.so+0x6f8fec]  JVM_DoPrivileged+0x27c
J 243  java.security.AccessController.doPrivileged(Ljava/security/PrivilegedExceptionAction;Ljava/security/AccessControlContext;)Ljava/lang/Object; (0 bytes) @ 0x00007f964917d9d5 [0x00007f964917d900+0xd5]
J 241 C1 java.net.URLClassLoader.findClass(Ljava/lang/String;)Ljava/lang/Class; (29 bytes) @ 0x00007f964917e4e4 [0x00007f964917e360+0x184]
J 259 C1 java.lang.ClassLoader.loadClass(Ljava/lang/String;Z)Ljava/lang/Class; (122 bytes) @ 0x00007f9649189dcc [0x00007f9649189480+0x94c]
J 205 C1 sun.misc.Launcher$AppClassLoader.loadClass(Ljava/lang/String;Z)Ljava/lang/Class; (40 bytes) @ 0x00007f964916ce2c [0x00007f964916ca00+0x42c]
J 204 C1 java.lang.ClassLoader.loadClass(Ljava/lang/String;)Ljava/lang/Class; (7 bytes) @ 0x00007f964916c6c4 [0x00007f964916c5c0+0x104]
v  ~StubRoutines::call_stub
V  [libjvm.so+0x664086]  JavaCalls::call_helper(JavaValue*, methodHandle*, JavaCallArguments*, Thread*)+0x1056
V  [libjvm.so+0x664591]  JavaCalls::call_virtual(JavaValue*, KlassHandle, Symbol*, Symbol*, JavaCallArguments*, Thread*)+0x321
V  [libjvm.so+0x6649e6]  JavaCalls::call_virtual(JavaValue*, Handle, KlassHandle, Symbol*, Symbol*, Handle, Thread*)+0x56
V  [libjvm.so+0x9f51b0]  SystemDictionary::load_instance_class(Symbol*, Handle, Thread*)+0x3c0
V  [libjvm.so+0x9f421c]  SystemDictionary::resolve_instance_class_or_null(Symbol*, Handle, Handle, Thread*)+0x7cc
V  [libjvm.so+0x9f55d3]  SystemDictionary::resolve_or_fail(Symbol*, Handle, Handle, bool, Thread*)+0x33
V  [libjvm.so+0x4dc768]  ConstantPool::klass_at_impl(constantPoolHandle, int, Thread*)+0x158
V  [libjvm.so+0x4e1e40]  ConstantPool::klass_ref_at(int, Thread*)+0xa0
V  [libjvm.so+0x7bb62a]  LinkResolver::resolve_field_access(fieldDescriptor&, constantPoolHandle, int, Bytecodes::Code, Thread*)+0x9a
V  [libjvm.so+0x65aa75]  InterpreterRuntime::resolve_get_put(JavaThread*, Bytecodes::Code)+0x125
j  com.subgraph.orchid.circuits.StreamExitRequest.getStream()Lcom/subgraph/orchid/Stream;+7
j  com.subgraph.orchid.circuits.PendingExitStreams.handleRequest(Lcom/subgraph/orchid/circuits/StreamExitRequest;)Lcom/subgraph/orchid/Stream;+18
j  com.subgraph.orchid.circuits.PendingExitStreams.openExitStreamByRequest(Lcom/subgraph/orchid/circuits/StreamExitRequest;)Lcom/subgraph/orchid/Stream;+47
j  com.subgraph.orchid.circuits.PendingExitStreams.openExitStream(Ljava/lang/String;I)Lcom/subgraph/orchid/Stream;+16
j  com.subgraph.orchid.circuits.CircuitManagerImpl.openExitStreamTo(Ljava/lang/String;I)Lcom/subgraph/orchid/Stream;+38
j  com.subgraph.orchid.TorClient.openExitStreamTo(Ljava/lang/String;I)Lcom/subgraph/orchid/Stream;+10
j  com.subgraph.orchid.sockets.OrchidSocketImpl.doConnect(Ljava/lang/String;I)V+43
j  com.subgraph.orchid.sockets.OrchidSocketImpl.connect(Ljava/net/SocketAddress;I)V+32
j  java.net.Socket.connect(Ljava/net/SocketAddress;I)V+179
j  org.bitcoinj.net.BlockingClient$1.run()V+36
v  ~StubRoutines::call_stub
V  [libjvm.so+0x664086]  JavaCalls::call_helper(JavaValue*, methodHandle*, JavaCallArguments*, Thread*)+0x1056
V  [libjvm.so+0x664591]  JavaCalls::call_virtual(JavaValue*, KlassHandle, Symbol*, Symbol*, JavaCallArguments*, Thread*)+0x321
V  [libjvm.so+0x664a37]  JavaCalls::call_virtual(JavaValue*, Handle, KlassHandle, Symbol*, Symbol*, Thread*)+0x47
V  [libjvm.so+0x6dee3e]  thread_entry(JavaThread*, Thread*)+0x7e
V  [libjvm.so+0xa29e8f]  JavaThread::thread_main_inner()+0xdf
V  [libjvm.so+0xa29fbc]  JavaThread::run()+0x11c
V  [libjvm.so+0x8e7d48]  java_start(Thread*)+0x108
C  [libpthread.so.0+0x7e9a]  start_thread+0xda

Java frames: (J=compiled Java code, j=interpreted, Vv=VM code)
J 212  java.util.zip.ZipFile.getEntry(J[BZ)J (0 bytes) @ 0x00007f9649172358 [0x00007f9649172300+0x58]
J 293 C1 java.util.zip.ZipFile.getEntry(Ljava/lang/String;)Ljava/util/zip/ZipEntry; (86 bytes) @ 0x00007f96491a480c [0x00007f96491a45a0+0x26c]
J 495 C1 java.util.jar.JarFile.getEntry(Ljava/lang/String;)Ljava/util/zip/ZipEntry; (22 bytes) @ 0x00007f9649237024 [0x00007f9649236fa0+0x84]
J 499 C2 sun.misc.URLClassPath$JarLoader.getResource(Ljava/lang/String;Z)Lsun/misc/Resource; (85 bytes) @ 0x00007f9649244a08 [0x00007f96492448e0+0x128]
J 226 C1 sun.misc.URLClassPath.getResource(Ljava/lang/String;Z)Lsun/misc/Resource; (74 bytes) @ 0x00007f9649177e5c [0x00007f9649177d20+0x13c]
J 245 C1 java.net.URLClassLoader$1.run()Ljava/lang/Class; (73 bytes) @ 0x00007f964917f5ec [0x00007f964917f3e0+0x20c]
J 244 C1 java.net.URLClassLoader$1.run()Ljava/lang/Object; (5 bytes) @ 0x00007f964917f04c [0x00007f964917efc0+0x8c]
v  ~StubRoutines::call_stub
J 243  java.security.AccessController.doPrivileged(Ljava/security/PrivilegedExceptionAction;Ljava/security/AccessControlContext;)Ljava/lang/Object; (0 bytes) @ 0x00007f964917d963 [0x00007f964917d900+0x63]
J 241 C1 java.net.URLClassLoader.findClass(Ljava/lang/String;)Ljava/lang/Class; (29 bytes) @ 0x00007f964917e4e4 [0x00007f964917e360+0x184]
J 259 C1 java.lang.ClassLoader.loadClass(Ljava/lang/String;Z)Ljava/lang/Class; (122 bytes) @ 0x00007f9649189dcc [0x00007f9649189480+0x94c]
J 205 C1 sun.misc.Launcher$AppClassLoader.loadClass(Ljava/lang/String;Z)Ljava/lang/Class; (40 bytes) @ 0x00007f964916ce2c [0x00007f964916ca00+0x42c]
J 204 C1 java.lang.ClassLoader.loadClass(Ljava/lang/String;)Ljava/lang/Class; (7 bytes) @ 0x00007f964916c6c4 [0x00007f964916c5c0+0x104]
v  ~StubRoutines::call_stub
j  com.subgraph.orchid.circuits.StreamExitRequest.getStream()Lcom/subgraph/orchid/Stream;+7
j  com.subgraph.orchid.circuits.PendingExitStreams.handleRequest(Lcom/subgraph/orchid/circuits/StreamExitRequest;)Lcom/subgraph/orchid/Stream;+18
j  com.subgraph.orchid.circuits.PendingExitStreams.openExitStreamByRequest(Lcom/subgraph/orchid/circuits/StreamExitRequest;)Lcom/subgraph/orchid/Stream;+47
j  com.subgraph.orchid.circuits.PendingExitStreams.openExitStream(Ljava/lang/String;I)Lcom/subgraph/orchid/Stream;+16
j  com.subgraph.orchid.circuits.CircuitManagerImpl.openExitStreamTo(Ljava/lang/String;I)Lcom/subgraph/orchid/Stream;+38
j  com.subgraph.orchid.TorClient.openExitStreamTo(Ljava/lang/String;I)Lcom/subgraph/orchid/Stream;+10
j  com.subgraph.orchid.sockets.OrchidSocketImpl.doConnect(Ljava/lang/String;I)V+43
j  com.subgraph.orchid.sockets.OrchidSocketImpl.connect(Ljava/net/SocketAddress;I)V+32
j  java.net.Socket.connect(Ljava/net/SocketAddress;I)V+179
j  org.bitcoinj.net.BlockingClient$1.run()V+36
v  ~StubRoutines::call_stub

---------------  P R O C E S S  ---------------

Java Threads: ( => current thread )
  0x00007f961c053000 JavaThread "CircuitCreationTask worker-12" daemon [_thread_blocked, id=4861, stack(0x00007f95fe1e7000,0x00007f95fe2e8000)]
  0x00007f961c051800 JavaThread "CircuitCreationTask worker-11" daemon [_thread_blocked, id=4860, stack(0x00007f95fdde3000,0x00007f95fdee4000)]
  0x00007f961c050000 JavaThread "CircuitCreationTask worker-10" daemon [_thread_blocked, id=4859, stack(0x00007f95fd4da000,0x00007f95fd5db000)]
  0x00007f961c04f000 JavaThread "CircuitCreationTask worker-9" daemon [_thread_blocked, id=4858, stack(0x00007f95fd7dd000,0x00007f95fd8de000)]
  0x00007f961c04d800 JavaThread "CircuitCreationTask worker-8" daemon [_thread_blocked, id=4857, stack(0x00007f95fe3e9000,0x00007f95fe4ea000)]
  0x00007f961c04c800 JavaThread "CircuitCreationTask worker-7" daemon [_thread_blocked, id=4856, stack(0x00007f95fdae0000,0x00007f95fdbe1000)]
  0x00007f961c04b000 JavaThread "CircuitCreationTask worker-6" daemon [_thread_blocked, id=4855, stack(0x00007f95fdfe5000,0x00007f95fe0e6000)]
  0x00007f961c04a800 JavaThread "CircuitCreationTask worker-5" daemon [_thread_blocked, id=4854, stack(0x00007f95fdee4000,0x00007f95fdfe5000)]
  0x00007f961c03f800 JavaThread "CircuitCreationTask worker-4" daemon [_thread_blocked, id=4853, stack(0x00007f95fcdd3000,0x00007f95fced4000)]
  0x00007f96100ee000 JavaThread "BlockingClient network thread for testnet-seed.bitcoin.schildbach.de/2600:3c03:0:0:f03c:91ff:fe73:179f:18333" daemon [_thread_blocked, id=4852, stack(0x00007f95fd1d7000,0x00007f95fd2d8000)]
=>0x00007f9610140800 JavaThread "BlockingClient network thread for /95.85.11.229:18333" daemon [_thread_in_native, id=4851, stack(0x00007f95fd6dc000,0x00007f95fd7dd000)]
  0x00007f961016f000 JavaThread "BlockingClient network thread for /88.198.20.152:18333" daemon [_thread_blocked, id=4850, stack(0x00007f95fccd2000,0x00007f95fcdd3000)]
  0x00007f96100f1800 JavaThread "BlockingClient network thread for /188.122.92.134:18333" daemon [_thread_blocked, id=4849, stack(0x00007f95fdbe1000,0x00007f95fdce2000)]
  0x00007f961016b800 JavaThread "BlockingClient network thread for /173.255.216.55:18333" daemon [_thread_blocked, id=4848, stack(0x00007f95fe4ea000,0x00007f95fe5eb000)]
  0x00007f96100a8000 JavaThread "BlockingClient network thread for testnet-seed.bitcoin.schildbach.de/2400:8900:0:0:f03c:91ff:fe73:4fbe:18333" daemon [_thread_blocked, id=4847, stack(0x00007f95fd3d9000,0x00007f95fd4da000)]
  0x00007f96100ec800 JavaThread "BlockingClient network thread for /144.76.139.114:18333" daemon [_thread_blocked, id=4846, stack(0x00007f95fe6ec000,0x00007f95fe7ed000)]
  0x00007f9610139000 JavaThread "BlockingClient network thread for /66.85.134.194:18333" daemon [_thread_blocked, id=4845, stack(0x00007f95fcbd1000,0x00007f95fccd2000)]
  0x00007f9610135000 JavaThread "BlockingClient network thread for /198.55.116.90:18333" daemon [_thread_blocked, id=4844, stack(0x00007f95fd5db000,0x00007f95fd6dc000)]
  0x00007f961012f800 JavaThread "BlockingClient network thread for /95.85.53.128:18333" daemon [_thread_blocked, id=4843, stack(0x00007f95fd0d6000,0x00007f95fd1d7000)]
  0x00007f96100a6000 JavaThread "BlockingClient network thread for /54.68.196.14:18333" daemon [_thread_blocked, id=4842, stack(0x00007f95fdce2000,0x00007f95fdde3000)]
  0x00007f9610169000 JavaThread "AbstractTimeoutHandler timeouts" daemon [_thread_blocked, id=4841, stack(0x00007f95fd2d8000,0x00007f95fd3d9000)]
  0x00007f9630002000 JavaThread "Thread-16" daemon [_thread_in_native, id=4768, stack(0x00007f95fe8ee000,0x00007f95fe9ef000)]
  0x00007f960808f800 JavaThread "Thread-18" daemon [_thread_in_native, id=4765, stack(0x00007f95fe9ef000,0x00007f95feaf0000)]
  0x00007f961400f800 JavaThread "Thread-22" daemon [_thread_in_native, id=4759, stack(0x00007f95feaf0000,0x00007f95febf1000)]
  0x00007f963400f800 JavaThread "Thread-21" daemon [_thread_in_native, id=4758, stack(0x00007f95febf1000,0x00007f95fecf2000)]
  0x00007f9644018000 JavaThread "Thread-17" daemon [_thread_in_native, id=4757, stack(0x00007f95fecf2000,0x00007f95fedf3000)]
  0x000000000153f800 JavaThread "Thread-19" daemon [_thread_in_native, id=4756, stack(0x00007f95fedf3000,0x00007f95feef4000)]
  0x00007f963c009000 JavaThread "Thread-25" daemon [_thread_in_native, id=4755, stack(0x00007f95feef4000,0x00007f95feff5000)]
  0x00007f96582db000 JavaThread "Thread-20" daemon [_thread_in_native, id=4754, stack(0x00007f95feff5000,0x00007f95ff0f6000)]
  0x00007f9638007000 JavaThread "Thread-23" daemon [_thread_in_native, id=4753, stack(0x00007f95ff0f6000,0x00007f95ff1f7000)]
  0x00007f9644016800 JavaThread "Thread-24" daemon [_thread_in_native, id=4752, stack(0x00007f95ff1f7000,0x00007f95ff2f8000)]
  0x00007f961c03a000 JavaThread "Thread-14" daemon [_thread_in_native, id=4737, stack(0x00007f95fff05000,0x00007f9600006000)]
  0x00007f9624013800 JavaThread "Thread-15" daemon [_thread_in_native, id=4736, stack(0x00007f9600006000,0x00007f9600107000)]
  0x00007f961c033800 JavaThread "CircuitCreationTask worker-3" daemon [_thread_blocked, id=4735, stack(0x00007f9600107000,0x00007f9600208000)]
  0x00007f961c035800 JavaThread "CircuitCreationTask worker-2" daemon [_thread_blocked, id=4734, stack(0x00007f9600208000,0x00007f9600309000)]
  0x00007f961c01a800 JavaThread "CircuitCreationTask worker-1" daemon [_thread_blocked, id=4733, stack(0x00007f9600309000,0x00007f960040a000)]
  0x00007f961c01a000 JavaThread "CircuitCreationTask worker-0" daemon [_thread_blocked, id=4732, stack(0x00007f96418ff000,0x00007f9641a00000)]
  0x00007f96101f0800 JavaThread "CircuitManager worker-0" daemon [_thread_blocked, id=4686, stack(0x00007f9600e13000,0x00007f9600f14000)]
  0x00007f96101e7000 JavaThread "Thread-13" daemon [_thread_blocked, id=4685, stack(0x00007f96417fe000,0x00007f96418ff000)]
  0x00007f96101d6000 JavaThread "PeerGroup Thread" daemon [_thread_blocked, id=4684, stack(0x00007f9600f14000,0x00007f9601015000)]
  0x00007f96101b2000 JavaThread "pool-5-thread-1" [_thread_blocked, id=4678, stack(0x00007f9601015000,0x00007f9601116000)]
  0x00007f96101a8000 JavaThread "DescriptorCache rebuild worker-0" daemon [_thread_blocked, id=4677, stack(0x00007f9601116000,0x00007f9601217000)]
  0x00007f96101a6000 JavaThread "DescriptorCache rebuild worker-0" daemon [_thread_blocked, id=4676, stack(0x00007f9601217000,0x00007f9601318000)]
  0x00007f9608081800 JavaThread "Scheduler-1461282349" [_thread_blocked, id=4671, stack(0x00007f9603e7f000,0x00007f9603f80000)]
  0x00007f9658009800 JavaThread "DestroyJavaVM" [_thread_blocked, id=4630, stack(0x00007f96602b1000,0x00007f96603b2000)]
  0x00007f9658395000 JavaThread "AWT-XAWT" daemon [_thread_in_native, id=4656, stack(0x00007f960e1d7000,0x00007f960e2d8000)]
  0x00007f9658378000 JavaThread "Java2D Disposer" daemon [_thread_blocked, id=4655, stack(0x00007f960e906000,0x00007f960ea07000)]
  0x00007f9608055800 JavaThread "HashSessionScavenger-0" daemon [_thread_blocked, id=4654, stack(0x00007f960ea07000,0x00007f960eb08000)]
  0x00007f9608052000 JavaThread "qtp1338953944-22" [_thread_blocked, id=4653, stack(0x00007f960eb08000,0x00007f960ec09000)]
  0x00007f9608050000 JavaThread "qtp1338953944-21" [_thread_blocked, id=4652, stack(0x00007f960ec09000,0x00007f960ed0a000)]
  0x00007f960804e000 JavaThread "qtp1338953944-20" [_thread_blocked, id=4651, stack(0x00007f960ed0a000,0x00007f960ee0b000)]
  0x00007f960804c800 JavaThread "qtp1338953944-19" [_thread_blocked, id=4650, stack(0x00007f960ee0b000,0x00007f960ef0c000)]
  0x00007f960804a800 JavaThread "qtp1338953944-18" [_thread_blocked, id=4649, stack(0x00007f960ef0c000,0x00007f960f00d000)]
  0x00007f9608049000 JavaThread "qtp1338953944-17-acceptor-0-ServerConnector@6d35b44e{HTTP/1.1}{0.0.0.0:4567}" [_thread_in_native, id=4648, stack(0x00007f960f00d000,0x00007f960f10e000)]
  0x00007f9608047000 JavaThread "qtp1338953944-16-selector-1" [_thread_in_native, id=4647, stack(0x00007f960f10e000,0x00007f960f20f000)]
  0x00007f9608045000 JavaThread "qtp1338953944-15-selector-0" [_thread_in_native, id=4646, stack(0x00007f960f20f000,0x00007f960f310000)]
  0x00007f960803d000 JavaThread "DateCache" daemon [_thread_blocked, id=4645, stack(0x00007f964002f000,0x00007f9640130000)]
  0x00007f965832b000 JavaThread "Thread-1" [_thread_blocked, id=4644, stack(0x00007f96413fc000,0x00007f96414fd000)]
  0x00007f9610036000 JavaThread "bitcoinj user thread" daemon [_thread_blocked, id=4643, stack(0x00007f96416fd000,0x00007f96417fe000)]
  0x00007f9658134800 JavaThread "Service Thread" daemon [_thread_blocked, id=4639, stack(0x00007f964234f000,0x00007f9642450000)]
  0x00007f965812f800 JavaThread "C1 CompilerThread1" daemon [_thread_blocked, id=4638, stack(0x00007f96480f1000,0x00007f96481f2000)]
  0x00007f965812c800 JavaThread "C2 CompilerThread0" daemon [_thread_blocked, id=4637, stack(0x00007f96481f2000,0x00007f96482f3000)]
  0x00007f965812a800 JavaThread "Signal Dispatcher" daemon [_thread_blocked, id=4636, stack(0x00007f96482f3000,0x00007f96483f4000)]
  0x00007f96580ff000 JavaThread "Finalizer" daemon [_thread_blocked, id=4635, stack(0x00007f96483f4000,0x00007f96484f5000)]
  0x00007f96580fd000 JavaThread "Reference Handler" daemon [_thread_blocked, id=4634, stack(0x00007f96484f5000,0x00007f96485f6000)]

Other Threads:
  0x00007f96580f6000 VMThread [stack: 0x00007f96485f6000,0x00007f96486f7000] [id=4633]
  0x00007f9658139000 WatcherThread [stack: 0x00007f964224e000,0x00007f964234f000] [id=4640]

VM state:not at safepoint (normal execution)

VM Mutex/Monitor currently owned by a thread: None

Heap:
 PSYoungGen      total 199680K, used 118997K [0x00000000f0380000, 0x0000000100000000, 0x0000000100000000)
  eden space 181248K, 55% used [0x00000000f0380000,0x00000000f65bc2d0,0x00000000fb480000)
  from space 18432K, 99% used [0x00000000fb480000,0x00000000fc6792e0,0x00000000fc680000)
  to   space 26112K, 0% used [0x00000000fe680000,0x00000000fe680000,0x0000000100000000)
 ParOldGen       total 54784K, used 43394K [0x00000000d0a00000, 0x00000000d3f80000, 0x00000000f0380000)
  object space 54784K, 79% used [0x00000000d0a00000,0x00000000d3460908,0x00000000d3f80000)
 Metaspace       used 20097K, capacity 20298K, committed 20608K, reserved 1067008K
  class space    used 2327K, capacity 2403K, committed 2432K, reserved 1048576K

Card table byte_map: [0x00007f965cf14000,0x00007f965d090000] byte_map_base: 0x00007f965c88f000

Marking Bits: (ParMarkBitMap*) 0x00007f965f7622c0
 Begin Bits: [0x00007f9642850000, 0x00007f9643428000)
 End Bits:   [0x00007f9643428000, 0x00007f9644000000)

Polling page: 0x00007f96602b0000

CodeCache: size=245760Kb used=6683Kb max_used=6692Kb free=239076Kb
 bounds [0x00007f9649000000, 0x00007f96496a0000, 0x00007f9658000000]
 total_blobs=2693 nmethods=2172 adapters=436
 compilation: enabled

Compilation events (10 events):
Event: 50.024 Thread 0x00007f965812c800 2497       4       com.google.common.util.concurrent.CycleDetectingLockFactory::lockStateChanged (66 bytes)
Event: 50.075 Thread 0x00007f965812c800 nmethod 2497 0x00007f9649688fd0 code [0x00007f9649689160, 0x00007f9649689418]
Event: 50.075 Thread 0x00007f965812c800 2500       4       com.subgraph.orchid.directory.RouterImpl::isRunning (7 bytes)
Event: 50.136 Thread 0x00007f965812c800 nmethod 2500 0x00007f964968d790 code [0x00007f964968d920, 0x00007f964968dd98]
Event: 50.283 Thread 0x00007f965812f800 2525       3       java.util.Arrays::fill (21 bytes)
Event: 50.284 Thread 0x00007f965812f800 nmethod 2525 0x00007f964968d350 code [0x00007f964968d4c0, 0x00007f964968d6b0]
Event: 50.284 Thread 0x00007f965812f800 2526       3       com.sun.crypto.provider.AESCrypt::makeSessionKey (790 bytes)
Event: 50.289 Thread 0x00007f965812f800 nmethod 2526 0x00007f964968fd50 code [0x00007f96496900c0, 0x00007f9649691da8]
Event: 50.299 Thread 0x00007f965812c800 2527       4       com.subgraph.orchid.crypto.TorStreamCipher::incrementCounter (56 bytes)
Event: 50.303 Thread 0x00007f965812c800 nmethod 2527 0x00007f964968cf50 code [0x00007f964968d0a0, 0x00007f964968d298]

GC Heap History (10 events):
Event: 11.437 GC heap before
{Heap before GC invocations=6 (full 0):
 PSYoungGen      total 51200K, used 51184K [0x00000000f0380000, 0x00000000f7480000, 0x0000000100000000)
  eden space 49152K, 100% used [0x00000000f0380000,0x00000000f3380000,0x00000000f3380000)
  from space 2048K, 99% used [0x00000000f3380000,0x00000000f357c060,0x00000000f3580000)
  to   space 8704K, 0% used [0x00000000f6c00000,0x00000000f6c00000,0x00000000f7480000)
 ParOldGen       total 32768K, used 17996K [0x00000000d0a00000, 0x00000000d2a00000, 0x00000000f0380000)
  object space 32768K, 54% used [0x00000000d0a00000,0x00000000d1b933e8,0x00000000d2a00000)
 Metaspace       used 18091K, capacity 18236K, committed 18560K, reserved 1064960K
  class space    used 2112K, capacity 2172K, committed 2176K, reserved 1048576K
Event: 11.556 GC heap after
Heap after GC invocations=6 (full 0):
 PSYoungGen      total 102912K, used 8684K [0x00000000f0380000, 0x00000000f7c80000, 0x0000000100000000)
  eden space 94208K, 0% used [0x00000000f0380000,0x00000000f0380000,0x00000000f5f80000)
  from space 8704K, 99% used [0x00000000f6c00000,0x00000000f747b1b0,0x00000000f7480000)
  to   space 12800K, 0% used [0x00000000f5f80000,0x00000000f5f80000,0x00000000f6c00000)
 ParOldGen       total 32768K, used 22883K [0x00000000d0a00000, 0x00000000d2a00000, 0x00000000f0380000)
  object space 32768K, 69% used [0x00000000d0a00000,0x00000000d2058e20,0x00000000d2a00000)
 Metaspace       used 18091K, capacity 18236K, committed 18560K, reserved 1064960K
  class space    used 2112K, capacity 2172K, committed 2176K, reserved 1048576K
}
Event: 12.102 GC heap before
{Heap before GC invocations=7 (full 0):
 PSYoungGen      total 102912K, used 102892K [0x00000000f0380000, 0x00000000f7c80000, 0x0000000100000000)
  eden space 94208K, 100% used [0x00000000f0380000,0x00000000f5f80000,0x00000000f5f80000)
  from space 8704K, 99% used [0x00000000f6c00000,0x00000000f747b1b0,0x00000000f7480000)
  to   space 12800K, 0% used [0x00000000f5f80000,0x00000000f5f80000,0x00000000f6c00000)
 ParOldGen       total 32768K, used 22883K [0x00000000d0a00000, 0x00000000d2a00000, 0x00000000f0380000)
  object space 32768K, 69% used [0x00000000d0a00000,0x00000000d2058e20,0x00000000d2a00000)
 Metaspace       used 18101K, capacity 18300K, committed 18560K, reserved 1064960K
  class space    used 2112K, capacity 2172K, committed 2176K, reserved 1048576K
Event: 12.268 GC heap after
Heap after GC invocations=7 (full 0):
 PSYoungGen      total 107008K, used 12781K [0x00000000f0380000, 0x00000000fdf80000, 0x0000000100000000)
  eden space 94208K, 0% used [0x00000000f0380000,0x00000000f0380000,0x00000000f5f80000)
  from space 12800K, 99% used [0x00000000f5f80000,0x00000000f6bfb4d0,0x00000000f6c00000)
  to   space 18432K, 0% used [0x00000000fcd80000,0x00000000fcd80000,0x00000000fdf80000)
 ParOldGen       total 32768K, used 29621K [0x00000000d0a00000, 0x00000000d2a00000, 0x00000000f0380000)
  object space 32768K, 90% used [0x00000000d0a00000,0x00000000d26ed638,0x00000000d2a00000)
 Metaspace       used 18101K, capacity 18300K, committed 18560K, reserved 1064960K
  class space    used 2112K, capacity 2172K, committed 2176K, reserved 1048576K
}
Event: 12.269 GC heap before
{Heap before GC invocations=8 (full 1):
 PSYoungGen      total 107008K, used 12781K [0x00000000f0380000, 0x00000000fdf80000, 0x0000000100000000)
  eden space 94208K, 0% used [0x00000000f0380000,0x00000000f0380000,0x00000000f5f80000)
  from space 12800K, 99% used [0x00000000f5f80000,0x00000000f6bfb4d0,0x00000000f6c00000)
  to   space 18432K, 0% used [0x00000000fcd80000,0x00000000fcd80000,0x00000000fdf80000)
 ParOldGen       total 32768K, used 29621K [0x00000000d0a00000, 0x00000000d2a00000, 0x00000000f0380000)
  object space 32768K, 90% used [0x00000000d0a00000,0x00000000d26ed638,0x00000000d2a00000)
 Metaspace       used 18101K, capacity 18300K, committed 18560K, reserved 1064960K
  class space    used 2112K, capacity 2172K, committed 2176K, reserved 1048576K
Event: 12.723 GC heap after
Heap after GC invocations=8 (full 1):
 PSYoungGen      total 107008K, used 0K [0x00000000f0380000, 0x00000000fdf80000, 0x0000000100000000)
  eden space 94208K, 0% used [0x00000000f0380000,0x00000000f0380000,0x00000000f5f80000)
  from space 12800K, 0% used [0x00000000f5f80000,0x00000000f5f80000,0x00000000f6c00000)
  to   space 18432K, 0% used [0x00000000fcd80000,0x00000000fcd80000,0x00000000fdf80000)
 ParOldGen       total 54784K, used 30857K [0x00000000d0a00000, 0x00000000d3f80000, 0x00000000f0380000)
  object space 54784K, 56% used [0x00000000d0a00000,0x00000000d2822738,0x00000000d3f80000)
 Metaspace       used 18099K, capacity 18298K, committed 18560K, reserved 1064960K
  class space    used 2111K, capacity 2171K, committed 2176K, reserved 1048576K
}
Event: 13.466 GC heap before
{Heap before GC invocations=9 (full 1):
 PSYoungGen      total 107008K, used 94208K [0x00000000f0380000, 0x00000000fdf80000, 0x0000000100000000)
  eden space 94208K, 100% used [0x00000000f0380000,0x00000000f5f80000,0x00000000f5f80000)
  from space 12800K, 0% used [0x00000000f5f80000,0x00000000f5f80000,0x00000000f6c00000)
  to   space 18432K, 0% used [0x00000000fcd80000,0x00000000fcd80000,0x00000000fdf80000)
 ParOldGen       total 54784K, used 30857K [0x00000000d0a00000, 0x00000000d3f80000, 0x00000000f0380000)
  object space 54784K, 56% used [0x00000000d0a00000,0x00000000d2822738,0x00000000d3f80000)
 Metaspace       used 18101K, capacity 18298K, committed 18560K, reserved 1064960K
  class space    used 2112K, capacity 2171K, committed 2176K, reserved 1048576K
Event: 13.587 GC heap after
Heap after GC invocations=9 (full 1):
 PSYoungGen      total 173056K, used 10870K [0x00000000f0380000, 0x00000000fd880000, 0x0000000100000000)
  eden space 161792K, 0% used [0x00000000f0380000,0x00000000f0380000,0x00000000fa180000)
  from space 11264K, 96% used [0x00000000fcd80000,0x00000000fd81dba8,0x00000000fd880000)
  to   space 18432K, 0% used [0x00000000fb480000,0x00000000fb480000,0x00000000fc680000)
 ParOldGen       total 54784K, used 30857K [0x00000000d0a00000, 0x00000000d3f80000, 0x00000000f0380000)
  object space 54784K, 56% used [0x00000000d0a00000,0x00000000d2822738,0x00000000d3f80000)
 Metaspace       used 18101K, capacity 18298K, committed 18560K, reserved 1064960K
  class space    used 2112K, capacity 2171K, committed 2176K, reserved 1048576K
}
Event: 14.721 GC heap before
{Heap before GC invocations=10 (full 1):
 PSYoungGen      total 173056K, used 172662K [0x00000000f0380000, 0x00000000fd880000, 0x0000000100000000)
  eden space 161792K, 100% used [0x00000000f0380000,0x00000000fa180000,0x00000000fa180000)
  from space 11264K, 96% used [0x00000000fcd80000,0x00000000fd81dba8,0x00000000fd880000)
  to   space 18432K, 0% used [0x00000000fb480000,0x00000000fb480000,0x00000000fc680000)
 ParOldGen       total 54784K, used 30857K [0x00000000d0a00000, 0x00000000d3f80000, 0x00000000f0380000)
  object space 54784K, 56% used [0x00000000d0a00000,0x00000000d2822738,0x00000000d3f80000)
 Metaspace       used 18115K, capacity 18298K, committed 18560K, reserved 1064960K
  class space    used 2115K, capacity 2171K, committed 2176K, reserved 1048576K
Event: 15.018 GC heap after
Heap after GC invocations=10 (full 1):
 PSYoungGen      total 199680K, used 18404K [0x00000000f0380000, 0x0000000100000000, 0x0000000100000000)
  eden space 181248K, 0% used [0x00000000f0380000,0x00000000f0380000,0x00000000fb480000)
  from space 18432K, 99% used [0x00000000fb480000,0x00000000fc6792e0,0x00000000fc680000)
  to   space 26112K, 0% used [0x00000000fe680000,0x00000000fe680000,0x0000000100000000)
 ParOldGen       total 54784K, used 43394K [0x00000000d0a00000, 0x00000000d3f80000, 0x00000000f0380000)
  object space 54784K, 79% used [0x00000000d0a00000,0x00000000d3460908,0x00000000d3f80000)
 Metaspace       used 18115K, capacity 18298K, committed 18560K, reserved 1064960K
  class space    used 2115K, capacity 2171K, committed 2176K, reserved 1048576K
}

Deoptimization events (10 events):
Event: 17.756 Thread 0x00007f961c01a000 Uncommon trap: reason=bimorphic action=maybe_recompile pc=0x00007f964949f980 method=sun.security.provider.DigestBase.engineUpdate([BII)V @ 128
Event: 17.757 Thread 0x00007f961c01a000 Uncommon trap: reason=bimorphic action=maybe_recompile pc=0x00007f964949f980 method=sun.security.provider.DigestBase.engineUpdate([BII)V @ 128
Event: 20.662 Thread 0x00007f96101d6000 Uncommon trap: reason=class_check action=maybe_recompile pc=0x00007f96495bc114 method=java.util.AbstractCollection.toArray([Ljava/lang/Object;)[Ljava/lang/Object; @ 1
Event: 20.664 Thread 0x00007f96101d6000 Uncommon trap: reason=class_check action=maybe_recompile pc=0x00007f96495bc114 method=java.util.AbstractCollection.toArray([Ljava/lang/Object;)[Ljava/lang/Object; @ 1
Event: 36.253 Thread 0x00007f960804e000 Uncommon trap: reason=unreached action=reinterpret pc=0x00007f96492a9de4 method=java.lang.AbstractStringBuilder.append(Ljava/lang/String;)Ljava/lang/AbstractStringBuilder; @ 1
Event: 36.265 Thread 0x00007f960804e000 Uncommon trap: reason=bimorphic action=maybe_recompile pc=0x00007f96494e4a2c method=java.util.regex.Pattern$Curly.match0(Ljava/util/regex/Matcher;IILjava/lang/CharSequence;)Z @ 141
Event: 36.265 Thread 0x00007f960804e000 Uncommon trap: reason=bimorphic action=maybe_recompile pc=0x00007f96494e4a18 method=java.util.regex.Pattern$Curly.match0(Ljava/util/regex/Matcher;IILjava/lang/CharSequence;)Z @ 77
Event: 36.265 Thread 0x00007f960804e000 Uncommon trap: reason=bimorphic action=maybe_recompile pc=0x00007f96494e4a2c method=java.util.regex.Pattern$Curly.match0(Ljava/util/regex/Matcher;IILjava/lang/CharSequence;)Z @ 141
Event: 36.266 Thread 0x00007f960804e000 Uncommon trap: reason=bimorphic action=maybe_recompile pc=0x00007f96494e4a18 method=java.util.regex.Pattern$Curly.match0(Ljava/util/regex/Matcher;IILjava/lang/CharSequence;)Z @ 77
Event: 36.335 Thread 0x00007f960804e000 Uncommon trap: reason=range_check action=make_not_entrant pc=0x00007f9649502400 method=sun.reflect.generics.parser.SignatureParser.current()C @ 34

Internal exceptions (10 events):
Event: 48.338 Thread 0x00007f96101d6000 Exception <a 'java/security/PrivilegedActionException'> (0x00000000f50a0b08) thrown at [/HUDSON/workspace/8-2-build-linux-amd64/jdk8u25/1514/hotspot/src/share/vm/prims/jvm.cpp, line 1312]
Event: 48.338 Thread 0x00007f96101d6000 Exception <a 'java/security/PrivilegedActionException'> (0x00000000f50a29b0) thrown at [/HUDSON/workspace/8-2-build-linux-amd64/jdk8u25/1514/hotspot/src/share/vm/prims/jvm.cpp, line 1312]
Event: 48.342 Thread 0x00007f96100a6000 Exception <a 'java/security/PrivilegedActionException'> (0x00000000f50c9868) thrown at [/HUDSON/workspace/8-2-build-linux-amd64/jdk8u25/1514/hotspot/src/share/vm/prims/jvm.cpp, line 1312]
Event: 48.346 Thread 0x00007f96100a6000 Exception <a 'java/security/PrivilegedActionException'> (0x00000000f50cf378) thrown at [/HUDSON/workspace/8-2-build-linux-amd64/jdk8u25/1514/hotspot/src/share/vm/prims/jvm.cpp, line 1312]
Event: 48.494 Thread 0x00007f96101f0800 Exception <a 'java/security/PrivilegedActionException'> (0x00000000f4d5ae68) thrown at [/HUDSON/workspace/8-2-build-linux-amd64/jdk8u25/1514/hotspot/src/share/vm/prims/jvm.cpp, line 1312]
Event: 49.795 Thread 0x00007f961c01a000 Exception <a 'java/security/PrivilegedActionException'> (0x00000000f5c04858) thrown at [/HUDSON/workspace/8-2-build-linux-amd64/jdk8u25/1514/hotspot/src/share/vm/prims/jvm.cpp, line 1312]
Event: 49.798 Thread 0x00007f961c033800 Exception <a 'java/security/PrivilegedActionException'> (0x00000000f1261948) thrown at [/HUDSON/workspace/8-2-build-linux-amd64/jdk8u25/1514/hotspot/src/share/vm/prims/jvm.cpp, line 1312]
Event: 49.804 Thread 0x00007f961c033800 Exception <a 'java/security/PrivilegedActionException'> (0x00000000f1269c98) thrown at [/HUDSON/workspace/8-2-build-linux-amd64/jdk8u25/1514/hotspot/src/share/vm/prims/jvm.cpp, line 1312]
Event: 49.805 Thread 0x00007f961c033800 Exception <a 'java/security/PrivilegedActionException'> (0x00000000f126d538) thrown at [/HUDSON/workspace/8-2-build-linux-amd64/jdk8u25/1514/hotspot/src/share/vm/prims/jvm.cpp, line 1312]
Event: 50.288 Thread 0x00007f9610140800 Exception <a 'java/security/PrivilegedActionException'> (0x00000000f584e230) thrown at [/HUDSON/workspace/8-2-build-linux-amd64/jdk8u25/1514/hotspot/src/share/vm/prims/jvm.cpp, line 1312]

Events (10 events):
Event: 49.854 Thread 0x00007f961c04c800 Thread added: 0x00007f961c04c800
Event: 49.855 Thread 0x00007f961c04d800 Thread added: 0x00007f961c04d800
Event: 49.856 Thread 0x00007f961c04f000 Thread added: 0x00007f961c04f000
Event: 49.865 Thread 0x00007f961c050000 Thread added: 0x00007f961c050000
Event: 49.879 Thread 0x00007f961c051800 Thread added: 0x00007f961c051800
Event: 49.879 Thread 0x00007f961c053000 Thread added: 0x00007f961c053000
Event: 50.155 Executing VM operation: RevokeBias
Event: 50.155 Executing VM operation: RevokeBias done
Event: 50.288 loading class com/subgraph/orchid/circuits/StreamExitRequest$1
Event: 50.288 loading class com/subgraph/orchid/circuits/StreamExitRequest$1 done


Dynamic libraries:
00400000-00401000 r-xp 00000000 08:02 11797142                           /usr/lib/jvm/java-8-oracle/jre/bin/java
00600000-00601000 rw-p 00000000 08:02 11797142                           /usr/lib/jvm/java-8-oracle/jre/bin/java
0153c000-0155d000 rw-p 00000000 00:00 0                                  [heap]
d0a00000-d3f80000 rw-p 00000000 00:00 0 
d3f80000-f0380000 ---p 00000000 00:00 0 
f0380000-100000000 rw-p 00000000 00:00 0 
100000000-100260000 rw-p 00000000 00:00 0 
100260000-140000000 ---p 00000000 00:00 0 
7f95fcad0000-7f95fcad3000 ---p 00000000 00:00 0 
7f95fcad3000-7f95fcbd1000 rw-p 00000000 00:00 0 
7f95fcbd1000-7f95fcbd4000 ---p 00000000 00:00 0 
7f95fcbd4000-7f95fccd2000 rw-p 00000000 00:00 0                          [stack:4845]
7f95fccd2000-7f95fccd5000 ---p 00000000 00:00 0 
7f95fccd5000-7f95fcdd3000 rw-p 00000000 00:00 0                          [stack:4850]
7f95fcdd3000-7f95fcdd6000 ---p 00000000 00:00 0 
7f95fcdd6000-7f95fced4000 rw-p 00000000 00:00 0                          [stack:4853]
7f95fced4000-7f95fced7000 ---p 00000000 00:00 0 
7f95fced7000-7f95fcfd5000 rw-p 00000000 00:00 0 
7f95fcfd5000-7f95fcfd8000 ---p 00000000 00:00 0 
7f95fcfd8000-7f95fd0d6000 rw-p 00000000 00:00 0 
7f95fd0d6000-7f95fd0d9000 ---p 00000000 00:00 0 
7f95fd0d9000-7f95fd1d7000 rw-p 00000000 00:00 0                          [stack:4843]
7f95fd1d7000-7f95fd1da000 ---p 00000000 00:00 0 
7f95fd1da000-7f95fd2d8000 rw-p 00000000 00:00 0                          [stack:4852]
7f95fd2d8000-7f95fd2db000 ---p 00000000 00:00 0 
7f95fd2db000-7f95fd3d9000 rw-p 00000000 00:00 0                          [stack:4841]
7f95fd3d9000-7f95fd3dc000 ---p 00000000 00:00 0 
7f95fd3dc000-7f95fd4da000 rw-p 00000000 00:00 0                          [stack:4847]
7f95fd4da000-7f95fd4dd000 ---p 00000000 00:00 0 
7f95fd4dd000-7f95fd5db000 rw-p 00000000 00:00 0                          [stack:4859]
7f95fd5db000-7f95fd5de000 ---p 00000000 00:00 0 
7f95fd5de000-7f95fd6dc000 rw-p 00000000 00:00 0                          [stack:4844]
7f95fd6dc000-7f95fd6df000 ---p 00000000 00:00 0 
7f95fd6df000-7f95fd7dd000 rw-p 00000000 00:00 0                          [stack:4851]
7f95fd7dd000-7f95fd7e0000 ---p 00000000 00:00 0 
7f95fd7e0000-7f95fd8de000 rw-p 00000000 00:00 0                          [stack:4858]
7f95fd8de000-7f95fd8e1000 ---p 00000000 00:00 0 
7f95fd8e1000-7f95fd9df000 rw-p 00000000 00:00 0 
7f95fd9df000-7f95fd9e2000 ---p 00000000 00:00 0 
7f95fd9e2000-7f95fdae0000 rw-p 00000000 00:00 0 
7f95fdae0000-7f95fdae3000 ---p 00000000 00:00 0 
7f95fdae3000-7f95fdbe1000 rw-p 00000000 00:00 0                          [stack:4856]
7f95fdbe1000-7f95fdbe4000 ---p 00000000 00:00 0 
7f95fdbe4000-7f95fdce2000 rw-p 00000000 00:00 0                          [stack:4849]
7f95fdce2000-7f95fdce5000 ---p 00000000 00:00 0 
7f95fdce5000-7f95fdde3000 rw-p 00000000 00:00 0                          [stack:4842]
7f95fdde3000-7f95fdde6000 ---p 00000000 00:00 0 
7f95fdde6000-7f95fdee4000 rw-p 00000000 00:00 0                          [stack:4860]
7f95fdee4000-7f95fdee7000 ---p 00000000 00:00 0 
7f95fdee7000-7f95fdfe5000 rw-p 00000000 00:00 0                          [stack:4854]
7f95fdfe5000-7f95fdfe8000 ---p 00000000 00:00 0 
7f95fdfe8000-7f95fe0e6000 rw-p 00000000 00:00 0                          [stack:4855]
7f95fe0e6000-7f95fe0e9000 ---p 00000000 00:00 0 
7f95fe0e9000-7f95fe1e7000 rw-p 00000000 00:00 0 
7f95fe1e7000-7f95fe1ea000 ---p 00000000 00:00 0 
7f95fe1ea000-7f95fe2e8000 rw-p 00000000 00:00 0                          [stack:4861]
7f95fe2e8000-7f95fe2eb000 ---p 00000000 00:00 0 
7f95fe2eb000-7f95fe3e9000 rw-p 00000000 00:00 0 
7f95fe3e9000-7f95fe3ec000 ---p 00000000 00:00 0 
7f95fe3ec000-7f95fe4ea000 rw-p 00000000 00:00 0                          [stack:4857]
7f95fe4ea000-7f95fe4ed000 ---p 00000000 00:00 0 
7f95fe4ed000-7f95fe5eb000 rw-p 00000000 00:00 0                          [stack:4848]
7f95fe5eb000-7f95fe5ee000 ---p 00000000 00:00 0 
7f95fe5ee000-7f95fe6ec000 rw-p 00000000 00:00 0 
7f95fe6ec000-7f95fe6ef000 ---p 00000000 00:00 0 
7f95fe6ef000-7f95fe7ed000 rw-p 00000000 00:00 0                          [stack:4846]
7f95fe7ed000-7f95fe7f0000 ---p 00000000 00:00 0 
7f95fe7f0000-7f95fe8ee000 rw-p 00000000 00:00 0 
7f95fe8ee000-7f95fe8f1000 ---p 00000000 00:00 0 
7f95fe8f1000-7f95fe9ef000 rw-p 00000000 00:00 0                          [stack:4768]
7f95fe9ef000-7f95fe9f2000 ---p 00000000 00:00 0 
7f95fe9f2000-7f95feaf0000 rw-p 00000000 00:00 0                          [stack:4765]
7f95feaf0000-7f95feaf3000 ---p 00000000 00:00 0 
7f95feaf3000-7f95febf1000 rw-p 00000000 00:00 0                          [stack:4759]
7f95febf1000-7f95febf4000 ---p 00000000 00:00 0 
7f95febf4000-7f95fecf2000 rw-p 00000000 00:00 0                          [stack:4758]
7f95fecf2000-7f95fecf5000 ---p 00000000 00:00 0 
7f95fecf5000-7f95fedf3000 rw-p 00000000 00:00 0                          [stack:4757]
7f95fedf3000-7f95fedf6000 ---p 00000000 00:00 0 
7f95fedf6000-7f95feef4000 rw-p 00000000 00:00 0                          [stack:4756]
7f95feef4000-7f95feef7000 ---p 00000000 00:00 0 
7f95feef7000-7f95feff5000 rw-p 00000000 00:00 0                          [stack:4755]
7f95feff5000-7f95feff8000 ---p 00000000 00:00 0 
7f95feff8000-7f95ff0f6000 rw-p 00000000 00:00 0                          [stack:4754]
7f95ff0f6000-7f95ff0f9000 ---p 00000000 00:00 0 
7f95ff0f9000-7f95ff1f7000 rw-p 00000000 00:00 0                          [stack:4753]
7f95ff1f7000-7f95ff1fa000 ---p 00000000 00:00 0 
7f95ff1fa000-7f95ff2f8000 rw-p 00000000 00:00 0                          [stack:4752]
7f95ff2f8000-7f95ff2fa000 r-xp 00000000 08:02 8650804                    /lib/libnss_mdns4.so.2
7f95ff2fa000-7f95ff4f9000 ---p 00002000 08:02 8650804                    /lib/libnss_mdns4.so.2
7f95ff4f9000-7f95ff4fa000 r--p 00001000 08:02 8650804                    /lib/libnss_mdns4.so.2
7f95ff4fa000-7f95ff4fb000 rw-p 00002000 08:02 8650804                    /lib/libnss_mdns4.so.2
7f95ff4fb000-7f95ff4fe000 ---p 00000000 00:00 0 
7f95ff4fe000-7f95ff5fc000 rw-p 00000000 00:00 0 
7f95ff5fc000-7f95ff5ff000 ---p 00000000 00:00 0 
7f95ff5ff000-7f95ff6fd000 rw-p 00000000 00:00 0 
7f95ff6fd000-7f95ff700000 ---p 00000000 00:00 0 
7f95ff700000-7f95ff7fe000 rw-p 00000000 00:00 0 
7f95ff8ff000-7f95ff902000 ---p 00000000 00:00 0 
7f95ff902000-7f95ffa00000 rw-p 00000000 00:00 0 
7f95ffa00000-7f95ffa03000 ---p 00000000 00:00 0 
7f95ffa03000-7f95ffb01000 rw-p 00000000 00:00 0 
7f95ffb01000-7f95ffb04000 ---p 00000000 00:00 0 
7f95ffb04000-7f95ffc02000 rw-p 00000000 00:00 0 
7f95ffc02000-7f95ffc05000 ---p 00000000 00:00 0 
7f95ffc05000-7f95ffd03000 rw-p 00000000 00:00 0 
7f95ffd03000-7f95ffd06000 ---p 00000000 00:00 0 
7f95ffd06000-7f95ffe04000 rw-p 00000000 00:00 0 
7f95ffe04000-7f95ffe07000 ---p 00000000 00:00 0 
7f95ffe07000-7f95fff05000 rw-p 00000000 00:00 0 
7f95fff05000-7f95fff08000 ---p 00000000 00:00 0 
7f95fff08000-7f9600006000 rw-p 00000000 00:00 0                          [stack:4737]
7f9600006000-7f9600009000 ---p 00000000 00:00 0 
7f9600009000-7f9600107000 rw-p 00000000 00:00 0                          [stack:4736]
7f9600107000-7f960010a000 ---p 00000000 00:00 0 
7f960010a000-7f9600208000 rw-p 00000000 00:00 0                          [stack:4735]
7f9600208000-7f960020b000 ---p 00000000 00:00 0 
7f960020b000-7f9600309000 rw-p 00000000 00:00 0                          [stack:4734]
7f9600309000-7f960030c000 ---p 00000000 00:00 0 
7f960030c000-7f96005ca000 rw-p 00000000 00:00 0                          [stack:4733]
7f96005ca000-7f960060a000 ---p 00000000 00:00 0 
7f960060a000-7f9600e13000 rw-p 00000000 00:00 0 
7f9600e13000-7f9600e16000 ---p 00000000 00:00 0 
7f9600e16000-7f9600f14000 rw-p 00000000 00:00 0                          [stack:4686]
7f9600f14000-7f9600f17000 ---p 00000000 00:00 0 
7f9600f17000-7f9601015000 rw-p 00000000 00:00 0                          [stack:4684]
7f9601015000-7f9601018000 ---p 00000000 00:00 0 
7f9601018000-7f9601116000 rw-p 00000000 00:00 0                          [stack:4678]
7f9601116000-7f9601119000 ---p 00000000 00:00 0 
7f9601119000-7f9601217000 rw-p 00000000 00:00 0                          [stack:4677]
7f9601217000-7f960121a000 ---p 00000000 00:00 0 
7f960121a000-7f9601318000 rw-p 00000000 00:00 0                          [stack:4676]
7f9601318000-7f96013b5000 rw-s 00000000 08:02 9049711                    /home/tyler/.bitmerchant-wallet/bitmerchant-wallet.spvchain
7f96013b6000-7f96015b6000 rw-p 00000000 00:00 0 
7f96025b8000-7f96025be000 r-xp 00000000 08:02 10886392                   /usr/lib/x86_64-linux-gnu/libogg.so.0.7.1
7f96025be000-7f96027bd000 ---p 00006000 08:02 10886392                   /usr/lib/x86_64-linux-gnu/libogg.so.0.7.1
7f96027bd000-7f96027be000 r--p 00005000 08:02 10886392                   /usr/lib/x86_64-linux-gnu/libogg.so.0.7.1
7f96027be000-7f96027bf000 rw-p 00006000 08:02 10886392                   /usr/lib/x86_64-linux-gnu/libogg.so.0.7.1
7f96027c0000-7f96027eb000 r-xp 00000000 08:02 10886544                   /usr/lib/x86_64-linux-gnu/libvorbis.so.0.4.5
7f96027eb000-7f96029ea000 ---p 0002b000 08:02 10886544                   /usr/lib/x86_64-linux-gnu/libvorbis.so.0.4.5
7f96029ea000-7f96029eb000 r--p 0002a000 08:02 10886544                   /usr/lib/x86_64-linux-gnu/libvorbis.so.0.4.5
7f96029eb000-7f96029ec000 rw-p 0002b000 08:02 10886544                   /usr/lib/x86_64-linux-gnu/libvorbis.so.0.4.5
7f96029f0000-7f96029f8000 r-xp 00000000 08:02 10886352                   /usr/lib/x86_64-linux-gnu/libltdl.so.7.3.0
7f96029f8000-7f9602bf8000 ---p 00008000 08:02 10886352                   /usr/lib/x86_64-linux-gnu/libltdl.so.7.3.0
7f9602bf8000-7f9602bf9000 r--p 00008000 08:02 10886352                   /usr/lib/x86_64-linux-gnu/libltdl.so.7.3.0
7f9602bf9000-7f9602bfa000 rw-p 00009000 08:02 10886352                   /usr/lib/x86_64-linux-gnu/libltdl.so.7.3.0
7f9602c00000-7f9602c10000 r-xp 00000000 08:02 10886517                   /usr/lib/x86_64-linux-gnu/libtdb.so.1.2.9
7f9602c10000-7f9602e0f000 ---p 00010000 08:02 10886517                   /usr/lib/x86_64-linux-gnu/libtdb.so.1.2.9
7f9602e0f000-7f9602e10000 r--p 0000f000 08:02 10886517                   /usr/lib/x86_64-linux-gnu/libtdb.so.1.2.9
7f9602e10000-7f9602e11000 rw-p 00010000 08:02 10886517                   /usr/lib/x86_64-linux-gnu/libtdb.so.1.2.9
7f9602e18000-7f9602e1f000 r-xp 00000000 08:02 10886548                   /usr/lib/x86_64-linux-gnu/libvorbisfile.so.3.3.4
7f9602e1f000-7f960301e000 ---p 00007000 08:02 10886548                   /usr/lib/x86_64-linux-gnu/libvorbisfile.so.3.3.4
7f960301e000-7f960301f000 r--p 00006000 08:02 10886548                   /usr/lib/x86_64-linux-gnu/libvorbisfile.so.3.3.4
7f960301f000-7f9603020000 rw-p 00007000 08:02 10886548                   /usr/lib/x86_64-linux-gnu/libvorbisfile.so.3.3.4
7f9603020000-7f960302f000 r-xp 00000000 08:02 10886057                   /usr/lib/x86_64-linux-gnu/libcanberra.so.0.2.5
7f960302f000-7f960322e000 ---p 0000f000 08:02 10886057                   /usr/lib/x86_64-linux-gnu/libcanberra.so.0.2.5
7f960322e000-7f960322f000 r--p 0000e000 08:02 10886057                   /usr/lib/x86_64-linux-gnu/libcanberra.so.0.2.5
7f960322f000-7f9603230000 rw-p 0000f000 08:02 10886057                   /usr/lib/x86_64-linux-gnu/libcanberra.so.0.2.5
7f9603230000-7f9603234000 r-xp 00000000 08:02 10886053                   /usr/lib/x86_64-linux-gnu/libcanberra-gtk.so.0.1.8
7f9603234000-7f9603433000 ---p 00004000 08:02 10886053                   /usr/lib/x86_64-linux-gnu/libcanberra-gtk.so.0.1.8
7f9603433000-7f9603434000 r--p 00003000 08:02 10886053                   /usr/lib/x86_64-linux-gnu/libcanberra-gtk.so.0.1.8
7f9603434000-7f9603435000 rw-p 00004000 08:02 10886053                   /usr/lib/x86_64-linux-gnu/libcanberra-gtk.so.0.1.8
7f9603437000-7f9603438000 ---p 00000000 00:00 0 
7f9603438000-7f9603e38000 rw-p 00000000 00:00 0                          [stack:4658]
7f9603e7f000-7f9603e82000 ---p 00000000 00:00 0 
7f9603e82000-7f9603f80000 rw-p 00000000 00:00 0                          [stack:4671]
7f9603f80000-7f9603faf000 r-xp 00000000 08:02 11013966                   /usr/lib/x86_64-linux-gnu/gtk-2.0/2.10.0/engines/libmurrine.so
7f9603faf000-7f96041af000 ---p 0002f000 08:02 11013966                   /usr/lib/x86_64-linux-gnu/gtk-2.0/2.10.0/engines/libmurrine.so
7f96041af000-7f96041b0000 r--p 0002f000 08:02 11013966                   /usr/lib/x86_64-linux-gnu/gtk-2.0/2.10.0/engines/libmurrine.so
7f96041b0000-7f96041b1000 rw-p 00030000 08:02 11013966                   /usr/lib/x86_64-linux-gnu/gtk-2.0/2.10.0/engines/libmurrine.so
7f96041b7000-7f96041b8000 ---p 00000000 00:00 0 
7f96041b8000-7f96049b8000 rw-p 00000000 00:00 0                          [stack:4657]
7f96049b8000-7f9604a9a000 r-xp 00000000 08:02 10886507                   /usr/lib/x86_64-linux-gnu/libstdc++.so.6.0.16
7f9604a9a000-7f9604c99000 ---p 000e2000 08:02 10886507                   /usr/lib/x86_64-linux-gnu/libstdc++.so.6.0.16
7f9604c99000-7f9604ca1000 r--p 000e1000 08:02 10886507                   /usr/lib/x86_64-linux-gnu/libstdc++.so.6.0.16
7f9604ca1000-7f9604ca3000 rw-p 000e9000 08:02 10886507                   /usr/lib/x86_64-linux-gnu/libstdc++.so.6.0.16
7f9604ca3000-7f9604cb8000 rw-p 00000000 00:00 0 
7f9604cc8000-7f9604ccd000 r-xp 00000000 08:02 11013985                   /usr/lib/x86_64-linux-gnu/gtk-2.0/modules/libcanberra-gtk-module.so
7f9604ccd000-7f9604ecc000 ---p 00005000 08:02 11013985                   /usr/lib/x86_64-linux-gnu/gtk-2.0/modules/libcanberra-gtk-module.so
7f9604ecc000-7f9604ecd000 r--p 00004000 08:02 11013985                   /usr/lib/x86_64-linux-gnu/gtk-2.0/modules/libcanberra-gtk-module.so
7f9604ecd000-7f9604ece000 rw-p 00005000 08:02 11013985                   /usr/lib/x86_64-linux-gnu/gtk-2.0/modules/libcanberra-gtk-module.so
7f9604ed0000-7f9604ee0000 r-xp 00000000 08:02 11013837                   /usr/lib/x86_64-linux-gnu/gio/modules/libgioremote-volume-monitor.so
7f9604ee0000-7f96050df000 ---p 00010000 08:02 11013837                   /usr/lib/x86_64-linux-gnu/gio/modules/libgioremote-volume-monitor.so
7f96050df000-7f96050e0000 r--p 0000f000 08:02 11013837                   /usr/lib/x86_64-linux-gnu/gio/modules/libgioremote-volume-monitor.so
7f96050e0000-7f96050e1000 rw-p 00010000 08:02 11013837                   /usr/lib/x86_64-linux-gnu/gio/modules/libgioremote-volume-monitor.so
7f96050e8000-7f96050ef000 r-xp 00000000 08:02 11013833                   /usr/lib/x86_64-linux-gnu/gio/modules/libdconfsettings.so
7f96050ef000-7f96052ee000 ---p 00007000 08:02 11013833                   /usr/lib/x86_64-linux-gnu/gio/modules/libdconfsettings.so
7f96052ee000-7f96052ef000 r--p 00006000 08:02 11013833                   /usr/lib/x86_64-linux-gnu/gio/modules/libdconfsettings.so
7f96052ef000-7f96052f0000 rw-p 00007000 08:02 11013833                   /usr/lib/x86_64-linux-gnu/gio/modules/libdconfsettings.so
7f96052f0000-7f96052fc000 r-xp 00000000 08:02 8650872                    /lib/x86_64-linux-gnu/libudev.so.0.13.0
7f96052fc000-7f96054fb000 ---p 0000c000 08:02 8650872                    /lib/x86_64-linux-gnu/libudev.so.0.13.0
7f96054fb000-7f96054fc000 r--p 0000b000 08:02 8650872                    /lib/x86_64-linux-gnu/libudev.so.0.13.0
7f96054fc000-7f96054fd000 rw-p 0000c000 08:02 8650872                    /lib/x86_64-linux-gnu/libudev.so.0.13.0
7f9605500000-7f9605542000 r-xp 00000000 08:02 8650817                    /lib/x86_64-linux-gnu/libdbus-1.so.3.5.8
7f9605542000-7f9605742000 ---p 00042000 08:02 8650817                    /lib/x86_64-linux-gnu/libdbus-1.so.3.5.8
7f9605742000-7f9605743000 r--p 00042000 08:02 8650817                    /lib/x86_64-linux-gnu/libdbus-1.so.3.5.8
7f9605743000-7f9605744000 rw-p 00043000 08:02 8650817                    /lib/x86_64-linux-gnu/libdbus-1.so.3.5.8
7f9605748000-7f960575e000 r-xp 00000000 08:02 11014031                   /usr/lib/x86_64-linux-gnu/gvfs/libgvfscommon.so
7f960575e000-7f960595d000 ---p 00016000 08:02 11014031                   /usr/lib/x86_64-linux-gnu/gvfs/libgvfscommon.so
7f960595d000-7f960595e000 r--p 00015000 08:02 11014031                   /usr/lib/x86_64-linux-gnu/gvfs/libgvfscommon.so
7f960595e000-7f960595f000 rw-p 00016000 08:02 11014031                   /usr/lib/x86_64-linux-gnu/gvfs/libgvfscommon.so
7f9605960000-7f9605988000 r-xp 00000000 08:02 11013838                   /usr/lib/x86_64-linux-gnu/gio/modules/libgvfsdbus.so
7f9605988000-7f9605b87000 ---p 00028000 08:02 11013838                   /usr/lib/x86_64-linux-gnu/gio/modules/libgvfsdbus.so
7f9605b87000-7f9605b88000 r--p 00027000 08:02 11013838                   /usr/lib/x86_64-linux-gnu/gio/modules/libgvfsdbus.so
7f9605b88000-7f9605b89000 rw-p 00028000 08:02 11013838                   /usr/lib/x86_64-linux-gnu/gio/modules/libgvfsdbus.so
7f9605b90000-7f9605ba0000 r-xp 00000000 08:02 10881862                   /usr/lib/liboverlay-scrollbar-0.2.so.0.0.16
7f9605ba0000-7f9605d9f000 ---p 00010000 08:02 10881862                   /usr/lib/liboverlay-scrollbar-0.2.so.0.0.16
7f9605d9f000-7f9605da0000 r--p 0000f000 08:02 10881862                   /usr/lib/liboverlay-scrollbar-0.2.so.0.0.16
7f9605da0000-7f9605da1000 rw-p 00010000 08:02 10881862                   /usr/lib/liboverlay-scrollbar-0.2.so.0.0.16
7f9605da8000-7f9605da9000 r-xp 00000000 08:02 10880555                   /usr/lib/x86_64-linux-gnu/libgthread-2.0.so.0.3200.4
7f9605da9000-7f9605fa8000 ---p 00001000 08:02 10880555                   /usr/lib/x86_64-linux-gnu/libgthread-2.0.so.0.3200.4
7f9605fa8000-7f9605fa9000 r--p 00000000 08:02 10880555                   /usr/lib/x86_64-linux-gnu/libgthread-2.0.so.0.3200.4
7f9605fa9000-7f9605faa000 rw-p 00001000 08:02 10880555                   /usr/lib/x86_64-linux-gnu/libgthread-2.0.so.0.3200.4
7f9605fb0000-7f9605fec000 r-xp 00000000 08:02 8654414                    /lib/x86_64-linux-gnu/libpcre.so.3.12.1
7f9605fec000-7f96061eb000 ---p 0003c000 08:02 8654414                    /lib/x86_64-linux-gnu/libpcre.so.3.12.1
7f96061eb000-7f96061ec000 r--p 0003b000 08:02 8654414                    /lib/x86_64-linux-gnu/libpcre.so.3.12.1
7f96061ec000-7f96061ed000 rw-p 0003c000 08:02 8654414                    /lib/x86_64-linux-gnu/libpcre.so.3.12.1
7f96061f0000-7f96061f7000 r-xp 00000000 08:02 10886136                   /usr/lib/x86_64-linux-gnu/libffi.so.6.0.0
7f96061f7000-7f96063f6000 ---p 00007000 08:02 10886136                   /usr/lib/x86_64-linux-gnu/libffi.so.6.0.0
7f96063f6000-7f96063f7000 r--p 00006000 08:02 10886136                   /usr/lib/x86_64-linux-gnu/libffi.so.6.0.0
7f96063f7000-7f96063f8000 rw-p 00007000 08:02 10886136                   /usr/lib/x86_64-linux-gnu/libffi.so.6.0.0
7f96063f8000-7f960641f000 r-xp 00000000 08:02 8654359                    /lib/x86_64-linux-gnu/libexpat.so.1.5.2
7f960641f000-7f960661f000 ---p 00027000 08:02 8654359                    /lib/x86_64-linux-gnu/libexpat.so.1.5.2
7f960661f000-7f9606621000 r--p 00027000 08:02 8654359                    /lib/x86_64-linux-gnu/libexpat.so.1.5.2
7f9606621000-7f9606622000 rw-p 00029000 08:02 8654359                    /lib/x86_64-linux-gnu/libexpat.so.1.5.2
7f9606628000-7f9606645000 r-xp 00000000 08:02 8654429                    /lib/x86_64-linux-gnu/libselinux.so.1
7f9606645000-7f9606844000 ---p 0001d000 08:02 8654429                    /lib/x86_64-linux-gnu/libselinux.so.1
7f9606844000-7f9606845000 r--p 0001c000 08:02 8654429                    /lib/x86_64-linux-gnu/libselinux.so.1
7f9606845000-7f9606846000 rw-p 0001d000 08:02 8654429                    /lib/x86_64-linux-gnu/libselinux.so.1
7f9606846000-7f9606847000 rw-p 00000000 00:00 0 
7f9606848000-7f960684b000 r-xp 00000000 08:02 10879353                   /usr/lib/x86_64-linux-gnu/libgmodule-2.0.so.0.3200.4
7f960684b000-7f9606a4a000 ---p 00003000 08:02 10879353                   /usr/lib/x86_64-linux-gnu/libgmodule-2.0.so.0.3200.4
7f9606a4a000-7f9606a4b000 r--p 00002000 08:02 10879353                   /usr/lib/x86_64-linux-gnu/libgmodule-2.0.so.0.3200.4
7f9606a4b000-7f9606a4c000 rw-p 00003000 08:02 10879353                   /usr/lib/x86_64-linux-gnu/libgmodule-2.0.so.0.3200.4
7f9606a50000-7f9606a66000 r-xp 00000000 08:02 8654452                    /lib/x86_64-linux-gnu/libz.so.1.2.3.4
7f9606a66000-7f9606c65000 ---p 00016000 08:02 8654452                    /lib/x86_64-linux-gnu/libz.so.1.2.3.4
7f9606c65000-7f9606c66000 r--p 00015000 08:02 8654452                    /lib/x86_64-linux-gnu/libz.so.1.2.3.4
7f9606c66000-7f9606c67000 rw-p 00016000 08:02 8654452                    /lib/x86_64-linux-gnu/libz.so.1.2.3.4
7f9606c68000-7f9606c70000 r-xp 00000000 08:02 10886567                   /usr/lib/x86_64-linux-gnu/libxcb-render.so.0.0.0
7f9606c70000-7f9606e70000 ---p 00008000 08:02 10886567                   /usr/lib/x86_64-linux-gnu/libxcb-render.so.0.0.0
7f9606e70000-7f9606e71000 r--p 00008000 08:02 10886567                   /usr/lib/x86_64-linux-gnu/libxcb-render.so.0.0.0
7f9606e71000-7f9606e72000 rw-p 00009000 08:02 10886567                   /usr/lib/x86_64-linux-gnu/libxcb-render.so.0.0.0
7f9606e78000-7f9606e7a000 r-xp 00000000 08:02 10886571                   /usr/lib/x86_64-linux-gnu/libxcb-shm.so.0.0.0
7f9606e7a000-7f9607079000 ---p 00002000 08:02 10886571                   /usr/lib/x86_64-linux-gnu/libxcb-shm.so.0.0.0
7f9607079000-7f960707a000 r--p 00001000 08:02 10886571                   /usr/lib/x86_64-linux-gnu/libxcb-shm.so.0.0.0
7f960707a000-7f960707b000 rw-p 00002000 08:02 10886571                   /usr/lib/x86_64-linux-gnu/libxcb-shm.so.0.0.0
7f9607080000-7f96070a6000 r-xp 00000000 08:02 8654418                    /lib/x86_64-linux-gnu/libpng12.so.0.46.0
7f96070a6000-7f96072a6000 ---p 00026000 08:02 8654418                    /lib/x86_64-linux-gnu/libpng12.so.0.46.0
7f96072a6000-7f96072a7000 r--p 00026000 08:02 8654418                    /lib/x86_64-linux-gnu/libpng12.so.0.46.0
7f96072a7000-7f96072a8000 rw-p 00027000 08:02 8654418                    /lib/x86_64-linux-gnu/libpng12.so.0.46.0
7f96072a8000-7f9607338000 r-xp 00000000 08:02 10880223                   /usr/lib/x86_64-linux-gnu/libpixman-1.so.0.30.2
7f9607338000-7f9607537000 ---p 00090000 08:02 10880223                   /usr/lib/x86_64-linux-gnu/libpixman-1.so.0.30.2
7f9607537000-7f960753e000 r--p 0008f000 08:02 10880223                   /usr/lib/x86_64-linux-gnu/libpixman-1.so.0.30.2
7f960753e000-7f960753f000 rw-p 00096000 08:02 10880223                   /usr/lib/x86_64-linux-gnu/libpixman-1.so.0.30.2
7f9607540000-7f96075d6000 r-xp 00000000 08:02 10886146                   /usr/lib/x86_64-linux-gnu/libfreetype.so.6.8.0
7f96075d6000-7f96077d5000 ---p 00096000 08:02 10886146                   /usr/lib/x86_64-linux-gnu/libfreetype.so.6.8.0
7f96077d5000-7f96077db000 r--p 00095000 08:02 10886146                   /usr/lib/x86_64-linux-gnu/libfreetype.so.6.8.0
7f96077db000-7f96077dc000 rw-p 0009b000 08:02 10886146                   /usr/lib/x86_64-linux-gnu/libfreetype.so.6.8.0
7f96077e0000-7f96077e2000 r-xp 00000000 08:02 10885961                   /usr/lib/x86_64-linux-gnu/libXdamage.so.1.1.0
7f96077e2000-7f96079e1000 ---p 00002000 08:02 10885961                   /usr/lib/x86_64-linux-gnu/libXdamage.so.1.1.0
7f96079e1000-7f96079e2000 r--p 00001000 08:02 10885961                   /usr/lib/x86_64-linux-gnu/libXdamage.so.1.1.0
7f96079e2000-7f96079e3000 rw-p 00002000 08:02 10885961                   /usr/lib/x86_64-linux-gnu/libXdamage.so.1.1.0
7f96079e8000-7f96079ea000 r-xp 00000000 08:02 10885957                   /usr/lib/x86_64-linux-gnu/libXcomposite.so.1.0.0
7f96079ea000-7f9607be9000 ---p 00002000 08:02 10885957                   /usr/lib/x86_64-linux-gnu/libXcomposite.so.1.0.0
7f9607be9000-7f9607bea000 r--p 00001000 08:02 10885957                   /usr/lib/x86_64-linux-gnu/libXcomposite.so.1.0.0
7f9607bea000-7f9607beb000 rw-p 00002000 08:02 10885957                   /usr/lib/x86_64-linux-gnu/libXcomposite.so.1.0.0
7f9607bf0000-7f9607bf7000 r-xp 00000000 08:02 10885983                   /usr/lib/x86_64-linux-gnu/libXrandr.so.2.2.0
7f9607bf7000-7f9607df6000 ---p 00007000 08:02 10885983                   /usr/lib/x86_64-linux-gnu/libXrandr.so.2.2.0
7f9607df6000-7f9607df7000 r--p 00006000 08:02 10885983                   /usr/lib/x86_64-linux-gnu/libXrandr.so.2.2.0
7f9607df7000-7f9607df8000 rw-p 00007000 08:02 10885983                   /usr/lib/x86_64-linux-gnu/libXrandr.so.2.2.0
7f9607df8000-7f9607dfa000 r-xp 00000000 08:02 10885973                   /usr/lib/x86_64-linux-gnu/libXinerama.so.1.0.0
7f9607dfa000-7f9607ff9000 ---p 00002000 08:02 10885973                   /usr/lib/x86_64-linux-gnu/libXinerama.so.1.0.0
7f9607ff9000-7f9607ffa000 r--p 00001000 08:02 10885973                   /usr/lib/x86_64-linux-gnu/libXinerama.so.1.0.0
7f9607ffa000-7f9607ffb000 rw-p 00002000 08:02 10885973                   /usr/lib/x86_64-linux-gnu/libXinerama.so.1.0.0
7f9608000000-7f9608319000 rw-p 00000000 00:00 0 
7f9608319000-7f960c000000 ---p 00000000 00:00 0 
7f960c078000-7f960c16a000 r-xp 00000000 08:02 8654346                    /lib/x86_64-linux-gnu/libglib-2.0.so.0.3200.4
7f960c16a000-7f960c36a000 ---p 000f2000 08:02 8654346                    /lib/x86_64-linux-gnu/libglib-2.0.so.0.3200.4
7f960c36a000-7f960c36b000 r--p 000f2000 08:02 8654346                    /lib/x86_64-linux-gnu/libglib-2.0.so.0.3200.4
7f960c36b000-7f960c36c000 rw-p 000f3000 08:02 8654346                    /lib/x86_64-linux-gnu/libglib-2.0.so.0.3200.4
7f960c36c000-7f960c36d000 rw-p 00000000 00:00 0 
7f960c370000-7f960c3bd000 r-xp 00000000 08:02 10880557                   /usr/lib/x86_64-linux-gnu/libgobject-2.0.so.0.3200.4
7f960c3bd000-7f960c5bd000 ---p 0004d000 08:02 10880557                   /usr/lib/x86_64-linux-gnu/libgobject-2.0.so.0.3200.4
7f960c5bd000-7f960c5be000 r--p 0004d000 08:02 10880557                   /usr/lib/x86_64-linux-gnu/libgobject-2.0.so.0.3200.4
7f960c5be000-7f960c5bf000 rw-p 0004e000 08:02 10880557                   /usr/lib/x86_64-linux-gnu/libgobject-2.0.so.0.3200.4
7f960c5c0000-7f960c5f4000 r-xp 00000000 08:02 10886138                   /usr/lib/x86_64-linux-gnu/libfontconfig.so.1.4.4
7f960c5f4000-7f960c7f4000 ---p 00034000 08:02 10886138                   /usr/lib/x86_64-linux-gnu/libfontconfig.so.1.4.4
7f960c7f4000-7f960c7f5000 r--p 00034000 08:02 10886138                   /usr/lib/x86_64-linux-gnu/libfontconfig.so.1.4.4
7f960c7f5000-7f960c7f6000 rw-p 00035000 08:02 10886138                   /usr/lib/x86_64-linux-gnu/libfontconfig.so.1.4.4
7f960c7f8000-7f960c83e000 r-xp 00000000 08:02 10886404                   /usr/lib/x86_64-linux-gnu/libpango-1.0.so.0.3000.0
7f960c83e000-7f960ca3e000 ---p 00046000 08:02 10886404                   /usr/lib/x86_64-linux-gnu/libpango-1.0.so.0.3000.0
7f960ca3e000-7f960ca40000 r--p 00046000 08:02 10886404                   /usr/lib/x86_64-linux-gnu/libpango-1.0.so.0.3000.0
7f960ca40000-7f960ca41000 rw-p 00048000 08:02 10886404                   /usr/lib/x86_64-linux-gnu/libpango-1.0.so.0.3000.0
7f960ca48000-7f960ca71000 r-xp 00000000 08:02 10886408                   /usr/lib/x86_64-linux-gnu/libpangoft2-1.0.so.0.3000.0
7f960ca71000-7f960cc70000 ---p 00029000 08:02 10886408                   /usr/lib/x86_64-linux-gnu/libpangoft2-1.0.so.0.3000.0
7f960cc70000-7f960cc71000 r--p 00028000 08:02 10886408                   /usr/lib/x86_64-linux-gnu/libpangoft2-1.0.so.0.3000.0
7f960cc71000-7f960cc72000 rw-p 00029000 08:02 10886408                   /usr/lib/x86_64-linux-gnu/libpangoft2-1.0.so.0.3000.0
7f960cc78000-7f960cdc0000 r-xp 00000000 08:02 10880556                   /usr/lib/x86_64-linux-gnu/libgio-2.0.so.0.3200.4
7f960cdc0000-7f960cfbf000 ---p 00148000 08:02 10880556                   /usr/lib/x86_64-linux-gnu/libgio-2.0.so.0.3200.4
7f960cfbf000-7f960cfc3000 r--p 00147000 08:02 10880556                   /usr/lib/x86_64-linux-gnu/libgio-2.0.so.0.3200.4
7f960cfc3000-7f960cfc5000 rw-p 0014b000 08:02 10880556                   /usr/lib/x86_64-linux-gnu/libgio-2.0.so.0.3200.4
7f960cfc5000-7f960cfc7000 rw-p 00000000 00:00 0 
7f960cfc8000-7f960cfe6000 r-xp 00000000 08:02 10880593                   /usr/lib/x86_64-linux-gnu/libgdk_pixbuf-2.0.so.0.2600.1
7f960cfe6000-7f960d1e6000 ---p 0001e000 08:02 10880593                   /usr/lib/x86_64-linux-gnu/libgdk_pixbuf-2.0.so.0.2600.1
7f960d1e6000-7f960d1e7000 r--p 0001e000 08:02 10880593                   /usr/lib/x86_64-linux-gnu/libgdk_pixbuf-2.0.so.0.2600.1
7f960d1e7000-7f960d1e8000 rw-p 0001f000 08:02 10880593                   /usr/lib/x86_64-linux-gnu/libgdk_pixbuf-2.0.so.0.2600.1
7f960d1e8000-7f960d2a1000 r-xp 00000000 08:02 10886049                   /usr/lib/x86_64-linux-gnu/libcairo.so.2.11000.2
7f960d2a1000-7f960d4a0000 ---p 000b9000 08:02 10886049                   /usr/lib/x86_64-linux-gnu/libcairo.so.2.11000.2
7f960d4a0000-7f960d4a2000 r--p 000b8000 08:02 10886049                   /usr/lib/x86_64-linux-gnu/libcairo.so.2.11000.2
7f960d4a2000-7f960d4a3000 rw-p 000ba000 08:02 10886049                   /usr/lib/x86_64-linux-gnu/libcairo.so.2.11000.2
7f960d4a3000-7f960d4a6000 rw-p 00000000 00:00 0 
7f960d4a8000-7f960d4c8000 r-xp 00000000 08:02 10879311                   /usr/lib/x86_64-linux-gnu/libatk-1.0.so.0.20609.1
7f960d4c8000-7f960d6c8000 ---p 00020000 08:02 10879311                   /usr/lib/x86_64-linux-gnu/libatk-1.0.so.0.20609.1
7f960d6c8000-7f960d6ca000 r--p 00020000 08:02 10879311                   /usr/lib/x86_64-linux-gnu/libatk-1.0.so.0.20609.1
7f960d6ca000-7f960d6cb000 rw-p 00022000 08:02 10879311                   /usr/lib/x86_64-linux-gnu/libatk-1.0.so.0.20609.1
7f960d6d0000-7f960d6db000 r-xp 00000000 08:02 10886406                   /usr/lib/x86_64-linux-gnu/libpangocairo-1.0.so.0.3000.0
7f960d6db000-7f960d8da000 ---p 0000b000 08:02 10886406                   /usr/lib/x86_64-linux-gnu/libpangocairo-1.0.so.0.3000.0
7f960d8da000-7f960d8db000 r--p 0000a000 08:02 10886406                   /usr/lib/x86_64-linux-gnu/libpangocairo-1.0.so.0.3000.0
7f960d8db000-7f960d8dc000 rw-p 0000b000 08:02 10886406                   /usr/lib/x86_64-linux-gnu/libpangocairo-1.0.so.0.3000.0
7f960d8e0000-7f960d98d000 r-xp 00000000 08:02 10880596                   /usr/lib/x86_64-linux-gnu/libgdk-x11-2.0.so.0.2400.10
7f960d98d000-7f960db8c000 ---p 000ad000 08:02 10880596                   /usr/lib/x86_64-linux-gnu/libgdk-x11-2.0.so.0.2400.10
7f960db8c000-7f960db90000 r--p 000ac000 08:02 10880596                   /usr/lib/x86_64-linux-gnu/libgdk-x11-2.0.so.0.2400.10
7f960db90000-7f960db92000 rw-p 000b0000 08:02 10880596                   /usr/lib/x86_64-linux-gnu/libgdk-x11-2.0.so.0.2400.10
7f960db98000-7f960dfc6000 r-xp 00000000 08:02 10880598                   /usr/lib/x86_64-linux-gnu/libgtk-x11-2.0.so.0.2400.10
7f960dfc6000-7f960e1c5000 ---p 0042e000 08:02 10880598                   /usr/lib/x86_64-linux-gnu/libgtk-x11-2.0.so.0.2400.10
7f960e1c5000-7f960e1cc000 r--p 0042d000 08:02 10880598                   /usr/lib/x86_64-linux-gnu/libgtk-x11-2.0.so.0.2400.10
7f960e1cc000-7f960e1d0000 rw-p 00434000 08:02 10880598                   /usr/lib/x86_64-linux-gnu/libgtk-x11-2.0.so.0.2400.10
7f960e1d0000-7f960e1d2000 rw-p 00000000 00:00 0 
7f960e1d7000-7f960e1da000 ---p 00000000 00:00 0 
7f960e1da000-7f960e2d8000 rw-p 00000000 00:00 0                          [stack:4656]
7f960e2d8000-7f960e2dd000 r-xp 00000000 08:02 10879297                   /usr/lib/x86_64-linux-gnu/libXfixes.so.3.1.0
7f960e2dd000-7f960e4dc000 ---p 00005000 08:02 10879297                   /usr/lib/x86_64-linux-gnu/libXfixes.so.3.1.0
7f960e4dc000-7f960e4dd000 r--p 00004000 08:02 10879297                   /usr/lib/x86_64-linux-gnu/libXfixes.so.3.1.0
7f960e4dd000-7f960e4de000 rw-p 00005000 08:02 10879297                   /usr/lib/x86_64-linux-gnu/libXfixes.so.3.1.0
7f960e4e0000-7f960e4e9000 r-xp 00000000 08:02 10885959                   /usr/lib/x86_64-linux-gnu/libXcursor.so.1.0.2
7f960e4e9000-7f960e6e8000 ---p 00009000 08:02 10885959                   /usr/lib/x86_64-linux-gnu/libXcursor.so.1.0.2
7f960e6e8000-7f960e6e9000 r--p 00008000 08:02 10885959                   /usr/lib/x86_64-linux-gnu/libXcursor.so.1.0.2
7f960e6e9000-7f960e6ea000 rw-p 00009000 08:02 10885959                   /usr/lib/x86_64-linux-gnu/libXcursor.so.1.0.2
7f960e6f0000-7f960e701000 r-xp 00000000 08:02 13899060                   /usr/lib/jvm/java-8-oracle/jre/lib/amd64/libnio.so
7f960e701000-7f960e900000 ---p 00011000 08:02 13899060                   /usr/lib/jvm/java-8-oracle/jre/lib/amd64/libnio.so
7f960e900000-7f960e901000 rw-p 00010000 08:02 13899060                   /usr/lib/jvm/java-8-oracle/jre/lib/amd64/libnio.so
7f960e906000-7f960e909000 ---p 00000000 00:00 0 
7f960e909000-7f960ea07000 rw-p 00000000 00:00 0                          [stack:4655]
7f960ea07000-7f960ea0a000 ---p 00000000 00:00 0 
7f960ea0a000-7f960eb08000 rw-p 00000000 00:00 0                          [stack:4654]
7f960eb08000-7f960eb0b000 ---p 00000000 00:00 0 
7f960eb0b000-7f960ec09000 rw-p 00000000 00:00 0                          [stack:4653]
7f960ec09000-7f960ec0c000 ---p 00000000 00:00 0 
7f960ec0c000-7f960ed0a000 rw-p 00000000 00:00 0                          [stack:4652]
7f960ed0a000-7f960ed0d000 ---p 00000000 00:00 0 
7f960ed0d000-7f960ee0b000 rw-p 00000000 00:00 0                          [stack:4651]
7f960ee0b000-7f960ee0e000 ---p 00000000 00:00 0 
7f960ee0e000-7f960ef0c000 rw-p 00000000 00:00 0                          [stack:4650]
7f960ef0c000-7f960ef0f000 ---p 00000000 00:00 0 
7f960ef0f000-7f960f00d000 rw-p 00000000 00:00 0                          [stack:4649]
7f960f00d000-7f960f010000 ---p 00000000 00:00 0 
7f960f010000-7f960f10e000 rw-p 00000000 00:00 0                          [stack:4648]
7f960f10e000-7f960f111000 ---p 00000000 00:00 0 
7f960f111000-7f960f20f000 rw-p 00000000 00:00 0                          [stack:4647]
7f960f20f000-7f960f212000 ---p 00000000 00:00 0 
7f960f212000-7f960f310000 rw-p 00000000 00:00 0                          [stack:4646]
7f960f310000-7f960f374000 r-xp 00000000 08:02 13899048                   /usr/lib/jvm/java-8-oracle/jre/lib/amd64/libfontmanager.so
7f960f374000-7f960f574000 ---p 00064000 08:02 13899048                   /usr/lib/jvm/java-8-oracle/jre/lib/amd64/libfontmanager.so
7f960f574000-7f960f578000 rw-p 00064000 08:02 13899048                   /usr/lib/jvm/java-8-oracle/jre/lib/amd64/libfontmanager.so
7f960f578000-7f960f589000 rw-p 00000000 00:00 0 
7f960f590000-7f960f790000 rw-p 00000000 00:00 0 
7f960f790000-7f960f7a5000 r-xp 00000000 08:02 8654362                    /lib/x86_64-linux-gnu/libgcc_s.so.1
7f960f7a5000-7f960f9a4000 ---p 00015000 08:02 8654362                    /lib/x86_64-linux-gnu/libgcc_s.so.1
7f960f9a4000-7f960f9a5000 r--p 00014000 08:02 8654362                    /lib/x86_64-linux-gnu/libgcc_s.so.1
7f960f9a5000-7f960f9a6000 rw-p 00015000 08:02 8654362                    /lib/x86_64-linux-gnu/libgcc_s.so.1
7f960f9a8000-7f960f9da000 r-xp 00000000 08:02 13899065                   /usr/lib/jvm/java-8-oracle/jre/lib/amd64/libsunec.so
7f960f9da000-7f960fbd9000 ---p 00032000 08:02 13899065                   /usr/lib/jvm/java-8-oracle/jre/lib/amd64/libsunec.so
7f960fbd9000-7f960fbdf000 rw-p 00031000 08:02 13899065                   /usr/lib/jvm/java-8-oracle/jre/lib/amd64/libsunec.so
7f960fbdf000-7f960fbef000 rw-p 00000000 00:00 0 
7f960fbf0000-7f960fbf5000 r-xp 00000000 08:02 10885963                   /usr/lib/x86_64-linux-gnu/libXdmcp.so.6.0.0
7f960fbf5000-7f960fdf4000 ---p 00005000 08:02 10885963                   /usr/lib/x86_64-linux-gnu/libXdmcp.so.6.0.0
7f960fdf4000-7f960fdf5000 r--p 00004000 08:02 10885963                   /usr/lib/x86_64-linux-gnu/libXdmcp.so.6.0.0
7f960fdf5000-7f960fdf6000 rw-p 00005000 08:02 10885963                   /usr/lib/x86_64-linux-gnu/libXdmcp.so.6.0.0
7f960fdf8000-7f960fdfa000 r-xp 00000000 08:02 10885952                   /usr/lib/x86_64-linux-gnu/libXau.so.6.0.0
7f960fdfa000-7f960fff9000 ---p 00002000 08:02 10885952                   /usr/lib/x86_64-linux-gnu/libXau.so.6.0.0
7f960fff9000-7f960fffa000 r--p 00001000 08:02 10885952                   /usr/lib/x86_64-linux-gnu/libXau.so.6.0.0
7f960fffa000-7f960fffb000 rw-p 00002000 08:02 10885952                   /usr/lib/x86_64-linux-gnu/libXau.so.6.0.0
7f9610000000-7f96103f4000 rw-p 00000000 00:00 0 
7f96103f4000-7f9614000000 ---p 00000000 00:00 0 
7f9614000000-7f9614021000 rw-p 00000000 00:00 0 
7f9614021000-7f9618000000 ---p 00000000 00:00 0 
7f9618000000-7f9618021000 rw-p 00000000 00:00 0 
7f9618021000-7f961c000000 ---p 00000000 00:00 0 
7f961c000000-7f961c054000 rw-p 00000000 00:00 0 
7f961c054000-7f9620000000 ---p 00000000 00:00 0 
7f9620000000-7f9620634000 rw-p 00000000 00:00 0 
7f9620634000-7f9624000000 ---p 00000000 00:00 0 
7f9624000000-7f9624041000 rw-p 00000000 00:00 0 
7f9624041000-7f9628000000 ---p 00000000 00:00 0 
7f9628000000-7f9628021000 rw-p 00000000 00:00 0 
7f9628021000-7f962c000000 ---p 00000000 00:00 0 
7f962c000000-7f962daa2000 rw-p 00000000 00:00 0 
7f962daa2000-7f9630000000 ---p 00000000 00:00 0 
7f9630000000-7f9630021000 rw-p 00000000 00:00 0 
7f9630021000-7f9634000000 ---p 00000000 00:00 0 
7f9634000000-7f9634021000 rw-p 00000000 00:00 0 
7f9634021000-7f9638000000 ---p 00000000 00:00 0 
7f9638000000-7f96380d6000 rw-p 00000000 00:00 0 
7f96380d6000-7f963c000000 ---p 00000000 00:00 0 
7f963c000000-7f963c021000 rw-p 00000000 00:00 0 
7f963c021000-7f9640000000 ---p 00000000 00:00 0 
7f9640010000-7f964002c000 r--s 00000000 08:02 11010226                   /usr/share/mime/mime.cache
7f964002f000-7f9640032000 ---p 00000000 00:00 0 
7f9640032000-7f9640130000 rw-p 00000000 00:00 0                          [stack:4645]
7f9640130000-7f964014d000 r-xp 00000000 08:02 10886575                   /usr/lib/x86_64-linux-gnu/libxcb.so.1.1.0
7f964014d000-7f964034c000 ---p 0001d000 08:02 10886575                   /usr/lib/x86_64-linux-gnu/libxcb.so.1.1.0
7f964034c000-7f964034d000 r--p 0001c000 08:02 10886575                   /usr/lib/x86_64-linux-gnu/libxcb.so.1.1.0
7f964034d000-7f964034e000 rw-p 0001d000 08:02 10886575                   /usr/lib/x86_64-linux-gnu/libxcb.so.1.1.0
7f9640350000-7f964035f000 r-xp 00000000 08:02 10880227                   /usr/lib/x86_64-linux-gnu/libXi.so.6.1.0
7f964035f000-7f964055e000 ---p 0000f000 08:02 10880227                   /usr/lib/x86_64-linux-gnu/libXi.so.6.1.0
7f964055e000-7f964055f000 r--p 0000e000 08:02 10880227                   /usr/lib/x86_64-linux-gnu/libXi.so.6.1.0
7f964055f000-7f9640560000 rw-p 0000f000 08:02 10880227                   /usr/lib/x86_64-linux-gnu/libXi.so.6.1.0
7f9640560000-7f9640565000 r-xp 00000000 08:02 10885991                   /usr/lib/x86_64-linux-gnu/libXtst.so.6.1.0
7f9640565000-7f9640764000 ---p 00005000 08:02 10885991                   /usr/lib/x86_64-linux-gnu/libXtst.so.6.1.0
7f9640764000-7f9640765000 r--p 00004000 08:02 10885991                   /usr/lib/x86_64-linux-gnu/libXtst.so.6.1.0
7f9640765000-7f9640766000 rw-p 00005000 08:02 10885991                   /usr/lib/x86_64-linux-gnu/libXtst.so.6.1.0
7f9640768000-7f9640771000 r-xp 00000000 08:02 10885985                   /usr/lib/x86_64-linux-gnu/libXrender.so.1.3.0
7f9640771000-7f9640970000 ---p 00009000 08:02 10885985                   /usr/lib/x86_64-linux-gnu/libXrender.so.1.3.0
7f9640970000-7f9640971000 r--p 00008000 08:02 10885985                   /usr/lib/x86_64-linux-gnu/libXrender.so.1.3.0
7f9640971000-7f9640972000 rw-p 00009000 08:02 10885985                   /usr/lib/x86_64-linux-gnu/libXrender.so.1.3.0
7f9640978000-7f9640aa8000 r-xp 00000000 08:02 10880585                   /usr/lib/x86_64-linux-gnu/libX11.so.6.3.0
7f9640aa8000-7f9640ca8000 ---p 00130000 08:02 10880585                   /usr/lib/x86_64-linux-gnu/libX11.so.6.3.0
7f9640ca8000-7f9640ca9000 r--p 00130000 08:02 10880585                   /usr/lib/x86_64-linux-gnu/libX11.so.6.3.0
7f9640ca9000-7f9640cad000 rw-p 00131000 08:02 10880585                   /usr/lib/x86_64-linux-gnu/libX11.so.6.3.0
7f9640cb0000-7f9640cc0000 r-xp 00000000 08:02 10885965                   /usr/lib/x86_64-linux-gnu/libXext.so.6.4.0
7f9640cc0000-7f9640ebf000 ---p 00010000 08:02 10885965                   /usr/lib/x86_64-linux-gnu/libXext.so.6.4.0
7f9640ebf000-7f9640ec0000 r--p 0000f000 08:02 10885965                   /usr/lib/x86_64-linux-gnu/libXext.so.6.4.0
7f9640ec0000-7f9640ec1000 rw-p 00010000 08:02 10885965                   /usr/lib/x86_64-linux-gnu/libXext.so.6.4.0
7f9640ec8000-7f9640f1c000 r-xp 00000000 08:02 13899100                   /usr/lib/jvm/java-8-oracle/jre/lib/amd64/libawt_xawt.so
7f9640f1c000-7f964111c000 ---p 00054000 08:02 13899100                   /usr/lib/jvm/java-8-oracle/jre/lib/amd64/libawt_xawt.so
7f964111c000-7f9641120000 rw-p 00054000 08:02 13899100                   /usr/lib/jvm/java-8-oracle/jre/lib/amd64/libawt_xawt.so
7f9641120000-7f9641121000 rw-p 00000000 00:00 0 
7f9641128000-7f96411ca000 r-xp 00000000 08:02 13899078                   /usr/lib/jvm/java-8-oracle/jre/lib/amd64/libawt.so
7f96411ca000-7f96413ca000 ---p 000a2000 08:02 13899078                   /usr/lib/jvm/java-8-oracle/jre/lib/amd64/libawt.so
7f96413ca000-7f96413d6000 rw-p 000a2000 08:02 13899078                   /usr/lib/jvm/java-8-oracle/jre/lib/amd64/libawt.so
7f96413d6000-7f96413fa000 rw-p 00000000 00:00 0 
7f96413fc000-7f96413ff000 ---p 00000000 00:00 0 
7f96413ff000-7f96416fd000 rw-p 00000000 00:00 0                          [stack:4644]
7f96416fd000-7f9641700000 ---p 00000000 00:00 0 
7f9641700000-7f96417fe000 rw-p 00000000 00:00 0                          [stack:4643]
7f96417fe000-7f9641801000 ---p 00000000 00:00 0 
7f9641801000-7f96418ff000 rw-p 00000000 00:00 0                          [stack:4685]
7f96418ff000-7f9641902000 ---p 00000000 00:00 0 
7f9641902000-7f9641a00000 rw-p 00000000 00:00 0                          [stack:4732]
7f9641a00000-7f9641a18000 r-xp 00000000 08:02 8655886                    /lib/x86_64-linux-gnu/libresolv-2.15.so
7f9641a18000-7f9641c18000 ---p 00018000 08:02 8655886                    /lib/x86_64-linux-gnu/libresolv-2.15.so
7f9641c18000-7f9641c19000 r--p 00018000 08:02 8655886                    /lib/x86_64-linux-gnu/libresolv-2.15.so
7f9641c19000-7f9641c1a000 rw-p 00019000 08:02 8655886                    /lib/x86_64-linux-gnu/libresolv-2.15.so
7f9641c1a000-7f9641c1c000 rw-p 00000000 00:00 0 
7f9641c20000-7f9641c27000 r-xp 00000000 08:02 8655898                    /lib/x86_64-linux-gnu/libnss_dns-2.15.so
7f9641c27000-7f9641e26000 ---p 00007000 08:02 8655898                    /lib/x86_64-linux-gnu/libnss_dns-2.15.so
7f9641e26000-7f9641e27000 r--p 00006000 08:02 8655898                    /lib/x86_64-linux-gnu/libnss_dns-2.15.so
7f9641e27000-7f9641e28000 rw-p 00007000 08:02 8655898                    /lib/x86_64-linux-gnu/libnss_dns-2.15.so
7f9641e28000-7f9641e2a000 r-xp 00000000 08:02 8650805                    /lib/libnss_mdns4_minimal.so.2
7f9641e2a000-7f9642029000 ---p 00002000 08:02 8650805                    /lib/libnss_mdns4_minimal.so.2
7f9642029000-7f964202a000 r--p 00001000 08:02 8650805                    /lib/libnss_mdns4_minimal.so.2
7f964202a000-7f964202b000 rw-p 00002000 08:02 8650805                    /lib/libnss_mdns4_minimal.so.2
7f9642030000-7f9642046000 r-xp 00000000 08:02 13899066                   /usr/lib/jvm/java-8-oracle/jre/lib/amd64/libnet.so
7f9642046000-7f9642246000 ---p 00016000 08:02 13899066                   /usr/lib/jvm/java-8-oracle/jre/lib/amd64/libnet.so
7f9642246000-7f9642247000 rw-p 00016000 08:02 13899066                   /usr/lib/jvm/java-8-oracle/jre/lib/amd64/libnet.so
7f964224e000-7f964224f000 ---p 00000000 00:00 0 
7f964224f000-7f964234f000 rw-p 00000000 00:00 0                          [stack:4640]
7f964234f000-7f9642352000 ---p 00000000 00:00 0 
7f9642352000-7f9642450000 rw-p 00000000 00:00 0                          [stack:4639]
7f9642450000-7f964284e000 r--p 00000000 08:02 10883108                   /usr/lib/locale/locale-archive
7f9642850000-7f9644000000 rw-p 00000000 00:00 0 
7f9644000000-7f9644021000 rw-p 00000000 00:00 0 
7f9644021000-7f9648000000 ---p 00000000 00:00 0 
7f9648005000-7f96480ea000 r--s 0196d000 08:02 7999179                    /home/tyler/git/bitmerchant-wallet/target/bitmerchant-wallet-shaded.jar
7f96480f1000-7f96480f4000 ---p 00000000 00:00 0 
7f96480f4000-7f96481f2000 rw-p 00000000 00:00 0                          [stack:4638]
7f96481f2000-7f96481f5000 ---p 00000000 00:00 0 
7f96481f5000-7f96482f3000 rw-p 00000000 00:00 0                          [stack:4637]
7f96482f3000-7f96482f6000 ---p 00000000 00:00 0 
7f96482f6000-7f96483f4000 rw-p 00000000 00:00 0                          [stack:4636]
7f96483f4000-7f96483f7000 ---p 00000000 00:00 0 
7f96483f7000-7f96484f5000 rw-p 00000000 00:00 0                          [stack:4635]
7f96484f5000-7f96484f8000 ---p 00000000 00:00 0 
7f96484f8000-7f96485f6000 rw-p 00000000 00:00 0                          [stack:4634]
7f96485f6000-7f96485f7000 ---p 00000000 00:00 0 
7f96485f7000-7f9649000000 rw-p 00000000 00:00 0                          [stack:4633]
7f9649000000-7f96496a0000 rwxp 00000000 00:00 0 
7f96496a0000-7f9658000000 ---p 00000000 00:00 0 
7f9658000000-7f9658474000 rw-p 00000000 00:00 0 
7f9658474000-7f965c000000 ---p 00000000 00:00 0 
7f965c008000-7f965c00b000 r--p 00000000 08:02 7879458                    /home/tyler/.config/dconf/user
7f965c010000-7f965c011000 r--s 00000000 08:02 7879465                    /home/tyler/.cache/dconf/user
7f965c018000-7f965c035000 r--p 00000000 08:02 11534359                   /usr/share/glib-2.0/schemas/gschemas.compiled
7f965c037000-7f965c03c000 r--s 0003f000 08:02 13899138                   /usr/lib/jvm/java-8-oracle/jre/lib/ext/sunjce_provider.jar
7f965c041000-7f965c042000 r--s 00009000 08:02 13899139                   /usr/lib/jvm/java-8-oracle/jre/lib/ext/sunec.jar
7f965c042000-7f965c045000 r--s 0003a000 08:02 13899134                   /usr/lib/jvm/java-8-oracle/jre/lib/ext/sunpkcs11.jar
7f965c046000-7f965c050000 r--s 00116000 08:02 13899140                   /usr/lib/jvm/java-8-oracle/jre/lib/ext/localedata.jar
7f965c053000-7f965c06f000 r--s 00393000 08:02 13899136                   /usr/lib/jvm/java-8-oracle/jre/lib/ext/cldrdata.jar
7f965c073000-7f965c0c2000 rw-p 00000000 00:00 0 
7f965c0c2000-7f965c298000 r--s 03caa000 08:02 12190137                   /usr/lib/jvm/java-8-oracle/jre/lib/rt.jar
7f965c29a000-7f965cc15000 rw-p 00000000 00:00 0 
7f965cc15000-7f965cc16000 ---p 00000000 00:00 0 
7f965cc16000-7f965cd16000 rw-p 00000000 00:00 0                          [stack:4632]
7f965cd16000-7f965cd17000 ---p 00000000 00:00 0 
7f965cd17000-7f965ce32000 rw-p 00000000 00:00 0                          [stack:4631]
7f965ce32000-7f965cf14000 ---p 00000000 00:00 0 
7f965cf14000-7f965cf2f000 rw-p 00000000 00:00 0 
7f965cf2f000-7f965d010000 ---p 00000000 00:00 0 
7f965d010000-7f965d08f000 rw-p 00000000 00:00 0 
7f965d08f000-7f965d0ab000 rw-p 00000000 00:00 0 
7f965d0ab000-7f965d450000 ---p 00000000 00:00 0 
7f965d450000-7f965d46a000 r-xp 00000000 08:02 13899088                   /usr/lib/jvm/java-8-oracle/jre/lib/amd64/libzip.so
7f965d46a000-7f965d66a000 ---p 0001a000 08:02 13899088                   /usr/lib/jvm/java-8-oracle/jre/lib/amd64/libzip.so
7f965d66a000-7f965d66b000 rw-p 0001a000 08:02 13899088                   /usr/lib/jvm/java-8-oracle/jre/lib/amd64/libzip.so
7f965d670000-7f965d67c000 r-xp 00000000 08:02 8655884                    /lib/x86_64-linux-gnu/libnss_files-2.15.so
7f965d67c000-7f965d87b000 ---p 0000c000 08:02 8655884                    /lib/x86_64-linux-gnu/libnss_files-2.15.so
7f965d87b000-7f965d87c000 r--p 0000b000 08:02 8655884                    /lib/x86_64-linux-gnu/libnss_files-2.15.so
7f965d87c000-7f965d87d000 rw-p 0000c000 08:02 8655884                    /lib/x86_64-linux-gnu/libnss_files-2.15.so
7f965d880000-7f965d88a000 r-xp 00000000 08:02 8655891                    /lib/x86_64-linux-gnu/libnss_nis-2.15.so
7f965d88a000-7f965da8a000 ---p 0000a000 08:02 8655891                    /lib/x86_64-linux-gnu/libnss_nis-2.15.so
7f965da8a000-7f965da8b000 r--p 0000a000 08:02 8655891                    /lib/x86_64-linux-gnu/libnss_nis-2.15.so
7f965da8b000-7f965da8c000 rw-p 0000b000 08:02 8655891                    /lib/x86_64-linux-gnu/libnss_nis-2.15.so
7f965da90000-7f965daa7000 r-xp 00000000 08:02 8655883                    /lib/x86_64-linux-gnu/libnsl-2.15.so
7f965daa7000-7f965dca6000 ---p 00017000 08:02 8655883                    /lib/x86_64-linux-gnu/libnsl-2.15.so
7f965dca6000-7f965dca7000 r--p 00016000 08:02 8655883                    /lib/x86_64-linux-gnu/libnsl-2.15.so
7f965dca7000-7f965dca8000 rw-p 00017000 08:02 8655883                    /lib/x86_64-linux-gnu/libnsl-2.15.so
7f965dca8000-7f965dcaa000 rw-p 00000000 00:00 0 
7f965dcb0000-7f965dcb8000 r-xp 00000000 08:02 8655890                    /lib/x86_64-linux-gnu/libnss_compat-2.15.so
7f965dcb8000-7f965deb7000 ---p 00008000 08:02 8655890                    /lib/x86_64-linux-gnu/libnss_compat-2.15.so
7f965deb7000-7f965deb8000 r--p 00007000 08:02 8655890                    /lib/x86_64-linux-gnu/libnss_compat-2.15.so
7f965deb8000-7f965deb9000 rw-p 00008000 08:02 8655890                    /lib/x86_64-linux-gnu/libnss_compat-2.15.so
7f965dec0000-7f965deea000 r-xp 00000000 08:02 13899083                   /usr/lib/jvm/java-8-oracle/jre/lib/amd64/libjava.so
7f965deea000-7f965e0ea000 ---p 0002a000 08:02 13899083                   /usr/lib/jvm/java-8-oracle/jre/lib/amd64/libjava.so
7f965e0ea000-7f965e0ec000 rw-p 0002a000 08:02 13899083                   /usr/lib/jvm/java-8-oracle/jre/lib/amd64/libjava.so
7f965e0f0000-7f965e0fd000 r-xp 00000000 08:02 13899059                   /usr/lib/jvm/java-8-oracle/jre/lib/amd64/libverify.so
7f965e0fd000-7f965e2fd000 ---p 0000d000 08:02 13899059                   /usr/lib/jvm/java-8-oracle/jre/lib/amd64/libverify.so
7f965e2fd000-7f965e2ff000 rw-p 0000d000 08:02 13899059                   /usr/lib/jvm/java-8-oracle/jre/lib/amd64/libverify.so
7f965e300000-7f965e307000 r-xp 00000000 08:02 8655881                    /lib/x86_64-linux-gnu/librt-2.15.so
7f965e307000-7f965e506000 ---p 00007000 08:02 8655881                    /lib/x86_64-linux-gnu/librt-2.15.so
7f965e506000-7f965e507000 r--p 00006000 08:02 8655881                    /lib/x86_64-linux-gnu/librt-2.15.so
7f965e507000-7f965e508000 rw-p 00007000 08:02 8655881                    /lib/x86_64-linux-gnu/librt-2.15.so
7f965e508000-7f965e603000 r-xp 00000000 08:02 8655888                    /lib/x86_64-linux-gnu/libm-2.15.so
7f965e603000-7f965e802000 ---p 000fb000 08:02 8655888                    /lib/x86_64-linux-gnu/libm-2.15.so
7f965e802000-7f965e803000 r--p 000fa000 08:02 8655888                    /lib/x86_64-linux-gnu/libm-2.15.so
7f965e803000-7f965e804000 rw-p 000fb000 08:02 8655888                    /lib/x86_64-linux-gnu/libm-2.15.so
7f965e808000-7f965f475000 r-xp 00000000 08:02 13899106                   /usr/lib/jvm/java-8-oracle/jre/lib/amd64/server/libjvm.so
7f965f475000-7f965f674000 ---p 00c6d000 08:02 13899106                   /usr/lib/jvm/java-8-oracle/jre/lib/amd64/server/libjvm.so
7f965f674000-7f965f74a000 rw-p 00c6c000 08:02 13899106                   /usr/lib/jvm/java-8-oracle/jre/lib/amd64/server/libjvm.so
7f965f74a000-7f965f78d000 rw-p 00000000 00:00 0 
7f965f790000-7f965f945000 r-xp 00000000 08:02 8655885                    /lib/x86_64-linux-gnu/libc-2.15.so
7f965f945000-7f965fb44000 ---p 001b5000 08:02 8655885                    /lib/x86_64-linux-gnu/libc-2.15.so
7f965fb44000-7f965fb48000 r--p 001b4000 08:02 8655885                    /lib/x86_64-linux-gnu/libc-2.15.so
7f965fb48000-7f965fb4a000 rw-p 001b8000 08:02 8655885                    /lib/x86_64-linux-gnu/libc-2.15.so
7f965fb4a000-7f965fb4f000 rw-p 00000000 00:00 0 
7f965fb50000-7f965fb52000 r-xp 00000000 08:02 8655899                    /lib/x86_64-linux-gnu/libdl-2.15.so
7f965fb52000-7f965fd52000 ---p 00002000 08:02 8655899                    /lib/x86_64-linux-gnu/libdl-2.15.so
7f965fd52000-7f965fd53000 r--p 00002000 08:02 8655899                    /lib/x86_64-linux-gnu/libdl-2.15.so
7f965fd53000-7f965fd54000 rw-p 00003000 08:02 8655899                    /lib/x86_64-linux-gnu/libdl-2.15.so
7f965fd58000-7f965fd6d000 r-xp 00000000 08:02 13899108                   /usr/lib/jvm/java-8-oracle/jre/lib/amd64/jli/libjli.so
7f965fd6d000-7f965ff6c000 ---p 00015000 08:02 13899108                   /usr/lib/jvm/java-8-oracle/jre/lib/amd64/jli/libjli.so
7f965ff6c000-7f965ff6d000 rw-p 00014000 08:02 13899108                   /usr/lib/jvm/java-8-oracle/jre/lib/amd64/jli/libjli.so
7f965ff70000-7f965ff88000 r-xp 00000000 08:02 8655879                    /lib/x86_64-linux-gnu/libpthread-2.15.so
7f965ff88000-7f9660187000 ---p 00018000 08:02 8655879                    /lib/x86_64-linux-gnu/libpthread-2.15.so
7f9660187000-7f9660188000 r--p 00017000 08:02 8655879                    /lib/x86_64-linux-gnu/libpthread-2.15.so
7f9660188000-7f9660189000 rw-p 00018000 08:02 8655879                    /lib/x86_64-linux-gnu/libpthread-2.15.so
7f9660189000-7f966018d000 rw-p 00000000 00:00 0 
7f9660190000-7f96601b2000 r-xp 00000000 08:02 8655878                    /lib/x86_64-linux-gnu/ld-2.15.so
7f96601b2000-7f96601b4000 r--s 0001a000 08:02 12190124                   /usr/lib/jvm/java-8-oracle/jre/lib/jce.jar
7f96601bb000-7f96601bf000 r--s 00093000 08:02 12190145                   /usr/lib/jvm/java-8-oracle/jre/lib/jsse.jar
7f96601c0000-7f96602a0000 rw-p 00000000 00:00 0 
7f96602a0000-7f96602a8000 rw-s 00000000 08:02 15599427                   /tmp/hsperfdata_tyler/4629
7f96602ac000-7f96602b0000 rw-p 00000000 00:00 0 
7f96602b0000-7f96602b1000 r--p 00000000 00:00 0 
7f96602b1000-7f96602b4000 ---p 00000000 00:00 0 
7f96602b4000-7f96603b2000 rw-p 00000000 00:00 0                          [stack:4630]
7f96603b2000-7f96603b3000 r--p 00022000 08:02 8655878                    /lib/x86_64-linux-gnu/ld-2.15.so
7f96603b3000-7f96603b5000 rw-p 00023000 08:02 8655878                    /lib/x86_64-linux-gnu/ld-2.15.so
7f96603b5000-7f96603bb000 rw-p 00000000 00:00 0 
7fffd5d0e000-7fffd5d2f000 rw-p 00000000 00:00 0                          [stack]
7fffd5d78000-7fffd5d7a000 r-xp 00000000 00:00 0                          [vdso]
ffffffffff600000-ffffffffff601000 r-xp 00000000 00:00 0                  [vsyscall]

VM Arguments:
java_command: target/bitmerchant-wallet-shaded.jar
java_class_path (initial): target/bitmerchant-wallet-shaded.jar
Launcher Type: SUN_STANDARD

Environment Variables:
PATH=/usr/lib/lightdm/lightdm:/usr/local/sbin:/usr/local/bin:/usr/sbin:/usr/bin:/sbin:/bin:/usr/games:/home/tyler/.rvm/bin:/home/tyler/.rvm/bin
SHELL=/bin/bash
DISPLAY=:0

Signal Handlers:
SIGSEGV: [libjvm.so+0xa79a80], sa_mask[0]=11111111011111111101111111111110, sa_flags=SA_RESTART|SA_SIGINFO
SIGBUS: [libjvm.so+0xa79a80], sa_mask[0]=11111111011111111101111111111110, sa_flags=SA_RESTART|SA_SIGINFO
SIGFPE: [libjvm.so+0x8e24e0], sa_mask[0]=11111111011111111101111111111110, sa_flags=SA_RESTART|SA_SIGINFO
SIGPIPE: SIG_IGN, sa_mask[0]=00000000000010000000000000000000, sa_flags=SA_RESTART
SIGXFSZ: [libjvm.so+0x8e24e0], sa_mask[0]=11111111011111111101111111111110, sa_flags=SA_RESTART|SA_SIGINFO
SIGILL: [libjvm.so+0x8e24e0], sa_mask[0]=11111111011111111101111111111110, sa_flags=SA_RESTART|SA_SIGINFO
SIGUSR1: SIG_DFL, sa_mask[0]=00000000000000000000000000000000, sa_flags=none
SIGUSR2: [libjvm.so+0x8e3d10], sa_mask[0]=00000000000000000000000000000000, sa_flags=SA_RESTART|SA_SIGINFO
SIGHUP: SIG_IGN, sa_mask[0]=00000000000000000000000000000000, sa_flags=none
SIGINT: SIG_IGN, sa_mask[0]=00000000000000000000000000000000, sa_flags=none
SIGTERM: [libjvm.so+0x8e50d0], sa_mask[0]=11111111011111111101111111111110, sa_flags=SA_RESTART|SA_SIGINFO
SIGQUIT: [libjvm.so+0x8e50d0], sa_mask[0]=11111111011111111101111111111110, sa_flags=SA_RESTART|SA_SIGINFO


---------------  S Y S T E M  ---------------

OS:DISTRIB_ID="elementary OS"
DISTRIB_RELEASE=0.2.1
DISTRIB_CODENAME=luna
DISTRIB_DESCRIPTION="elementary OS Luna"

uname:Linux 3.11.0-26-generic #45~precise1-Ubuntu SMP Tue Jul 15 04:02:35 UTC 2014 x86_64
libc:glibc 2.15 NPTL 2.15 
rlimit: STACK 8192k, CORE 0k, NPROC 24027, NOFILE 4096, AS infinity
load average:3.75 2.80 2.80

/proc/meminfo:
MemTotal:        3102324 kB
MemFree:          150108 kB
Buffers:            3196 kB
Cached:           282940 kB
SwapCached:        64512 kB
Active:          1821440 kB
Inactive:         791116 kB
Active(anon):    1686668 kB
Inactive(anon):   650588 kB
Active(file):     134772 kB
Inactive(file):   140528 kB
Unevictable:         592 kB
Mlocked:             592 kB
SwapTotal:       1535996 kB
SwapFree:         688616 kB
Dirty:               972 kB
Writeback:             0 kB
AnonPages:       2263132 kB
Mapped:           181812 kB
Shmem:             10648 kB
Slab:              65908 kB
SReclaimable:      30324 kB
SUnreclaim:        35584 kB
KernelStack:        5552 kB
PageTables:        53024 kB
NFS_Unstable:          0 kB
Bounce:                0 kB
WritebackTmp:          0 kB
CommitLimit:     3087156 kB
Committed_AS:   10912308 kB
VmallocTotal:   34359738367 kB
VmallocUsed:      104408 kB
VmallocChunk:   34359582656 kB
HardwareCorrupted:     0 kB
AnonHugePages:         0 kB
HugePages_Total:       0
HugePages_Free:        0
HugePages_Rsvd:        0
HugePages_Surp:        0
Hugepagesize:       2048 kB
DirectMap4k:      992400 kB
DirectMap2M:     2310144 kB
DirectMap1G:           0 kB


CPU:total 2 (2 cores per cpu, 1 threads per core) family 21 model 19 stepping 1, cmov, cx8, fxsr, mmx, sse, sse2, sse3, ssse3, sse4.1, sse4.2, popcnt, avx, aes, clmul, mmxext, 3dnowpref, lzcnt, sse4a, tsc, tscinvbit, tscinv, bmi1

/proc/cpuinfo:
processor	: 0
vendor_id	: AuthenticAMD
cpu family	: 21
model		: 19
model name	: AMD A6-5350M APU with Radeon(tm) HD Graphics
stepping	: 1
microcode	: 0x6001119
cpu MHz		: 2900.000
cache size	: 1024 KB
physical id	: 0
siblings	: 2
core id		: 0
cpu cores	: 1
apicid		: 16
initial apicid	: 0
fpu		: yes
fpu_exception	: yes
cpuid level	: 13
wp		: yes
flags		: fpu vme de pse tsc msr pae mce cx8 apic sep mtrr pge mca cmov pat pse36 clflush mmx fxsr sse sse2 ht syscall nx mmxext fxsr_opt pdpe1gb rdtscp lm constant_tsc rep_good nopl nonstop_tsc extd_apicid aperfmperf pni pclmulqdq monitor ssse3 fma cx16 sse4_1 sse4_2 popcnt aes xsave avx f16c lahf_lm cmp_legacy svm extapic cr8_legacy abm sse4a misalignsse 3dnowprefetch osvw ibs xop skinit wdt lwp fma4 tce nodeid_msr tbm topoext perfctr_core perfctr_nb arat cpb hw_pstate npt lbrv svm_lock nrip_save tsc_scale vmcb_clean flushbyasid decodeassists pausefilter pfthreshold bmi1
bogomips	: 5788.97
TLB size	: 1536 4K pages
clflush size	: 64
cache_alignment	: 64
address sizes	: 48 bits physical, 48 bits virtual
power management: ts ttp tm 100mhzsteps hwpstate cpb eff_freq_ro

processor	: 1
vendor_id	: AuthenticAMD
cpu family	: 21
model		: 19
model name	: AMD A6-5350M APU with Radeon(tm) HD Graphics   
stepping	: 1
microcode	: 0x6001119
cpu MHz		: 2900.000
cache size	: 1024 KB
physical id	: 0
siblings	: 2
core id		: 1
cpu cores	: 1
apicid		: 17
initial apicid	: 1
fpu		: yes
fpu_exception	: yes
cpuid level	: 13
wp		: yes
flags		: fpu vme de pse tsc msr pae mce cx8 apic sep mtrr pge mca cmov pat pse36 clflush mmx fxsr sse sse2 ht syscall nx mmxext fxsr_opt pdpe1gb rdtscp lm constant_tsc rep_good nopl nonstop_tsc extd_apicid aperfmperf pni pclmulqdq monitor ssse3 fma cx16 sse4_1 sse4_2 popcnt aes xsave avx f16c lahf_lm cmp_legacy svm extapic cr8_legacy abm sse4a misalignsse 3dnowprefetch osvw ibs xop skinit wdt lwp fma4 tce nodeid_msr tbm topoext perfctr_core perfctr_nb arat cpb hw_pstate npt lbrv svm_lock nrip_save tsc_scale vmcb_clean flushbyasid decodeassists pausefilter pfthreshold bmi1
bogomips	: 5788.97
TLB size	: 1536 4K pages
clflush size	: 64
cache_alignment	: 64
address sizes	: 48 bits physical, 48 bits virtual
power management: ts ttp tm 100mhzsteps hwpstate cpb eff_freq_ro



Memory: 4k page, physical 3102324k(150108k free), swap 1535996k(688616k free)

vm_info: Java HotSpot(TM) 64-Bit Server VM (25.25-b02) for linux-amd64 JRE (1.8.0_25-b17), built on Sep 17 2014 17:32:11 by "java_re" with gcc 4.3.0 20080428 (Red Hat 4.3.0-8)

time: Mon Jan 12 19:56:21 2015
elapsed time: 50 seconds (0d 0h 0m 50s)

