#
# A fatal error has been detected by the Java Runtime Environment:
#
#  SIGBUS (0x7) at pc=0x00007fabcf5a17d2, pid=22350, tid=140374961911552
#
# JRE version: Java(TM) SE Runtime Environment (8.0_25-b17) (build 1.8.0_25-b17)
# Java VM: Java HotSpot(TM) 64-Bit Server VM (25.25-b02 mixed mode linux-amd64 compressed oops)
# Problematic frame:
# C  [libzip.so+0x117d2]  newEntry+0x62
#
# Failed to write core dump. Core dumps have been disabled. To enable core dumping, try "ulimit -c unlimited" before starting Java again
#
# If you would like to submit a bug report, please visit:
#   http://bugreport.sun.com/bugreport/crash.jsp
# The crash happened outside the Java Virtual Machine in native code.
# See problematic frame for where to report the bug.
#

---------------  T H R E A D  ---------------

Current thread (0x00007fab7c0a9800):  JavaThread "NioClientManager" [_thread_in_native, id=22399, stack(0x00007fab97ad7000,0x00007fab97bd8000)]

siginfo: si_signo: 7 (SIGBUS), si_code: 2 (BUS_ADRERR), si_addr: 0x00007fabbc5fa5ee

Registers:
RAX=0x00007fab841c2f90, RBX=0x00007fabd0158350, RCX=0x000000000000001e, RDX=0x00007fab84000020
RSP=0x00007fab97bd4010, RBP=0x00007fab97bd4060, RSI=0x0000000000000048, RDI=0x0000000000000003
R8 =0x0000000000000005, R9 =0x00007fab97bd40e0, R10=0x637469622f67726f, R11=0x726f632f6a6e696f
R12=0x00007fabbc5fa5d1, R13=0x00007fab841c2f90, R14=0x00000000b62ff291, R15=0x00007fabd017a700
RIP=0x00007fabcf5a17d2, EFLAGS=0x0000000000010206, CSGSFS=0x0000000000000033, ERR=0x0000000000000004
  TRAPNO=0x000000000000000e

Top of Stack: (sp=0x00007fab97bd4010)
0x00007fab97bd4010:   657a696c61697265 6563655200000000
0x00007fab97bd4020:   00000001000007a8 00007fabd536c97e
0x00007fab97bd4030:   00007fab841c2f90 00007fabd0158350
0x00007fab97bd4040:   00007fab7c0c4a50 00007fabd017a700
0x00007fab97bd4050:   00000000b62ff291 000000000000001e
0x00007fab97bd4060:   00007fab97bd40c0 00007fabcf5a1f2f
0x00007fab97bd4070:   00007fab7c0a9800 01007fab97bd4700
0x00007fab97bd4080:   00007fab97bd40e0 00007fab97bd40ff
0x00007fab97bd4090:   00007fab97bd40fd 00007fab97bd40e0
0x00007fab97bd40a0:   000000000000001e 00007fab7c0a99e8
0x00007fab97bd40b0:   00007fab97bd4538 0000000000000001
0x00007fab97bd40c0:   00007fab97bd4520 00007fabcf593d30
0x00007fab97bd40d0:   00007fab76a35c08 00007fabd017a700
0x00007fab97bd40e0:   637469622f67726f 726f632f6a6e696f
0x00007fab97bd40f0:   3124726565502f65 00007373616c632e
0x00007fab97bd4100:   00000000be553000 0000000000000000
0x00007fab97bd4110:   00007fab00000000 0000000000000000
0x00007fab97bd4120:   00007fab76a1bc20 00007fab00000000
0x00007fab97bd4130:   0000000497bd6140 0000000000000000
0x00007fab97bd4140:   00007fab00000000 0000000000000000
0x00007fab97bd4150:   00007fabbe53e3e0 00007fabd5acbe0e
0x00007fab97bd4160:   00007fab97bd4800 00007fab97bd47f0
0x00007fab97bd4170:   00007fab97bd4900 00007fab7c0a9800
0x00007fab97bd4180:   0000000000000000 00007fabd5a9877c
0x00007fab97bd4190:   00007fabd0321730 00000000f0d22350
0x00007fab97bd41a0:   00000000f0d22370 00000000f0d223c0
0x00007fab97bd41b0:   00000000f0d22450 00007fab00000011
0x00007fab97bd41c0:   00007fab97bd63b0 0000000000000000
0x00007fab97bd41d0:   00007fabd559af10 0000000000000000
0x00007fab97bd41e0:   00007fab97bd68f8 00007fabc05904e7
0x00007fab97bd41f0:   00007fabc05903d0 00007fab00000000
0x00007fab97bd4200:   00007fab97bd6960 00007fab97bd68f8 

Instructions: (pc=0x00007fabcf5a17d2)
0x00007fabcf5a17b2:   00 48 c7 40 28 00 00 00 00 41 80 7f 30 00 0f 84
0x00007fabcf5a17c2:   8a 02 00 00 4c 8b 63 08 4d 2b 67 28 4d 03 67 18
0x00007fabcf5a17d2:   41 0f b6 5c 24 1d 41 0f b6 44 24 1c c1 e3 08 09
0x00007fabcf5a17e2:   c3 41 0f b6 44 24 1e 88 45 bd 41 0f b6 54 24 20 

Register to memory mapping:

RAX=0x00007fab841c2f90 is an unknown value
RBX=0x00007fabd0158350 is an unknown value
RCX=0x000000000000001e is an unknown value
RDX=0x00007fab84000020 is an unknown value
RSP=0x00007fab97bd4010 is pointing into the stack for thread: 0x00007fab7c0a9800
RBP=0x00007fab97bd4060 is pointing into the stack for thread: 0x00007fab7c0a9800
RSI=0x0000000000000048 is an unknown value
RDI=0x0000000000000003 is an unknown value
R8 =0x0000000000000005 is an unknown value
R9 =0x00007fab97bd40e0 is pointing into the stack for thread: 0x00007fab7c0a9800
R10=0x637469622f67726f is an unknown value
R11=0x726f632f6a6e696f is an unknown value
R12=0x00007fabbc5fa5d1 is an unknown value
R13=0x00007fab841c2f90 is an unknown value
R14=0x00000000b62ff291 is an unknown value
R15=0x00007fabd017a700 is an unknown value


Stack: [0x00007fab97ad7000,0x00007fab97bd8000],  sp=0x00007fab97bd4010,  free space=1012k
Native frames: (J=compiled Java code, j=interpreted, Vv=VM code, C=native code)
C  [libzip.so+0x117d2]  newEntry+0x62
C  [libzip.so+0x11f2f]  ZIP_GetEntry2+0xff
C  [libzip.so+0x3d30]  Java_java_util_zip_ZipFile_getEntry+0xf0
J 205  java.util.zip.ZipFile.getEntry(J[BZ)J (0 bytes) @ 0x00007fabc06fe70e [0x00007fabc06fe640+0xce]
J 281 C1 java.util.zip.ZipFile.getEntry(Ljava/lang/String;)Ljava/util/zip/ZipEntry; (86 bytes) @ 0x00007fabc072654c [0x00007fabc07262e0+0x26c]
J 615 C1 java.util.jar.JarFile.getEntry(Ljava/lang/String;)Ljava/util/zip/ZipEntry; (22 bytes) @ 0x00007fabc07f7ce4 [0x00007fabc07f7c60+0x84]
J 2492 C2 sun.misc.URLClassPath.getResource(Ljava/lang/String;Z)Lsun/misc/Resource; (74 bytes) @ 0x00007fabc079d1ec [0x00007fabc079cfc0+0x22c]
J 268 C1 java.net.URLClassLoader$1.run()Ljava/lang/Class; (73 bytes) @ 0x00007fabc071e51c [0x00007fabc071e320+0x1fc]
J 267 C1 java.net.URLClassLoader$1.run()Ljava/lang/Object; (5 bytes) @ 0x00007fabc071bd3c [0x00007fabc071bcc0+0x7c]
v  ~StubRoutines::call_stub
V  [libjvm.so+0x664086]  JavaCalls::call_helper(JavaValue*, methodHandle*, JavaCallArguments*, Thread*)+0x1056
V  [libjvm.so+0x6f8fec]  JVM_DoPrivileged+0x27c
J 266  java.security.AccessController.doPrivileged(Ljava/security/PrivilegedExceptionAction;Ljava/security/AccessControlContext;)Ljava/lang/Object; (0 bytes) @ 0x00007fabc0719c15 [0x00007fabc0719b40+0xd5]
J 264 C1 java.net.URLClassLoader.findClass(Ljava/lang/String;)Ljava/lang/Class; (29 bytes) @ 0x00007fabc071b1e4 [0x00007fabc071b060+0x184]
J 164 C1 java.lang.ClassLoader.loadClass(Ljava/lang/String;Z)Ljava/lang/Class; (122 bytes) @ 0x00007fabc06e325c [0x00007fabc06e2900+0x95c]
J 284 C1 sun.misc.Launcher$AppClassLoader.loadClass(Ljava/lang/String;Z)Ljava/lang/Class; (40 bytes) @ 0x00007fabc07283ec [0x00007fabc0727fc0+0x42c]
J 283 C1 java.lang.ClassLoader.loadClass(Ljava/lang/String;)Ljava/lang/Class; (7 bytes) @ 0x00007fabc0727c84 [0x00007fabc0727b80+0x104]
v  ~StubRoutines::call_stub
V  [libjvm.so+0x664086]  JavaCalls::call_helper(JavaValue*, methodHandle*, JavaCallArguments*, Thread*)+0x1056
V  [libjvm.so+0x664591]  JavaCalls::call_virtual(JavaValue*, KlassHandle, Symbol*, Symbol*, JavaCallArguments*, Thread*)+0x321
V  [libjvm.so+0x6649e6]  JavaCalls::call_virtual(JavaValue*, Handle, KlassHandle, Symbol*, Symbol*, Handle, Thread*)+0x56
V  [libjvm.so+0x9f51b0]  SystemDictionary::load_instance_class(Symbol*, Handle, Thread*)+0x3c0
V  [libjvm.so+0x9f421c]  SystemDictionary::resolve_instance_class_or_null(Symbol*, Handle, Handle, Thread*)+0x7cc
V  [libjvm.so+0x9f55d3]  SystemDictionary::resolve_or_fail(Symbol*, Handle, Handle, bool, Thread*)+0x33
V  [libjvm.so+0x4dc768]  ConstantPool::klass_at_impl(constantPoolHandle, int, Thread*)+0x158
V  [libjvm.so+0x658371]  InterpreterRuntime::_new(JavaThread*, ConstantPool*, int)+0x71
j  org.bitcoinj.core.Peer.connectionClosed()V+38
j  org.bitcoinj.net.ConnectionHandler.connectionClosed()V+83
j  org.bitcoinj.net.ConnectionHandler.closeConnection()V+21
j  org.bitcoinj.core.PeerSocketHandler.setWriteTarget(Lorg/bitcoinj/net/MessageWriteTarget;)V+77
j  org.bitcoinj.net.ConnectionHandler.<init>(Lorg/bitcoinj/net/StreamParser;Ljava/nio/channels/SelectionKey;)V+97
j  org.bitcoinj.net.ConnectionHandler.<init>(Lorg/bitcoinj/net/StreamParser;Ljava/nio/channels/SelectionKey;Ljava/util/Set;)V+9
J 2589 C1 org.bitcoinj.net.NioClientManager.handleKey(Ljava/nio/channels/SelectionKey;)V (225 bytes) @ 0x00007fabc07b8cb4 [0x00007fabc07b85a0+0x714]
j  org.bitcoinj.net.NioClientManager.run()V+116
j  com.google.common.util.concurrent.AbstractExecutionThreadService$1$2.run()V+34
j  com.google.common.util.concurrent.Callables$3.run()V+30
j  java.lang.Thread.run()V+11
v  ~StubRoutines::call_stub
V  [libjvm.so+0x664086]  JavaCalls::call_helper(JavaValue*, methodHandle*, JavaCallArguments*, Thread*)+0x1056
V  [libjvm.so+0x664591]  JavaCalls::call_virtual(JavaValue*, KlassHandle, Symbol*, Symbol*, JavaCallArguments*, Thread*)+0x321
V  [libjvm.so+0x664a37]  JavaCalls::call_virtual(JavaValue*, Handle, KlassHandle, Symbol*, Symbol*, Thread*)+0x47
V  [libjvm.so+0x6dee3e]  thread_entry(JavaThread*, Thread*)+0x7e
V  [libjvm.so+0xa29e8f]  JavaThread::thread_main_inner()+0xdf
V  [libjvm.so+0xa29fbc]  JavaThread::run()+0x11c
V  [libjvm.so+0x8e7d48]  java_start(Thread*)+0x108
C  [libpthread.so.0+0x7e9a]  start_thread+0xda

Java frames: (J=compiled Java code, j=interpreted, Vv=VM code)
J 205  java.util.zip.ZipFile.getEntry(J[BZ)J (0 bytes) @ 0x00007fabc06fe698 [0x00007fabc06fe640+0x58]
J 281 C1 java.util.zip.ZipFile.getEntry(Ljava/lang/String;)Ljava/util/zip/ZipEntry; (86 bytes) @ 0x00007fabc072654c [0x00007fabc07262e0+0x26c]
J 615 C1 java.util.jar.JarFile.getEntry(Ljava/lang/String;)Ljava/util/zip/ZipEntry; (22 bytes) @ 0x00007fabc07f7ce4 [0x00007fabc07f7c60+0x84]
J 2492 C2 sun.misc.URLClassPath.getResource(Ljava/lang/String;Z)Lsun/misc/Resource; (74 bytes) @ 0x00007fabc079d1ec [0x00007fabc079cfc0+0x22c]
J 268 C1 java.net.URLClassLoader$1.run()Ljava/lang/Class; (73 bytes) @ 0x00007fabc071e51c [0x00007fabc071e320+0x1fc]
J 267 C1 java.net.URLClassLoader$1.run()Ljava/lang/Object; (5 bytes) @ 0x00007fabc071bd3c [0x00007fabc071bcc0+0x7c]
v  ~StubRoutines::call_stub
J 266  java.security.AccessController.doPrivileged(Ljava/security/PrivilegedExceptionAction;Ljava/security/AccessControlContext;)Ljava/lang/Object; (0 bytes) @ 0x00007fabc0719ba3 [0x00007fabc0719b40+0x63]
J 264 C1 java.net.URLClassLoader.findClass(Ljava/lang/String;)Ljava/lang/Class; (29 bytes) @ 0x00007fabc071b1e4 [0x00007fabc071b060+0x184]
J 164 C1 java.lang.ClassLoader.loadClass(Ljava/lang/String;Z)Ljava/lang/Class; (122 bytes) @ 0x00007fabc06e325c [0x00007fabc06e2900+0x95c]
J 284 C1 sun.misc.Launcher$AppClassLoader.loadClass(Ljava/lang/String;Z)Ljava/lang/Class; (40 bytes) @ 0x00007fabc07283ec [0x00007fabc0727fc0+0x42c]
J 283 C1 java.lang.ClassLoader.loadClass(Ljava/lang/String;)Ljava/lang/Class; (7 bytes) @ 0x00007fabc0727c84 [0x00007fabc0727b80+0x104]
v  ~StubRoutines::call_stub
j  org.bitcoinj.core.Peer.connectionClosed()V+38
j  org.bitcoinj.net.ConnectionHandler.connectionClosed()V+83
j  org.bitcoinj.net.ConnectionHandler.closeConnection()V+21
j  org.bitcoinj.core.PeerSocketHandler.setWriteTarget(Lorg/bitcoinj/net/MessageWriteTarget;)V+77
j  org.bitcoinj.net.ConnectionHandler.<init>(Lorg/bitcoinj/net/StreamParser;Ljava/nio/channels/SelectionKey;)V+97
j  org.bitcoinj.net.ConnectionHandler.<init>(Lorg/bitcoinj/net/StreamParser;Ljava/nio/channels/SelectionKey;Ljava/util/Set;)V+9
J 2589 C1 org.bitcoinj.net.NioClientManager.handleKey(Ljava/nio/channels/SelectionKey;)V (225 bytes) @ 0x00007fabc07b8cb4 [0x00007fabc07b85a0+0x714]
j  org.bitcoinj.net.NioClientManager.run()V+116
j  com.google.common.util.concurrent.AbstractExecutionThreadService$1$2.run()V+34
j  com.google.common.util.concurrent.Callables$3.run()V+30
j  java.lang.Thread.run()V+11
v  ~StubRoutines::call_stub

---------------  P R O C E S S  ---------------

Java Threads: ( => current thread )
  0x00007fab7c0b8800 JavaThread "AbstractTimeoutHandler timeouts" daemon [_thread_blocked, id=22453, stack(0x00007fab7710a000,0x00007fab7720b000)]
  0x00007fab841c3800 JavaThread "qtp1425436552-37" [_thread_blocked, id=22451, stack(0x00007fab9674f000,0x00007fab96850000)]
  0x00007faba40ad800 JavaThread "qtp1425436552-36" [_thread_blocked, id=22450, stack(0x00007fab7730c000,0x00007fab7740d000)]
  0x00007fab841ad800 JavaThread "qtp1425436552-35" [_thread_blocked, id=22449, stack(0x00007fab7720b000,0x00007fab7730c000)]
  0x00007fab8c00d000 JavaThread "qtp1425436552-34" [_thread_blocked, id=22448, stack(0x00007fab77009000,0x00007fab7710a000)]
=>0x00007fab7c0a9800 JavaThread "NioClientManager" [_thread_in_native, id=22399, stack(0x00007fab97ad7000,0x00007fab97bd8000)]
  0x00007fab84189000 JavaThread "PeerGroup Thread" daemon [_thread_blocked, id=22393, stack(0x00007fab7740d000,0x00007fab7750e000)]
  0x00007fabd0009800 JavaThread "DestroyJavaVM" [_thread_blocked, id=22351, stack(0x00007fabd656b000,0x00007fabd666c000)]
  0x00007fabd03c7800 JavaThread "AWT-XAWT" daemon [_thread_in_native, id=22378, stack(0x00007fab941a7000,0x00007fab942a8000)]
  0x00007fabd03aa800 JavaThread "Java2D Disposer" daemon [_thread_blocked, id=22377, stack(0x00007fab946bf000,0x00007fab947c0000)]
  0x00007fab7c08e800 JavaThread "Scheduler-2056430140" [_thread_blocked, id=22376, stack(0x00007fab96337000,0x00007fab96438000)]
  0x00007fab7c065800 JavaThread "HashSessionScavenger-0" daemon [_thread_blocked, id=22375, stack(0x00007fab9664e000,0x00007fab9674f000)]
  0x00007fab7c05e800 JavaThread "qtp1425436552-20" [_thread_blocked, id=22372, stack(0x00007fab96951000,0x00007fab96a52000)]
  0x00007fab7c05c800 JavaThread "qtp1425436552-19" [_thread_blocked, id=22371, stack(0x00007fab96a52000,0x00007fab96b53000)]
  0x00007fab7c05b000 JavaThread "qtp1425436552-18" [_thread_blocked, id=22370, stack(0x00007fab96b53000,0x00007fab96c54000)]
  0x00007fab7c059000 JavaThread "qtp1425436552-17-acceptor-0-ServerConnector@66851419{HTTP/1.1}{0.0.0.0:4567}" [_thread_in_native, id=22369, stack(0x00007fab96c54000,0x00007fab96d55000)]
  0x00007fab7c057000 JavaThread "qtp1425436552-16-selector-1" [_thread_in_native, id=22368, stack(0x00007fab96d55000,0x00007fab96e56000)]
  0x00007fab7c053800 JavaThread "qtp1425436552-15-selector-0" [_thread_in_native, id=22367, stack(0x00007fab96e56000,0x00007fab96f57000)]
  0x00007fab7c04a000 JavaThread "DateCache" daemon [_thread_blocked, id=22366, stack(0x00007fab96f57000,0x00007fab97058000)]
  0x00007fabd035b800 JavaThread "Thread-1" [_thread_blocked, id=22365, stack(0x00007fab978d5000,0x00007fab979d6000)]
  0x00007fab8405a000 JavaThread "bitcoinj user thread" daemon [_thread_blocked, id=22364, stack(0x00007fab979d6000,0x00007fab97ad7000)]
  0x00007fabd0136800 JavaThread "Service Thread" daemon [_thread_blocked, id=22360, stack(0x00007fabbc76c000,0x00007fabbc86d000)]
  0x00007fabd0131800 JavaThread "C1 CompilerThread1" daemon [_thread_blocked, id=22359, stack(0x00007fabbc86d000,0x00007fabbc96e000)]
  0x00007fabd012e800 JavaThread "C2 CompilerThread0" daemon [_thread_blocked, id=22358, stack(0x00007fabbc96e000,0x00007fabbca6f000)]
  0x00007fabd012c800 JavaThread "Signal Dispatcher" daemon [_thread_blocked, id=22357, stack(0x00007fabbca6f000,0x00007fabbcb70000)]
  0x00007fabd00ff000 JavaThread "Finalizer" daemon [_thread_blocked, id=22356, stack(0x00007fabbcf6f000,0x00007fabbd070000)]
  0x00007fabd00fd000 JavaThread "Reference Handler" daemon [_thread_blocked, id=22355, stack(0x00007fabbd070000,0x00007fabbd171000)]

Other Threads:
  0x00007fabd00f6000 VMThread [stack: 0x00007fabbd171000,0x00007fabbd272000] [id=22354]
  0x00007fabd013b000 WatcherThread [stack: 0x00007fabbc66b000,0x00007fabbc76c000] [id=22361]

VM state:not at safepoint (normal execution)

VM Mutex/Monitor currently owned by a thread: None

Heap:
 PSYoungGen      total 105472K, used 9901K [0x00000000f0380000, 0x00000000fd080000, 0x0000000100000000)
  eden space 98304K, 10% used [0x00000000f0380000,0x00000000f0d2b4b0,0x00000000f6380000)
  from space 7168K, 0% used [0x00000000f6380000,0x00000000f6380000,0x00000000f6a80000)
  to   space 6656K, 0% used [0x00000000fca00000,0x00000000fca00000,0x00000000fd080000)
 ParOldGen       total 34816K, used 13470K [0x00000000d0a00000, 0x00000000d2c00000, 0x00000000f0380000)
  object space 34816K, 38% used [0x00000000d0a00000,0x00000000d17279b0,0x00000000d2c00000)
 Metaspace       used 21385K, capacity 21610K, committed 21760K, reserved 1069056K
  class space    used 2463K, capacity 2535K, committed 2560K, reserved 1048576K

Card table byte_map: [0x00007fabd4004000,0x00007fabd4180000] byte_map_base: 0x00007fabd397f000

Marking Bits: (ParMarkBitMap*) 0x00007fabd5a222c0
 Begin Bits: [0x00007fabbe721000, 0x00007fabbf2f9000)
 End Bits:   [0x00007fabbf2f9000, 0x00007fabbfed1000)

Polling page: 0x00007fabd656a000

CodeCache: size=245760Kb used=7333Kb max_used=7418Kb free=238426Kb
 bounds [0x00007fabc0590000, 0x00007fabc0d00000, 0x00007fabcf590000]
 total_blobs=2852 nmethods=2324 adapters=443
 compilation: enabled

Compilation events (10 events):
Event: 127.679 Thread 0x00007fabd0131800 2709       3       java.util.TaskQueue::rescheduleMin (16 bytes)
Event: 127.679 Thread 0x00007fabd0131800 nmethod 2709 0x00007fabc0912d10 code [0x00007fabc0912e80, 0x00007fabc0913048]
Event: 129.860 Thread 0x00007fabd0131800 2710   !   3       sun.awt.X11.XToolkit::callTimeoutTasks (220 bytes)
Event: 129.862 Thread 0x00007fabd0131800 nmethod 2710 0x00007fabc081a690 code [0x00007fabc081aa20, 0x00007fabc081c858]
Event: 130.361 Thread 0x00007fabd0131800 2711   !   3       sun.awt.X11.XToolkit::getNextTaskTime (55 bytes)
Event: 130.362 Thread 0x00007fabd0131800 nmethod 2711 0x00007fabc0c10bd0 code [0x00007fabc0c10e00, 0x00007fabc0c11b58]
Event: 130.679 Thread 0x00007fabd0131800 2713       3       java.util.Calendar::isNarrowStyle (17 bytes)
Event: 130.680 Thread 0x00007fabd0131800 nmethod 2713 0x00007fabc0b0fed0 code [0x00007fabc0b10040, 0x00007fabc0b10230]
Event: 131.695 Thread 0x00007fabd0131800 2714       1       java.nio.channels.SocketChannel::validOps (3 bytes)
Event: 131.695 Thread 0x00007fabd0131800 nmethod 2714 0x00007fabc0b0fb50 code [0x00007fabc0b0fca0, 0x00007fabc0b0fdb0]

GC Heap History (10 events):
Event: 4.931 GC heap before
{Heap before GC invocations=4 (full 0):
 PSYoungGen      total 26624K, used 26592K [0x00000000f0380000, 0x00000000f3780000, 0x0000000100000000)
  eden space 24576K, 100% used [0x00000000f0380000,0x00000000f1b80000,0x00000000f1b80000)
  from space 2048K, 98% used [0x00000000f1b80000,0x00000000f1d78070,0x00000000f1d80000)
  to   space 2048K, 0% used [0x00000000f3580000,0x00000000f3580000,0x00000000f3780000)
 ParOldGen       total 32768K, used 8836K [0x00000000d0a00000, 0x00000000d2a00000, 0x00000000f0380000)
  object space 32768K, 26% used [0x00000000d0a00000,0x00000000d12a1138,0x00000000d2a00000)
 Metaspace       used 16874K, capacity 17056K, committed 17408K, reserved 1064960K
  class space    used 1961K, capacity 2022K, committed 2048K, reserved 1048576K
Event: 4.968 GC heap after
Heap after GC invocations=4 (full 0):
 PSYoungGen      total 51200K, used 2028K [0x00000000f0380000, 0x00000000f3780000, 0x0000000100000000)
  eden space 49152K, 0% used [0x00000000f0380000,0x00000000f0380000,0x00000000f3380000)
  from space 2048K, 99% used [0x00000000f3580000,0x00000000f377b000,0x00000000f3780000)
  to   space 2048K, 0% used [0x00000000f3380000,0x00000000f3380000,0x00000000f3580000)
 ParOldGen       total 32768K, used 10769K [0x00000000d0a00000, 0x00000000d2a00000, 0x00000000f0380000)
  object space 32768K, 32% used [0x00000000d0a00000,0x00000000d1484450,0x00000000d2a00000)
 Metaspace       used 16874K, capacity 17056K, committed 17408K, reserved 1064960K
  class space    used 1961K, capacity 2022K, committed 2048K, reserved 1048576K
}
Event: 10.335 GC heap before
{Heap before GC invocations=5 (full 0):
 PSYoungGen      total 51200K, used 51180K [0x00000000f0380000, 0x00000000f3780000, 0x0000000100000000)
  eden space 49152K, 100% used [0x00000000f0380000,0x00000000f3380000,0x00000000f3380000)
  from space 2048K, 99% used [0x00000000f3580000,0x00000000f377b000,0x00000000f3780000)
  to   space 2048K, 0% used [0x00000000f3380000,0x00000000f3380000,0x00000000f3580000)
 ParOldGen       total 32768K, used 10769K [0x00000000d0a00000, 0x00000000d2a00000, 0x00000000f0380000)
  object space 32768K, 32% used [0x00000000d0a00000,0x00000000d1484450,0x00000000d2a00000)
 Metaspace       used 19127K, capacity 19270K, committed 19456K, reserved 1067008K
  class space    used 2201K, capacity 2247K, committed 2304K, reserved 1048576K
Event: 10.362 GC heap after
Heap after GC invocations=5 (full 0):
 PSYoungGen      total 51200K, used 2037K [0x00000000f0380000, 0x00000000f7180000, 0x0000000100000000)
  eden space 49152K, 0% used [0x00000000f0380000,0x00000000f0380000,0x00000000f3380000)
  from space 2048K, 99% used [0x00000000f3380000,0x00000000f357d6b8,0x00000000f3580000)
  to   space 7168K, 0% used [0x00000000f6a80000,0x00000000f6a80000,0x00000000f7180000)
 ParOldGen       total 32768K, used 13005K [0x00000000d0a00000, 0x00000000d2a00000, 0x00000000f0380000)
  object space 32768K, 39% used [0x00000000d0a00000,0x00000000d16b3600,0x00000000d2a00000)
 Metaspace       used 19127K, capacity 19270K, committed 19456K, reserved 1067008K
  class space    used 2201K, capacity 2247K, committed 2304K, reserved 1048576K
}
Event: 14.347 GC heap before
{Heap before GC invocations=6 (full 0):
 PSYoungGen      total 51200K, used 51189K [0x00000000f0380000, 0x00000000f7180000, 0x0000000100000000)
  eden space 49152K, 100% used [0x00000000f0380000,0x00000000f3380000,0x00000000f3380000)
  from space 2048K, 99% used [0x00000000f3380000,0x00000000f357d6b8,0x00000000f3580000)
  to   space 7168K, 0% used [0x00000000f6a80000,0x00000000f6a80000,0x00000000f7180000)
 ParOldGen       total 32768K, used 13005K [0x00000000d0a00000, 0x00000000d2a00000, 0x00000000f0380000)
  object space 32768K, 39% used [0x00000000d0a00000,0x00000000d16b3600,0x00000000d2a00000)
 Metaspace       used 19262K, capacity 19430K, committed 19712K, reserved 1067008K
  class space    used 2202K, capacity 2279K, committed 2304K, reserved 1048576K
Event: 14.368 GC heap after
Heap after GC invocations=6 (full 0):
 PSYoungGen      total 105472K, used 2892K [0x00000000f0380000, 0x00000000f7180000, 0x0000000100000000)
  eden space 98304K, 0% used [0x00000000f0380000,0x00000000f0380000,0x00000000f6380000)
  from space 7168K, 40% used [0x00000000f6a80000,0x00000000f6d53018,0x00000000f7180000)
  to   space 7168K, 0% used [0x00000000f6380000,0x00000000f6380000,0x00000000f6a80000)
 ParOldGen       total 32768K, used 13005K [0x00000000d0a00000, 0x00000000d2a00000, 0x00000000f0380000)
  object space 32768K, 39% used [0x00000000d0a00000,0x00000000d16b3600,0x00000000d2a00000)
 Metaspace       used 19262K, capacity 19430K, committed 19712K, reserved 1067008K
  class space    used 2202K, capacity 2279K, committed 2304K, reserved 1048576K
}
Event: 15.336 GC heap before
{Heap before GC invocations=7 (full 0):
 PSYoungGen      total 105472K, used 22361K [0x00000000f0380000, 0x00000000f7180000, 0x0000000100000000)
  eden space 98304K, 19% used [0x00000000f0380000,0x00000000f1683478,0x00000000f6380000)
  from space 7168K, 40% used [0x00000000f6a80000,0x00000000f6d53018,0x00000000f7180000)
  to   space 7168K, 0% used [0x00000000f6380000,0x00000000f6380000,0x00000000f6a80000)
 ParOldGen       total 32768K, used 13005K [0x00000000d0a00000, 0x00000000d2a00000, 0x00000000f0380000)
  object space 32768K, 39% used [0x00000000d0a00000,0x00000000d16b3600,0x00000000d2a00000)
 Metaspace       used 20862K, capacity 21030K, committed 21248K, reserved 1069056K
  class space    used 2399K, capacity 2471K, committed 2560K, reserved 1048576K
Event: 15.349 GC heap after
Heap after GC invocations=7 (full 0):
 PSYoungGen      total 105472K, used 4158K [0x00000000f0380000, 0x00000000fd080000, 0x0000000100000000)
  eden space 98304K, 0% used [0x00000000f0380000,0x00000000f0380000,0x00000000f6380000)
  from space 7168K, 58% used [0x00000000f6380000,0x00000000f678f9a0,0x00000000f6a80000)
  to   space 6656K, 0% used [0x00000000fca00000,0x00000000fca00000,0x00000000fd080000)
 ParOldGen       total 32768K, used 13389K [0x00000000d0a00000, 0x00000000d2a00000, 0x00000000f0380000)
  object space 32768K, 40% used [0x00000000d0a00000,0x00000000d1713620,0x00000000d2a00000)
 Metaspace       used 20862K, capacity 21030K, committed 21248K, reserved 1069056K
  class space    used 2399K, capacity 2471K, committed 2560K, reserved 1048576K
}
Event: 15.350 GC heap before
{Heap before GC invocations=8 (full 1):
 PSYoungGen      total 105472K, used 4158K [0x00000000f0380000, 0x00000000fd080000, 0x0000000100000000)
  eden space 98304K, 0% used [0x00000000f0380000,0x00000000f0380000,0x00000000f6380000)
  from space 7168K, 58% used [0x00000000f6380000,0x00000000f678f9a0,0x00000000f6a80000)
  to   space 6656K, 0% used [0x00000000fca00000,0x00000000fca00000,0x00000000fd080000)
 ParOldGen       total 32768K, used 13389K [0x00000000d0a00000, 0x00000000d2a00000, 0x00000000f0380000)
  object space 32768K, 40% used [0x00000000d0a00000,0x00000000d1713620,0x00000000d2a00000)
 Metaspace       used 20862K, capacity 21030K, committed 21248K, reserved 1069056K
  class space    used 2399K, capacity 2471K, committed 2560K, reserved 1048576K
Event: 15.434 GC heap after
Heap after GC invocations=8 (full 1):
 PSYoungGen      total 105472K, used 0K [0x00000000f0380000, 0x00000000fd080000, 0x0000000100000000)
  eden space 98304K, 0% used [0x00000000f0380000,0x00000000f0380000,0x00000000f6380000)
  from space 7168K, 0% used [0x00000000f6380000,0x00000000f6380000,0x00000000f6a80000)
  to   space 6656K, 0% used [0x00000000fca00000,0x00000000fca00000,0x00000000fd080000)
 ParOldGen       total 34816K, used 13470K [0x00000000d0a00000, 0x00000000d2c00000, 0x00000000f0380000)
  object space 34816K, 38% used [0x00000000d0a00000,0x00000000d17279b0,0x00000000d2c00000)
 Metaspace       used 20861K, capacity 21028K, committed 21248K, reserved 1069056K
  class space    used 2398K, capacity 2470K, committed 2560K, reserved 1048576K
}

Deoptimization events (10 events):
Event: 7.193 Thread 0x00007fab7c05e800 Uncommon trap: reason=bimorphic action=maybe_recompile pc=0x00007fabc0b81638 method=java.util.regex.Pattern$GroupTail.match(Ljava/util/regex/Matcher;ILjava/lang/CharSequence;)Z @ 70
Event: 7.382 Thread 0x00007fab7c05e800 Uncommon trap: reason=unreached action=reinterpret pc=0x00007fabc0b9b158 method=java.util.Formatter$FormatSpecifier.width(Ljava/lang/String;)I @ 6
Event: 7.472 Thread 0x00007fab7c05e800 Uncommon trap: reason=class_check action=maybe_recompile pc=0x00007fabc0763630 method=java.lang.String.equals(Ljava/lang/Object;)Z @ 8
Event: 7.473 Thread 0x00007fab7c05e800 Uncommon trap: reason=class_check action=maybe_recompile pc=0x00007fabc0763630 method=java.lang.String.equals(Ljava/lang/Object;)Z @ 8
Event: 7.479 Thread 0x00007fab7c05e800 Uncommon trap: reason=class_check action=maybe_recompile pc=0x00007fabc0763630 method=java.lang.String.equals(Ljava/lang/Object;)Z @ 8
Event: 7.686 Thread 0x00007fab7c05e800 Uncommon trap: reason=unreached action=reinterpret pc=0x00007fabc0b612d4 method=java.util.zip.ZipCoder.decoder()Ljava/nio/charset/CharsetDecoder; @ 4
Event: 15.530 Thread 0x00007fab8c00d000 Uncommon trap: reason=unreached action=reinterpret pc=0x00007fabc0854024 method=java.util.HashMap.getNode(ILjava/lang/Object;)Ljava/util/HashMap$Node; @ 84
Event: 15.531 Thread 0x00007fab8c00d000 Uncommon trap: reason=unreached action=reinterpret pc=0x00007fabc0793308 method=java.util.HashMap.resize()[Ljava/util/HashMap$Node; @ 206
Event: 15.555 Thread 0x00007fab8c00d000 Uncommon trap: reason=range_check action=make_not_entrant pc=0x00007fabc06c2c00 method=sun.reflect.generics.parser.SignatureParser.current()C @ 34
Event: 125.696 Thread 0x00007fab84189000 Uncommon trap: reason=range_check action=make_not_entrant pc=0x00007fabc08ed7b4 method=java.text.SimpleDateFormat.format(Ljava/util/Date;Ljava/lang/StringBuffer;Ljava/text/Format$FieldDelegate;)Ljava/lang/StringBuffer; @ 48

Internal exceptions (10 events):
Event: 15.556 Thread 0x00007fab8c00d000 Exception <a 'java/lang/ArrayIndexOutOfBoundsException': 69> (0x00000000f0588d88) thrown at [/HUDSON/workspace/8-2-build-linux-amd64/jdk8u25/1514/hotspot/src/share/vm/interpreter/interpreterRuntime.cpp, line 366]
Event: 15.556 Thread 0x00007fab8c00d000 Exception <a 'java/lang/ArrayIndexOutOfBoundsException': 118> (0x00000000f058a608) thrown at [/HUDSON/workspace/8-2-build-linux-amd64/jdk8u25/1514/hotspot/src/share/vm/interpreter/interpreterRuntime.cpp, line 366]
Event: 15.556 Thread 0x00007fab8c00d000 Exception <a 'java/lang/ArrayIndexOutOfBoundsException': 92> (0x00000000f058bc58) thrown at [/HUDSON/workspace/8-2-build-linux-amd64/jdk8u25/1514/hotspot/src/share/vm/interpreter/interpreterRuntime.cpp, line 366]
Event: 15.560 Thread 0x00007fab8c00d000 Exception <a 'java/security/PrivilegedActionException'> (0x00000000f05996e0) thrown at [/HUDSON/workspace/8-2-build-linux-amd64/jdk8u25/1514/hotspot/src/share/vm/prims/jvm.cpp, line 1312]
Event: 15.564 Thread 0x00007fab8c00d000 Exception <a 'java/security/PrivilegedActionException'> (0x00000000f059d528) thrown at [/HUDSON/workspace/8-2-build-linux-amd64/jdk8u25/1514/hotspot/src/share/vm/prims/jvm.cpp, line 1312]
Event: 15.565 Thread 0x00007fab8c00d000 Exception <a 'java/security/PrivilegedActionException'> (0x00000000f078cac8) thrown at [/HUDSON/workspace/8-2-build-linux-amd64/jdk8u25/1514/hotspot/src/share/vm/prims/jvm.cpp, line 1312]
Event: 15.566 Thread 0x00007fab8c00d000 Exception <a 'java/security/PrivilegedActionException'> (0x00000000f078efe0) thrown at [/HUDSON/workspace/8-2-build-linux-amd64/jdk8u25/1514/hotspot/src/share/vm/prims/jvm.cpp, line 1312]
Event: 15.566 Thread 0x00007fab8c00d000 Exception <a 'java/security/PrivilegedActionException'> (0x00000000f07917d8) thrown at [/HUDSON/workspace/8-2-build-linux-amd64/jdk8u25/1514/hotspot/src/share/vm/prims/jvm.cpp, line 1312]
Event: 27.695 Thread 0x00007fab84189000 Exception <a 'java/security/PrivilegedActionException'> (0x00000000f08816d8) thrown at [/HUDSON/workspace/8-2-build-linux-amd64/jdk8u25/1514/hotspot/src/share/vm/prims/jvm.cpp, line 1312]
Event: 133.019 Thread 0x00007fab7c0a9800 Exception <a 'java/security/PrivilegedActionException'> (0x00000000f0d22328) thrown at [/HUDSON/workspace/8-2-build-linux-amd64/jdk8u25/1514/hotspot/src/share/vm/prims/jvm.cpp, line 1312]

Events (10 events):
Event: 109.944 Thread 0x00007fabd0131800 flushing nmethod 0x00007fabc0b14bd0
Event: 109.945 Thread 0x00007fabd0131800 flushing nmethod 0x00007fabc0b60b10
Event: 113.901 Thread 0x00007fabd0131800 flushing nmethod 0x00007fabc0be3790
Event: 113.901 Thread 0x00007fabd0131800 flushing nmethod 0x00007fabc0bec790
Event: 114.299 Thread 0x00007fabd0131800 flushing nmethod 0x00007fabc0c10d90
Event: 125.696 Thread 0x00007fab84189000 Uncommon trap: trap_request=0xffffffe4 fr.pc=0x00007fabc08ed7b4
Event: 125.696 Thread 0x00007fab84189000 DEOPT PACKING pc=0x00007fabc08ed7b4 sp=0x00007fab7750bce0
Event: 125.696 Thread 0x00007fab84189000 DEOPT UNPACKING pc=0x00007fabc0594f69 sp=0x00007fab7750baa0 mode 2
Event: 133.019 loading class org/bitcoinj/core/Peer$1
Event: 133.019 loading class org/bitcoinj/core/Peer$1 done


Dynamic libraries:
00400000-00401000 r-xp 00000000 08:02 11797142                           /usr/lib/jvm/java-8-oracle/jre/bin/java
00600000-00601000 rw-p 00000000 08:02 11797142                           /usr/lib/jvm/java-8-oracle/jre/bin/java
00713000-00734000 rw-p 00000000 00:00 0                                  [heap]
d0a00000-d2c00000 rw-p 00000000 00:00 0 
d2c00000-f0380000 ---p 00000000 00:00 0 
f0380000-fd080000 rw-p 00000000 00:00 0 
fd080000-100000000 ---p 00000000 00:00 0 
100000000-100280000 rw-p 00000000 00:00 0 
100280000-140000000 ---p 00000000 00:00 0 
7fab76980000-7fab76a40000 rw-p 00000000 00:00 0 
7fab76a40000-7fab76b80000 ---p 00000000 00:00 0 
7fab76b80000-7fab76d80000 rw-p 00000000 00:00 0 
7fab76d80000-7fab76e04000 r-xp 00000000 08:02 14687565                   /tmp/sqlite-3.7.2-libsqlitejdbc.so
7fab76e04000-7fab77004000 ---p 00084000 08:02 14687565                   /tmp/sqlite-3.7.2-libsqlitejdbc.so
7fab77004000-7fab77005000 r--p 00084000 08:02 14687565                   /tmp/sqlite-3.7.2-libsqlitejdbc.so
7fab77005000-7fab77008000 rw-p 00085000 08:02 14687565                   /tmp/sqlite-3.7.2-libsqlitejdbc.so
7fab77009000-7fab7700c000 ---p 00000000 00:00 0 
7fab7700c000-7fab7710a000 rw-p 00000000 00:00 0                          [stack:22448]
7fab7710a000-7fab7710d000 ---p 00000000 00:00 0 
7fab7710d000-7fab7720b000 rw-p 00000000 00:00 0                          [stack:22453]
7fab7720b000-7fab7720e000 ---p 00000000 00:00 0 
7fab7720e000-7fab7730c000 rw-p 00000000 00:00 0                          [stack:22449]
7fab7730c000-7fab7730f000 ---p 00000000 00:00 0 
7fab7730f000-7fab7740d000 rw-p 00000000 00:00 0                          [stack:22450]
7fab7740d000-7fab77410000 ---p 00000000 00:00 0 
7fab77410000-7fab7750e000 rw-p 00000000 00:00 0                          [stack:22393]
7fab7750e000-7fab7750f000 ---p 00000000 00:00 0 
7fab7750f000-7fab77d0f000 rw-p 00000000 00:00 0 
7fab77d0f000-7fab77d10000 ---p 00000000 00:00 0 
7fab77d10000-7fab78510000 rw-p 00000000 00:00 0 
7fab78510000-7fab78516000 r-xp 00000000 08:02 10886392                   /usr/lib/x86_64-linux-gnu/libogg.so.0.7.1
7fab78516000-7fab78715000 ---p 00006000 08:02 10886392                   /usr/lib/x86_64-linux-gnu/libogg.so.0.7.1
7fab78715000-7fab78716000 r--p 00005000 08:02 10886392                   /usr/lib/x86_64-linux-gnu/libogg.so.0.7.1
7fab78716000-7fab78717000 rw-p 00006000 08:02 10886392                   /usr/lib/x86_64-linux-gnu/libogg.so.0.7.1
7fab78718000-7fab78743000 r-xp 00000000 08:02 10886544                   /usr/lib/x86_64-linux-gnu/libvorbis.so.0.4.5
7fab78743000-7fab78942000 ---p 0002b000 08:02 10886544                   /usr/lib/x86_64-linux-gnu/libvorbis.so.0.4.5
7fab78942000-7fab78943000 r--p 0002a000 08:02 10886544                   /usr/lib/x86_64-linux-gnu/libvorbis.so.0.4.5
7fab78943000-7fab78944000 rw-p 0002b000 08:02 10886544                   /usr/lib/x86_64-linux-gnu/libvorbis.so.0.4.5
7fab78948000-7fab78950000 r-xp 00000000 08:02 10886352                   /usr/lib/x86_64-linux-gnu/libltdl.so.7.3.0
7fab78950000-7fab78b50000 ---p 00008000 08:02 10886352                   /usr/lib/x86_64-linux-gnu/libltdl.so.7.3.0
7fab78b50000-7fab78b51000 r--p 00008000 08:02 10886352                   /usr/lib/x86_64-linux-gnu/libltdl.so.7.3.0
7fab78b51000-7fab78b52000 rw-p 00009000 08:02 10886352                   /usr/lib/x86_64-linux-gnu/libltdl.so.7.3.0
7fab78b58000-7fab78b68000 r-xp 00000000 08:02 10886517                   /usr/lib/x86_64-linux-gnu/libtdb.so.1.2.9
7fab78b68000-7fab78d67000 ---p 00010000 08:02 10886517                   /usr/lib/x86_64-linux-gnu/libtdb.so.1.2.9
7fab78d67000-7fab78d68000 r--p 0000f000 08:02 10886517                   /usr/lib/x86_64-linux-gnu/libtdb.so.1.2.9
7fab78d68000-7fab78d69000 rw-p 00010000 08:02 10886517                   /usr/lib/x86_64-linux-gnu/libtdb.so.1.2.9
7fab78d70000-7fab78d77000 r-xp 00000000 08:02 10886548                   /usr/lib/x86_64-linux-gnu/libvorbisfile.so.3.3.4
7fab78d77000-7fab78f76000 ---p 00007000 08:02 10886548                   /usr/lib/x86_64-linux-gnu/libvorbisfile.so.3.3.4
7fab78f76000-7fab78f77000 r--p 00006000 08:02 10886548                   /usr/lib/x86_64-linux-gnu/libvorbisfile.so.3.3.4
7fab78f77000-7fab78f78000 rw-p 00007000 08:02 10886548                   /usr/lib/x86_64-linux-gnu/libvorbisfile.so.3.3.4
7fab78f78000-7fab78f87000 r-xp 00000000 08:02 10886057                   /usr/lib/x86_64-linux-gnu/libcanberra.so.0.2.5
7fab78f87000-7fab79186000 ---p 0000f000 08:02 10886057                   /usr/lib/x86_64-linux-gnu/libcanberra.so.0.2.5
7fab79186000-7fab79187000 r--p 0000e000 08:02 10886057                   /usr/lib/x86_64-linux-gnu/libcanberra.so.0.2.5
7fab79187000-7fab79188000 rw-p 0000f000 08:02 10886057                   /usr/lib/x86_64-linux-gnu/libcanberra.so.0.2.5
7fab79188000-7fab7918c000 r-xp 00000000 08:02 10886053                   /usr/lib/x86_64-linux-gnu/libcanberra-gtk.so.0.1.8
7fab7918c000-7fab7938b000 ---p 00004000 08:02 10886053                   /usr/lib/x86_64-linux-gnu/libcanberra-gtk.so.0.1.8
7fab7938b000-7fab7938c000 r--p 00003000 08:02 10886053                   /usr/lib/x86_64-linux-gnu/libcanberra-gtk.so.0.1.8
7fab7938c000-7fab7938d000 rw-p 00004000 08:02 10886053                   /usr/lib/x86_64-linux-gnu/libcanberra-gtk.so.0.1.8
7fab79390000-7fab793bf000 r-xp 00000000 08:02 11013966                   /usr/lib/x86_64-linux-gnu/gtk-2.0/2.10.0/engines/libmurrine.so
7fab793bf000-7fab795bf000 ---p 0002f000 08:02 11013966                   /usr/lib/x86_64-linux-gnu/gtk-2.0/2.10.0/engines/libmurrine.so
7fab795bf000-7fab795c0000 r--p 0002f000 08:02 11013966                   /usr/lib/x86_64-linux-gnu/gtk-2.0/2.10.0/engines/libmurrine.so
7fab795c0000-7fab795c1000 rw-p 00030000 08:02 11013966                   /usr/lib/x86_64-linux-gnu/gtk-2.0/2.10.0/engines/libmurrine.so
7fab795c6000-7fab795c7000 ---p 00000000 00:00 0 
7fab795c7000-7fab79dc7000 rw-p 00000000 00:00 0                          [stack:22380]
7fab79dc7000-7fab79dc8000 ---p 00000000 00:00 0 
7fab79dc8000-7fab7a5c8000 rw-p 00000000 00:00 0                          [stack:22379]
7fab7a5c8000-7fab7a6aa000 r-xp 00000000 08:02 10886507                   /usr/lib/x86_64-linux-gnu/libstdc++.so.6.0.16
7fab7a6aa000-7fab7a8a9000 ---p 000e2000 08:02 10886507                   /usr/lib/x86_64-linux-gnu/libstdc++.so.6.0.16
7fab7a8a9000-7fab7a8b1000 r--p 000e1000 08:02 10886507                   /usr/lib/x86_64-linux-gnu/libstdc++.so.6.0.16
7fab7a8b1000-7fab7a8b3000 rw-p 000e9000 08:02 10886507                   /usr/lib/x86_64-linux-gnu/libstdc++.so.6.0.16
7fab7a8b3000-7fab7a8c8000 rw-p 00000000 00:00 0 
7fab7a8d8000-7fab7a8dd000 r-xp 00000000 08:02 11013985                   /usr/lib/x86_64-linux-gnu/gtk-2.0/modules/libcanberra-gtk-module.so
7fab7a8dd000-7fab7aadc000 ---p 00005000 08:02 11013985                   /usr/lib/x86_64-linux-gnu/gtk-2.0/modules/libcanberra-gtk-module.so
7fab7aadc000-7fab7aadd000 r--p 00004000 08:02 11013985                   /usr/lib/x86_64-linux-gnu/gtk-2.0/modules/libcanberra-gtk-module.so
7fab7aadd000-7fab7aade000 rw-p 00005000 08:02 11013985                   /usr/lib/x86_64-linux-gnu/gtk-2.0/modules/libcanberra-gtk-module.so
7fab7aae0000-7fab7aaf0000 r-xp 00000000 08:02 11013837                   /usr/lib/x86_64-linux-gnu/gio/modules/libgioremote-volume-monitor.so
7fab7aaf0000-7fab7acef000 ---p 00010000 08:02 11013837                   /usr/lib/x86_64-linux-gnu/gio/modules/libgioremote-volume-monitor.so
7fab7acef000-7fab7acf0000 r--p 0000f000 08:02 11013837                   /usr/lib/x86_64-linux-gnu/gio/modules/libgioremote-volume-monitor.so
7fab7acf0000-7fab7acf1000 rw-p 00010000 08:02 11013837                   /usr/lib/x86_64-linux-gnu/gio/modules/libgioremote-volume-monitor.so
7fab7acf8000-7fab7acff000 r-xp 00000000 08:02 11013833                   /usr/lib/x86_64-linux-gnu/gio/modules/libdconfsettings.so
7fab7acff000-7fab7aefe000 ---p 00007000 08:02 11013833                   /usr/lib/x86_64-linux-gnu/gio/modules/libdconfsettings.so
7fab7aefe000-7fab7aeff000 r--p 00006000 08:02 11013833                   /usr/lib/x86_64-linux-gnu/gio/modules/libdconfsettings.so
7fab7aeff000-7fab7af00000 rw-p 00007000 08:02 11013833                   /usr/lib/x86_64-linux-gnu/gio/modules/libdconfsettings.so
7fab7af00000-7fab7af0c000 r-xp 00000000 08:02 8650872                    /lib/x86_64-linux-gnu/libudev.so.0.13.0
7fab7af0c000-7fab7b10b000 ---p 0000c000 08:02 8650872                    /lib/x86_64-linux-gnu/libudev.so.0.13.0
7fab7b10b000-7fab7b10c000 r--p 0000b000 08:02 8650872                    /lib/x86_64-linux-gnu/libudev.so.0.13.0
7fab7b10c000-7fab7b10d000 rw-p 0000c000 08:02 8650872                    /lib/x86_64-linux-gnu/libudev.so.0.13.0
7fab7b110000-7fab7b152000 r-xp 00000000 08:02 8650817                    /lib/x86_64-linux-gnu/libdbus-1.so.3.5.8
7fab7b152000-7fab7b352000 ---p 00042000 08:02 8650817                    /lib/x86_64-linux-gnu/libdbus-1.so.3.5.8
7fab7b352000-7fab7b353000 r--p 00042000 08:02 8650817                    /lib/x86_64-linux-gnu/libdbus-1.so.3.5.8
7fab7b353000-7fab7b354000 rw-p 00043000 08:02 8650817                    /lib/x86_64-linux-gnu/libdbus-1.so.3.5.8
7fab7b358000-7fab7b36e000 r-xp 00000000 08:02 11014031                   /usr/lib/x86_64-linux-gnu/gvfs/libgvfscommon.so
7fab7b36e000-7fab7b56d000 ---p 00016000 08:02 11014031                   /usr/lib/x86_64-linux-gnu/gvfs/libgvfscommon.so
7fab7b56d000-7fab7b56e000 r--p 00015000 08:02 11014031                   /usr/lib/x86_64-linux-gnu/gvfs/libgvfscommon.so
7fab7b56e000-7fab7b56f000 rw-p 00016000 08:02 11014031                   /usr/lib/x86_64-linux-gnu/gvfs/libgvfscommon.so
7fab7b570000-7fab7b598000 r-xp 00000000 08:02 11013838                   /usr/lib/x86_64-linux-gnu/gio/modules/libgvfsdbus.so
7fab7b598000-7fab7b797000 ---p 00028000 08:02 11013838                   /usr/lib/x86_64-linux-gnu/gio/modules/libgvfsdbus.so
7fab7b797000-7fab7b798000 r--p 00027000 08:02 11013838                   /usr/lib/x86_64-linux-gnu/gio/modules/libgvfsdbus.so
7fab7b798000-7fab7b799000 rw-p 00028000 08:02 11013838                   /usr/lib/x86_64-linux-gnu/gio/modules/libgvfsdbus.so
7fab7b7a0000-7fab7b9a0000 rw-p 00000000 00:00 0 
7fab7b9a0000-7fab7b9b0000 r-xp 00000000 08:02 10881862                   /usr/lib/liboverlay-scrollbar-0.2.so.0.0.16
7fab7b9b0000-7fab7bbaf000 ---p 00010000 08:02 10881862                   /usr/lib/liboverlay-scrollbar-0.2.so.0.0.16
7fab7bbaf000-7fab7bbb0000 r--p 0000f000 08:02 10881862                   /usr/lib/liboverlay-scrollbar-0.2.so.0.0.16
7fab7bbb0000-7fab7bbb1000 rw-p 00010000 08:02 10881862                   /usr/lib/liboverlay-scrollbar-0.2.so.0.0.16
7fab7bbb8000-7fab7bbb9000 r-xp 00000000 08:02 10880555                   /usr/lib/x86_64-linux-gnu/libgthread-2.0.so.0.3200.4
7fab7bbb9000-7fab7bdb8000 ---p 00001000 08:02 10880555                   /usr/lib/x86_64-linux-gnu/libgthread-2.0.so.0.3200.4
7fab7bdb8000-7fab7bdb9000 r--p 00000000 08:02 10880555                   /usr/lib/x86_64-linux-gnu/libgthread-2.0.so.0.3200.4
7fab7bdb9000-7fab7bdba000 rw-p 00001000 08:02 10880555                   /usr/lib/x86_64-linux-gnu/libgthread-2.0.so.0.3200.4
7fab7bdc0000-7fab7bdfc000 r-xp 00000000 08:02 8654414                    /lib/x86_64-linux-gnu/libpcre.so.3.12.1
7fab7bdfc000-7fab7bffb000 ---p 0003c000 08:02 8654414                    /lib/x86_64-linux-gnu/libpcre.so.3.12.1
7fab7bffb000-7fab7bffc000 r--p 0003b000 08:02 8654414                    /lib/x86_64-linux-gnu/libpcre.so.3.12.1
7fab7bffc000-7fab7bffd000 rw-p 0003c000 08:02 8654414                    /lib/x86_64-linux-gnu/libpcre.so.3.12.1
7fab7c000000-7fab7c0cb000 rw-p 00000000 00:00 0 
7fab7c0cb000-7fab80000000 ---p 00000000 00:00 0 
7fab80090000-7fab80097000 r-xp 00000000 08:02 10886136                   /usr/lib/x86_64-linux-gnu/libffi.so.6.0.0
7fab80097000-7fab80296000 ---p 00007000 08:02 10886136                   /usr/lib/x86_64-linux-gnu/libffi.so.6.0.0
7fab80296000-7fab80297000 r--p 00006000 08:02 10886136                   /usr/lib/x86_64-linux-gnu/libffi.so.6.0.0
7fab80297000-7fab80298000 rw-p 00007000 08:02 10886136                   /usr/lib/x86_64-linux-gnu/libffi.so.6.0.0
7fab80298000-7fab802bf000 r-xp 00000000 08:02 8654359                    /lib/x86_64-linux-gnu/libexpat.so.1.5.2
7fab802bf000-7fab804bf000 ---p 00027000 08:02 8654359                    /lib/x86_64-linux-gnu/libexpat.so.1.5.2
7fab804bf000-7fab804c1000 r--p 00027000 08:02 8654359                    /lib/x86_64-linux-gnu/libexpat.so.1.5.2
7fab804c1000-7fab804c2000 rw-p 00029000 08:02 8654359                    /lib/x86_64-linux-gnu/libexpat.so.1.5.2
7fab804c8000-7fab804e5000 r-xp 00000000 08:02 8654429                    /lib/x86_64-linux-gnu/libselinux.so.1
7fab804e5000-7fab806e4000 ---p 0001d000 08:02 8654429                    /lib/x86_64-linux-gnu/libselinux.so.1
7fab806e4000-7fab806e5000 r--p 0001c000 08:02 8654429                    /lib/x86_64-linux-gnu/libselinux.so.1
7fab806e5000-7fab806e6000 rw-p 0001d000 08:02 8654429                    /lib/x86_64-linux-gnu/libselinux.so.1
7fab806e6000-7fab806e7000 rw-p 00000000 00:00 0 
7fab806e8000-7fab806eb000 r-xp 00000000 08:02 10879353                   /usr/lib/x86_64-linux-gnu/libgmodule-2.0.so.0.3200.4
7fab806eb000-7fab808ea000 ---p 00003000 08:02 10879353                   /usr/lib/x86_64-linux-gnu/libgmodule-2.0.so.0.3200.4
7fab808ea000-7fab808eb000 r--p 00002000 08:02 10879353                   /usr/lib/x86_64-linux-gnu/libgmodule-2.0.so.0.3200.4
7fab808eb000-7fab808ec000 rw-p 00003000 08:02 10879353                   /usr/lib/x86_64-linux-gnu/libgmodule-2.0.so.0.3200.4
7fab808f0000-7fab80906000 r-xp 00000000 08:02 8654452                    /lib/x86_64-linux-gnu/libz.so.1.2.3.4
7fab80906000-7fab80b05000 ---p 00016000 08:02 8654452                    /lib/x86_64-linux-gnu/libz.so.1.2.3.4
7fab80b05000-7fab80b06000 r--p 00015000 08:02 8654452                    /lib/x86_64-linux-gnu/libz.so.1.2.3.4
7fab80b06000-7fab80b07000 rw-p 00016000 08:02 8654452                    /lib/x86_64-linux-gnu/libz.so.1.2.3.4
7fab80b08000-7fab80b10000 r-xp 00000000 08:02 10886567                   /usr/lib/x86_64-linux-gnu/libxcb-render.so.0.0.0
7fab80b10000-7fab80d10000 ---p 00008000 08:02 10886567                   /usr/lib/x86_64-linux-gnu/libxcb-render.so.0.0.0
7fab80d10000-7fab80d11000 r--p 00008000 08:02 10886567                   /usr/lib/x86_64-linux-gnu/libxcb-render.so.0.0.0
7fab80d11000-7fab80d12000 rw-p 00009000 08:02 10886567                   /usr/lib/x86_64-linux-gnu/libxcb-render.so.0.0.0
7fab80d18000-7fab80d1a000 r-xp 00000000 08:02 10886571                   /usr/lib/x86_64-linux-gnu/libxcb-shm.so.0.0.0
7fab80d1a000-7fab80f19000 ---p 00002000 08:02 10886571                   /usr/lib/x86_64-linux-gnu/libxcb-shm.so.0.0.0
7fab80f19000-7fab80f1a000 r--p 00001000 08:02 10886571                   /usr/lib/x86_64-linux-gnu/libxcb-shm.so.0.0.0
7fab80f1a000-7fab80f1b000 rw-p 00002000 08:02 10886571                   /usr/lib/x86_64-linux-gnu/libxcb-shm.so.0.0.0
7fab80f20000-7fab80f46000 r-xp 00000000 08:02 8654418                    /lib/x86_64-linux-gnu/libpng12.so.0.46.0
7fab80f46000-7fab81146000 ---p 00026000 08:02 8654418                    /lib/x86_64-linux-gnu/libpng12.so.0.46.0
7fab81146000-7fab81147000 r--p 00026000 08:02 8654418                    /lib/x86_64-linux-gnu/libpng12.so.0.46.0
7fab81147000-7fab81148000 rw-p 00027000 08:02 8654418                    /lib/x86_64-linux-gnu/libpng12.so.0.46.0
7fab81148000-7fab811d8000 r-xp 00000000 08:02 10880223                   /usr/lib/x86_64-linux-gnu/libpixman-1.so.0.30.2
7fab811d8000-7fab813d7000 ---p 00090000 08:02 10880223                   /usr/lib/x86_64-linux-gnu/libpixman-1.so.0.30.2
7fab813d7000-7fab813de000 r--p 0008f000 08:02 10880223                   /usr/lib/x86_64-linux-gnu/libpixman-1.so.0.30.2
7fab813de000-7fab813df000 rw-p 00096000 08:02 10880223                   /usr/lib/x86_64-linux-gnu/libpixman-1.so.0.30.2
7fab813e0000-7fab81476000 r-xp 00000000 08:02 10886146                   /usr/lib/x86_64-linux-gnu/libfreetype.so.6.8.0
7fab81476000-7fab81675000 ---p 00096000 08:02 10886146                   /usr/lib/x86_64-linux-gnu/libfreetype.so.6.8.0
7fab81675000-7fab8167b000 r--p 00095000 08:02 10886146                   /usr/lib/x86_64-linux-gnu/libfreetype.so.6.8.0
7fab8167b000-7fab8167c000 rw-p 0009b000 08:02 10886146                   /usr/lib/x86_64-linux-gnu/libfreetype.so.6.8.0
7fab81680000-7fab81682000 r-xp 00000000 08:02 10885961                   /usr/lib/x86_64-linux-gnu/libXdamage.so.1.1.0
7fab81682000-7fab81881000 ---p 00002000 08:02 10885961                   /usr/lib/x86_64-linux-gnu/libXdamage.so.1.1.0
7fab81881000-7fab81882000 r--p 00001000 08:02 10885961                   /usr/lib/x86_64-linux-gnu/libXdamage.so.1.1.0
7fab81882000-7fab81883000 rw-p 00002000 08:02 10885961                   /usr/lib/x86_64-linux-gnu/libXdamage.so.1.1.0
7fab81888000-7fab8188a000 r-xp 00000000 08:02 10885957                   /usr/lib/x86_64-linux-gnu/libXcomposite.so.1.0.0
7fab8188a000-7fab81a89000 ---p 00002000 08:02 10885957                   /usr/lib/x86_64-linux-gnu/libXcomposite.so.1.0.0
7fab81a89000-7fab81a8a000 r--p 00001000 08:02 10885957                   /usr/lib/x86_64-linux-gnu/libXcomposite.so.1.0.0
7fab81a8a000-7fab81a8b000 rw-p 00002000 08:02 10885957                   /usr/lib/x86_64-linux-gnu/libXcomposite.so.1.0.0
7fab81a90000-7fab81a97000 r-xp 00000000 08:02 10885983                   /usr/lib/x86_64-linux-gnu/libXrandr.so.2.2.0
7fab81a97000-7fab81c96000 ---p 00007000 08:02 10885983                   /usr/lib/x86_64-linux-gnu/libXrandr.so.2.2.0
7fab81c96000-7fab81c97000 r--p 00006000 08:02 10885983                   /usr/lib/x86_64-linux-gnu/libXrandr.so.2.2.0
7fab81c97000-7fab81c98000 rw-p 00007000 08:02 10885983                   /usr/lib/x86_64-linux-gnu/libXrandr.so.2.2.0
7fab81c98000-7fab81c9a000 r-xp 00000000 08:02 10885973                   /usr/lib/x86_64-linux-gnu/libXinerama.so.1.0.0
7fab81c9a000-7fab81e99000 ---p 00002000 08:02 10885973                   /usr/lib/x86_64-linux-gnu/libXinerama.so.1.0.0
7fab81e99000-7fab81e9a000 r--p 00001000 08:02 10885973                   /usr/lib/x86_64-linux-gnu/libXinerama.so.1.0.0
7fab81e9a000-7fab81e9b000 rw-p 00002000 08:02 10885973                   /usr/lib/x86_64-linux-gnu/libXinerama.so.1.0.0
7fab81ea0000-7fab81f92000 r-xp 00000000 08:02 8654346                    /lib/x86_64-linux-gnu/libglib-2.0.so.0.3200.4
7fab81f92000-7fab82192000 ---p 000f2000 08:02 8654346                    /lib/x86_64-linux-gnu/libglib-2.0.so.0.3200.4
7fab82192000-7fab82193000 r--p 000f2000 08:02 8654346                    /lib/x86_64-linux-gnu/libglib-2.0.so.0.3200.4
7fab82193000-7fab82194000 rw-p 000f3000 08:02 8654346                    /lib/x86_64-linux-gnu/libglib-2.0.so.0.3200.4
7fab82194000-7fab82195000 rw-p 00000000 00:00 0 
7fab82198000-7fab821e5000 r-xp 00000000 08:02 10880557                   /usr/lib/x86_64-linux-gnu/libgobject-2.0.so.0.3200.4
7fab821e5000-7fab823e5000 ---p 0004d000 08:02 10880557                   /usr/lib/x86_64-linux-gnu/libgobject-2.0.so.0.3200.4
7fab823e5000-7fab823e6000 r--p 0004d000 08:02 10880557                   /usr/lib/x86_64-linux-gnu/libgobject-2.0.so.0.3200.4
7fab823e6000-7fab823e7000 rw-p 0004e000 08:02 10880557                   /usr/lib/x86_64-linux-gnu/libgobject-2.0.so.0.3200.4
7fab823e8000-7fab8241c000 r-xp 00000000 08:02 10886138                   /usr/lib/x86_64-linux-gnu/libfontconfig.so.1.4.4
7fab8241c000-7fab8261c000 ---p 00034000 08:02 10886138                   /usr/lib/x86_64-linux-gnu/libfontconfig.so.1.4.4
7fab8261c000-7fab8261d000 r--p 00034000 08:02 10886138                   /usr/lib/x86_64-linux-gnu/libfontconfig.so.1.4.4
7fab8261d000-7fab8261e000 rw-p 00035000 08:02 10886138                   /usr/lib/x86_64-linux-gnu/libfontconfig.so.1.4.4
7fab82620000-7fab82666000 r-xp 00000000 08:02 10886404                   /usr/lib/x86_64-linux-gnu/libpango-1.0.so.0.3000.0
7fab82666000-7fab82866000 ---p 00046000 08:02 10886404                   /usr/lib/x86_64-linux-gnu/libpango-1.0.so.0.3000.0
7fab82866000-7fab82868000 r--p 00046000 08:02 10886404                   /usr/lib/x86_64-linux-gnu/libpango-1.0.so.0.3000.0
7fab82868000-7fab82869000 rw-p 00048000 08:02 10886404                   /usr/lib/x86_64-linux-gnu/libpango-1.0.so.0.3000.0
7fab82870000-7fab82899000 r-xp 00000000 08:02 10886408                   /usr/lib/x86_64-linux-gnu/libpangoft2-1.0.so.0.3000.0
7fab82899000-7fab82a98000 ---p 00029000 08:02 10886408                   /usr/lib/x86_64-linux-gnu/libpangoft2-1.0.so.0.3000.0
7fab82a98000-7fab82a99000 r--p 00028000 08:02 10886408                   /usr/lib/x86_64-linux-gnu/libpangoft2-1.0.so.0.3000.0
7fab82a99000-7fab82a9a000 rw-p 00029000 08:02 10886408                   /usr/lib/x86_64-linux-gnu/libpangoft2-1.0.so.0.3000.0
7fab82aa0000-7fab82be8000 r-xp 00000000 08:02 10880556                   /usr/lib/x86_64-linux-gnu/libgio-2.0.so.0.3200.4
7fab82be8000-7fab82de7000 ---p 00148000 08:02 10880556                   /usr/lib/x86_64-linux-gnu/libgio-2.0.so.0.3200.4
7fab82de7000-7fab82deb000 r--p 00147000 08:02 10880556                   /usr/lib/x86_64-linux-gnu/libgio-2.0.so.0.3200.4
7fab82deb000-7fab82ded000 rw-p 0014b000 08:02 10880556                   /usr/lib/x86_64-linux-gnu/libgio-2.0.so.0.3200.4
7fab82ded000-7fab82def000 rw-p 00000000 00:00 0 
7fab82df0000-7fab82e0e000 r-xp 00000000 08:02 10880593                   /usr/lib/x86_64-linux-gnu/libgdk_pixbuf-2.0.so.0.2600.1
7fab82e0e000-7fab8300e000 ---p 0001e000 08:02 10880593                   /usr/lib/x86_64-linux-gnu/libgdk_pixbuf-2.0.so.0.2600.1
7fab8300e000-7fab8300f000 r--p 0001e000 08:02 10880593                   /usr/lib/x86_64-linux-gnu/libgdk_pixbuf-2.0.so.0.2600.1
7fab8300f000-7fab83010000 rw-p 0001f000 08:02 10880593                   /usr/lib/x86_64-linux-gnu/libgdk_pixbuf-2.0.so.0.2600.1
7fab83010000-7fab830c9000 r-xp 00000000 08:02 10886049                   /usr/lib/x86_64-linux-gnu/libcairo.so.2.11000.2
7fab830c9000-7fab832c8000 ---p 000b9000 08:02 10886049                   /usr/lib/x86_64-linux-gnu/libcairo.so.2.11000.2
7fab832c8000-7fab832ca000 r--p 000b8000 08:02 10886049                   /usr/lib/x86_64-linux-gnu/libcairo.so.2.11000.2
7fab832ca000-7fab832cb000 rw-p 000ba000 08:02 10886049                   /usr/lib/x86_64-linux-gnu/libcairo.so.2.11000.2
7fab832cb000-7fab832ce000 rw-p 00000000 00:00 0 
7fab832d0000-7fab832f0000 r-xp 00000000 08:02 10879311                   /usr/lib/x86_64-linux-gnu/libatk-1.0.so.0.20609.1
7fab832f0000-7fab834f0000 ---p 00020000 08:02 10879311                   /usr/lib/x86_64-linux-gnu/libatk-1.0.so.0.20609.1
7fab834f0000-7fab834f2000 r--p 00020000 08:02 10879311                   /usr/lib/x86_64-linux-gnu/libatk-1.0.so.0.20609.1
7fab834f2000-7fab834f3000 rw-p 00022000 08:02 10879311                   /usr/lib/x86_64-linux-gnu/libatk-1.0.so.0.20609.1
7fab834f8000-7fab83503000 r-xp 00000000 08:02 10886406                   /usr/lib/x86_64-linux-gnu/libpangocairo-1.0.so.0.3000.0
7fab83503000-7fab83702000 ---p 0000b000 08:02 10886406                   /usr/lib/x86_64-linux-gnu/libpangocairo-1.0.so.0.3000.0
7fab83702000-7fab83703000 r--p 0000a000 08:02 10886406                   /usr/lib/x86_64-linux-gnu/libpangocairo-1.0.so.0.3000.0
7fab83703000-7fab83704000 rw-p 0000b000 08:02 10886406                   /usr/lib/x86_64-linux-gnu/libpangocairo-1.0.so.0.3000.0
7fab83708000-7fab837b5000 r-xp 00000000 08:02 10880596                   /usr/lib/x86_64-linux-gnu/libgdk-x11-2.0.so.0.2400.10
7fab837b5000-7fab839b4000 ---p 000ad000 08:02 10880596                   /usr/lib/x86_64-linux-gnu/libgdk-x11-2.0.so.0.2400.10
7fab839b4000-7fab839b8000 r--p 000ac000 08:02 10880596                   /usr/lib/x86_64-linux-gnu/libgdk-x11-2.0.so.0.2400.10
7fab839b8000-7fab839ba000 rw-p 000b0000 08:02 10880596                   /usr/lib/x86_64-linux-gnu/libgdk-x11-2.0.so.0.2400.10
7fab839c0000-7fab83dee000 r-xp 00000000 08:02 10880598                   /usr/lib/x86_64-linux-gnu/libgtk-x11-2.0.so.0.2400.10
7fab83dee000-7fab83fed000 ---p 0042e000 08:02 10880598                   /usr/lib/x86_64-linux-gnu/libgtk-x11-2.0.so.0.2400.10
7fab83fed000-7fab83ff4000 r--p 0042d000 08:02 10880598                   /usr/lib/x86_64-linux-gnu/libgtk-x11-2.0.so.0.2400.10
7fab83ff4000-7fab83ff8000 rw-p 00434000 08:02 10880598                   /usr/lib/x86_64-linux-gnu/libgtk-x11-2.0.so.0.2400.10
7fab83ff8000-7fab83ffa000 rw-p 00000000 00:00 0 
7fab84000000-7fab84599000 rw-p 00000000 00:00 0 
7fab84599000-7fab88000000 ---p 00000000 00:00 0 
7fab88000000-7fab88074000 rw-p 00000000 00:00 0 
7fab88074000-7fab8c000000 ---p 00000000 00:00 0 
7fab8c000000-7fab8c0a4000 rw-p 00000000 00:00 0 
7fab8c0a4000-7fab90000000 ---p 00000000 00:00 0 
7fab90000000-7fab9006c000 rw-p 00000000 00:00 0 
7fab9006c000-7fab94000000 ---p 00000000 00:00 0 
7fab940c8000-7fab94165000 rw-s 00000000 08:02 9049711                    /home/tyler/.bitmerchant-wallet/bitmerchant-wallet.spvchain
7fab94168000-7fab94184000 r--s 00000000 08:02 11010226                   /usr/share/mime/mime.cache
7fab94188000-7fab941a5000 r--p 00000000 08:02 11544217                   /usr/share/glib-2.0/schemas/gschemas.compiled
7fab941a7000-7fab941aa000 ---p 00000000 00:00 0 
7fab941aa000-7fab942a8000 rw-p 00000000 00:00 0                          [stack:22378]
7fab942a8000-7fab942ad000 r-xp 00000000 08:02 10879297                   /usr/lib/x86_64-linux-gnu/libXfixes.so.3.1.0
7fab942ad000-7fab944ac000 ---p 00005000 08:02 10879297                   /usr/lib/x86_64-linux-gnu/libXfixes.so.3.1.0
7fab944ac000-7fab944ad000 r--p 00004000 08:02 10879297                   /usr/lib/x86_64-linux-gnu/libXfixes.so.3.1.0
7fab944ad000-7fab944ae000 rw-p 00005000 08:02 10879297                   /usr/lib/x86_64-linux-gnu/libXfixes.so.3.1.0
7fab944b0000-7fab944b9000 r-xp 00000000 08:02 10885959                   /usr/lib/x86_64-linux-gnu/libXcursor.so.1.0.2
7fab944b9000-7fab946b8000 ---p 00009000 08:02 10885959                   /usr/lib/x86_64-linux-gnu/libXcursor.so.1.0.2
7fab946b8000-7fab946b9000 r--p 00008000 08:02 10885959                   /usr/lib/x86_64-linux-gnu/libXcursor.so.1.0.2
7fab946b9000-7fab946ba000 rw-p 00009000 08:02 10885959                   /usr/lib/x86_64-linux-gnu/libXcursor.so.1.0.2
7fab946bf000-7fab946c2000 ---p 00000000 00:00 0 
7fab946c2000-7fab947c0000 rw-p 00000000 00:00 0                          [stack:22377]
7fab947c0000-7fab94824000 r-xp 00000000 08:02 13899048                   /usr/lib/jvm/java-8-oracle/jre/lib/amd64/libfontmanager.so
7fab94824000-7fab94a24000 ---p 00064000 08:02 13899048                   /usr/lib/jvm/java-8-oracle/jre/lib/amd64/libfontmanager.so
7fab94a24000-7fab94a28000 rw-p 00064000 08:02 13899048                   /usr/lib/jvm/java-8-oracle/jre/lib/amd64/libfontmanager.so
7fab94a28000-7fab94a39000 rw-p 00000000 00:00 0 
7fab94a40000-7fab94a45000 r-xp 00000000 08:02 10885963                   /usr/lib/x86_64-linux-gnu/libXdmcp.so.6.0.0
7fab94a45000-7fab94c44000 ---p 00005000 08:02 10885963                   /usr/lib/x86_64-linux-gnu/libXdmcp.so.6.0.0
7fab94c44000-7fab94c45000 r--p 00004000 08:02 10885963                   /usr/lib/x86_64-linux-gnu/libXdmcp.so.6.0.0
7fab94c45000-7fab94c46000 rw-p 00005000 08:02 10885963                   /usr/lib/x86_64-linux-gnu/libXdmcp.so.6.0.0
7fab94c48000-7fab94c4a000 r-xp 00000000 08:02 10885952                   /usr/lib/x86_64-linux-gnu/libXau.so.6.0.0
7fab94c4a000-7fab94e49000 ---p 00002000 08:02 10885952                   /usr/lib/x86_64-linux-gnu/libXau.so.6.0.0
7fab94e49000-7fab94e4a000 r--p 00001000 08:02 10885952                   /usr/lib/x86_64-linux-gnu/libXau.so.6.0.0
7fab94e4a000-7fab94e4b000 rw-p 00002000 08:02 10885952                   /usr/lib/x86_64-linux-gnu/libXau.so.6.0.0
7fab94e50000-7fab94e6d000 r-xp 00000000 08:02 10886575                   /usr/lib/x86_64-linux-gnu/libxcb.so.1.1.0
7fab94e6d000-7fab9506c000 ---p 0001d000 08:02 10886575                   /usr/lib/x86_64-linux-gnu/libxcb.so.1.1.0
7fab9506c000-7fab9506d000 r--p 0001c000 08:02 10886575                   /usr/lib/x86_64-linux-gnu/libxcb.so.1.1.0
7fab9506d000-7fab9506e000 rw-p 0001d000 08:02 10886575                   /usr/lib/x86_64-linux-gnu/libxcb.so.1.1.0
7fab95070000-7fab9507f000 r-xp 00000000 08:02 10880227                   /usr/lib/x86_64-linux-gnu/libXi.so.6.1.0
7fab9507f000-7fab9527e000 ---p 0000f000 08:02 10880227                   /usr/lib/x86_64-linux-gnu/libXi.so.6.1.0
7fab9527e000-7fab9527f000 r--p 0000e000 08:02 10880227                   /usr/lib/x86_64-linux-gnu/libXi.so.6.1.0
7fab9527f000-7fab95280000 rw-p 0000f000 08:02 10880227                   /usr/lib/x86_64-linux-gnu/libXi.so.6.1.0
7fab95280000-7fab95285000 r-xp 00000000 08:02 10885991                   /usr/lib/x86_64-linux-gnu/libXtst.so.6.1.0
7fab95285000-7fab95484000 ---p 00005000 08:02 10885991                   /usr/lib/x86_64-linux-gnu/libXtst.so.6.1.0
7fab95484000-7fab95485000 r--p 00004000 08:02 10885991                   /usr/lib/x86_64-linux-gnu/libXtst.so.6.1.0
7fab95485000-7fab95486000 rw-p 00005000 08:02 10885991                   /usr/lib/x86_64-linux-gnu/libXtst.so.6.1.0
7fab95488000-7fab95491000 r-xp 00000000 08:02 10885985                   /usr/lib/x86_64-linux-gnu/libXrender.so.1.3.0
7fab95491000-7fab95690000 ---p 00009000 08:02 10885985                   /usr/lib/x86_64-linux-gnu/libXrender.so.1.3.0
7fab95690000-7fab95691000 r--p 00008000 08:02 10885985                   /usr/lib/x86_64-linux-gnu/libXrender.so.1.3.0
7fab95691000-7fab95692000 rw-p 00009000 08:02 10885985                   /usr/lib/x86_64-linux-gnu/libXrender.so.1.3.0
7fab95698000-7fab957c8000 r-xp 00000000 08:02 10880585                   /usr/lib/x86_64-linux-gnu/libX11.so.6.3.0
7fab957c8000-7fab959c8000 ---p 00130000 08:02 10880585                   /usr/lib/x86_64-linux-gnu/libX11.so.6.3.0
7fab959c8000-7fab959c9000 r--p 00130000 08:02 10880585                   /usr/lib/x86_64-linux-gnu/libX11.so.6.3.0
7fab959c9000-7fab959cd000 rw-p 00131000 08:02 10880585                   /usr/lib/x86_64-linux-gnu/libX11.so.6.3.0
7fab959d0000-7fab959e0000 r-xp 00000000 08:02 10885965                   /usr/lib/x86_64-linux-gnu/libXext.so.6.4.0
7fab959e0000-7fab95bdf000 ---p 00010000 08:02 10885965                   /usr/lib/x86_64-linux-gnu/libXext.so.6.4.0
7fab95bdf000-7fab95be0000 r--p 0000f000 08:02 10885965                   /usr/lib/x86_64-linux-gnu/libXext.so.6.4.0
7fab95be0000-7fab95be1000 rw-p 00010000 08:02 10885965                   /usr/lib/x86_64-linux-gnu/libXext.so.6.4.0
7fab95c00000-7fab95c54000 r-xp 00000000 08:02 13899100                   /usr/lib/jvm/java-8-oracle/jre/lib/amd64/libawt_xawt.so
7fab95c54000-7fab95e54000 ---p 00054000 08:02 13899100                   /usr/lib/jvm/java-8-oracle/jre/lib/amd64/libawt_xawt.so
7fab95e54000-7fab95e58000 rw-p 00054000 08:02 13899100                   /usr/lib/jvm/java-8-oracle/jre/lib/amd64/libawt_xawt.so
7fab95e58000-7fab95e59000 rw-p 00000000 00:00 0 
7fab95e60000-7fab95f02000 r-xp 00000000 08:02 13899078                   /usr/lib/jvm/java-8-oracle/jre/lib/amd64/libawt.so
7fab95f02000-7fab96102000 ---p 000a2000 08:02 13899078                   /usr/lib/jvm/java-8-oracle/jre/lib/amd64/libawt.so
7fab96102000-7fab9610e000 rw-p 000a2000 08:02 13899078                   /usr/lib/jvm/java-8-oracle/jre/lib/amd64/libawt.so
7fab9610e000-7fab96132000 rw-p 00000000 00:00 0 
7fab96137000-7fab96337000 rw-p 00000000 00:00 0 
7fab96337000-7fab9633a000 ---p 00000000 00:00 0 
7fab9633a000-7fab96438000 rw-p 00000000 00:00 0                          [stack:22376]
7fab96438000-7fab96449000 r-xp 00000000 08:02 13899060                   /usr/lib/jvm/java-8-oracle/jre/lib/amd64/libnio.so
7fab96449000-7fab96648000 ---p 00011000 08:02 13899060                   /usr/lib/jvm/java-8-oracle/jre/lib/amd64/libnio.so
7fab96648000-7fab96649000 rw-p 00010000 08:02 13899060                   /usr/lib/jvm/java-8-oracle/jre/lib/amd64/libnio.so
7fab9664e000-7fab96651000 ---p 00000000 00:00 0 
7fab96651000-7fab9674f000 rw-p 00000000 00:00 0                          [stack:22375]
7fab9674f000-7fab96752000 ---p 00000000 00:00 0 
7fab96752000-7fab96850000 rw-p 00000000 00:00 0                          [stack:22451]
7fab96850000-7fab96853000 ---p 00000000 00:00 0 
7fab96853000-7fab96951000 rw-p 00000000 00:00 0 
7fab96951000-7fab96954000 ---p 00000000 00:00 0 
7fab96954000-7fab96a52000 rw-p 00000000 00:00 0                          [stack:22372]
7fab96a52000-7fab96a55000 ---p 00000000 00:00 0 
7fab96a55000-7fab96b53000 rw-p 00000000 00:00 0                          [stack:22371]
7fab96b53000-7fab96b56000 ---p 00000000 00:00 0 
7fab96b56000-7fab96c54000 rw-p 00000000 00:00 0                          [stack:22370]
7fab96c54000-7fab96c57000 ---p 00000000 00:00 0 
7fab96c57000-7fab96d55000 rw-p 00000000 00:00 0                          [stack:22369]
7fab96d55000-7fab96d58000 ---p 00000000 00:00 0 
7fab96d58000-7fab96e56000 rw-p 00000000 00:00 0                          [stack:22368]
7fab96e56000-7fab96e59000 ---p 00000000 00:00 0 
7fab96e59000-7fab96f57000 rw-p 00000000 00:00 0                          [stack:22367]
7fab96f57000-7fab96f5a000 ---p 00000000 00:00 0 
7fab96f5a000-7fab97258000 rw-p 00000000 00:00 0                          [stack:22366]
7fab97258000-7fab9726d000 r-xp 00000000 08:02 8654362                    /lib/x86_64-linux-gnu/libgcc_s.so.1
7fab9726d000-7fab9746c000 ---p 00015000 08:02 8654362                    /lib/x86_64-linux-gnu/libgcc_s.so.1
7fab9746c000-7fab9746d000 r--p 00014000 08:02 8654362                    /lib/x86_64-linux-gnu/libgcc_s.so.1
7fab9746d000-7fab9746e000 rw-p 00015000 08:02 8654362                    /lib/x86_64-linux-gnu/libgcc_s.so.1
7fab97480000-7fab97483000 r--p 00000000 08:02 7879446                    /home/tyler/.config/dconf/user
7fab97488000-7fab974ba000 r-xp 00000000 08:02 13899065                   /usr/lib/jvm/java-8-oracle/jre/lib/amd64/libsunec.so
7fab974ba000-7fab976b9000 ---p 00032000 08:02 13899065                   /usr/lib/jvm/java-8-oracle/jre/lib/amd64/libsunec.so
7fab976b9000-7fab976bf000 rw-p 00031000 08:02 13899065                   /usr/lib/jvm/java-8-oracle/jre/lib/amd64/libsunec.so
7fab976bf000-7fab976cf000 rw-p 00000000 00:00 0 
7fab976d5000-7fab978d5000 rw-p 00000000 00:00 0 
7fab978d5000-7fab978d8000 ---p 00000000 00:00 0 
7fab978d8000-7fab979d6000 rw-p 00000000 00:00 0                          [stack:22365]
7fab979d6000-7fab979d9000 ---p 00000000 00:00 0 
7fab979d9000-7fab97ad7000 rw-p 00000000 00:00 0                          [stack:22364]
7fab97ad7000-7fab97ada000 ---p 00000000 00:00 0 
7fab97ada000-7fab97bd8000 rw-p 00000000 00:00 0                          [stack:22399]
7fab97bd8000-7fab97bf0000 r-xp 00000000 08:02 8655886                    /lib/x86_64-linux-gnu/libresolv-2.15.so
7fab97bf0000-7fab97df0000 ---p 00018000 08:02 8655886                    /lib/x86_64-linux-gnu/libresolv-2.15.so
7fab97df0000-7fab97df1000 r--p 00018000 08:02 8655886                    /lib/x86_64-linux-gnu/libresolv-2.15.so
7fab97df1000-7fab97df2000 rw-p 00019000 08:02 8655886                    /lib/x86_64-linux-gnu/libresolv-2.15.so
7fab97df2000-7fab97df4000 rw-p 00000000 00:00 0 
7fab97df8000-7fab97dff000 r-xp 00000000 08:02 8655898                    /lib/x86_64-linux-gnu/libnss_dns-2.15.so
7fab97dff000-7fab97ffe000 ---p 00007000 08:02 8655898                    /lib/x86_64-linux-gnu/libnss_dns-2.15.so
7fab97ffe000-7fab97fff000 r--p 00006000 08:02 8655898                    /lib/x86_64-linux-gnu/libnss_dns-2.15.so
7fab97fff000-7fab98000000 rw-p 00007000 08:02 8655898                    /lib/x86_64-linux-gnu/libnss_dns-2.15.so
7fab98000000-7fab985f1000 rw-p 00000000 00:00 0 
7fab985f1000-7fab9c000000 ---p 00000000 00:00 0 
7fab9c000000-7fab9c122000 rw-p 00000000 00:00 0 
7fab9c122000-7faba0000000 ---p 00000000 00:00 0 
7faba0000000-7faba0021000 rw-p 00000000 00:00 0 
7faba0021000-7faba4000000 ---p 00000000 00:00 0 
7faba4000000-7faba48c7000 rw-p 00000000 00:00 0 
7faba48c7000-7faba8000000 ---p 00000000 00:00 0 
7faba8000000-7faba8021000 rw-p 00000000 00:00 0 
7faba8021000-7fabac000000 ---p 00000000 00:00 0 
7fabac000000-7fabac021000 rw-p 00000000 00:00 0 
7fabac021000-7fabb0000000 ---p 00000000 00:00 0 
7fabb0000000-7fabb0027000 rw-p 00000000 00:00 0 
7fabb0027000-7fabb4000000 ---p 00000000 00:00 0 
7fabb4000000-7fabb407d000 rw-p 00000000 00:00 0 
7fabb407d000-7fabb8000000 ---p 00000000 00:00 0 
7fabb8000000-7fabb8021000 rw-p 00000000 00:00 0 
7fabb8021000-7fabbc000000 ---p 00000000 00:00 0 
7fabbc007000-7fabbc00a000 ---p 00000000 00:00 0 
7fabbc00a000-7fabbc108000 rw-p 00000000 00:00 0 
7fabbc108000-7fabbc10a000 r-xp 00000000 08:02 8650805                    /lib/libnss_mdns4_minimal.so.2
7fabbc10a000-7fabbc309000 ---p 00002000 08:02 8650805                    /lib/libnss_mdns4_minimal.so.2
7fabbc309000-7fabbc30a000 r--p 00001000 08:02 8650805                    /lib/libnss_mdns4_minimal.so.2
7fabbc30a000-7fabbc30b000 rw-p 00002000 08:02 8650805                    /lib/libnss_mdns4_minimal.so.2
7fabbc310000-7fabbc311000 r--s 00000000 08:02 7879450                    /home/tyler/.cache/dconf/user
7fabbc317000-7fabbc31c000 r--s 0003f000 08:02 13899138                   /usr/lib/jvm/java-8-oracle/jre/lib/ext/sunjce_provider.jar
7fabbc321000-7fabbc322000 r--s 00009000 08:02 13899139                   /usr/lib/jvm/java-8-oracle/jre/lib/ext/sunec.jar
7fabbc322000-7fabbc325000 r--s 0003a000 08:02 13899134                   /usr/lib/jvm/java-8-oracle/jre/lib/ext/sunpkcs11.jar
7fabbc328000-7fabbc33e000 r-xp 00000000 08:02 13899066                   /usr/lib/jvm/java-8-oracle/jre/lib/amd64/libnet.so
7fabbc33e000-7fabbc53e000 ---p 00016000 08:02 13899066                   /usr/lib/jvm/java-8-oracle/jre/lib/amd64/libnet.so
7fabbc53e000-7fabbc53f000 rw-p 00016000 08:02 13899066                   /usr/lib/jvm/java-8-oracle/jre/lib/amd64/libnet.so
7fabbc546000-7fabbc550000 r--s 00116000 08:02 13899140                   /usr/lib/jvm/java-8-oracle/jre/lib/ext/localedata.jar
7fabbc553000-7fabbc56f000 r--s 00393000 08:02 13899136                   /usr/lib/jvm/java-8-oracle/jre/lib/ext/cldrdata.jar
7fabbc56f000-7fabbc66b000 r--s 01477000 08:02 7999179                    /home/tyler/git/bitmerchant-wallet/target/bitmerchant-wallet-shaded.jar
7fabbc66b000-7fabbc66c000 ---p 00000000 00:00 0 
7fabbc66c000-7fabbc76c000 rw-p 00000000 00:00 0                          [stack:22361]
7fabbc76c000-7fabbc76f000 ---p 00000000 00:00 0 
7fabbc76f000-7fabbc86d000 rw-p 00000000 00:00 0                          [stack:22360]
7fabbc86d000-7fabbc870000 ---p 00000000 00:00 0 
7fabbc870000-7fabbc96e000 rw-p 00000000 00:00 0                          [stack:22359]
7fabbc96e000-7fabbc971000 ---p 00000000 00:00 0 
7fabbc971000-7fabbca6f000 rw-p 00000000 00:00 0                          [stack:22358]
7fabbca6f000-7fabbca72000 ---p 00000000 00:00 0 
7fabbca72000-7fabbcb70000 rw-p 00000000 00:00 0                          [stack:22357]
7fabbcb70000-7fabbcf6e000 r--p 00000000 08:02 10883108                   /usr/lib/locale/locale-archive
7fabbcf6f000-7fabbcf72000 ---p 00000000 00:00 0 
7fabbcf72000-7fabbd070000 rw-p 00000000 00:00 0                          [stack:22356]
7fabbd070000-7fabbd073000 ---p 00000000 00:00 0 
7fabbd073000-7fabbd171000 rw-p 00000000 00:00 0                          [stack:22355]
7fabbd171000-7fabbd172000 ---p 00000000 00:00 0 
7fabbd172000-7fabbdbca000 rw-p 00000000 00:00 0                          [stack:22354]
7fabbdbca000-7fabbdda0000 r--s 03caa000 08:02 12190137                   /usr/lib/jvm/java-8-oracle/jre/lib/rt.jar
7fabbdda6000-7fabbfed1000 rw-p 00000000 00:00 0 
7fabbfed1000-7fabbfed2000 ---p 00000000 00:00 0 
7fabbfed2000-7fabbffd2000 rw-p 00000000 00:00 0                          [stack:22353]
7fabbffd2000-7fabbffd3000 ---p 00000000 00:00 0 
7fabbffd3000-7fabc00e4000 rw-p 00000000 00:00 0                          [stack:22352]
7fabc00e4000-7fabc01d0000 ---p 00000000 00:00 0 
7fabc01d0000-7fabc01ee000 rw-p 00000000 00:00 0 
7fabc01ee000-7fabc0590000 ---p 00000000 00:00 0 
7fabc0590000-7fabc0d00000 rwxp 00000000 00:00 0 
7fabc0d00000-7fabcf590000 ---p 00000000 00:00 0 
7fabcf590000-7fabcf5aa000 r-xp 00000000 08:02 13899088                   /usr/lib/jvm/java-8-oracle/jre/lib/amd64/libzip.so
7fabcf5aa000-7fabcf7aa000 ---p 0001a000 08:02 13899088                   /usr/lib/jvm/java-8-oracle/jre/lib/amd64/libzip.so
7fabcf7aa000-7fabcf7ab000 rw-p 0001a000 08:02 13899088                   /usr/lib/jvm/java-8-oracle/jre/lib/amd64/libzip.so
7fabcf7b0000-7fabcf7bc000 r-xp 00000000 08:02 8655884                    /lib/x86_64-linux-gnu/libnss_files-2.15.so
7fabcf7bc000-7fabcf9bb000 ---p 0000c000 08:02 8655884                    /lib/x86_64-linux-gnu/libnss_files-2.15.so
7fabcf9bb000-7fabcf9bc000 r--p 0000b000 08:02 8655884                    /lib/x86_64-linux-gnu/libnss_files-2.15.so
7fabcf9bc000-7fabcf9bd000 rw-p 0000c000 08:02 8655884                    /lib/x86_64-linux-gnu/libnss_files-2.15.so
7fabcf9c0000-7fabcf9ca000 r-xp 00000000 08:02 8655891                    /lib/x86_64-linux-gnu/libnss_nis-2.15.so
7fabcf9ca000-7fabcfbca000 ---p 0000a000 08:02 8655891                    /lib/x86_64-linux-gnu/libnss_nis-2.15.so
7fabcfbca000-7fabcfbcb000 r--p 0000a000 08:02 8655891                    /lib/x86_64-linux-gnu/libnss_nis-2.15.so
7fabcfbcb000-7fabcfbcc000 rw-p 0000b000 08:02 8655891                    /lib/x86_64-linux-gnu/libnss_nis-2.15.so
7fabcfbd0000-7fabcfbe7000 r-xp 00000000 08:02 8655883                    /lib/x86_64-linux-gnu/libnsl-2.15.so
7fabcfbe7000-7fabcfde6000 ---p 00017000 08:02 8655883                    /lib/x86_64-linux-gnu/libnsl-2.15.so
7fabcfde6000-7fabcfde7000 r--p 00016000 08:02 8655883                    /lib/x86_64-linux-gnu/libnsl-2.15.so
7fabcfde7000-7fabcfde8000 rw-p 00017000 08:02 8655883                    /lib/x86_64-linux-gnu/libnsl-2.15.so
7fabcfde8000-7fabcfdea000 rw-p 00000000 00:00 0 
7fabcfdf0000-7fabcfdf8000 r-xp 00000000 08:02 8655890                    /lib/x86_64-linux-gnu/libnss_compat-2.15.so
7fabcfdf8000-7fabcfff7000 ---p 00008000 08:02 8655890                    /lib/x86_64-linux-gnu/libnss_compat-2.15.so
7fabcfff7000-7fabcfff8000 r--p 00007000 08:02 8655890                    /lib/x86_64-linux-gnu/libnss_compat-2.15.so
7fabcfff8000-7fabcfff9000 rw-p 00008000 08:02 8655890                    /lib/x86_64-linux-gnu/libnss_compat-2.15.so
7fabd0000000-7fabd04a8000 rw-p 00000000 00:00 0 
7fabd04a8000-7fabd4000000 ---p 00000000 00:00 0 
7fabd4004000-7fabd4015000 rw-p 00000000 00:00 0 
7fabd4015000-7fabd4100000 ---p 00000000 00:00 0 
7fabd4100000-7fabd4168000 rw-p 00000000 00:00 0 
7fabd4168000-7fabd417f000 ---p 00000000 00:00 0 
7fabd417f000-7fabd4180000 rw-p 00000000 00:00 0 
7fabd4180000-7fabd41aa000 r-xp 00000000 08:02 13899083                   /usr/lib/jvm/java-8-oracle/jre/lib/amd64/libjava.so
7fabd41aa000-7fabd43aa000 ---p 0002a000 08:02 13899083                   /usr/lib/jvm/java-8-oracle/jre/lib/amd64/libjava.so
7fabd43aa000-7fabd43ac000 rw-p 0002a000 08:02 13899083                   /usr/lib/jvm/java-8-oracle/jre/lib/amd64/libjava.so
7fabd43b0000-7fabd43bd000 r-xp 00000000 08:02 13899059                   /usr/lib/jvm/java-8-oracle/jre/lib/amd64/libverify.so
7fabd43bd000-7fabd45bd000 ---p 0000d000 08:02 13899059                   /usr/lib/jvm/java-8-oracle/jre/lib/amd64/libverify.so
7fabd45bd000-7fabd45bf000 rw-p 0000d000 08:02 13899059                   /usr/lib/jvm/java-8-oracle/jre/lib/amd64/libverify.so
7fabd45c0000-7fabd45c7000 r-xp 00000000 08:02 8655881                    /lib/x86_64-linux-gnu/librt-2.15.so
7fabd45c7000-7fabd47c6000 ---p 00007000 08:02 8655881                    /lib/x86_64-linux-gnu/librt-2.15.so
7fabd47c6000-7fabd47c7000 r--p 00006000 08:02 8655881                    /lib/x86_64-linux-gnu/librt-2.15.so
7fabd47c7000-7fabd47c8000 rw-p 00007000 08:02 8655881                    /lib/x86_64-linux-gnu/librt-2.15.so
7fabd47c8000-7fabd48c3000 r-xp 00000000 08:02 8655888                    /lib/x86_64-linux-gnu/libm-2.15.so
7fabd48c3000-7fabd4ac2000 ---p 000fb000 08:02 8655888                    /lib/x86_64-linux-gnu/libm-2.15.so
7fabd4ac2000-7fabd4ac3000 r--p 000fa000 08:02 8655888                    /lib/x86_64-linux-gnu/libm-2.15.so
7fabd4ac3000-7fabd4ac4000 rw-p 000fb000 08:02 8655888                    /lib/x86_64-linux-gnu/libm-2.15.so
7fabd4ac8000-7fabd5735000 r-xp 00000000 08:02 13899106                   /usr/lib/jvm/java-8-oracle/jre/lib/amd64/server/libjvm.so
7fabd5735000-7fabd5934000 ---p 00c6d000 08:02 13899106                   /usr/lib/jvm/java-8-oracle/jre/lib/amd64/server/libjvm.so
7fabd5934000-7fabd5a0a000 rw-p 00c6c000 08:02 13899106                   /usr/lib/jvm/java-8-oracle/jre/lib/amd64/server/libjvm.so
7fabd5a0a000-7fabd5a4d000 rw-p 00000000 00:00 0 
7fabd5a50000-7fabd5c05000 r-xp 00000000 08:02 8655885                    /lib/x86_64-linux-gnu/libc-2.15.so
7fabd5c05000-7fabd5e04000 ---p 001b5000 08:02 8655885                    /lib/x86_64-linux-gnu/libc-2.15.so
7fabd5e04000-7fabd5e08000 r--p 001b4000 08:02 8655885                    /lib/x86_64-linux-gnu/libc-2.15.so
7fabd5e08000-7fabd5e0a000 rw-p 001b8000 08:02 8655885                    /lib/x86_64-linux-gnu/libc-2.15.so
7fabd5e0a000-7fabd5e0f000 rw-p 00000000 00:00 0 
7fabd5e10000-7fabd5e12000 r-xp 00000000 08:02 8655899                    /lib/x86_64-linux-gnu/libdl-2.15.so
7fabd5e12000-7fabd6012000 ---p 00002000 08:02 8655899                    /lib/x86_64-linux-gnu/libdl-2.15.so
7fabd6012000-7fabd6013000 r--p 00002000 08:02 8655899                    /lib/x86_64-linux-gnu/libdl-2.15.so
7fabd6013000-7fabd6014000 rw-p 00003000 08:02 8655899                    /lib/x86_64-linux-gnu/libdl-2.15.so
7fabd6018000-7fabd602d000 r-xp 00000000 08:02 13899108                   /usr/lib/jvm/java-8-oracle/jre/lib/amd64/jli/libjli.so
7fabd602d000-7fabd622c000 ---p 00015000 08:02 13899108                   /usr/lib/jvm/java-8-oracle/jre/lib/amd64/jli/libjli.so
7fabd622c000-7fabd622d000 rw-p 00014000 08:02 13899108                   /usr/lib/jvm/java-8-oracle/jre/lib/amd64/jli/libjli.so
7fabd6230000-7fabd6248000 r-xp 00000000 08:02 8655879                    /lib/x86_64-linux-gnu/libpthread-2.15.so
7fabd6248000-7fabd6447000 ---p 00018000 08:02 8655879                    /lib/x86_64-linux-gnu/libpthread-2.15.so
7fabd6447000-7fabd6448000 r--p 00017000 08:02 8655879                    /lib/x86_64-linux-gnu/libpthread-2.15.so
7fabd6448000-7fabd6449000 rw-p 00018000 08:02 8655879                    /lib/x86_64-linux-gnu/libpthread-2.15.so
7fabd6449000-7fabd644d000 rw-p 00000000 00:00 0 
7fabd6450000-7fabd6472000 r-xp 00000000 08:02 8655878                    /lib/x86_64-linux-gnu/ld-2.15.so
7fabd6472000-7fabd6474000 r--s 0001a000 08:02 12190124                   /usr/lib/jvm/java-8-oracle/jre/lib/jce.jar
7fabd647a000-7fabd647b000 rw-p 00000000 00:00 0 
7fabd647b000-7fabd647f000 r--s 00093000 08:02 12190145                   /usr/lib/jvm/java-8-oracle/jre/lib/jsse.jar
7fabd647f000-7fabd6560000 rw-p 00000000 00:00 0 
7fabd6560000-7fabd6568000 rw-s 00000000 08:02 15599426                   /tmp/hsperfdata_tyler/22350
7fabd6568000-7fabd656a000 rw-p 00000000 00:00 0 
7fabd656a000-7fabd656b000 r--p 00000000 00:00 0 
7fabd656b000-7fabd656e000 ---p 00000000 00:00 0 
7fabd656e000-7fabd6672000 rw-p 00000000 00:00 0                          [stack:22351]
7fabd6672000-7fabd6673000 r--p 00022000 08:02 8655878                    /lib/x86_64-linux-gnu/ld-2.15.so
7fabd6673000-7fabd6675000 rw-p 00023000 08:02 8655878                    /lib/x86_64-linux-gnu/ld-2.15.so
7fffbfeaf000-7fffbfed0000 rw-p 00000000 00:00 0                          [stack]
7fffbff68000-7fffbff6a000 r-xp 00000000 00:00 0                          [vdso]
ffffffffff600000-ffffffffff601000 r-xp 00000000 00:00 0                  [vsyscall]

VM Arguments:
java_command: target/bitmerchant-wallet-shaded.jar
java_class_path (initial): target/bitmerchant-wallet-shaded.jar
Launcher Type: SUN_STANDARD

Environment Variables:
PATH=/usr/lib/lightdm/lightdm:/usr/local/sbin:/usr/local/bin:/usr/sbin:/usr/bin:/sbin:/bin:/usr/games:/home/tyler/.rvm/bin:/home/tyler/.rvm/bin
SHELL=/bin/bash
DISPLAY=:0

Signal Handlers:
SIGSEGV: [libjvm.so+0xa79a80], sa_mask[0]=11111111011111111101111111111110, sa_flags=SA_RESTART|SA_SIGINFO
SIGBUS: [libjvm.so+0xa79a80], sa_mask[0]=11111111011111111101111111111110, sa_flags=SA_RESTART|SA_SIGINFO
SIGFPE: [libjvm.so+0x8e24e0], sa_mask[0]=11111111011111111101111111111110, sa_flags=SA_RESTART|SA_SIGINFO
SIGPIPE: SIG_IGN, sa_mask[0]=00000000000010000000000000000000, sa_flags=SA_RESTART
SIGXFSZ: [libjvm.so+0x8e24e0], sa_mask[0]=11111111011111111101111111111110, sa_flags=SA_RESTART|SA_SIGINFO
SIGILL: [libjvm.so+0x8e24e0], sa_mask[0]=11111111011111111101111111111110, sa_flags=SA_RESTART|SA_SIGINFO
SIGUSR1: SIG_DFL, sa_mask[0]=00000000000000000000000000000000, sa_flags=none
SIGUSR2: [libjvm.so+0x8e3d10], sa_mask[0]=00000000000000000000000000000000, sa_flags=SA_RESTART|SA_SIGINFO
SIGHUP: SIG_IGN, sa_mask[0]=00000000000000000000000000000000, sa_flags=none
SIGINT: SIG_IGN, sa_mask[0]=00000000000000000000000000000000, sa_flags=none
SIGTERM: [libjvm.so+0x8e50d0], sa_mask[0]=11111111011111111101111111111110, sa_flags=SA_RESTART|SA_SIGINFO
SIGQUIT: [libjvm.so+0x8e50d0], sa_mask[0]=11111111011111111101111111111110, sa_flags=SA_RESTART|SA_SIGINFO


---------------  S Y S T E M  ---------------

OS:DISTRIB_ID="elementary OS"
DISTRIB_RELEASE=0.2.1
DISTRIB_CODENAME=luna
DISTRIB_DESCRIPTION="elementary OS Luna"

uname:Linux 3.11.0-26-generic #45~precise1-Ubuntu SMP Tue Jul 15 04:02:35 UTC 2014 x86_64
libc:glibc 2.15 NPTL 2.15 
rlimit: STACK 8192k, CORE 0k, NPROC 24027, NOFILE 4096, AS infinity
load average:2.69 1.72 1.19

/proc/meminfo:
MemTotal:        3102324 kB
MemFree:          115728 kB
Buffers:            7132 kB
Cached:           341924 kB
SwapCached:        53524 kB
Active:          1867032 kB
Inactive:         725920 kB
Active(anon):    1666408 kB
Inactive(anon):   587056 kB
Active(file):     200624 kB
Inactive(file):   138864 kB
Unevictable:         256 kB
Mlocked:             256 kB
SwapTotal:       1535996 kB
SwapFree:         927476 kB
Dirty:             16776 kB
Writeback:             0 kB
AnonPages:       2215276 kB
Mapped:           197488 kB
Shmem:              9508 kB
Slab:             101824 kB
SReclaimable:      68316 kB
SUnreclaim:        33508 kB
KernelStack:        5664 kB
PageTables:        54336 kB
NFS_Unstable:          0 kB
Bounce:                0 kB
WritebackTmp:          0 kB
CommitLimit:     3087156 kB
Committed_AS:   11738648 kB
VmallocTotal:   34359738367 kB
VmallocUsed:      103848 kB
VmallocChunk:   34359631100 kB
HardwareCorrupted:     0 kB
AnonHugePages:         0 kB
HugePages_Total:       0
HugePages_Free:        0
HugePages_Rsvd:        0
HugePages_Surp:        0
Hugepagesize:       2048 kB
DirectMap4k:      105616 kB
DirectMap2M:     2148352 kB
DirectMap1G:     1048576 kB


CPU:total 2 (2 cores per cpu, 1 threads per core) family 21 model 19 stepping 1, cmov, cx8, fxsr, mmx, sse, sse2, sse3, ssse3, sse4.1, sse4.2, popcnt, avx, aes, clmul, mmxext, 3dnowpref, lzcnt, sse4a, tsc, tscinvbit, tscinv, bmi1

/proc/cpuinfo:
processor	: 0
vendor_id	: AuthenticAMD
cpu family	: 21
model		: 19
model name	: AMD A6-5350M APU with Radeon(tm) HD Graphics
stepping	: 1
microcode	: 0x6001119
cpu MHz		: 2900.000
cache size	: 1024 KB
physical id	: 0
siblings	: 2
core id		: 0
cpu cores	: 1
apicid		: 16
initial apicid	: 0
fpu		: yes
fpu_exception	: yes
cpuid level	: 13
wp		: yes
flags		: fpu vme de pse tsc msr pae mce cx8 apic sep mtrr pge mca cmov pat pse36 clflush mmx fxsr sse sse2 ht syscall nx mmxext fxsr_opt pdpe1gb rdtscp lm constant_tsc rep_good nopl nonstop_tsc extd_apicid aperfmperf pni pclmulqdq monitor ssse3 fma cx16 sse4_1 sse4_2 popcnt aes xsave avx f16c lahf_lm cmp_legacy svm extapic cr8_legacy abm sse4a misalignsse 3dnowprefetch osvw ibs xop skinit wdt lwp fma4 tce nodeid_msr tbm topoext perfctr_core perfctr_nb arat cpb hw_pstate npt lbrv svm_lock nrip_save tsc_scale vmcb_clean flushbyasid decodeassists pausefilter pfthreshold bmi1
bogomips	: 5789.12
TLB size	: 1536 4K pages
clflush size	: 64
cache_alignment	: 64
address sizes	: 48 bits physical, 48 bits virtual
power management: ts ttp tm 100mhzsteps hwpstate cpb eff_freq_ro

processor	: 1
vendor_id	: AuthenticAMD
cpu family	: 21
model		: 19
model name	: AMD A6-5350M APU with Radeon(tm) HD Graphics   
stepping	: 1
microcode	: 0x6001119
cpu MHz		: 2900.000
cache size	: 1024 KB
physical id	: 0
siblings	: 2
core id		: 1
cpu cores	: 1
apicid		: 17
initial apicid	: 1
fpu		: yes
fpu_exception	: yes
cpuid level	: 13
wp		: yes
flags		: fpu vme de pse tsc msr pae mce cx8 apic sep mtrr pge mca cmov pat pse36 clflush mmx fxsr sse sse2 ht syscall nx mmxext fxsr_opt pdpe1gb rdtscp lm constant_tsc rep_good nopl nonstop_tsc extd_apicid aperfmperf pni pclmulqdq monitor ssse3 fma cx16 sse4_1 sse4_2 popcnt aes xsave avx f16c lahf_lm cmp_legacy svm extapic cr8_legacy abm sse4a misalignsse 3dnowprefetch osvw ibs xop skinit wdt lwp fma4 tce nodeid_msr tbm topoext perfctr_core perfctr_nb arat cpb hw_pstate npt lbrv svm_lock nrip_save tsc_scale vmcb_clean flushbyasid decodeassists pausefilter pfthreshold bmi1
bogomips	: 5789.12
TLB size	: 1536 4K pages
clflush size	: 64
cache_alignment	: 64
address sizes	: 48 bits physical, 48 bits virtual
power management: ts ttp tm 100mhzsteps hwpstate cpb eff_freq_ro



Memory: 4k page, physical 3102324k(115728k free), swap 1535996k(927476k free)

vm_info: Java HotSpot(TM) 64-Bit Server VM (25.25-b02) for linux-amd64 JRE (1.8.0_25-b17), built on Sep 17 2014 17:32:11 by "java_re" with gcc 4.3.0 20080428 (Red Hat 4.3.0-8)

time: Wed Jan 21 12:05:17 2015
elapsed time: 133 seconds (0d 0h 2m 13s)

