#
# A fatal error has been detected by the Java Runtime Environment:
#
#  SIGBUS (0x7) at pc=0x00007fd16a9997d2, pid=8574, tid=140535814346496
#
# JRE version: Java(TM) SE Runtime Environment (8.0_25-b17) (build 1.8.0_25-b17)
# Java VM: Java HotSpot(TM) 64-Bit Server VM (25.25-b02 mixed mode linux-amd64 compressed oops)
# Problematic frame:
# C  [libzip.so+0x117d2]  newEntry+0x62
#
# Failed to write core dump. Core dumps have been disabled. To enable core dumping, try "ulimit -c unlimited" before starting Java again
#
# If you would like to submit a bug report, please visit:
#   http://bugreport.sun.com/bugreport/crash.jsp
# The crash happened outside the Java Virtual Machine in native code.
# See problematic frame for where to report the bug.
#

---------------  T H R E A D  ---------------

Current thread (0x00007fd1200d4800):  JavaThread "BlockingClient network thread for /178.62.35.172:18333" daemon [_thread_in_native, id=8777, stack(0x00007fd10b3ad000,0x00007fd10b4ae000)]

siginfo: si_signo: 7 (SIGBUS), si_code: 2 (BUS_ADRERR), si_addr: 0x00007fd15405f7c4

Registers:
RAX=0x00007fd13c0579e0, RBX=0x00007fd164175a90, RCX=0x00007fd13c000040, RDX=0x00007fd13c000020
RSP=0x00007fd10b4a9fa0, RBP=0x00007fd10b4a9ff0, RSI=0x00007fd13c000038, RDI=0x0000000000000003
R8 =0x0000000000000000, R9 =0x00007fd10b4aa070, R10=0x6169747261502f65, R11=0x54656c6b72654d6c
R12=0x00007fd15405f7a7, R13=0x00007fd13c0579e0, R14=0x00000000f69aa41b, R15=0x00007fd16418bc50
RIP=0x00007fd16a9997d2, EFLAGS=0x0000000000010202, CSGSFS=0x0000000000000033, ERR=0x0000000000000004
  TRAPNO=0x000000000000000e

Top of Stack: (sp=0x00007fd10b4a9fa0)
0x00007fd10b4a9fa0:   3531653638356331 3030303500000000
0x00007fd10b4a9fb0:   00000001000007a8 00007fd16c5e497e
0x00007fd10b4a9fc0:   00007fd13c0579e0 00007fd164175a90
0x00007fd10b4a9fd0:   00007fd120066810 00007fd16418bc50
0x00007fd10b4a9fe0:   00000000f69aa41b 0000000000000029
0x00007fd10b4a9ff0:   00007fd10b4aa050 00007fd16a999f2f
0x00007fd10b4aa000:   00007fd1200d4800 01007fd10b4aa690
0x00007fd10b4aa010:   00007fd10b4aa070 00007fd10b4aa09a
0x00007fd10b4aa020:   00007fd10b4aa098 00007fd10b4aa070
0x00007fd10b4aa030:   0000000000000029 00007fd1200d49e8
0x00007fd10b4aa040:   00007fd10b4aa4c8 0000000000000001
0x00007fd10b4aa050:   00007fd10b4aa4b0 00007fd16a98bd30
0x00007fd10b4aa060:   00007fd10b4ac448 00007fd16418bc50
0x00007fd10b4aa070:   637469622f67726f 726f632f6a6e696f
0x00007fd10b4aa080:   6169747261502f65 54656c6b72654d6c
0x00007fd10b4aa090:   73616c632e656572 0000000000000073
0x00007fd10b4aa0a0:   00007fd100000000 0000000000000000
0x00007fd10b4aa0b0:   00007fd10b4ac220 00007fd100000000
0x00007fd10b4aa0c0:   00007fd10b4ac2c0 0000000000000000
0x00007fd10b4aa0d0:   00007fd100000000 0000000000000000
0x00007fd10b4aa0e0:   00007fd10b4ac300 00007fd16cd43e0e
0x00007fd10b4aa0f0:   00007fd10b4aa790 00007fd10b4aa780
0x00007fd10b4aa100:   00007fd10b4aa900 00007fd1200d4800
0x00007fd10b4aa110:   0000000000000000 00007fd16cd1077c
0x00007fd10b4aa120:   00007fd1200cf9c0 00000000f6d51d38
0x00007fd10b4aa130:   00000000f6d51d58 00000000f6d51da8
0x00007fd10b4aa140:   00000000f6d51e38 00007fd10000000f
0x00007fd10b4aa150:   00007fd10b4ac44c 0000000000000000
0x00007fd10b4aa160:   00007fd16c812f10 0000000000000000
0x00007fd10b4aa170:   00007fd10b4ac9c0 00007fd1550004e7
0x00007fd10b4aa180:   00007fd1550003d0 00007fd100000000
0x00007fd10b4aa190:   00007fd10b4aca60 00007fd10b4ac9f8 

Instructions: (pc=0x00007fd16a9997d2)
0x00007fd16a9997b2:   00 48 c7 40 28 00 00 00 00 41 80 7f 30 00 0f 84
0x00007fd16a9997c2:   8a 02 00 00 4c 8b 63 08 4d 2b 67 28 4d 03 67 18
0x00007fd16a9997d2:   41 0f b6 5c 24 1d 41 0f b6 44 24 1c c1 e3 08 09
0x00007fd16a9997e2:   c3 41 0f b6 44 24 1e 88 45 bd 41 0f b6 54 24 20 

Register to memory mapping:

RAX=0x00007fd13c0579e0 is an unknown value
RBX=0x00007fd164175a90 is an unknown value
RCX=0x00007fd13c000040 is an unknown value
RDX=0x00007fd13c000020 is an unknown value
RSP=0x00007fd10b4a9fa0 is pointing into the stack for thread: 0x00007fd1200d4800
RBP=0x00007fd10b4a9ff0 is pointing into the stack for thread: 0x00007fd1200d4800
RSI=0x00007fd13c000038 is an unknown value
RDI=0x0000000000000003 is an unknown value
R8 =0x0000000000000000 is an unknown value
R9 =0x00007fd10b4aa070 is pointing into the stack for thread: 0x00007fd1200d4800
R10=0x6169747261502f65 is an unknown value
R11=0x54656c6b72654d6c is an unknown value
R12=0x00007fd15405f7a7 is an unknown value
R13=0x00007fd13c0579e0 is an unknown value
R14=0x00000000f69aa41b is an unknown value
R15=0x00007fd16418bc50 is an unknown value


Stack: [0x00007fd10b3ad000,0x00007fd10b4ae000],  sp=0x00007fd10b4a9fa0,  free space=1011k
Native frames: (J=compiled Java code, j=interpreted, Vv=VM code, C=native code)
C  [libzip.so+0x117d2]  newEntry+0x62
C  [libzip.so+0x11f2f]  ZIP_GetEntry2+0xff
C  [libzip.so+0x3d30]  Java_java_util_zip_ZipFile_getEntry+0xf0
J 210  java.util.zip.ZipFile.getEntry(J[BZ)J (0 bytes) @ 0x00007fd155171a0e [0x00007fd155171940+0xce]
J 271 C1 java.util.zip.ZipFile.getEntry(Ljava/lang/String;)Ljava/util/zip/ZipEntry; (86 bytes) @ 0x00007fd15519474c [0x00007fd1551944e0+0x26c]
J 477 C1 java.util.jar.JarFile.getEntry(Ljava/lang/String;)Ljava/util/zip/ZipEntry; (22 bytes) @ 0x00007fd15521b2e4 [0x00007fd15521b260+0x84]
J 2997 C2 sun.misc.URLClassPath.getResource(Ljava/lang/String;Z)Lsun/misc/Resource; (74 bytes) @ 0x00007fd155723cec [0x00007fd155723ac0+0x22c]
J 262 C1 java.net.URLClassLoader$1.run()Ljava/lang/Class; (73 bytes) @ 0x00007fd15518f69c [0x00007fd15518f4a0+0x1fc]
J 261 C1 java.net.URLClassLoader$1.run()Ljava/lang/Object; (5 bytes) @ 0x00007fd15518f10c [0x00007fd15518f080+0x8c]
v  ~StubRoutines::call_stub
V  [libjvm.so+0x664086]  JavaCalls::call_helper(JavaValue*, methodHandle*, JavaCallArguments*, Thread*)+0x1056
V  [libjvm.so+0x6f8fec]  JVM_DoPrivileged+0x27c
J 260  java.security.AccessController.doPrivileged(Ljava/security/PrivilegedExceptionAction;Ljava/security/AccessControlContext;)Ljava/lang/Object; (0 bytes) @ 0x00007fd15518e055 [0x00007fd15518df80+0xd5]
J 219 C1 java.net.URLClassLoader.findClass(Ljava/lang/String;)Ljava/lang/Class; (29 bytes) @ 0x00007fd155179224 [0x00007fd1551790a0+0x184]
J 176 C1 java.lang.ClassLoader.loadClass(Ljava/lang/String;Z)Ljava/lang/Class; (122 bytes) @ 0x00007fd15515ce5c [0x00007fd15515c500+0x95c]
J 276 C1 sun.misc.Launcher$AppClassLoader.loadClass(Ljava/lang/String;Z)Ljava/lang/Class; (40 bytes) @ 0x00007fd1551988ac [0x00007fd155198480+0x42c]
J 275 C1 java.lang.ClassLoader.loadClass(Ljava/lang/String;)Ljava/lang/Class; (7 bytes) @ 0x00007fd155198ec4 [0x00007fd155198dc0+0x104]
v  ~StubRoutines::call_stub
V  [libjvm.so+0x664086]  JavaCalls::call_helper(JavaValue*, methodHandle*, JavaCallArguments*, Thread*)+0x1056
V  [libjvm.so+0x664591]  JavaCalls::call_virtual(JavaValue*, KlassHandle, Symbol*, Symbol*, JavaCallArguments*, Thread*)+0x321
V  [libjvm.so+0x6649e6]  JavaCalls::call_virtual(JavaValue*, Handle, KlassHandle, Symbol*, Symbol*, Handle, Thread*)+0x56
V  [libjvm.so+0x9f51b0]  SystemDictionary::load_instance_class(Symbol*, Handle, Thread*)+0x3c0
V  [libjvm.so+0x9f421c]  SystemDictionary::resolve_instance_class_or_null(Symbol*, Handle, Handle, Thread*)+0x7cc
V  [libjvm.so+0x9f55d3]  SystemDictionary::resolve_or_fail(Symbol*, Handle, Handle, bool, Thread*)+0x33
V  [libjvm.so+0x4dc768]  ConstantPool::klass_at_impl(constantPoolHandle, int, Thread*)+0x158
V  [libjvm.so+0x658371]  InterpreterRuntime::_new(JavaThread*, ConstantPool*, int)+0x71
j  org.bitcoinj.core.FilteredBlock.parse()V+34
J 3574 C1 org.bitcoinj.core.Message.<init>(Lorg/bitcoinj/core/NetworkParameters;[BIIZZI)V (152 bytes) @ 0x00007fd1558c4e0c [0x00007fd1558c4aa0+0x36c]
J 3583 C1 org.bitcoinj.core.Message.<init>(Lorg/bitcoinj/core/NetworkParameters;[BI)V (14 bytes) @ 0x00007fd1558c73d4 [0x00007fd1558c7340+0x94]
j  org.bitcoinj.core.FilteredBlock.<init>(Lorg/bitcoinj/core/NetworkParameters;[B)V+4
J 3705 C1 org.bitcoinj.core.BitcoinSerializer.makeMessage(Ljava/lang/String;I[B[B[B)Lorg/bitcoinj/core/Message; (587 bytes) @ 0x00007fd155918df4 [0x00007fd155918600+0x7f4]
J 3625 C1 org.bitcoinj.core.BitcoinSerializer.deserializePayload(Lorg/bitcoinj/core/BitcoinSerializer$BitcoinPacketHeader;Ljava/nio/ByteBuffer;)Lorg/bitcoinj/core/Message; (242 bytes) @ 0x00007fd1558d37a4 [0x00007fd1558d21e0+0x15c4]
J 3427 C1 org.bitcoinj.core.PeerSocketHandler.receiveBytes(Ljava/nio/ByteBuffer;)I (306 bytes) @ 0x00007fd155855cdc [0x00007fd1558551e0+0xafc]
j  org.bitcoinj.net.BlockingClient$1.run()V+234
v  ~StubRoutines::call_stub
V  [libjvm.so+0x664086]  JavaCalls::call_helper(JavaValue*, methodHandle*, JavaCallArguments*, Thread*)+0x1056
V  [libjvm.so+0x664591]  JavaCalls::call_virtual(JavaValue*, KlassHandle, Symbol*, Symbol*, JavaCallArguments*, Thread*)+0x321
V  [libjvm.so+0x664a37]  JavaCalls::call_virtual(JavaValue*, Handle, KlassHandle, Symbol*, Symbol*, Thread*)+0x47
V  [libjvm.so+0x6dee3e]  thread_entry(JavaThread*, Thread*)+0x7e
V  [libjvm.so+0xa29e8f]  JavaThread::thread_main_inner()+0xdf
V  [libjvm.so+0xa29fbc]  JavaThread::run()+0x11c
V  [libjvm.so+0x8e7d48]  java_start(Thread*)+0x108
C  [libpthread.so.0+0x7e9a]  start_thread+0xda

Java frames: (J=compiled Java code, j=interpreted, Vv=VM code)
J 210  java.util.zip.ZipFile.getEntry(J[BZ)J (0 bytes) @ 0x00007fd155171998 [0x00007fd155171940+0x58]
J 271 C1 java.util.zip.ZipFile.getEntry(Ljava/lang/String;)Ljava/util/zip/ZipEntry; (86 bytes) @ 0x00007fd15519474c [0x00007fd1551944e0+0x26c]
J 477 C1 java.util.jar.JarFile.getEntry(Ljava/lang/String;)Ljava/util/zip/ZipEntry; (22 bytes) @ 0x00007fd15521b2e4 [0x00007fd15521b260+0x84]
J 2997 C2 sun.misc.URLClassPath.getResource(Ljava/lang/String;Z)Lsun/misc/Resource; (74 bytes) @ 0x00007fd155723cec [0x00007fd155723ac0+0x22c]
J 262 C1 java.net.URLClassLoader$1.run()Ljava/lang/Class; (73 bytes) @ 0x00007fd15518f69c [0x00007fd15518f4a0+0x1fc]
J 261 C1 java.net.URLClassLoader$1.run()Ljava/lang/Object; (5 bytes) @ 0x00007fd15518f10c [0x00007fd15518f080+0x8c]
v  ~StubRoutines::call_stub
J 260  java.security.AccessController.doPrivileged(Ljava/security/PrivilegedExceptionAction;Ljava/security/AccessControlContext;)Ljava/lang/Object; (0 bytes) @ 0x00007fd15518dfe3 [0x00007fd15518df80+0x63]
J 219 C1 java.net.URLClassLoader.findClass(Ljava/lang/String;)Ljava/lang/Class; (29 bytes) @ 0x00007fd155179224 [0x00007fd1551790a0+0x184]
J 176 C1 java.lang.ClassLoader.loadClass(Ljava/lang/String;Z)Ljava/lang/Class; (122 bytes) @ 0x00007fd15515ce5c [0x00007fd15515c500+0x95c]
J 276 C1 sun.misc.Launcher$AppClassLoader.loadClass(Ljava/lang/String;Z)Ljava/lang/Class; (40 bytes) @ 0x00007fd1551988ac [0x00007fd155198480+0x42c]
J 275 C1 java.lang.ClassLoader.loadClass(Ljava/lang/String;)Ljava/lang/Class; (7 bytes) @ 0x00007fd155198ec4 [0x00007fd155198dc0+0x104]
v  ~StubRoutines::call_stub
j  org.bitcoinj.core.FilteredBlock.parse()V+34
J 3574 C1 org.bitcoinj.core.Message.<init>(Lorg/bitcoinj/core/NetworkParameters;[BIIZZI)V (152 bytes) @ 0x00007fd1558c4e0c [0x00007fd1558c4aa0+0x36c]
J 3583 C1 org.bitcoinj.core.Message.<init>(Lorg/bitcoinj/core/NetworkParameters;[BI)V (14 bytes) @ 0x00007fd1558c73d4 [0x00007fd1558c7340+0x94]
j  org.bitcoinj.core.FilteredBlock.<init>(Lorg/bitcoinj/core/NetworkParameters;[B)V+4
J 3705 C1 org.bitcoinj.core.BitcoinSerializer.makeMessage(Ljava/lang/String;I[B[B[B)Lorg/bitcoinj/core/Message; (587 bytes) @ 0x00007fd155918df4 [0x00007fd155918600+0x7f4]
J 3625 C1 org.bitcoinj.core.BitcoinSerializer.deserializePayload(Lorg/bitcoinj/core/BitcoinSerializer$BitcoinPacketHeader;Ljava/nio/ByteBuffer;)Lorg/bitcoinj/core/Message; (242 bytes) @ 0x00007fd1558d37a4 [0x00007fd1558d21e0+0x15c4]
J 3427 C1 org.bitcoinj.core.PeerSocketHandler.receiveBytes(Ljava/nio/ByteBuffer;)I (306 bytes) @ 0x00007fd155855cdc [0x00007fd1558551e0+0xafc]
j  org.bitcoinj.net.BlockingClient$1.run()V+234
v  ~StubRoutines::call_stub

---------------  P R O C E S S  ---------------

Java Threads: ( => current thread )
  0x00007fd1200e1800 JavaThread "BlockingClient network thread for testnet-seed.alexykot.me/23.239.11.65:18333" daemon [_thread_blocked, id=8802, stack(0x00007fd10bab4000,0x00007fd10bbb5000)]
=>0x00007fd1200d4800 JavaThread "BlockingClient network thread for /178.62.35.172:18333" daemon [_thread_in_native, id=8777, stack(0x00007fd10b3ad000,0x00007fd10b4ae000)]
  0x00007fd14005e000 JavaThread "CircuitCreationTask worker-7" daemon [_thread_blocked, id=8772, stack(0x00007fd10ada7000,0x00007fd10aea8000)]
  0x00007fd14005d000 JavaThread "CircuitCreationTask worker-6" daemon [_thread_blocked, id=8771, stack(0x00007fd10cfd0000,0x00007fd10d0d1000)]
  0x00007fd14005c800 JavaThread "CircuitCreationTask worker-5" daemon [_thread_blocked, id=8770, stack(0x00007fd10cecf000,0x00007fd10cfd0000)]
  0x00007fd1200c5800 JavaThread "BlockingClient network thread for testnet-seed.bitcoin.schildbach.de/192.241.197.62:18333" daemon [_thread_blocked, id=8768, stack(0x00007fd10b7b1000,0x00007fd10b8b2000)]
  0x00007fd1200d8000 JavaThread "BlockingClient network thread for /54.206.106.94:18333" daemon [_thread_blocked, id=8767, stack(0x00007fd10d0d1000,0x00007fd10d1d2000)]
  0x00007fd1200df800 JavaThread "BlockingClient network thread for /104.131.126.235:18333" daemon [_thread_blocked, id=8766, stack(0x00007fd10b2ac000,0x00007fd10b3ad000)]
  0x00007fd1200b9800 JavaThread "BlockingClient network thread for /46.4.28.150:18333" daemon [_thread_blocked, id=8765, stack(0x00007fd10b1ab000,0x00007fd10b2ac000)]
  0x00007fd1200b5800 JavaThread "BlockingClient network thread for /46.28.207.68:18333" daemon [_thread_blocked, id=8763, stack(0x00007fd10b8b2000,0x00007fd10b9b3000)]
  0x00007fd1200e3000 JavaThread "BlockingClient network thread for testnet-seed.alexykot.me/104.131.143.115:18333" daemon [_thread_blocked, id=8762, stack(0x00007fd10cdce000,0x00007fd10cecf000)]
  0x00007fd1200c2800 JavaThread "BlockingClient network thread for testnet-seed.bitcoin.schildbach.de/144.76.33.244:18333" daemon [_thread_blocked, id=8761, stack(0x00007fd10b0aa000,0x00007fd10b1ab000)]
  0x00007fd1200b0000 JavaThread "BlockingClient network thread for /54.72.131.178:18333" daemon [_thread_blocked, id=8760, stack(0x00007fd10b6b0000,0x00007fd10b7b1000)]
  0x00007fd1200d6800 JavaThread "BlockingClient network thread for /174.140.166.57:18333" daemon [_thread_blocked, id=8758, stack(0x00007fd10afa9000,0x00007fd10b0aa000)]
  0x00007fd1200bf800 JavaThread "AbstractTimeoutHandler timeouts" daemon [_thread_blocked, id=8757, stack(0x00007fd10c8c9000,0x00007fd10c9ca000)]
  0x00007fd13000d000 JavaThread "Thread-29" daemon [_thread_in_native, id=8719, stack(0x00007fd10bcb6000,0x00007fd10bdb7000)]
  0x00007fd124016000 JavaThread "Thread-28" daemon [_thread_in_native, id=8718, stack(0x00007fd10bdb7000,0x00007fd10beb8000)]
  0x00007fd1200bd000 JavaThread "Thread-25" daemon [_thread_in_native, id=8717, stack(0x00007fd10beb8000,0x00007fd10bfb9000)]
  0x0000000000a51800 JavaThread "Thread-22" daemon [_thread_in_native, id=8716, stack(0x00007fd10bfb9000,0x00007fd10c0ba000)]
  0x00007fd11c019800 JavaThread "Thread-26" daemon [_thread_in_native, id=8715, stack(0x00007fd10c0ba000,0x00007fd10c1bb000)]
  0x00007fd12c760800 JavaThread "Thread-30" daemon [_thread_in_native, id=8714, stack(0x00007fd10c1bb000,0x00007fd10c2bc000)]
  0x00007fd114007800 JavaThread "Thread-24" daemon [_thread_in_native, id=8713, stack(0x00007fd10c2bc000,0x00007fd10c3bd000)]
  0x00007fd12816c000 JavaThread "Thread-27" daemon [_thread_in_native, id=8712, stack(0x00007fd10c3bd000,0x00007fd10c4be000)]
  0x00007fd1642f5000 JavaThread "Thread-23" daemon [_thread_in_native, id=8711, stack(0x00007fd10c4be000,0x00007fd10c5bf000)]
  0x00007fd138496800 JavaThread "Thread-31" daemon [_thread_in_native, id=8710, stack(0x00007fd10c5bf000,0x00007fd10c6c0000)]
  0x00007fd13c04c800 JavaThread "Thread-21" daemon [_thread_in_native, id=8683, stack(0x00007fd10d2d3000,0x00007fd10d3d4000)]
  0x00007fd138090800 JavaThread "Thread-20" daemon [_thread_in_native, id=8682, stack(0x00007fd10d3d4000,0x00007fd10d4d5000)]
  0x00007fd13404c800 JavaThread "Thread-19" daemon [_thread_in_native, id=8681, stack(0x00007fd10d4d5000,0x00007fd10d5d6000)]
  0x00007fd124001000 JavaThread "qtp335974830-38" [_thread_blocked, id=8674, stack(0x00007fd10e4a7000,0x00007fd10e5a8000)]
  0x00007fd14800f000 JavaThread "qtp335974830-36" [_thread_blocked, id=8672, stack(0x00007fd10e5a8000,0x00007fd10e6a9000)]
  0x00007fd134003800 JavaThread "qtp335974830-35" [_thread_blocked, id=8671, stack(0x00007fd10e6a9000,0x00007fd10e7aa000)]
  0x00007fd13c004800 JavaThread "qtp335974830-34" [_thread_blocked, id=8670, stack(0x00007fd10e7aa000,0x00007fd10e8ab000)]
  0x00007fd1200a5000 JavaThread "CircuitManager worker-0" daemon [_thread_blocked, id=8669, stack(0x00007fd10e8ab000,0x00007fd10e9ac000)]
  0x00007fd1200a4000 JavaThread "Thread-13" daemon [_thread_blocked, id=8668, stack(0x00007fd1476da000,0x00007fd1477db000)]
  0x00007fd1281d6000 JavaThread "PeerGroup Thread" daemon [_thread_blocked, id=8667, stack(0x00007fd10e9ac000,0x00007fd10eaad000)]
  0x00007fd1281b7800 JavaThread "pool-5-thread-1" [_thread_blocked, id=8666, stack(0x00007fd10eaad000,0x00007fd10ebae000)]
  0x00007fd1281ad800 JavaThread "DescriptorCache rebuild worker-0" daemon [_thread_blocked, id=8665, stack(0x00007fd10ebae000,0x00007fd10ecaf000)]
  0x00007fd1281ab800 JavaThread "DescriptorCache rebuild worker-0" daemon [_thread_blocked, id=8664, stack(0x00007fd10ecaf000,0x00007fd10edb0000)]
  0x00007fd130003800 JavaThread "Scheduler-109436387" [_thread_blocked, id=8655, stack(0x00007fd10f04f000,0x00007fd10f150000)]
  0x00007fd12006f000 JavaThread "HashSessionScavenger-0" daemon [_thread_blocked, id=8614, stack(0x00007fd10f566000,0x00007fd10f667000)]
  0x00007fd120069800 JavaThread "qtp335974830-24" [_thread_blocked, id=8609, stack(0x00007fd10f768000,0x00007fd10f869000)]
  0x00007fd120067800 JavaThread "qtp335974830-23" [_thread_blocked, id=8608, stack(0x00007fd10f869000,0x00007fd10f96a000)]
  0x00007fd120064000 JavaThread "qtp335974830-21" [_thread_blocked, id=8605, stack(0x00007fd10fa6b000,0x00007fd10fb6c000)]
  0x00007fd120062800 JavaThread "qtp335974830-20-acceptor-0-ServerConnector@3651fcc4{HTTP/1.1}{0.0.0.0:4567}" [_thread_in_native, id=8602, stack(0x00007fd10fb6c000,0x00007fd10fc6d000)]
  0x00007fd120060800 JavaThread "qtp335974830-19-selector-1" [_thread_in_native, id=8600, stack(0x00007fd10fc6d000,0x00007fd10fd6e000)]
  0x00007fd12004e800 JavaThread "qtp335974830-18-selector-0" [_thread_in_native, id=8598, stack(0x00007fd118007000,0x00007fd118108000)]
  0x00007fd164009800 JavaThread "DestroyJavaVM" [_thread_blocked, id=8575, stack(0x00007fd16d7d4000,0x00007fd16d8d5000)]
  0x00007fd12003d800 JavaThread "DateCache" daemon [_thread_blocked, id=8591, stack(0x00007fd14409f000,0x00007fd1441a0000)]
  0x00007fd164414800 JavaThread "AWT-XAWT" daemon [_thread_in_native, id=8590, stack(0x00007fd144ab7000,0x00007fd144bb8000)]
  0x00007fd1643f6000 JavaThread "Java2D Disposer" daemon [_thread_blocked, id=8589, stack(0x00007fd144fcf000,0x00007fd1450d0000)]
  0x00007fd1643aa000 JavaThread "Thread-1" [_thread_blocked, id=8588, stack(0x00007fd146c47000,0x00007fd146d48000)]
  0x00007fd128083000 JavaThread "bitcoinj user thread" daemon [_thread_blocked, id=8587, stack(0x00007fd1473bf000,0x00007fd1474c0000)]
  0x00007fd16415f800 JavaThread "Service Thread" daemon [_thread_blocked, id=8584, stack(0x00007fd1478fd000,0x00007fd1479fe000)]
  0x00007fd16412f800 JavaThread "C1 CompilerThread1" daemon [_thread_blocked, id=8583, stack(0x00007fd1479fe000,0x00007fd147aff000)]
  0x00007fd16412c800 JavaThread "C2 CompilerThread0" daemon [_thread_blocked, id=8582, stack(0x00007fd147aff000,0x00007fd147c00000)]
  0x00007fd16412a800 JavaThread "Signal Dispatcher" daemon [_thread_blocked, id=8581, stack(0x00007fd1540ce000,0x00007fd1541cf000)]
  0x00007fd1640ff000 JavaThread "Finalizer" daemon [_thread_blocked, id=8580, stack(0x00007fd1541cf000,0x00007fd1542d0000)]
  0x00007fd1640fd000 JavaThread "Reference Handler" daemon [_thread_blocked, id=8579, stack(0x00007fd1542d0000,0x00007fd1543d1000)]

Other Threads:
  0x00007fd1640f6000 VMThread [stack: 0x00007fd1543d1000,0x00007fd1544d2000] [id=8578]
  0x00007fd164161000 WatcherThread [stack: 0x00007fd1477fc000,0x00007fd1478fd000] [id=8585]

VM state:not at safepoint (normal execution)

VM Mutex/Monitor currently owned by a thread: None

Heap:
 PSYoungGen      total 205312K, used 125498K [0x00000000f0380000, 0x0000000100000000, 0x0000000100000000)
  eden space 188928K, 57% used [0x00000000f0380000,0x00000000f6e16800,0x00000000fbc00000)
  from space 16384K, 99% used [0x00000000fbc00000,0x00000000fcbf8318,0x00000000fcc00000)
  to   space 22528K, 0% used [0x00000000fea00000,0x00000000fea00000,0x0000000100000000)
 ParOldGen       total 53248K, used 35265K [0x00000000d0a00000, 0x00000000d3e00000, 0x00000000f0380000)
  object space 53248K, 66% used [0x00000000d0a00000,0x00000000d2c706f8,0x00000000d3e00000)
 Metaspace       used 21165K, capacity 21352K, committed 21760K, reserved 1069056K
  class space    used 2385K, capacity 2434K, committed 2560K, reserved 1048576K

Card table byte_map: [0x00007fd16a44c000,0x00007fd16a5c8000] byte_map_base: 0x00007fd169dc7000

Marking Bits: (ParMarkBitMap*) 0x00007fd16cc9a2c0
 Begin Bits: [0x00007fd16899d000, 0x00007fd169575000)
 End Bits:   [0x00007fd169575000, 0x00007fd16a14d000)

Polling page: 0x00007fd16d8e9000

CodeCache: size=245760Kb used=9552Kb max_used=9564Kb free=236207Kb
 bounds [0x00007fd155000000, 0x00007fd155970000, 0x00007fd164000000]
 total_blobs=3568 nmethods=3044 adapters=439
 compilation: enabled

Compilation events (10 events):
Event: 179.202 Thread 0x00007fd16412f800 3750       1       org.bitcoinj.core.AbstractPeerEventListener::onPreMessageReceived (2 bytes)
Event: 179.202 Thread 0x00007fd16412f800 nmethod 3750 0x00007fd1556cc250 code [0x00007fd1556cc3a0, 0x00007fd1556cc4b0]
Event: 179.202 Thread 0x00007fd16412f800 3749       3       java.text.SimpleDateFormat::format (171 bytes)
Event: 179.211 Thread 0x00007fd16412f800 nmethod 3749 0x00007fd155960210 code [0x00007fd155960420, 0x00007fd1559612e8]
Event: 182.200 Thread 0x00007fd16412f800 3751       1       com.google.common.io.GwtWorkarounds$6::close (1 bytes)
Event: 182.200 Thread 0x00007fd16412f800 nmethod 3751 0x00007fd155965950 code [0x00007fd155965aa0, 0x00007fd155965bb0]
Event: 184.895 Thread 0x00007fd16412c800 3752       4       java.nio.Buffer::flip (20 bytes)
Event: 184.896 Thread 0x00007fd16412c800 nmethod 3752 0x00007fd1554e3210 code [0x00007fd1554e3360, 0x00007fd1554e33d8]
Event: 185.179 Thread 0x00007fd16412c800 3753   !   4       com.subgraph.orchid.circuits.TorInputStream::available (19 bytes)
Event: 185.182 Thread 0x00007fd16412c800 nmethod 3753 0x00007fd1556545d0 code [0x00007fd155654720, 0x00007fd155654958]

GC Heap History (10 events):
Event: 6.547 GC heap before
{Heap before GC invocations=6 (full 0):
 PSYoungGen      total 51200K, used 51182K [0x00000000f0380000, 0x00000000f7280000, 0x0000000100000000)
  eden space 49152K, 100% used [0x00000000f0380000,0x00000000f3380000,0x00000000f3380000)
  from space 2048K, 99% used [0x00000000f3380000,0x00000000f357bb58,0x00000000f3580000)
  to   space 7680K, 0% used [0x00000000f6b00000,0x00000000f6b00000,0x00000000f7280000)
 ParOldGen       total 32768K, used 14879K [0x00000000d0a00000, 0x00000000d2a00000, 0x00000000f0380000)
  object space 32768K, 45% used [0x00000000d0a00000,0x00000000d1887df8,0x00000000d2a00000)
 Metaspace       used 18246K, capacity 18458K, committed 18688K, reserved 1064960K
  class space    used 2130K, capacity 2203K, committed 2304K, reserved 1048576K
Event: 6.598 GC heap after
Heap after GC invocations=6 (full 0):
 PSYoungGen      total 104960K, used 7671K [0x00000000f0380000, 0x00000000f7480000, 0x0000000100000000)
  eden space 97280K, 0% used [0x00000000f0380000,0x00000000f0380000,0x00000000f6280000)
  from space 7680K, 99% used [0x00000000f6b00000,0x00000000f727dce0,0x00000000f7280000)
  to   space 8704K, 0% used [0x00000000f6280000,0x00000000f6280000,0x00000000f6b00000)
 ParOldGen       total 32768K, used 15119K [0x00000000d0a00000, 0x00000000d2a00000, 0x00000000f0380000)
  object space 32768K, 46% used [0x00000000d0a00000,0x00000000d18c3d70,0x00000000d2a00000)
 Metaspace       used 18246K, capacity 18458K, committed 18688K, reserved 1064960K
  class space    used 2130K, capacity 2203K, committed 2304K, reserved 1048576K
}
Event: 7.603 GC heap before
{Heap before GC invocations=7 (full 0):
 PSYoungGen      total 104960K, used 104951K [0x00000000f0380000, 0x00000000f7480000, 0x0000000100000000)
  eden space 97280K, 100% used [0x00000000f0380000,0x00000000f6280000,0x00000000f6280000)
  from space 7680K, 99% used [0x00000000f6b00000,0x00000000f727dce0,0x00000000f7280000)
  to   space 8704K, 0% used [0x00000000f6280000,0x00000000f6280000,0x00000000f6b00000)
 ParOldGen       total 32768K, used 15119K [0x00000000d0a00000, 0x00000000d2a00000, 0x00000000f0380000)
  object space 32768K, 46% used [0x00000000d0a00000,0x00000000d18c3d70,0x00000000d2a00000)
 Metaspace       used 18512K, capacity 18650K, committed 18944K, reserved 1067008K
  class space    used 2159K, capacity 2203K, committed 2304K, reserved 1048576K
Event: 7.688 GC heap after
Heap after GC invocations=7 (full 0):
 PSYoungGen      total 105984K, used 8686K [0x00000000f0380000, 0x00000000fe080000, 0x0000000100000000)
  eden space 97280K, 0% used [0x00000000f0380000,0x00000000f0380000,0x00000000f6280000)
  from space 8704K, 99% used [0x00000000f6280000,0x00000000f6afba60,0x00000000f6b00000)
  to   space 15872K, 0% used [0x00000000fd100000,0x00000000fd100000,0x00000000fe080000)
 ParOldGen       total 32768K, used 26789K [0x00000000d0a00000, 0x00000000d2a00000, 0x00000000f0380000)
  object space 32768K, 81% used [0x00000000d0a00000,0x00000000d2429520,0x00000000d2a00000)
 Metaspace       used 18512K, capacity 18650K, committed 18944K, reserved 1067008K
  class space    used 2159K, capacity 2203K, committed 2304K, reserved 1048576K
}
Event: 7.688 GC heap before
{Heap before GC invocations=8 (full 1):
 PSYoungGen      total 105984K, used 8686K [0x00000000f0380000, 0x00000000fe080000, 0x0000000100000000)
  eden space 97280K, 0% used [0x00000000f0380000,0x00000000f0380000,0x00000000f6280000)
  from space 8704K, 99% used [0x00000000f6280000,0x00000000f6afba60,0x00000000f6b00000)
  to   space 15872K, 0% used [0x00000000fd100000,0x00000000fd100000,0x00000000fe080000)
 ParOldGen       total 32768K, used 26789K [0x00000000d0a00000, 0x00000000d2a00000, 0x00000000f0380000)
  object space 32768K, 81% used [0x00000000d0a00000,0x00000000d2429520,0x00000000d2a00000)
 Metaspace       used 18512K, capacity 18650K, committed 18944K, reserved 1067008K
  class space    used 2159K, capacity 2203K, committed 2304K, reserved 1048576K
Event: 7.933 GC heap after
Heap after GC invocations=8 (full 1):
 PSYoungGen      total 105984K, used 0K [0x00000000f0380000, 0x00000000fe080000, 0x0000000100000000)
  eden space 97280K, 0% used [0x00000000f0380000,0x00000000f0380000,0x00000000f6280000)
  from space 8704K, 0% used [0x00000000f6280000,0x00000000f6280000,0x00000000f6b00000)
  to   space 15872K, 0% used [0x00000000fd100000,0x00000000fd100000,0x00000000fe080000)
 ParOldGen       total 53248K, used 25705K [0x00000000d0a00000, 0x00000000d3e00000, 0x00000000f0380000)
  object space 53248K, 48% used [0x00000000d0a00000,0x00000000d231a650,0x00000000d3e00000)
 Metaspace       used 18510K, capacity 18648K, committed 18944K, reserved 1067008K
  class space    used 2158K, capacity 2202K, committed 2304K, reserved 1048576K
}
Event: 8.240 GC heap before
{Heap before GC invocations=9 (full 1):
 PSYoungGen      total 105984K, used 97280K [0x00000000f0380000, 0x00000000fe080000, 0x0000000100000000)
  eden space 97280K, 100% used [0x00000000f0380000,0x00000000f6280000,0x00000000f6280000)
  from space 8704K, 0% used [0x00000000f6280000,0x00000000f6280000,0x00000000f6b00000)
  to   space 15872K, 0% used [0x00000000fd100000,0x00000000fd100000,0x00000000fe080000)
 ParOldGen       total 53248K, used 25705K [0x00000000d0a00000, 0x00000000d3e00000, 0x00000000f0380000)
  object space 53248K, 48% used [0x00000000d0a00000,0x00000000d231a650,0x00000000d3e00000)
 Metaspace       used 18510K, capacity 18648K, committed 18944K, reserved 1067008K
  class space    used 2158K, capacity 2202K, committed 2304K, reserved 1048576K
Event: 8.283 GC heap after
Heap after GC invocations=9 (full 1):
 PSYoungGen      total 171520K, used 11140K [0x00000000f0380000, 0x00000000fdc00000, 0x0000000100000000)
  eden space 160256K, 0% used [0x00000000f0380000,0x00000000f0380000,0x00000000fa000000)
  from space 11264K, 98% used [0x00000000fd100000,0x00000000fdbe1278,0x00000000fdc00000)
  to   space 16384K, 0% used [0x00000000fbc00000,0x00000000fbc00000,0x00000000fcc00000)
 ParOldGen       total 53248K, used 25705K [0x00000000d0a00000, 0x00000000d3e00000, 0x00000000f0380000)
  object space 53248K, 48% used [0x00000000d0a00000,0x00000000d231a650,0x00000000d3e00000)
 Metaspace       used 18510K, capacity 18648K, committed 18944K, reserved 1067008K
  class space    used 2158K, capacity 2202K, committed 2304K, reserved 1048576K
}
Event: 19.043 GC heap before
{Heap before GC invocations=10 (full 1):
 PSYoungGen      total 171520K, used 171396K [0x00000000f0380000, 0x00000000fdc00000, 0x0000000100000000)
  eden space 160256K, 100% used [0x00000000f0380000,0x00000000fa000000,0x00000000fa000000)
  from space 11264K, 98% used [0x00000000fd100000,0x00000000fdbe1278,0x00000000fdc00000)
  to   space 16384K, 0% used [0x00000000fbc00000,0x00000000fbc00000,0x00000000fcc00000)
 ParOldGen       total 53248K, used 25705K [0x00000000d0a00000, 0x00000000d3e00000, 0x00000000f0380000)
  object space 53248K, 48% used [0x00000000d0a00000,0x00000000d231a650,0x00000000d3e00000)
 Metaspace       used 20233K, capacity 20424K, committed 20608K, reserved 1067008K
  class space    used 2333K, capacity 2402K, committed 2432K, reserved 1048576K
Event: 19.108 GC heap after
Heap after GC invocations=10 (full 1):
 PSYoungGen      total 205312K, used 16352K [0x00000000f0380000, 0x0000000100000000, 0x0000000100000000)
  eden space 188928K, 0% used [0x00000000f0380000,0x00000000f0380000,0x00000000fbc00000)
  from space 16384K, 99% used [0x00000000fbc00000,0x00000000fcbf8318,0x00000000fcc00000)
  to   space 22528K, 0% used [0x00000000fea00000,0x00000000fea00000,0x0000000100000000)
 ParOldGen       total 53248K, used 35265K [0x00000000d0a00000, 0x00000000d3e00000, 0x00000000f0380000)
  object space 53248K, 66% used [0x00000000d0a00000,0x00000000d2c706f8,0x00000000d3e00000)
 Metaspace       used 20233K, capacity 20424K, committed 20608K, reserved 1067008K
  class space    used 2333K, capacity 2402K, committed 2432K, reserved 1048576K
}

Deoptimization events (10 events):
Event: 12.208 Thread 0x00007fd1281d6000 Uncommon trap: reason=class_check action=maybe_recompile pc=0x00007fd1555bac14 method=java.util.AbstractCollection.toArray([Ljava/lang/Object;)[Ljava/lang/Object; @ 1
Event: 39.295 Thread 0x00007fd11c015800 Uncommon trap: reason=unreached action=reinterpret pc=0x00007fd155516120 method=com.subgraph.orchid.circuits.path.CircuitNodeChooserWeightParameters.calculateWeightedBandwidth(Lcom/subgraph/orchid/Router;)D @ 19
Event: 39.296 Thread 0x00007fd11c015800 Uncommon trap: reason=unreached action=reinterpret pc=0x00007fd1551f7cc4 method=com.subgraph.orchid.circuits.path.BandwidthWeightedRouters.adjustTotals(Lcom/subgraph/orchid/Router;D)V @ 6
Event: 41.274 Thread 0x00007fd11c017000 Uncommon trap: reason=unreached action=reinterpret pc=0x00007fd1556942f4 method=com.subgraph.orchid.circuits.path.CircuitNodeChooserWeightParameters.calculateWeight(ZZZ)D @ 30
Event: 42.279 Thread 0x00007fd1200b0000 Uncommon trap: reason=unloaded action=reinterpret pc=0x00007fd1554ca708 method=java.nio.Buffer.nextGetIndex()I @ 11
Event: 45.264 Thread 0x00007fd14005d000 Uncommon trap: reason=class_check action=maybe_recompile pc=0x00007fd1553bd1fc method=com.subgraph.orchid.circuits.path.CircuitPathChooser.excludeChosenRouterAndRelated(Lcom/subgraph/orchid/Router;Ljava/util/Set;)V @ 71
Event: 47.269 Thread 0x00007fd140060000 Uncommon trap: reason=class_check action=maybe_recompile pc=0x00007fd1553bd1fc method=com.subgraph.orchid.circuits.path.CircuitPathChooser.excludeChosenRouterAndRelated(Lcom/subgraph/orchid/Router;Ljava/util/Set;)V @ 71
Event: 49.273 Thread 0x00007fd14005b800 Uncommon trap: reason=class_check action=maybe_recompile pc=0x00007fd1553bd1fc method=com.subgraph.orchid.circuits.path.CircuitPathChooser.excludeChosenRouterAndRelated(Lcom/subgraph/orchid/Router;Ljava/util/Set;)V @ 71
Event: 52.268 Thread 0x00007fd14005d000 Uncommon trap: reason=class_check action=maybe_recompile pc=0x00007fd1553bd1fc method=com.subgraph.orchid.circuits.path.CircuitPathChooser.excludeChosenRouterAndRelated(Lcom/subgraph/orchid/Router;Ljava/util/Set;)V @ 71
Event: 90.547 Thread 0x00007fd14005b800 Uncommon trap: reason=predicate action=maybe_recompile pc=0x00007fd1558780e8 method=com.subgraph.orchid.crypto.Curve25519.square([II[II)V @ 72

Internal exceptions (10 events):
Event: 42.908 Thread 0x00007fd1200b0000 Exception <a 'java/security/PrivilegedActionException'> (0x00000000f20869b0) thrown at [/HUDSON/workspace/8-2-build-linux-amd64/jdk8u25/1514/hotspot/src/share/vm/prims/jvm.cpp, line 1312]
Event: 42.909 Thread 0x00007fd1200b0000 Exception <a 'java/security/PrivilegedActionException'> (0x00000000f20899a8) thrown at [/HUDSON/workspace/8-2-build-linux-amd64/jdk8u25/1514/hotspot/src/share/vm/prims/jvm.cpp, line 1312]
Event: 42.916 Thread 0x00007fd1200b0000 Exception <a 'java/security/PrivilegedActionException'> (0x00000000f208d320) thrown at [/HUDSON/workspace/8-2-build-linux-amd64/jdk8u25/1514/hotspot/src/share/vm/prims/jvm.cpp, line 1312]
Event: 42.920 Thread 0x00007fd1200b0000 Exception <a 'java/security/PrivilegedActionException'> (0x00000000f208fb08) thrown at [/HUDSON/workspace/8-2-build-linux-amd64/jdk8u25/1514/hotspot/src/share/vm/prims/jvm.cpp, line 1312]
Event: 44.194 Thread 0x00007fd1281d6000 Exception <a 'java/security/PrivilegedActionException'> (0x00000000f1729d58) thrown at [/HUDSON/workspace/8-2-build-linux-amd64/jdk8u25/1514/hotspot/src/share/vm/prims/jvm.cpp, line 1312]
Event: 91.408 Thread 0x00007fd140060000 Exception <a 'java/security/PrivilegedActionException'> (0x00000000f4da4210) thrown at [/HUDSON/workspace/8-2-build-linux-amd64/jdk8u25/1514/hotspot/src/share/vm/prims/jvm.cpp, line 1312]
Event: 91.409 Thread 0x00007fd140060000 Exception <a 'java/security/PrivilegedActionException'> (0x00000000f4da9f38) thrown at [/HUDSON/workspace/8-2-build-linux-amd64/jdk8u25/1514/hotspot/src/share/vm/prims/jvm.cpp, line 1312]
Event: 91.416 Thread 0x00007fd140060000 Exception <a 'java/security/PrivilegedActionException'> (0x00000000f4db63c8) thrown at [/HUDSON/workspace/8-2-build-linux-amd64/jdk8u25/1514/hotspot/src/share/vm/prims/jvm.cpp, line 1312]
Event: 144.194 Thread 0x00007fd1281d6000 Exception <a 'java/security/PrivilegedActionException'> (0x00000000f6564f08) thrown at [/HUDSON/workspace/8-2-build-linux-amd64/jdk8u25/1514/hotspot/src/share/vm/prims/jvm.cpp, line 1312]
Event: 186.908 Thread 0x00007fd1200d4800 Exception <a 'java/security/PrivilegedActionException'> (0x00000000f6d51d10) thrown at [/HUDSON/workspace/8-2-build-linux-amd64/jdk8u25/1514/hotspot/src/share/vm/prims/jvm.cpp, line 1312]

Events (10 events):
Event: 161.226 Thread 0x00007fd16412f800 flushing nmethod 0x00007fd1555c25d0
Event: 161.228 Thread 0x00007fd16412f800 flushing nmethod 0x00007fd1555f8f50
Event: 161.230 Thread 0x00007fd16412f800 flushing nmethod 0x00007fd1556522d0
Event: 161.231 Thread 0x00007fd16412f800 flushing nmethod 0x00007fd1556cc250
Event: 161.231 Thread 0x00007fd16412f800 flushing nmethod 0x00007fd1556d97d0
Event: 161.232 Thread 0x00007fd16412f800 flushing nmethod 0x00007fd155723010
Event: 165.593 Thread 0x00007fd14005b800 Thread exited: 0x00007fd14005b800
Event: 166.042 Thread 0x00007fd140060000 Thread exited: 0x00007fd140060000
Event: 186.908 loading class org/bitcoinj/core/PartialMerkleTree
Event: 186.908 loading class org/bitcoinj/core/PartialMerkleTree done


Dynamic libraries:
00400000-00401000 r-xp 00000000 08:02 11797142                           /usr/lib/jvm/java-8-oracle/jre/bin/java
00600000-00601000 rw-p 00000000 08:02 11797142                           /usr/lib/jvm/java-8-oracle/jre/bin/java
00a4c000-00a91000 rw-p 00000000 00:00 0                                  [heap]
d0a00000-d3e00000 rw-p 00000000 00:00 0 
d3e00000-f0380000 ---p 00000000 00:00 0 
f0380000-100000000 rw-p 00000000 00:00 0 
100000000-100280000 rw-p 00000000 00:00 0 
100280000-140000000 ---p 00000000 00:00 0 
7fd10a8a2000-7fd10a8a5000 ---p 00000000 00:00 0 
7fd10a8a5000-7fd10a9a3000 rw-p 00000000 00:00 0 
7fd10a9a3000-7fd10a9a6000 ---p 00000000 00:00 0 
7fd10a9a6000-7fd10aaa4000 rw-p 00000000 00:00 0 
7fd10aaa4000-7fd10aaa7000 ---p 00000000 00:00 0 
7fd10aaa7000-7fd10aba5000 rw-p 00000000 00:00 0 
7fd10aba5000-7fd10aba8000 ---p 00000000 00:00 0 
7fd10aba8000-7fd10aca6000 rw-p 00000000 00:00 0 
7fd10aca6000-7fd10aca9000 ---p 00000000 00:00 0 
7fd10aca9000-7fd10ada7000 rw-p 00000000 00:00 0 
7fd10ada7000-7fd10adaa000 ---p 00000000 00:00 0 
7fd10adaa000-7fd10aea8000 rw-p 00000000 00:00 0                          [stack:8772]
7fd10aea8000-7fd10aeab000 ---p 00000000 00:00 0 
7fd10aeab000-7fd10afa9000 rw-p 00000000 00:00 0 
7fd10afa9000-7fd10afac000 ---p 00000000 00:00 0 
7fd10afac000-7fd10b0aa000 rw-p 00000000 00:00 0                          [stack:8758]
7fd10b0aa000-7fd10b0ad000 ---p 00000000 00:00 0 
7fd10b0ad000-7fd10b1ab000 rw-p 00000000 00:00 0                          [stack:8761]
7fd10b1ab000-7fd10b1ae000 ---p 00000000 00:00 0 
7fd10b1ae000-7fd10b2ac000 rw-p 00000000 00:00 0                          [stack:8765]
7fd10b2ac000-7fd10b2af000 ---p 00000000 00:00 0 
7fd10b2af000-7fd10b3ad000 rw-p 00000000 00:00 0                          [stack:8766]
7fd10b3ad000-7fd10b3b0000 ---p 00000000 00:00 0 
7fd10b3b0000-7fd10b4ae000 rw-p 00000000 00:00 0                          [stack:8777]
7fd10b4ae000-7fd10b4b1000 ---p 00000000 00:00 0 
7fd10b4b1000-7fd10b5af000 rw-p 00000000 00:00 0 
7fd10b5af000-7fd10b5b2000 ---p 00000000 00:00 0 
7fd10b5b2000-7fd10b6b0000 rw-p 00000000 00:00 0 
7fd10b6b0000-7fd10b6b3000 ---p 00000000 00:00 0 
7fd10b6b3000-7fd10b7b1000 rw-p 00000000 00:00 0                          [stack:8760]
7fd10b7b1000-7fd10b7b4000 ---p 00000000 00:00 0 
7fd10b7b4000-7fd10b8b2000 rw-p 00000000 00:00 0                          [stack:8768]
7fd10b8b2000-7fd10b8b5000 ---p 00000000 00:00 0 
7fd10b8b5000-7fd10b9b3000 rw-p 00000000 00:00 0                          [stack:8763]
7fd10b9b3000-7fd10b9b6000 ---p 00000000 00:00 0 
7fd10b9b6000-7fd10bab4000 rw-p 00000000 00:00 0 
7fd10bab4000-7fd10bab7000 ---p 00000000 00:00 0 
7fd10bab7000-7fd10bbb5000 rw-p 00000000 00:00 0                          [stack:8802]
7fd10bbb5000-7fd10bbb8000 ---p 00000000 00:00 0 
7fd10bbb8000-7fd10bcb6000 rw-p 00000000 00:00 0 
7fd10bcb6000-7fd10bcb9000 ---p 00000000 00:00 0 
7fd10bcb9000-7fd10bdb7000 rw-p 00000000 00:00 0                          [stack:8719]
7fd10bdb7000-7fd10bdba000 ---p 00000000 00:00 0 
7fd10bdba000-7fd10beb8000 rw-p 00000000 00:00 0                          [stack:8718]
7fd10beb8000-7fd10bebb000 ---p 00000000 00:00 0 
7fd10bebb000-7fd10bfb9000 rw-p 00000000 00:00 0                          [stack:8717]
7fd10bfb9000-7fd10bfbc000 ---p 00000000 00:00 0 
7fd10bfbc000-7fd10c0ba000 rw-p 00000000 00:00 0                          [stack:8716]
7fd10c0ba000-7fd10c0bd000 ---p 00000000 00:00 0 
7fd10c0bd000-7fd10c1bb000 rw-p 00000000 00:00 0                          [stack:8715]
7fd10c1bb000-7fd10c1be000 ---p 00000000 00:00 0 
7fd10c1be000-7fd10c2bc000 rw-p 00000000 00:00 0                          [stack:8714]
7fd10c2bc000-7fd10c2bf000 ---p 00000000 00:00 0 
7fd10c2bf000-7fd10c3bd000 rw-p 00000000 00:00 0                          [stack:8713]
7fd10c3bd000-7fd10c3c0000 ---p 00000000 00:00 0 
7fd10c3c0000-7fd10c4be000 rw-p 00000000 00:00 0                          [stack:8712]
7fd10c4be000-7fd10c4c1000 ---p 00000000 00:00 0 
7fd10c4c1000-7fd10c5bf000 rw-p 00000000 00:00 0                          [stack:8711]
7fd10c5bf000-7fd10c5c2000 ---p 00000000 00:00 0 
7fd10c5c2000-7fd10c6c0000 rw-p 00000000 00:00 0                          [stack:8710]
7fd10c6c0000-7fd10c6c2000 r-xp 00000000 08:02 8650804                    /lib/libnss_mdns4.so.2
7fd10c6c2000-7fd10c8c1000 ---p 00002000 08:02 8650804                    /lib/libnss_mdns4.so.2
7fd10c8c1000-7fd10c8c2000 r--p 00001000 08:02 8650804                    /lib/libnss_mdns4.so.2
7fd10c8c2000-7fd10c8c3000 rw-p 00002000 08:02 8650804                    /lib/libnss_mdns4.so.2
7fd10c8c9000-7fd10c8cc000 ---p 00000000 00:00 0 
7fd10c8cc000-7fd10c9ca000 rw-p 00000000 00:00 0                          [stack:8757]
7fd10c9ca000-7fd10c9cd000 ---p 00000000 00:00 0 
7fd10c9cd000-7fd10cacb000 rw-p 00000000 00:00 0 
7fd10cacb000-7fd10cace000 ---p 00000000 00:00 0 
7fd10cace000-7fd10cbcc000 rw-p 00000000 00:00 0 
7fd10cbcc000-7fd10cbcf000 ---p 00000000 00:00 0 
7fd10cbcf000-7fd10cccd000 rw-p 00000000 00:00 0 
7fd10cccd000-7fd10ccd0000 ---p 00000000 00:00 0 
7fd10ccd0000-7fd10cdce000 rw-p 00000000 00:00 0 
7fd10cdce000-7fd10cdd1000 ---p 00000000 00:00 0 
7fd10cdd1000-7fd10cecf000 rw-p 00000000 00:00 0                          [stack:8762]
7fd10cecf000-7fd10ced2000 ---p 00000000 00:00 0 
7fd10ced2000-7fd10cfd0000 rw-p 00000000 00:00 0                          [stack:8770]
7fd10cfd0000-7fd10cfd3000 ---p 00000000 00:00 0 
7fd10cfd3000-7fd10d0d1000 rw-p 00000000 00:00 0                          [stack:8771]
7fd10d0d1000-7fd10d0d4000 ---p 00000000 00:00 0 
7fd10d0d4000-7fd10d1d2000 rw-p 00000000 00:00 0                          [stack:8767]
7fd10d1d2000-7fd10d1d5000 ---p 00000000 00:00 0 
7fd10d1d5000-7fd10d2d3000 rw-p 00000000 00:00 0 
7fd10d2d3000-7fd10d2d6000 ---p 00000000 00:00 0 
7fd10d2d6000-7fd10d3d4000 rw-p 00000000 00:00 0                          [stack:8683]
7fd10d3d4000-7fd10d3d7000 ---p 00000000 00:00 0 
7fd10d3d7000-7fd10d4d5000 rw-p 00000000 00:00 0                          [stack:8682]
7fd10d4d5000-7fd10d4d8000 ---p 00000000 00:00 0 
7fd10d4d8000-7fd10d5d6000 rw-p 00000000 00:00 0                          [stack:8681]
7fd10d5d6000-7fd10d5d9000 ---p 00000000 00:00 0 
7fd10d5d9000-7fd10d6d7000 rw-p 00000000 00:00 0 
7fd10d6d7000-7fd10d6da000 ---p 00000000 00:00 0 
7fd10d6da000-7fd10d7d8000 rw-p 00000000 00:00 0 
7fd10d7d8000-7fd10d7df000 r-xp 00000000 08:02 8655898                    /lib/x86_64-linux-gnu/libnss_dns-2.15.so
7fd10d7df000-7fd10d9de000 ---p 00007000 08:02 8655898                    /lib/x86_64-linux-gnu/libnss_dns-2.15.so
7fd10d9de000-7fd10d9df000 r--p 00006000 08:02 8655898                    /lib/x86_64-linux-gnu/libnss_dns-2.15.so
7fd10d9df000-7fd10d9e0000 rw-p 00007000 08:02 8655898                    /lib/x86_64-linux-gnu/libnss_dns-2.15.so
7fd10d9e0000-7fd10d9e2000 r-xp 00000000 08:02 8650805                    /lib/libnss_mdns4_minimal.so.2
7fd10d9e2000-7fd10dbe1000 ---p 00002000 08:02 8650805                    /lib/libnss_mdns4_minimal.so.2
7fd10dbe1000-7fd10dbe2000 r--p 00001000 08:02 8650805                    /lib/libnss_mdns4_minimal.so.2
7fd10dbe2000-7fd10dbe3000 rw-p 00002000 08:02 8650805                    /lib/libnss_mdns4_minimal.so.2
7fd10dbe8000-7fd10dbeb000 ---p 00000000 00:00 0 
7fd10dbeb000-7fd10dce9000 rw-p 00000000 00:00 0 
7fd10dce9000-7fd10dcec000 ---p 00000000 00:00 0 
7fd10dcec000-7fd10e4a7000 rw-p 00000000 00:00 0 
7fd10e4a7000-7fd10e4aa000 ---p 00000000 00:00 0 
7fd10e4aa000-7fd10e5a8000 rw-p 00000000 00:00 0                          [stack:8674]
7fd10e5a8000-7fd10e5ab000 ---p 00000000 00:00 0 
7fd10e5ab000-7fd10e6a9000 rw-p 00000000 00:00 0                          [stack:8672]
7fd10e6a9000-7fd10e6ac000 ---p 00000000 00:00 0 
7fd10e6ac000-7fd10e7aa000 rw-p 00000000 00:00 0                          [stack:8671]
7fd10e7aa000-7fd10e7ad000 ---p 00000000 00:00 0 
7fd10e7ad000-7fd10e8ab000 rw-p 00000000 00:00 0                          [stack:8670]
7fd10e8ab000-7fd10e8ae000 ---p 00000000 00:00 0 
7fd10e8ae000-7fd10e9ac000 rw-p 00000000 00:00 0                          [stack:8669]
7fd10e9ac000-7fd10e9af000 ---p 00000000 00:00 0 
7fd10e9af000-7fd10eaad000 rw-p 00000000 00:00 0                          [stack:8667]
7fd10eaad000-7fd10eab0000 ---p 00000000 00:00 0 
7fd10eab0000-7fd10ebae000 rw-p 00000000 00:00 0                          [stack:8666]
7fd10ebae000-7fd10ebb1000 ---p 00000000 00:00 0 
7fd10ebb1000-7fd10ecaf000 rw-p 00000000 00:00 0                          [stack:8665]
7fd10ecaf000-7fd10ecb2000 ---p 00000000 00:00 0 
7fd10ecb2000-7fd10efb0000 rw-p 00000000 00:00 0                          [stack:8664]
7fd10efb0000-7fd10f04d000 rw-s 00000000 08:02 9049711                    /home/tyler/.bitmerchant-wallet/bitmerchant-wallet.spvchain
7fd10f04f000-7fd10f052000 ---p 00000000 00:00 0 
7fd10f052000-7fd10f350000 rw-p 00000000 00:00 0                          [stack:8655]
7fd10f350000-7fd10f361000 r-xp 00000000 08:02 13899060                   /usr/lib/jvm/java-8-oracle/jre/lib/amd64/libnio.so
7fd10f361000-7fd10f560000 ---p 00011000 08:02 13899060                   /usr/lib/jvm/java-8-oracle/jre/lib/amd64/libnio.so
7fd10f560000-7fd10f561000 rw-p 00010000 08:02 13899060                   /usr/lib/jvm/java-8-oracle/jre/lib/amd64/libnio.so
7fd10f566000-7fd10f569000 ---p 00000000 00:00 0 
7fd10f569000-7fd10f667000 rw-p 00000000 00:00 0                          [stack:8614]
7fd10f667000-7fd10f66a000 ---p 00000000 00:00 0 
7fd10f66a000-7fd10f768000 rw-p 00000000 00:00 0 
7fd10f768000-7fd10f76b000 ---p 00000000 00:00 0 
7fd10f76b000-7fd10f869000 rw-p 00000000 00:00 0                          [stack:8609]
7fd10f869000-7fd10f86c000 ---p 00000000 00:00 0 
7fd10f86c000-7fd10f96a000 rw-p 00000000 00:00 0                          [stack:8608]
7fd10f96a000-7fd10f96d000 ---p 00000000 00:00 0 
7fd10f96d000-7fd10fa6b000 rw-p 00000000 00:00 0 
7fd10fa6b000-7fd10fa6e000 ---p 00000000 00:00 0 
7fd10fa6e000-7fd10fb6c000 rw-p 00000000 00:00 0                          [stack:8605]
7fd10fb6c000-7fd10fb6f000 ---p 00000000 00:00 0 
7fd10fb6f000-7fd10fc6d000 rw-p 00000000 00:00 0                          [stack:8602]
7fd10fc6d000-7fd10fc70000 ---p 00000000 00:00 0 
7fd10fc70000-7fd10fd6e000 rw-p 00000000 00:00 0                          [stack:8600]
7fd11036f000-7fd11042f000 rw-p 00000000 00:00 0 
7fd11042f000-7fd11056f000 ---p 00000000 00:00 0 
7fd11056f000-7fd110570000 ---p 00000000 00:00 0 
7fd110570000-7fd110d70000 rw-p 00000000 00:00 0 
7fd110d70000-7fd110d76000 r-xp 00000000 08:02 10886392                   /usr/lib/x86_64-linux-gnu/libogg.so.0.7.1
7fd110d76000-7fd110f75000 ---p 00006000 08:02 10886392                   /usr/lib/x86_64-linux-gnu/libogg.so.0.7.1
7fd110f75000-7fd110f76000 r--p 00005000 08:02 10886392                   /usr/lib/x86_64-linux-gnu/libogg.so.0.7.1
7fd110f76000-7fd110f77000 rw-p 00006000 08:02 10886392                   /usr/lib/x86_64-linux-gnu/libogg.so.0.7.1
7fd110f78000-7fd110fa3000 r-xp 00000000 08:02 10886544                   /usr/lib/x86_64-linux-gnu/libvorbis.so.0.4.5
7fd110fa3000-7fd1111a2000 ---p 0002b000 08:02 10886544                   /usr/lib/x86_64-linux-gnu/libvorbis.so.0.4.5
7fd1111a2000-7fd1111a3000 r--p 0002a000 08:02 10886544                   /usr/lib/x86_64-linux-gnu/libvorbis.so.0.4.5
7fd1111a3000-7fd1111a4000 rw-p 0002b000 08:02 10886544                   /usr/lib/x86_64-linux-gnu/libvorbis.so.0.4.5
7fd1111a8000-7fd1111b0000 r-xp 00000000 08:02 10886352                   /usr/lib/x86_64-linux-gnu/libltdl.so.7.3.0
7fd1111b0000-7fd1113b0000 ---p 00008000 08:02 10886352                   /usr/lib/x86_64-linux-gnu/libltdl.so.7.3.0
7fd1113b0000-7fd1113b1000 r--p 00008000 08:02 10886352                   /usr/lib/x86_64-linux-gnu/libltdl.so.7.3.0
7fd1113b1000-7fd1113b2000 rw-p 00009000 08:02 10886352                   /usr/lib/x86_64-linux-gnu/libltdl.so.7.3.0
7fd1113b8000-7fd1113c8000 r-xp 00000000 08:02 10886517                   /usr/lib/x86_64-linux-gnu/libtdb.so.1.2.9
7fd1113c8000-7fd1115c7000 ---p 00010000 08:02 10886517                   /usr/lib/x86_64-linux-gnu/libtdb.so.1.2.9
7fd1115c7000-7fd1115c8000 r--p 0000f000 08:02 10886517                   /usr/lib/x86_64-linux-gnu/libtdb.so.1.2.9
7fd1115c8000-7fd1115c9000 rw-p 00010000 08:02 10886517                   /usr/lib/x86_64-linux-gnu/libtdb.so.1.2.9
7fd1115d0000-7fd1115d7000 r-xp 00000000 08:02 10886548                   /usr/lib/x86_64-linux-gnu/libvorbisfile.so.3.3.4
7fd1115d7000-7fd1117d6000 ---p 00007000 08:02 10886548                   /usr/lib/x86_64-linux-gnu/libvorbisfile.so.3.3.4
7fd1117d6000-7fd1117d7000 r--p 00006000 08:02 10886548                   /usr/lib/x86_64-linux-gnu/libvorbisfile.so.3.3.4
7fd1117d7000-7fd1117d8000 rw-p 00007000 08:02 10886548                   /usr/lib/x86_64-linux-gnu/libvorbisfile.so.3.3.4
7fd1117d8000-7fd1117e7000 r-xp 00000000 08:02 10886057                   /usr/lib/x86_64-linux-gnu/libcanberra.so.0.2.5
7fd1117e7000-7fd1119e6000 ---p 0000f000 08:02 10886057                   /usr/lib/x86_64-linux-gnu/libcanberra.so.0.2.5
7fd1119e6000-7fd1119e7000 r--p 0000e000 08:02 10886057                   /usr/lib/x86_64-linux-gnu/libcanberra.so.0.2.5
7fd1119e7000-7fd1119e8000 rw-p 0000f000 08:02 10886057                   /usr/lib/x86_64-linux-gnu/libcanberra.so.0.2.5
7fd1119e8000-7fd1119ec000 r-xp 00000000 08:02 10886053                   /usr/lib/x86_64-linux-gnu/libcanberra-gtk.so.0.1.8
7fd1119ec000-7fd111beb000 ---p 00004000 08:02 10886053                   /usr/lib/x86_64-linux-gnu/libcanberra-gtk.so.0.1.8
7fd111beb000-7fd111bec000 r--p 00003000 08:02 10886053                   /usr/lib/x86_64-linux-gnu/libcanberra-gtk.so.0.1.8
7fd111bec000-7fd111bed000 rw-p 00004000 08:02 10886053                   /usr/lib/x86_64-linux-gnu/libcanberra-gtk.so.0.1.8
7fd111bef000-7fd111bf0000 ---p 00000000 00:00 0 
7fd111bf0000-7fd1123f0000 rw-p 00000000 00:00 0                          [stack:8593]
7fd1123f0000-7fd11241f000 r-xp 00000000 08:02 11013966                   /usr/lib/x86_64-linux-gnu/gtk-2.0/2.10.0/engines/libmurrine.so
7fd11241f000-7fd11261f000 ---p 0002f000 08:02 11013966                   /usr/lib/x86_64-linux-gnu/gtk-2.0/2.10.0/engines/libmurrine.so
7fd11261f000-7fd112620000 r--p 0002f000 08:02 11013966                   /usr/lib/x86_64-linux-gnu/gtk-2.0/2.10.0/engines/libmurrine.so
7fd112620000-7fd112621000 rw-p 00030000 08:02 11013966                   /usr/lib/x86_64-linux-gnu/gtk-2.0/2.10.0/engines/libmurrine.so
7fd112627000-7fd112628000 ---p 00000000 00:00 0 
7fd112628000-7fd112e28000 rw-p 00000000 00:00 0                          [stack:8592]
7fd112e28000-7fd112f0a000 r-xp 00000000 08:02 10886507                   /usr/lib/x86_64-linux-gnu/libstdc++.so.6.0.16
7fd112f0a000-7fd113109000 ---p 000e2000 08:02 10886507                   /usr/lib/x86_64-linux-gnu/libstdc++.so.6.0.16
7fd113109000-7fd113111000 r--p 000e1000 08:02 10886507                   /usr/lib/x86_64-linux-gnu/libstdc++.so.6.0.16
7fd113111000-7fd113113000 rw-p 000e9000 08:02 10886507                   /usr/lib/x86_64-linux-gnu/libstdc++.so.6.0.16
7fd113113000-7fd113128000 rw-p 00000000 00:00 0 
7fd113138000-7fd11313d000 r-xp 00000000 08:02 11013985                   /usr/lib/x86_64-linux-gnu/gtk-2.0/modules/libcanberra-gtk-module.so
7fd11313d000-7fd11333c000 ---p 00005000 08:02 11013985                   /usr/lib/x86_64-linux-gnu/gtk-2.0/modules/libcanberra-gtk-module.so
7fd11333c000-7fd11333d000 r--p 00004000 08:02 11013985                   /usr/lib/x86_64-linux-gnu/gtk-2.0/modules/libcanberra-gtk-module.so
7fd11333d000-7fd11333e000 rw-p 00005000 08:02 11013985                   /usr/lib/x86_64-linux-gnu/gtk-2.0/modules/libcanberra-gtk-module.so
7fd113340000-7fd113350000 r-xp 00000000 08:02 11013837                   /usr/lib/x86_64-linux-gnu/gio/modules/libgioremote-volume-monitor.so
7fd113350000-7fd11354f000 ---p 00010000 08:02 11013837                   /usr/lib/x86_64-linux-gnu/gio/modules/libgioremote-volume-monitor.so
7fd11354f000-7fd113550000 r--p 0000f000 08:02 11013837                   /usr/lib/x86_64-linux-gnu/gio/modules/libgioremote-volume-monitor.so
7fd113550000-7fd113551000 rw-p 00010000 08:02 11013837                   /usr/lib/x86_64-linux-gnu/gio/modules/libgioremote-volume-monitor.so
7fd113558000-7fd11355f000 r-xp 00000000 08:02 11013833                   /usr/lib/x86_64-linux-gnu/gio/modules/libdconfsettings.so
7fd11355f000-7fd11375e000 ---p 00007000 08:02 11013833                   /usr/lib/x86_64-linux-gnu/gio/modules/libdconfsettings.so
7fd11375e000-7fd11375f000 r--p 00006000 08:02 11013833                   /usr/lib/x86_64-linux-gnu/gio/modules/libdconfsettings.so
7fd11375f000-7fd113760000 rw-p 00007000 08:02 11013833                   /usr/lib/x86_64-linux-gnu/gio/modules/libdconfsettings.so
7fd113760000-7fd11376c000 r-xp 00000000 08:02 8650872                    /lib/x86_64-linux-gnu/libudev.so.0.13.0
7fd11376c000-7fd11396b000 ---p 0000c000 08:02 8650872                    /lib/x86_64-linux-gnu/libudev.so.0.13.0
7fd11396b000-7fd11396c000 r--p 0000b000 08:02 8650872                    /lib/x86_64-linux-gnu/libudev.so.0.13.0
7fd11396c000-7fd11396d000 rw-p 0000c000 08:02 8650872                    /lib/x86_64-linux-gnu/libudev.so.0.13.0
7fd113970000-7fd1139b2000 r-xp 00000000 08:02 8650817                    /lib/x86_64-linux-gnu/libdbus-1.so.3.5.8
7fd1139b2000-7fd113bb2000 ---p 00042000 08:02 8650817                    /lib/x86_64-linux-gnu/libdbus-1.so.3.5.8
7fd113bb2000-7fd113bb3000 r--p 00042000 08:02 8650817                    /lib/x86_64-linux-gnu/libdbus-1.so.3.5.8
7fd113bb3000-7fd113bb4000 rw-p 00043000 08:02 8650817                    /lib/x86_64-linux-gnu/libdbus-1.so.3.5.8
7fd113bb8000-7fd113bce000 r-xp 00000000 08:02 11014031                   /usr/lib/x86_64-linux-gnu/gvfs/libgvfscommon.so
7fd113bce000-7fd113dcd000 ---p 00016000 08:02 11014031                   /usr/lib/x86_64-linux-gnu/gvfs/libgvfscommon.so
7fd113dcd000-7fd113dce000 r--p 00015000 08:02 11014031                   /usr/lib/x86_64-linux-gnu/gvfs/libgvfscommon.so
7fd113dce000-7fd113dcf000 rw-p 00016000 08:02 11014031                   /usr/lib/x86_64-linux-gnu/gvfs/libgvfscommon.so
7fd113dd0000-7fd113df8000 r-xp 00000000 08:02 11013838                   /usr/lib/x86_64-linux-gnu/gio/modules/libgvfsdbus.so
7fd113df8000-7fd113ff7000 ---p 00028000 08:02 11013838                   /usr/lib/x86_64-linux-gnu/gio/modules/libgvfsdbus.so
7fd113ff7000-7fd113ff8000 r--p 00027000 08:02 11013838                   /usr/lib/x86_64-linux-gnu/gio/modules/libgvfsdbus.so
7fd113ff8000-7fd113ff9000 rw-p 00028000 08:02 11013838                   /usr/lib/x86_64-linux-gnu/gio/modules/libgvfsdbus.so
7fd114000000-7fd114021000 rw-p 00000000 00:00 0 
7fd114021000-7fd118000000 ---p 00000000 00:00 0 
7fd118007000-7fd11800a000 ---p 00000000 00:00 0 
7fd11800a000-7fd118108000 rw-p 00000000 00:00 0                          [stack:8598]
7fd118108000-7fd118118000 r-xp 00000000 08:02 10881862                   /usr/lib/liboverlay-scrollbar-0.2.so.0.0.16
7fd118118000-7fd118317000 ---p 00010000 08:02 10881862                   /usr/lib/liboverlay-scrollbar-0.2.so.0.0.16
7fd118317000-7fd118318000 r--p 0000f000 08:02 10881862                   /usr/lib/liboverlay-scrollbar-0.2.so.0.0.16
7fd118318000-7fd118319000 rw-p 00010000 08:02 10881862                   /usr/lib/liboverlay-scrollbar-0.2.so.0.0.16
7fd118320000-7fd118321000 r-xp 00000000 08:02 10880555                   /usr/lib/x86_64-linux-gnu/libgthread-2.0.so.0.3200.4
7fd118321000-7fd118520000 ---p 00001000 08:02 10880555                   /usr/lib/x86_64-linux-gnu/libgthread-2.0.so.0.3200.4
7fd118520000-7fd118521000 r--p 00000000 08:02 10880555                   /usr/lib/x86_64-linux-gnu/libgthread-2.0.so.0.3200.4
7fd118521000-7fd118522000 rw-p 00001000 08:02 10880555                   /usr/lib/x86_64-linux-gnu/libgthread-2.0.so.0.3200.4
7fd118528000-7fd118564000 r-xp 00000000 08:02 8654414                    /lib/x86_64-linux-gnu/libpcre.so.3.12.1
7fd118564000-7fd118763000 ---p 0003c000 08:02 8654414                    /lib/x86_64-linux-gnu/libpcre.so.3.12.1
7fd118763000-7fd118764000 r--p 0003b000 08:02 8654414                    /lib/x86_64-linux-gnu/libpcre.so.3.12.1
7fd118764000-7fd118765000 rw-p 0003c000 08:02 8654414                    /lib/x86_64-linux-gnu/libpcre.so.3.12.1
7fd118768000-7fd11876f000 r-xp 00000000 08:02 10886136                   /usr/lib/x86_64-linux-gnu/libffi.so.6.0.0
7fd11876f000-7fd11896e000 ---p 00007000 08:02 10886136                   /usr/lib/x86_64-linux-gnu/libffi.so.6.0.0
7fd11896e000-7fd11896f000 r--p 00006000 08:02 10886136                   /usr/lib/x86_64-linux-gnu/libffi.so.6.0.0
7fd11896f000-7fd118970000 rw-p 00007000 08:02 10886136                   /usr/lib/x86_64-linux-gnu/libffi.so.6.0.0
7fd118970000-7fd118997000 r-xp 00000000 08:02 8654359                    /lib/x86_64-linux-gnu/libexpat.so.1.5.2
7fd118997000-7fd118b97000 ---p 00027000 08:02 8654359                    /lib/x86_64-linux-gnu/libexpat.so.1.5.2
7fd118b97000-7fd118b99000 r--p 00027000 08:02 8654359                    /lib/x86_64-linux-gnu/libexpat.so.1.5.2
7fd118b99000-7fd118b9a000 rw-p 00029000 08:02 8654359                    /lib/x86_64-linux-gnu/libexpat.so.1.5.2
7fd118ba0000-7fd118bb8000 r-xp 00000000 08:02 8655886                    /lib/x86_64-linux-gnu/libresolv-2.15.so
7fd118bb8000-7fd118db8000 ---p 00018000 08:02 8655886                    /lib/x86_64-linux-gnu/libresolv-2.15.so
7fd118db8000-7fd118db9000 r--p 00018000 08:02 8655886                    /lib/x86_64-linux-gnu/libresolv-2.15.so
7fd118db9000-7fd118dba000 rw-p 00019000 08:02 8655886                    /lib/x86_64-linux-gnu/libresolv-2.15.so
7fd118dba000-7fd118dbc000 rw-p 00000000 00:00 0 
7fd118dc0000-7fd118ddd000 r-xp 00000000 08:02 8654429                    /lib/x86_64-linux-gnu/libselinux.so.1
7fd118ddd000-7fd118fdc000 ---p 0001d000 08:02 8654429                    /lib/x86_64-linux-gnu/libselinux.so.1
7fd118fdc000-7fd118fdd000 r--p 0001c000 08:02 8654429                    /lib/x86_64-linux-gnu/libselinux.so.1
7fd118fdd000-7fd118fde000 rw-p 0001d000 08:02 8654429                    /lib/x86_64-linux-gnu/libselinux.so.1
7fd118fde000-7fd118fdf000 rw-p 00000000 00:00 0 
7fd118fe0000-7fd118fe3000 r-xp 00000000 08:02 10879353                   /usr/lib/x86_64-linux-gnu/libgmodule-2.0.so.0.3200.4
7fd118fe3000-7fd1191e2000 ---p 00003000 08:02 10879353                   /usr/lib/x86_64-linux-gnu/libgmodule-2.0.so.0.3200.4
7fd1191e2000-7fd1191e3000 r--p 00002000 08:02 10879353                   /usr/lib/x86_64-linux-gnu/libgmodule-2.0.so.0.3200.4
7fd1191e3000-7fd1191e4000 rw-p 00003000 08:02 10879353                   /usr/lib/x86_64-linux-gnu/libgmodule-2.0.so.0.3200.4
7fd1191e8000-7fd1191fe000 r-xp 00000000 08:02 8654452                    /lib/x86_64-linux-gnu/libz.so.1.2.3.4
7fd1191fe000-7fd1193fd000 ---p 00016000 08:02 8654452                    /lib/x86_64-linux-gnu/libz.so.1.2.3.4
7fd1193fd000-7fd1193fe000 r--p 00015000 08:02 8654452                    /lib/x86_64-linux-gnu/libz.so.1.2.3.4
7fd1193fe000-7fd1193ff000 rw-p 00016000 08:02 8654452                    /lib/x86_64-linux-gnu/libz.so.1.2.3.4
7fd119400000-7fd119408000 r-xp 00000000 08:02 10886567                   /usr/lib/x86_64-linux-gnu/libxcb-render.so.0.0.0
7fd119408000-7fd119608000 ---p 00008000 08:02 10886567                   /usr/lib/x86_64-linux-gnu/libxcb-render.so.0.0.0
7fd119608000-7fd119609000 r--p 00008000 08:02 10886567                   /usr/lib/x86_64-linux-gnu/libxcb-render.so.0.0.0
7fd119609000-7fd11960a000 rw-p 00009000 08:02 10886567                   /usr/lib/x86_64-linux-gnu/libxcb-render.so.0.0.0
7fd119610000-7fd119612000 r-xp 00000000 08:02 10886571                   /usr/lib/x86_64-linux-gnu/libxcb-shm.so.0.0.0
7fd119612000-7fd119811000 ---p 00002000 08:02 10886571                   /usr/lib/x86_64-linux-gnu/libxcb-shm.so.0.0.0
7fd119811000-7fd119812000 r--p 00001000 08:02 10886571                   /usr/lib/x86_64-linux-gnu/libxcb-shm.so.0.0.0
7fd119812000-7fd119813000 rw-p 00002000 08:02 10886571                   /usr/lib/x86_64-linux-gnu/libxcb-shm.so.0.0.0
7fd119818000-7fd11983e000 r-xp 00000000 08:02 8654418                    /lib/x86_64-linux-gnu/libpng12.so.0.46.0
7fd11983e000-7fd119a3e000 ---p 00026000 08:02 8654418                    /lib/x86_64-linux-gnu/libpng12.so.0.46.0
7fd119a3e000-7fd119a3f000 r--p 00026000 08:02 8654418                    /lib/x86_64-linux-gnu/libpng12.so.0.46.0
7fd119a3f000-7fd119a40000 rw-p 00027000 08:02 8654418                    /lib/x86_64-linux-gnu/libpng12.so.0.46.0
7fd119a40000-7fd119ad0000 r-xp 00000000 08:02 10880223                   /usr/lib/x86_64-linux-gnu/libpixman-1.so.0.30.2
7fd119ad0000-7fd119ccf000 ---p 00090000 08:02 10880223                   /usr/lib/x86_64-linux-gnu/libpixman-1.so.0.30.2
7fd119ccf000-7fd119cd6000 r--p 0008f000 08:02 10880223                   /usr/lib/x86_64-linux-gnu/libpixman-1.so.0.30.2
7fd119cd6000-7fd119cd7000 rw-p 00096000 08:02 10880223                   /usr/lib/x86_64-linux-gnu/libpixman-1.so.0.30.2
7fd119cd8000-7fd119d6e000 r-xp 00000000 08:02 10886146                   /usr/lib/x86_64-linux-gnu/libfreetype.so.6.8.0
7fd119d6e000-7fd119f6d000 ---p 00096000 08:02 10886146                   /usr/lib/x86_64-linux-gnu/libfreetype.so.6.8.0
7fd119f6d000-7fd119f73000 r--p 00095000 08:02 10886146                   /usr/lib/x86_64-linux-gnu/libfreetype.so.6.8.0
7fd119f73000-7fd119f74000 rw-p 0009b000 08:02 10886146                   /usr/lib/x86_64-linux-gnu/libfreetype.so.6.8.0
7fd119f78000-7fd119f7a000 r-xp 00000000 08:02 10885961                   /usr/lib/x86_64-linux-gnu/libXdamage.so.1.1.0
7fd119f7a000-7fd11a179000 ---p 00002000 08:02 10885961                   /usr/lib/x86_64-linux-gnu/libXdamage.so.1.1.0
7fd11a179000-7fd11a17a000 r--p 00001000 08:02 10885961                   /usr/lib/x86_64-linux-gnu/libXdamage.so.1.1.0
7fd11a17a000-7fd11a17b000 rw-p 00002000 08:02 10885961                   /usr/lib/x86_64-linux-gnu/libXdamage.so.1.1.0
7fd11a180000-7fd11a182000 r-xp 00000000 08:02 10885957                   /usr/lib/x86_64-linux-gnu/libXcomposite.so.1.0.0
7fd11a182000-7fd11a381000 ---p 00002000 08:02 10885957                   /usr/lib/x86_64-linux-gnu/libXcomposite.so.1.0.0
7fd11a381000-7fd11a382000 r--p 00001000 08:02 10885957                   /usr/lib/x86_64-linux-gnu/libXcomposite.so.1.0.0
7fd11a382000-7fd11a383000 rw-p 00002000 08:02 10885957                   /usr/lib/x86_64-linux-gnu/libXcomposite.so.1.0.0
7fd11a388000-7fd11a38f000 r-xp 00000000 08:02 10885983                   /usr/lib/x86_64-linux-gnu/libXrandr.so.2.2.0
7fd11a38f000-7fd11a58e000 ---p 00007000 08:02 10885983                   /usr/lib/x86_64-linux-gnu/libXrandr.so.2.2.0
7fd11a58e000-7fd11a58f000 r--p 00006000 08:02 10885983                   /usr/lib/x86_64-linux-gnu/libXrandr.so.2.2.0
7fd11a58f000-7fd11a590000 rw-p 00007000 08:02 10885983                   /usr/lib/x86_64-linux-gnu/libXrandr.so.2.2.0
7fd11a590000-7fd11a592000 r-xp 00000000 08:02 10885973                   /usr/lib/x86_64-linux-gnu/libXinerama.so.1.0.0
7fd11a592000-7fd11a791000 ---p 00002000 08:02 10885973                   /usr/lib/x86_64-linux-gnu/libXinerama.so.1.0.0
7fd11a791000-7fd11a792000 r--p 00001000 08:02 10885973                   /usr/lib/x86_64-linux-gnu/libXinerama.so.1.0.0
7fd11a792000-7fd11a793000 rw-p 00002000 08:02 10885973                   /usr/lib/x86_64-linux-gnu/libXinerama.so.1.0.0
7fd11a798000-7fd11a88a000 r-xp 00000000 08:02 8654346                    /lib/x86_64-linux-gnu/libglib-2.0.so.0.3200.4
7fd11a88a000-7fd11aa8a000 ---p 000f2000 08:02 8654346                    /lib/x86_64-linux-gnu/libglib-2.0.so.0.3200.4
7fd11aa8a000-7fd11aa8b000 r--p 000f2000 08:02 8654346                    /lib/x86_64-linux-gnu/libglib-2.0.so.0.3200.4
7fd11aa8b000-7fd11aa8c000 rw-p 000f3000 08:02 8654346                    /lib/x86_64-linux-gnu/libglib-2.0.so.0.3200.4
7fd11aa8c000-7fd11aa8d000 rw-p 00000000 00:00 0 
7fd11aa90000-7fd11aadd000 r-xp 00000000 08:02 10880557                   /usr/lib/x86_64-linux-gnu/libgobject-2.0.so.0.3200.4
7fd11aadd000-7fd11acdd000 ---p 0004d000 08:02 10880557                   /usr/lib/x86_64-linux-gnu/libgobject-2.0.so.0.3200.4
7fd11acdd000-7fd11acde000 r--p 0004d000 08:02 10880557                   /usr/lib/x86_64-linux-gnu/libgobject-2.0.so.0.3200.4
7fd11acde000-7fd11acdf000 rw-p 0004e000 08:02 10880557                   /usr/lib/x86_64-linux-gnu/libgobject-2.0.so.0.3200.4
7fd11ace0000-7fd11ad14000 r-xp 00000000 08:02 10886138                   /usr/lib/x86_64-linux-gnu/libfontconfig.so.1.4.4
7fd11ad14000-7fd11af14000 ---p 00034000 08:02 10886138                   /usr/lib/x86_64-linux-gnu/libfontconfig.so.1.4.4
7fd11af14000-7fd11af15000 r--p 00034000 08:02 10886138                   /usr/lib/x86_64-linux-gnu/libfontconfig.so.1.4.4
7fd11af15000-7fd11af16000 rw-p 00035000 08:02 10886138                   /usr/lib/x86_64-linux-gnu/libfontconfig.so.1.4.4
7fd11af18000-7fd11af5e000 r-xp 00000000 08:02 10886404                   /usr/lib/x86_64-linux-gnu/libpango-1.0.so.0.3000.0
7fd11af5e000-7fd11b15e000 ---p 00046000 08:02 10886404                   /usr/lib/x86_64-linux-gnu/libpango-1.0.so.0.3000.0
7fd11b15e000-7fd11b160000 r--p 00046000 08:02 10886404                   /usr/lib/x86_64-linux-gnu/libpango-1.0.so.0.3000.0
7fd11b160000-7fd11b161000 rw-p 00048000 08:02 10886404                   /usr/lib/x86_64-linux-gnu/libpango-1.0.so.0.3000.0
7fd11b168000-7fd11b191000 r-xp 00000000 08:02 10886408                   /usr/lib/x86_64-linux-gnu/libpangoft2-1.0.so.0.3000.0
7fd11b191000-7fd11b390000 ---p 00029000 08:02 10886408                   /usr/lib/x86_64-linux-gnu/libpangoft2-1.0.so.0.3000.0
7fd11b390000-7fd11b391000 r--p 00028000 08:02 10886408                   /usr/lib/x86_64-linux-gnu/libpangoft2-1.0.so.0.3000.0
7fd11b391000-7fd11b392000 rw-p 00029000 08:02 10886408                   /usr/lib/x86_64-linux-gnu/libpangoft2-1.0.so.0.3000.0
7fd11b398000-7fd11b4e0000 r-xp 00000000 08:02 10880556                   /usr/lib/x86_64-linux-gnu/libgio-2.0.so.0.3200.4
7fd11b4e0000-7fd11b6df000 ---p 00148000 08:02 10880556                   /usr/lib/x86_64-linux-gnu/libgio-2.0.so.0.3200.4
7fd11b6df000-7fd11b6e3000 r--p 00147000 08:02 10880556                   /usr/lib/x86_64-linux-gnu/libgio-2.0.so.0.3200.4
7fd11b6e3000-7fd11b6e5000 rw-p 0014b000 08:02 10880556                   /usr/lib/x86_64-linux-gnu/libgio-2.0.so.0.3200.4
7fd11b6e5000-7fd11b6e7000 rw-p 00000000 00:00 0 
7fd11b6e8000-7fd11b706000 r-xp 00000000 08:02 10880593                   /usr/lib/x86_64-linux-gnu/libgdk_pixbuf-2.0.so.0.2600.1
7fd11b706000-7fd11b906000 ---p 0001e000 08:02 10880593                   /usr/lib/x86_64-linux-gnu/libgdk_pixbuf-2.0.so.0.2600.1
7fd11b906000-7fd11b907000 r--p 0001e000 08:02 10880593                   /usr/lib/x86_64-linux-gnu/libgdk_pixbuf-2.0.so.0.2600.1
7fd11b907000-7fd11b908000 rw-p 0001f000 08:02 10880593                   /usr/lib/x86_64-linux-gnu/libgdk_pixbuf-2.0.so.0.2600.1
7fd11b908000-7fd11b9c1000 r-xp 00000000 08:02 10886049                   /usr/lib/x86_64-linux-gnu/libcairo.so.2.11000.2
7fd11b9c1000-7fd11bbc0000 ---p 000b9000 08:02 10886049                   /usr/lib/x86_64-linux-gnu/libcairo.so.2.11000.2
7fd11bbc0000-7fd11bbc2000 r--p 000b8000 08:02 10886049                   /usr/lib/x86_64-linux-gnu/libcairo.so.2.11000.2
7fd11bbc2000-7fd11bbc3000 rw-p 000ba000 08:02 10886049                   /usr/lib/x86_64-linux-gnu/libcairo.so.2.11000.2
7fd11bbc3000-7fd11bbc6000 rw-p 00000000 00:00 0 
7fd11bbc8000-7fd11bbe8000 r-xp 00000000 08:02 10879311                   /usr/lib/x86_64-linux-gnu/libatk-1.0.so.0.20609.1
7fd11bbe8000-7fd11bde8000 ---p 00020000 08:02 10879311                   /usr/lib/x86_64-linux-gnu/libatk-1.0.so.0.20609.1
7fd11bde8000-7fd11bdea000 r--p 00020000 08:02 10879311                   /usr/lib/x86_64-linux-gnu/libatk-1.0.so.0.20609.1
7fd11bdea000-7fd11bdeb000 rw-p 00022000 08:02 10879311                   /usr/lib/x86_64-linux-gnu/libatk-1.0.so.0.20609.1
7fd11bdf0000-7fd11bdfb000 r-xp 00000000 08:02 10886406                   /usr/lib/x86_64-linux-gnu/libpangocairo-1.0.so.0.3000.0
7fd11bdfb000-7fd11bffa000 ---p 0000b000 08:02 10886406                   /usr/lib/x86_64-linux-gnu/libpangocairo-1.0.so.0.3000.0
7fd11bffa000-7fd11bffb000 r--p 0000a000 08:02 10886406                   /usr/lib/x86_64-linux-gnu/libpangocairo-1.0.so.0.3000.0
7fd11bffb000-7fd11bffc000 rw-p 0000b000 08:02 10886406                   /usr/lib/x86_64-linux-gnu/libpangocairo-1.0.so.0.3000.0
7fd11c000000-7fd11c021000 rw-p 00000000 00:00 0 
7fd11c021000-7fd120000000 ---p 00000000 00:00 0 
7fd120000000-7fd120213000 rw-p 00000000 00:00 0 
7fd120213000-7fd124000000 ---p 00000000 00:00 0 
7fd124000000-7fd12403e000 rw-p 00000000 00:00 0 
7fd12403e000-7fd128000000 ---p 00000000 00:00 0 
7fd128000000-7fd12848e000 rw-p 00000000 00:00 0 
7fd12848e000-7fd12c000000 ---p 00000000 00:00 0 
7fd12c000000-7fd12c763000 rw-p 00000000 00:00 0 
7fd12c763000-7fd130000000 ---p 00000000 00:00 0 
7fd130000000-7fd130044000 rw-p 00000000 00:00 0 
7fd130044000-7fd134000000 ---p 00000000 00:00 0 
7fd134000000-7fd13405a000 rw-p 00000000 00:00 0 
7fd13405a000-7fd138000000 ---p 00000000 00:00 0 
7fd138000000-7fd139af7000 rw-p 00000000 00:00 0 
7fd139af7000-7fd13c000000 ---p 00000000 00:00 0 
7fd13c000000-7fd13c2de000 rw-p 00000000 00:00 0 
7fd13c2de000-7fd140000000 ---p 00000000 00:00 0 
7fd140000000-7fd140076000 rw-p 00000000 00:00 0 
7fd140076000-7fd144000000 ---p 00000000 00:00 0 
7fd144080000-7fd14409c000 r--s 00000000 08:02 11010226                   /usr/share/mime/mime.cache
7fd14409f000-7fd1440a2000 ---p 00000000 00:00 0 
7fd1440a2000-7fd1441a0000 rw-p 00000000 00:00 0                          [stack:8591]
7fd1441a0000-7fd1441be000 r--p 00000000 08:02 11536647                   /usr/share/glib-2.0/schemas/gschemas.compiled
7fd1441c0000-7fd14426d000 r-xp 00000000 08:02 10880596                   /usr/lib/x86_64-linux-gnu/libgdk-x11-2.0.so.0.2400.10
7fd14426d000-7fd14446c000 ---p 000ad000 08:02 10880596                   /usr/lib/x86_64-linux-gnu/libgdk-x11-2.0.so.0.2400.10
7fd14446c000-7fd144470000 r--p 000ac000 08:02 10880596                   /usr/lib/x86_64-linux-gnu/libgdk-x11-2.0.so.0.2400.10
7fd144470000-7fd144472000 rw-p 000b0000 08:02 10880596                   /usr/lib/x86_64-linux-gnu/libgdk-x11-2.0.so.0.2400.10
7fd144478000-7fd1448a6000 r-xp 00000000 08:02 10880598                   /usr/lib/x86_64-linux-gnu/libgtk-x11-2.0.so.0.2400.10
7fd1448a6000-7fd144aa5000 ---p 0042e000 08:02 10880598                   /usr/lib/x86_64-linux-gnu/libgtk-x11-2.0.so.0.2400.10
7fd144aa5000-7fd144aac000 r--p 0042d000 08:02 10880598                   /usr/lib/x86_64-linux-gnu/libgtk-x11-2.0.so.0.2400.10
7fd144aac000-7fd144ab0000 rw-p 00434000 08:02 10880598                   /usr/lib/x86_64-linux-gnu/libgtk-x11-2.0.so.0.2400.10
7fd144ab0000-7fd144ab2000 rw-p 00000000 00:00 0 
7fd144ab7000-7fd144aba000 ---p 00000000 00:00 0 
7fd144aba000-7fd144bb8000 rw-p 00000000 00:00 0                          [stack:8590]
7fd144bb8000-7fd144bbd000 r-xp 00000000 08:02 10879297                   /usr/lib/x86_64-linux-gnu/libXfixes.so.3.1.0
7fd144bbd000-7fd144dbc000 ---p 00005000 08:02 10879297                   /usr/lib/x86_64-linux-gnu/libXfixes.so.3.1.0
7fd144dbc000-7fd144dbd000 r--p 00004000 08:02 10879297                   /usr/lib/x86_64-linux-gnu/libXfixes.so.3.1.0
7fd144dbd000-7fd144dbe000 rw-p 00005000 08:02 10879297                   /usr/lib/x86_64-linux-gnu/libXfixes.so.3.1.0
7fd144dc0000-7fd144dc9000 r-xp 00000000 08:02 10885959                   /usr/lib/x86_64-linux-gnu/libXcursor.so.1.0.2
7fd144dc9000-7fd144fc8000 ---p 00009000 08:02 10885959                   /usr/lib/x86_64-linux-gnu/libXcursor.so.1.0.2
7fd144fc8000-7fd144fc9000 r--p 00008000 08:02 10885959                   /usr/lib/x86_64-linux-gnu/libXcursor.so.1.0.2
7fd144fc9000-7fd144fca000 rw-p 00009000 08:02 10885959                   /usr/lib/x86_64-linux-gnu/libXcursor.so.1.0.2
7fd144fcf000-7fd144fd2000 ---p 00000000 00:00 0 
7fd144fd2000-7fd1450d0000 rw-p 00000000 00:00 0                          [stack:8589]
7fd1450d0000-7fd145134000 r-xp 00000000 08:02 13899048                   /usr/lib/jvm/java-8-oracle/jre/lib/amd64/libfontmanager.so
7fd145134000-7fd145334000 ---p 00064000 08:02 13899048                   /usr/lib/jvm/java-8-oracle/jre/lib/amd64/libfontmanager.so
7fd145334000-7fd145338000 rw-p 00064000 08:02 13899048                   /usr/lib/jvm/java-8-oracle/jre/lib/amd64/libfontmanager.so
7fd145338000-7fd145349000 rw-p 00000000 00:00 0 
7fd145350000-7fd145550000 rw-p 00000000 00:00 0 
7fd145550000-7fd145555000 r-xp 00000000 08:02 10885963                   /usr/lib/x86_64-linux-gnu/libXdmcp.so.6.0.0
7fd145555000-7fd145754000 ---p 00005000 08:02 10885963                   /usr/lib/x86_64-linux-gnu/libXdmcp.so.6.0.0
7fd145754000-7fd145755000 r--p 00004000 08:02 10885963                   /usr/lib/x86_64-linux-gnu/libXdmcp.so.6.0.0
7fd145755000-7fd145756000 rw-p 00005000 08:02 10885963                   /usr/lib/x86_64-linux-gnu/libXdmcp.so.6.0.0
7fd145758000-7fd14575a000 r-xp 00000000 08:02 10885952                   /usr/lib/x86_64-linux-gnu/libXau.so.6.0.0
7fd14575a000-7fd145959000 ---p 00002000 08:02 10885952                   /usr/lib/x86_64-linux-gnu/libXau.so.6.0.0
7fd145959000-7fd14595a000 r--p 00001000 08:02 10885952                   /usr/lib/x86_64-linux-gnu/libXau.so.6.0.0
7fd14595a000-7fd14595b000 rw-p 00002000 08:02 10885952                   /usr/lib/x86_64-linux-gnu/libXau.so.6.0.0
7fd145960000-7fd14597d000 r-xp 00000000 08:02 10886575                   /usr/lib/x86_64-linux-gnu/libxcb.so.1.1.0
7fd14597d000-7fd145b7c000 ---p 0001d000 08:02 10886575                   /usr/lib/x86_64-linux-gnu/libxcb.so.1.1.0
7fd145b7c000-7fd145b7d000 r--p 0001c000 08:02 10886575                   /usr/lib/x86_64-linux-gnu/libxcb.so.1.1.0
7fd145b7d000-7fd145b7e000 rw-p 0001d000 08:02 10886575                   /usr/lib/x86_64-linux-gnu/libxcb.so.1.1.0
7fd145b80000-7fd145b8f000 r-xp 00000000 08:02 10880227                   /usr/lib/x86_64-linux-gnu/libXi.so.6.1.0
7fd145b8f000-7fd145d8e000 ---p 0000f000 08:02 10880227                   /usr/lib/x86_64-linux-gnu/libXi.so.6.1.0
7fd145d8e000-7fd145d8f000 r--p 0000e000 08:02 10880227                   /usr/lib/x86_64-linux-gnu/libXi.so.6.1.0
7fd145d8f000-7fd145d90000 rw-p 0000f000 08:02 10880227                   /usr/lib/x86_64-linux-gnu/libXi.so.6.1.0
7fd145d90000-7fd145d95000 r-xp 00000000 08:02 10885991                   /usr/lib/x86_64-linux-gnu/libXtst.so.6.1.0
7fd145d95000-7fd145f94000 ---p 00005000 08:02 10885991                   /usr/lib/x86_64-linux-gnu/libXtst.so.6.1.0
7fd145f94000-7fd145f95000 r--p 00004000 08:02 10885991                   /usr/lib/x86_64-linux-gnu/libXtst.so.6.1.0
7fd145f95000-7fd145f96000 rw-p 00005000 08:02 10885991                   /usr/lib/x86_64-linux-gnu/libXtst.so.6.1.0
7fd145f98000-7fd145fa1000 r-xp 00000000 08:02 10885985                   /usr/lib/x86_64-linux-gnu/libXrender.so.1.3.0
7fd145fa1000-7fd1461a0000 ---p 00009000 08:02 10885985                   /usr/lib/x86_64-linux-gnu/libXrender.so.1.3.0
7fd1461a0000-7fd1461a1000 r--p 00008000 08:02 10885985                   /usr/lib/x86_64-linux-gnu/libXrender.so.1.3.0
7fd1461a1000-7fd1461a2000 rw-p 00009000 08:02 10885985                   /usr/lib/x86_64-linux-gnu/libXrender.so.1.3.0
7fd1461a8000-7fd1462d8000 r-xp 00000000 08:02 10880585                   /usr/lib/x86_64-linux-gnu/libX11.so.6.3.0
7fd1462d8000-7fd1464d8000 ---p 00130000 08:02 10880585                   /usr/lib/x86_64-linux-gnu/libX11.so.6.3.0
7fd1464d8000-7fd1464d9000 r--p 00130000 08:02 10880585                   /usr/lib/x86_64-linux-gnu/libX11.so.6.3.0
7fd1464d9000-7fd1464dd000 rw-p 00131000 08:02 10880585                   /usr/lib/x86_64-linux-gnu/libX11.so.6.3.0
7fd1464e0000-7fd1464f0000 r-xp 00000000 08:02 10885965                   /usr/lib/x86_64-linux-gnu/libXext.so.6.4.0
7fd1464f0000-7fd1466ef000 ---p 00010000 08:02 10885965                   /usr/lib/x86_64-linux-gnu/libXext.so.6.4.0
7fd1466ef000-7fd1466f0000 r--p 0000f000 08:02 10885965                   /usr/lib/x86_64-linux-gnu/libXext.so.6.4.0
7fd1466f0000-7fd1466f1000 rw-p 00010000 08:02 10885965                   /usr/lib/x86_64-linux-gnu/libXext.so.6.4.0
7fd146710000-7fd146764000 r-xp 00000000 08:02 13899100                   /usr/lib/jvm/java-8-oracle/jre/lib/amd64/libawt_xawt.so
7fd146764000-7fd146964000 ---p 00054000 08:02 13899100                   /usr/lib/jvm/java-8-oracle/jre/lib/amd64/libawt_xawt.so
7fd146964000-7fd146968000 rw-p 00054000 08:02 13899100                   /usr/lib/jvm/java-8-oracle/jre/lib/amd64/libawt_xawt.so
7fd146968000-7fd146969000 rw-p 00000000 00:00 0 
7fd146970000-7fd146a12000 r-xp 00000000 08:02 13899078                   /usr/lib/jvm/java-8-oracle/jre/lib/amd64/libawt.so
7fd146a12000-7fd146c12000 ---p 000a2000 08:02 13899078                   /usr/lib/jvm/java-8-oracle/jre/lib/amd64/libawt.so
7fd146c12000-7fd146c1e000 rw-p 000a2000 08:02 13899078                   /usr/lib/jvm/java-8-oracle/jre/lib/amd64/libawt.so
7fd146c1e000-7fd146c42000 rw-p 00000000 00:00 0 
7fd146c47000-7fd146c4a000 ---p 00000000 00:00 0 
7fd146c4a000-7fd146d48000 rw-p 00000000 00:00 0                          [stack:8588]
7fd146d48000-7fd146d5d000 r-xp 00000000 08:02 8654362                    /lib/x86_64-linux-gnu/libgcc_s.so.1
7fd146d5d000-7fd146f5c000 ---p 00015000 08:02 8654362                    /lib/x86_64-linux-gnu/libgcc_s.so.1
7fd146f5c000-7fd146f5d000 r--p 00014000 08:02 8654362                    /lib/x86_64-linux-gnu/libgcc_s.so.1
7fd146f5d000-7fd146f5e000 rw-p 00015000 08:02 8654362                    /lib/x86_64-linux-gnu/libgcc_s.so.1
7fd146f6f000-7fd146f74000 r--s 0003f000 08:02 13899138                   /usr/lib/jvm/java-8-oracle/jre/lib/ext/sunjce_provider.jar
7fd146f78000-7fd146faa000 r-xp 00000000 08:02 13899065                   /usr/lib/jvm/java-8-oracle/jre/lib/amd64/libsunec.so
7fd146faa000-7fd1471a9000 ---p 00032000 08:02 13899065                   /usr/lib/jvm/java-8-oracle/jre/lib/amd64/libsunec.so
7fd1471a9000-7fd1471af000 rw-p 00031000 08:02 13899065                   /usr/lib/jvm/java-8-oracle/jre/lib/amd64/libsunec.so
7fd1471af000-7fd1473bf000 rw-p 00000000 00:00 0 
7fd1473bf000-7fd1473c2000 ---p 00000000 00:00 0 
7fd1473c2000-7fd1474c0000 rw-p 00000000 00:00 0                          [stack:8587]
7fd1474c0000-7fd1474d6000 r-xp 00000000 08:02 13899066                   /usr/lib/jvm/java-8-oracle/jre/lib/amd64/libnet.so
7fd1474d6000-7fd1476d6000 ---p 00016000 08:02 13899066                   /usr/lib/jvm/java-8-oracle/jre/lib/amd64/libnet.so
7fd1476d6000-7fd1476d7000 rw-p 00016000 08:02 13899066                   /usr/lib/jvm/java-8-oracle/jre/lib/amd64/libnet.so
7fd1476da000-7fd1476dd000 ---p 00000000 00:00 0 
7fd1476dd000-7fd1477db000 rw-p 00000000 00:00 0                          [stack:8668]
7fd1477db000-7fd1477f7000 r--s 00393000 08:02 13899136                   /usr/lib/jvm/java-8-oracle/jre/lib/ext/cldrdata.jar
7fd1477fc000-7fd1477fd000 ---p 00000000 00:00 0 
7fd1477fd000-7fd1478fd000 rw-p 00000000 00:00 0                          [stack:8585]
7fd1478fd000-7fd147900000 ---p 00000000 00:00 0 
7fd147900000-7fd1479fe000 rw-p 00000000 00:00 0                          [stack:8584]
7fd1479fe000-7fd147a01000 ---p 00000000 00:00 0 
7fd147a01000-7fd147aff000 rw-p 00000000 00:00 0                          [stack:8583]
7fd147aff000-7fd147b02000 ---p 00000000 00:00 0 
7fd147b02000-7fd147c00000 rw-p 00000000 00:00 0                          [stack:8582]
7fd147c00000-7fd147ffe000 r--p 00000000 08:02 10883108                   /usr/lib/locale/locale-archive
7fd148000000-7fd148065000 rw-p 00000000 00:00 0 
7fd148065000-7fd14c000000 ---p 00000000 00:00 0 
7fd14c000000-7fd14c158000 rw-p 00000000 00:00 0 
7fd14c158000-7fd150000000 ---p 00000000 00:00 0 
7fd150000000-7fd15002d000 rw-p 00000000 00:00 0 
7fd15002d000-7fd154000000 ---p 00000000 00:00 0 
7fd154008000-7fd15400b000 r--p 00000000 08:02 7875244                    /home/tyler/.config/dconf/user
7fd15400b000-7fd1540cb000 r--s 00cdb000 08:02 7999179                    /home/tyler/git/bitmerchant-wallet/target/bitmerchant-wallet-shaded.jar
7fd1540ce000-7fd1540d1000 ---p 00000000 00:00 0 
7fd1540d1000-7fd1541cf000 rw-p 00000000 00:00 0                          [stack:8581]
7fd1541cf000-7fd1541d2000 ---p 00000000 00:00 0 
7fd1541d2000-7fd1542d0000 rw-p 00000000 00:00 0                          [stack:8580]
7fd1542d0000-7fd1542d3000 ---p 00000000 00:00 0 
7fd1542d3000-7fd1543d1000 rw-p 00000000 00:00 0                          [stack:8579]
7fd1543d1000-7fd1543d2000 ---p 00000000 00:00 0 
7fd1543d2000-7fd154e2a000 rw-p 00000000 00:00 0                          [stack:8578]
7fd154e2a000-7fd155000000 r--s 03caa000 08:02 12190137                   /usr/lib/jvm/java-8-oracle/jre/lib/rt.jar
7fd155000000-7fd155970000 rwxp 00000000 00:00 0 
7fd155970000-7fd164000000 ---p 00000000 00:00 0 
7fd164000000-7fd1644f3000 rw-p 00000000 00:00 0 
7fd1644f3000-7fd168000000 ---p 00000000 00:00 0 
7fd168002000-7fd168005000 r--s 0003a000 08:02 13899134                   /usr/lib/jvm/java-8-oracle/jre/lib/ext/sunpkcs11.jar
7fd16800b000-7fd16800f000 r--s 00093000 08:02 12190145                   /usr/lib/jvm/java-8-oracle/jre/lib/jsse.jar
7fd168016000-7fd168020000 r--s 00116000 08:02 13899140                   /usr/lib/jvm/java-8-oracle/jre/lib/ext/localedata.jar
7fd168022000-7fd16a14d000 rw-p 00000000 00:00 0 
7fd16a14d000-7fd16a14e000 ---p 00000000 00:00 0 
7fd16a14e000-7fd16a24e000 rw-p 00000000 00:00 0                          [stack:8577]
7fd16a24e000-7fd16a24f000 ---p 00000000 00:00 0 
7fd16a24f000-7fd16a369000 rw-p 00000000 00:00 0                          [stack:8576]
7fd16a369000-7fd16a44c000 ---p 00000000 00:00 0 
7fd16a44c000-7fd16a466000 rw-p 00000000 00:00 0 
7fd16a466000-7fd16a548000 ---p 00000000 00:00 0 
7fd16a548000-7fd16a5c7000 rw-p 00000000 00:00 0 
7fd16a5c7000-7fd16a5ee000 rw-p 00000000 00:00 0 
7fd16a5ee000-7fd16a988000 ---p 00000000 00:00 0 
7fd16a988000-7fd16a9a2000 r-xp 00000000 08:02 13899088                   /usr/lib/jvm/java-8-oracle/jre/lib/amd64/libzip.so
7fd16a9a2000-7fd16aba2000 ---p 0001a000 08:02 13899088                   /usr/lib/jvm/java-8-oracle/jre/lib/amd64/libzip.so
7fd16aba2000-7fd16aba3000 rw-p 0001a000 08:02 13899088                   /usr/lib/jvm/java-8-oracle/jre/lib/amd64/libzip.so
7fd16aba8000-7fd16abb4000 r-xp 00000000 08:02 8655884                    /lib/x86_64-linux-gnu/libnss_files-2.15.so
7fd16abb4000-7fd16adb3000 ---p 0000c000 08:02 8655884                    /lib/x86_64-linux-gnu/libnss_files-2.15.so
7fd16adb3000-7fd16adb4000 r--p 0000b000 08:02 8655884                    /lib/x86_64-linux-gnu/libnss_files-2.15.so
7fd16adb4000-7fd16adb5000 rw-p 0000c000 08:02 8655884                    /lib/x86_64-linux-gnu/libnss_files-2.15.so
7fd16adb8000-7fd16adc2000 r-xp 00000000 08:02 8655891                    /lib/x86_64-linux-gnu/libnss_nis-2.15.so
7fd16adc2000-7fd16afc2000 ---p 0000a000 08:02 8655891                    /lib/x86_64-linux-gnu/libnss_nis-2.15.so
7fd16afc2000-7fd16afc3000 r--p 0000a000 08:02 8655891                    /lib/x86_64-linux-gnu/libnss_nis-2.15.so
7fd16afc3000-7fd16afc4000 rw-p 0000b000 08:02 8655891                    /lib/x86_64-linux-gnu/libnss_nis-2.15.so
7fd16afc8000-7fd16afdf000 r-xp 00000000 08:02 8655883                    /lib/x86_64-linux-gnu/libnsl-2.15.so
7fd16afdf000-7fd16b1de000 ---p 00017000 08:02 8655883                    /lib/x86_64-linux-gnu/libnsl-2.15.so
7fd16b1de000-7fd16b1df000 r--p 00016000 08:02 8655883                    /lib/x86_64-linux-gnu/libnsl-2.15.so
7fd16b1df000-7fd16b1e0000 rw-p 00017000 08:02 8655883                    /lib/x86_64-linux-gnu/libnsl-2.15.so
7fd16b1e0000-7fd16b1e2000 rw-p 00000000 00:00 0 
7fd16b1e8000-7fd16b1f0000 r-xp 00000000 08:02 8655890                    /lib/x86_64-linux-gnu/libnss_compat-2.15.so
7fd16b1f0000-7fd16b3ef000 ---p 00008000 08:02 8655890                    /lib/x86_64-linux-gnu/libnss_compat-2.15.so
7fd16b3ef000-7fd16b3f0000 r--p 00007000 08:02 8655890                    /lib/x86_64-linux-gnu/libnss_compat-2.15.so
7fd16b3f0000-7fd16b3f1000 rw-p 00008000 08:02 8655890                    /lib/x86_64-linux-gnu/libnss_compat-2.15.so
7fd16b3f8000-7fd16b422000 r-xp 00000000 08:02 13899083                   /usr/lib/jvm/java-8-oracle/jre/lib/amd64/libjava.so
7fd16b422000-7fd16b622000 ---p 0002a000 08:02 13899083                   /usr/lib/jvm/java-8-oracle/jre/lib/amd64/libjava.so
7fd16b622000-7fd16b624000 rw-p 0002a000 08:02 13899083                   /usr/lib/jvm/java-8-oracle/jre/lib/amd64/libjava.so
7fd16b628000-7fd16b635000 r-xp 00000000 08:02 13899059                   /usr/lib/jvm/java-8-oracle/jre/lib/amd64/libverify.so
7fd16b635000-7fd16b835000 ---p 0000d000 08:02 13899059                   /usr/lib/jvm/java-8-oracle/jre/lib/amd64/libverify.so
7fd16b835000-7fd16b837000 rw-p 0000d000 08:02 13899059                   /usr/lib/jvm/java-8-oracle/jre/lib/amd64/libverify.so
7fd16b838000-7fd16b83f000 r-xp 00000000 08:02 8655881                    /lib/x86_64-linux-gnu/librt-2.15.so
7fd16b83f000-7fd16ba3e000 ---p 00007000 08:02 8655881                    /lib/x86_64-linux-gnu/librt-2.15.so
7fd16ba3e000-7fd16ba3f000 r--p 00006000 08:02 8655881                    /lib/x86_64-linux-gnu/librt-2.15.so
7fd16ba3f000-7fd16ba40000 rw-p 00007000 08:02 8655881                    /lib/x86_64-linux-gnu/librt-2.15.so
7fd16ba40000-7fd16bb3b000 r-xp 00000000 08:02 8655888                    /lib/x86_64-linux-gnu/libm-2.15.so
7fd16bb3b000-7fd16bd3a000 ---p 000fb000 08:02 8655888                    /lib/x86_64-linux-gnu/libm-2.15.so
7fd16bd3a000-7fd16bd3b000 r--p 000fa000 08:02 8655888                    /lib/x86_64-linux-gnu/libm-2.15.so
7fd16bd3b000-7fd16bd3c000 rw-p 000fb000 08:02 8655888                    /lib/x86_64-linux-gnu/libm-2.15.so
7fd16bd40000-7fd16c9ad000 r-xp 00000000 08:02 13899106                   /usr/lib/jvm/java-8-oracle/jre/lib/amd64/server/libjvm.so
7fd16c9ad000-7fd16cbac000 ---p 00c6d000 08:02 13899106                   /usr/lib/jvm/java-8-oracle/jre/lib/amd64/server/libjvm.so
7fd16cbac000-7fd16cc82000 rw-p 00c6c000 08:02 13899106                   /usr/lib/jvm/java-8-oracle/jre/lib/amd64/server/libjvm.so
7fd16cc82000-7fd16ccc5000 rw-p 00000000 00:00 0 
7fd16ccc8000-7fd16ce7d000 r-xp 00000000 08:02 8655885                    /lib/x86_64-linux-gnu/libc-2.15.so
7fd16ce7d000-7fd16d07c000 ---p 001b5000 08:02 8655885                    /lib/x86_64-linux-gnu/libc-2.15.so
7fd16d07c000-7fd16d080000 r--p 001b4000 08:02 8655885                    /lib/x86_64-linux-gnu/libc-2.15.so
7fd16d080000-7fd16d082000 rw-p 001b8000 08:02 8655885                    /lib/x86_64-linux-gnu/libc-2.15.so
7fd16d082000-7fd16d087000 rw-p 00000000 00:00 0 
7fd16d088000-7fd16d08a000 r-xp 00000000 08:02 8655899                    /lib/x86_64-linux-gnu/libdl-2.15.so
7fd16d08a000-7fd16d28a000 ---p 00002000 08:02 8655899                    /lib/x86_64-linux-gnu/libdl-2.15.so
7fd16d28a000-7fd16d28b000 r--p 00002000 08:02 8655899                    /lib/x86_64-linux-gnu/libdl-2.15.so
7fd16d28b000-7fd16d28c000 rw-p 00003000 08:02 8655899                    /lib/x86_64-linux-gnu/libdl-2.15.so
7fd16d290000-7fd16d2a5000 r-xp 00000000 08:02 13899108                   /usr/lib/jvm/java-8-oracle/jre/lib/amd64/jli/libjli.so
7fd16d2a5000-7fd16d4a4000 ---p 00015000 08:02 13899108                   /usr/lib/jvm/java-8-oracle/jre/lib/amd64/jli/libjli.so
7fd16d4a4000-7fd16d4a5000 rw-p 00014000 08:02 13899108                   /usr/lib/jvm/java-8-oracle/jre/lib/amd64/jli/libjli.so
7fd16d4a8000-7fd16d4c0000 r-xp 00000000 08:02 8655879                    /lib/x86_64-linux-gnu/libpthread-2.15.so
7fd16d4c0000-7fd16d6bf000 ---p 00018000 08:02 8655879                    /lib/x86_64-linux-gnu/libpthread-2.15.so
7fd16d6bf000-7fd16d6c0000 r--p 00017000 08:02 8655879                    /lib/x86_64-linux-gnu/libpthread-2.15.so
7fd16d6c0000-7fd16d6c1000 rw-p 00018000 08:02 8655879                    /lib/x86_64-linux-gnu/libpthread-2.15.so
7fd16d6c1000-7fd16d6c5000 rw-p 00000000 00:00 0 
7fd16d6c8000-7fd16d6ea000 r-xp 00000000 08:02 8655878                    /lib/x86_64-linux-gnu/ld-2.15.so
7fd16d6f0000-7fd16d6f1000 r--s 00000000 08:02 7876674                    /home/tyler/.cache/dconf/user
7fd16d6f2000-7fd16d6f4000 r--s 0001a000 08:02 12190124                   /usr/lib/jvm/java-8-oracle/jre/lib/jce.jar
7fd16d6f4000-7fd16d7d4000 rw-p 00000000 00:00 0 
7fd16d7d4000-7fd16d7d7000 ---p 00000000 00:00 0 
7fd16d7d7000-7fd16d8d8000 rw-p 00000000 00:00 0                          [stack:8575]
7fd16d8d9000-7fd16d8da000 r--s 00009000 08:02 13899139                   /usr/lib/jvm/java-8-oracle/jre/lib/ext/sunec.jar
7fd16d8dd000-7fd16d8e0000 rw-p 00000000 00:00 0 
7fd16d8e0000-7fd16d8e8000 rw-s 00000000 08:02 15599425                   /tmp/hsperfdata_tyler/8574
7fd16d8e8000-7fd16d8e9000 rw-p 00000000 00:00 0 
7fd16d8e9000-7fd16d8ea000 r--p 00000000 00:00 0 
7fd16d8ea000-7fd16d8eb000 r--p 00022000 08:02 8655878                    /lib/x86_64-linux-gnu/ld-2.15.so
7fd16d8eb000-7fd16d8ed000 rw-p 00023000 08:02 8655878                    /lib/x86_64-linux-gnu/ld-2.15.so
7fd16d8ed000-7fd16d8f0000 rw-p 00000000 00:00 0 
7fffae6eb000-7fffae70c000 rw-p 00000000 00:00 0                          [stack]
7fffae800000-7fffae802000 r-xp 00000000 00:00 0                          [vdso]
ffffffffff600000-ffffffffff601000 r-xp 00000000 00:00 0                  [vsyscall]

VM Arguments:
java_command: target/bitmerchant-wallet-shaded.jar
java_class_path (initial): target/bitmerchant-wallet-shaded.jar
Launcher Type: SUN_STANDARD

Environment Variables:
PATH=/usr/lib/lightdm/lightdm:/usr/local/sbin:/usr/local/bin:/usr/sbin:/usr/bin:/sbin:/bin:/usr/games:/home/tyler/.rvm/bin:/home/tyler/.rvm/bin
SHELL=/bin/bash
DISPLAY=:0

Signal Handlers:
SIGSEGV: [libjvm.so+0xa79a80], sa_mask[0]=11111111011111111101111111111110, sa_flags=SA_RESTART|SA_SIGINFO
SIGBUS: [libjvm.so+0xa79a80], sa_mask[0]=11111111011111111101111111111110, sa_flags=SA_RESTART|SA_SIGINFO
SIGFPE: [libjvm.so+0x8e24e0], sa_mask[0]=11111111011111111101111111111110, sa_flags=SA_RESTART|SA_SIGINFO
SIGPIPE: SIG_IGN, sa_mask[0]=00000000000010000000000000000000, sa_flags=SA_RESTART
SIGXFSZ: [libjvm.so+0x8e24e0], sa_mask[0]=11111111011111111101111111111110, sa_flags=SA_RESTART|SA_SIGINFO
SIGILL: [libjvm.so+0x8e24e0], sa_mask[0]=11111111011111111101111111111110, sa_flags=SA_RESTART|SA_SIGINFO
SIGUSR1: SIG_DFL, sa_mask[0]=00000000000000000000000000000000, sa_flags=none
SIGUSR2: [libjvm.so+0x8e3d10], sa_mask[0]=00000000000000000000000000000000, sa_flags=SA_RESTART|SA_SIGINFO
SIGHUP: SIG_IGN, sa_mask[0]=00000000000000000000000000000000, sa_flags=none
SIGINT: SIG_IGN, sa_mask[0]=00000000000000000000000000000000, sa_flags=none
SIGTERM: [libjvm.so+0x8e50d0], sa_mask[0]=11111111011111111101111111111110, sa_flags=SA_RESTART|SA_SIGINFO
SIGQUIT: [libjvm.so+0x8e50d0], sa_mask[0]=11111111011111111101111111111110, sa_flags=SA_RESTART|SA_SIGINFO


---------------  S Y S T E M  ---------------

OS:DISTRIB_ID="elementary OS"
DISTRIB_RELEASE=0.2.1
DISTRIB_CODENAME=luna
DISTRIB_DESCRIPTION="elementary OS Luna"

uname:Linux 3.11.0-26-generic #45~precise1-Ubuntu SMP Tue Jul 15 04:02:35 UTC 2014 x86_64
libc:glibc 2.15 NPTL 2.15 
rlimit: STACK 8192k, CORE 0k, NPROC 24027, NOFILE 4096, AS infinity
load average:0.67 1.33 1.67

/proc/meminfo:
MemTotal:        3102324 kB
MemFree:          237660 kB
Buffers:            7916 kB
Cached:           247620 kB
SwapCached:       114748 kB
Active:          1848132 kB
Inactive:         624616 kB
Active(anon):    1685112 kB
Inactive(anon):   547448 kB
Active(file):     163020 kB
Inactive(file):    77168 kB
Unevictable:         312 kB
Mlocked:             312 kB
SwapTotal:       1535996 kB
SwapFree:         830984 kB
Dirty:              1020 kB
Writeback:             0 kB
AnonPages:       2151800 kB
Mapped:           206280 kB
Shmem:             15144 kB
Slab:              90860 kB
SReclaimable:      54708 kB
SUnreclaim:        36152 kB
KernelStack:        5312 kB
PageTables:        50212 kB
NFS_Unstable:          0 kB
Bounce:                0 kB
WritebackTmp:          0 kB
CommitLimit:     3087156 kB
Committed_AS:   18285376 kB
VmallocTotal:   34359738367 kB
VmallocUsed:      104404 kB
VmallocChunk:   34359604748 kB
HardwareCorrupted:     0 kB
AnonHugePages:         0 kB
HugePages_Total:       0
HugePages_Free:        0
HugePages_Rsvd:        0
HugePages_Surp:        0
Hugepagesize:       2048 kB
DirectMap4k:     1379472 kB
DirectMap2M:     1923072 kB
DirectMap1G:           0 kB


CPU:total 2 (2 cores per cpu, 1 threads per core) family 21 model 19 stepping 1, cmov, cx8, fxsr, mmx, sse, sse2, sse3, ssse3, sse4.1, sse4.2, popcnt, avx, aes, clmul, mmxext, 3dnowpref, lzcnt, sse4a, tsc, tscinvbit, tscinv, bmi1

/proc/cpuinfo:
processor	: 0
vendor_id	: AuthenticAMD
cpu family	: 21
model		: 19
model name	: AMD A6-5350M APU with Radeon(tm) HD Graphics
stepping	: 1
microcode	: 0x6001119
cpu MHz		: 2900.000
cache size	: 1024 KB
physical id	: 0
siblings	: 2
core id		: 0
cpu cores	: 1
apicid		: 16
initial apicid	: 0
fpu		: yes
fpu_exception	: yes
cpuid level	: 13
wp		: yes
flags		: fpu vme de pse tsc msr pae mce cx8 apic sep mtrr pge mca cmov pat pse36 clflush mmx fxsr sse sse2 ht syscall nx mmxext fxsr_opt pdpe1gb rdtscp lm constant_tsc rep_good nopl nonstop_tsc extd_apicid aperfmperf pni pclmulqdq monitor ssse3 fma cx16 sse4_1 sse4_2 popcnt aes xsave avx f16c lahf_lm cmp_legacy svm extapic cr8_legacy abm sse4a misalignsse 3dnowprefetch osvw ibs xop skinit wdt lwp fma4 tce nodeid_msr tbm topoext perfctr_core perfctr_nb arat cpb hw_pstate npt lbrv svm_lock nrip_save tsc_scale vmcb_clean flushbyasid decodeassists pausefilter pfthreshold bmi1
bogomips	: 5789.45
TLB size	: 1536 4K pages
clflush size	: 64
cache_alignment	: 64
address sizes	: 48 bits physical, 48 bits virtual
power management: ts ttp tm 100mhzsteps hwpstate cpb eff_freq_ro

processor	: 1
vendor_id	: AuthenticAMD
cpu family	: 21
model		: 19
model name	: AMD A6-5350M APU with Radeon(tm) HD Graphics   
stepping	: 1
microcode	: 0x6001119
cpu MHz		: 2900.000
cache size	: 1024 KB
physical id	: 0
siblings	: 2
core id		: 1
cpu cores	: 1
apicid		: 17
initial apicid	: 1
fpu		: yes
fpu_exception	: yes
cpuid level	: 13
wp		: yes
flags		: fpu vme de pse tsc msr pae mce cx8 apic sep mtrr pge mca cmov pat pse36 clflush mmx fxsr sse sse2 ht syscall nx mmxext fxsr_opt pdpe1gb rdtscp lm constant_tsc rep_good nopl nonstop_tsc extd_apicid aperfmperf pni pclmulqdq monitor ssse3 fma cx16 sse4_1 sse4_2 popcnt aes xsave avx f16c lahf_lm cmp_legacy svm extapic cr8_legacy abm sse4a misalignsse 3dnowprefetch osvw ibs xop skinit wdt lwp fma4 tce nodeid_msr tbm topoext perfctr_core perfctr_nb arat cpb hw_pstate npt lbrv svm_lock nrip_save tsc_scale vmcb_clean flushbyasid decodeassists pausefilter pfthreshold bmi1
bogomips	: 5789.45
TLB size	: 1536 4K pages
clflush size	: 64
cache_alignment	: 64
address sizes	: 48 bits physical, 48 bits virtual
power management: ts ttp tm 100mhzsteps hwpstate cpb eff_freq_ro



Memory: 4k page, physical 3102324k(237660k free), swap 1535996k(830984k free)

vm_info: Java HotSpot(TM) 64-Bit Server VM (25.25-b02) for linux-amd64 JRE (1.8.0_25-b17), built on Sep 17 2014 17:32:11 by "java_re" with gcc 4.3.0 20080428 (Red Hat 4.3.0-8)

time: Thu Jan  8 00:35:28 2015
elapsed time: 187 seconds (0d 0h 3m 7s)

