#
# A fatal error has been detected by the Java Runtime Environment:
#
#  SIGBUS (0x7) at pc=0x00007f196f5a17d2, pid=17760, tid=139745803888384
#
# JRE version: Java(TM) SE Runtime Environment (8.0_25-b17) (build 1.8.0_25-b17)
# Java VM: Java HotSpot(TM) 64-Bit Server VM (25.25-b02 mixed mode linux-amd64 compressed oops)
# Problematic frame:
# C  [libzip.so+0x117d2]  newEntry+0x62
#
# Failed to write core dump. Core dumps have been disabled. To enable core dumping, try "ulimit -c unlimited" before starting Java again
#
# If you would like to submit a bug report, please visit:
#   http://bugreport.sun.com/bugreport/crash.jsp
# The crash happened outside the Java Virtual Machine in native code.
# See problematic frame for where to report the bug.
#

---------------  T H R E A D  ---------------

Current thread (0x00007f19341f2000):  JavaThread "PeerGroup Thread" daemon [_thread_in_native, id=17791, stack(0x00007f191aefe000,0x00007f191afff000)]

siginfo: si_signo: 7 (SIGBUS), si_code: 2 (BUS_ADRERR), si_addr: 0x00007f195c4c08fd

Registers:
RAX=0x00007f1958037fa0, RBX=0x00007f197016bf20, RCX=0x00007f1958000078, RDX=0x00007f1958000020
RSP=0x00007f191affa6f0, RBP=0x00007f191affa740, RSI=0x0000000000000048, RDI=0x0000000000000340
R8 =0x0000000000000005, R9 =0x0000000000000077, R10=0x00007f19607032d8, R11=0x0000000000000001
R12=0x00007f195c4c08e0, R13=0x00007f1958037fa0, R14=0x00000000052b41db, R15=0x00007f1970185d80
RIP=0x00007f196f5a17d2, EFLAGS=0x0000000000010202, CSGSFS=0x0000000000000033, ERR=0x0000000000000004
  TRAPNO=0x000000000000000e

Top of Stack: (sp=0x00007f191affa6f0)
0x00007f191affa6f0:   0000000000000042 00007f1900000000
0x00007f191affa700:   00000001000007a8 00007f197526497e
0x00007f191affa710:   00007f1958037fa0 00007f197016bf20
0x00007f191affa720:   00007f1958020d50 00007f1970185d80
0x00007f191affa730:   00000000052b41db 0000000000000016
0x00007f191affa740:   00007f191affa7a0 00007f196f5a1f2f
0x00007f191affa750:   00007f19341f2000 01007f191affc7b8
0x00007f191affa760:   00007f191affa7c0 00007f191affa7d7
0x00007f191affa770:   00007f191affa7d5 00007f191affa7c0
0x00007f191affa780:   0000000000000016 00007f19341f21e8
0x00007f191affa790:   00007f191affac18 0000000000000001
0x00007f191affa7a0:   00007f191affac00 00007f196f593d30
0x00007f191affa7b0:   000000000000001e 00007f1970185d80
0x00007f191affa7c0:   34666c732f67726f 72656b72614d2f6a
0x00007f191affa7d0:   00007373616c632e 0000000000000000
0x00007f191affa7e0:   0000000000000040 0000000000000048
0x00007f191affa7f0:   0000000000000050 00007f19341f0670
0x00007f191affa800:   00007f191affb0a0 00007f195dd64220
0x00007f191affa810:   00007f195dca9190 00007f19341f2000
0x00007f191affa820:   000000005dca9190 0000000000000000
0x00007f191affa830:   00007f1900000000 0000000000000000
0x00007f191affa840:   0000000000000020 0000000100000000
0x00007f191affa850:   000000010000dce8 0000000000000000
0x00007f191affa860:   00007f1900000000 0000000000000000
0x00007f191affa870:   00007f19341f2000 00007f19759c3e0e
0x00007f191affa880:   00007f191affaf20 00007f191affaf10
0x00007f191affa890:   00007f191affb000 00007f19341f2000
0x00007f191affa8a0:   0000000000000000 00007f197599077c
0x00007f191affa8b0:   00007f19341f1510 00000000f88947b8
0x00007f191affa8c0:   00000000f88947d8 00000000f8894828
0x00007f191affa8d0:   00000000f88948b8 00007f1900000016
0x00007f191affa8e0:   00007f191affa980 0000000000000000 

Instructions: (pc=0x00007f196f5a17d2)
0x00007f196f5a17b2:   00 48 c7 40 28 00 00 00 00 41 80 7f 30 00 0f 84
0x00007f196f5a17c2:   8a 02 00 00 4c 8b 63 08 4d 2b 67 28 4d 03 67 18
0x00007f196f5a17d2:   41 0f b6 5c 24 1d 41 0f b6 44 24 1c c1 e3 08 09
0x00007f196f5a17e2:   c3 41 0f b6 44 24 1e 88 45 bd 41 0f b6 54 24 20 

Register to memory mapping:

RAX=0x00007f1958037fa0 is an unknown value
RBX=0x00007f197016bf20 is an unknown value
RCX=0x00007f1958000078 is an unknown value
RDX=0x00007f1958000020 is an unknown value
RSP=0x00007f191affa6f0 is pointing into the stack for thread: 0x00007f19341f2000
RBP=0x00007f191affa740 is pointing into the stack for thread: 0x00007f19341f2000
RSI=0x0000000000000048 is an unknown value
RDI=0x0000000000000340 is an unknown value
R8 =0x0000000000000005 is an unknown value
R9 =0x0000000000000077 is an unknown value
R10=0x00007f19607032d8 is at entry_point+88 in (nmethod*)0x00007f1960703110
R11=0x0000000000000001 is an unknown value
R12=0x00007f195c4c08e0 is an unknown value
R13=0x00007f1958037fa0 is an unknown value
R14=0x00000000052b41db is an unknown value
R15=0x00007f1970185d80 is an unknown value


Stack: [0x00007f191aefe000,0x00007f191afff000],  sp=0x00007f191affa6f0,  free space=1009k
Native frames: (J=compiled Java code, j=interpreted, Vv=VM code, C=native code)
C  [libzip.so+0x117d2]  newEntry+0x62
C  [libzip.so+0x11f2f]  ZIP_GetEntry2+0xff
C  [libzip.so+0x3d30]  Java_java_util_zip_ZipFile_getEntry+0xf0
J 214  java.util.zip.ZipFile.getEntry(J[BZ)J (0 bytes) @ 0x00007f196070334e [0x00007f1960703280+0xce]
J 262 C1 java.util.zip.ZipFile.getEntry(Ljava/lang/String;)Ljava/util/zip/ZipEntry; (86 bytes) @ 0x00007f1960724bcc [0x00007f1960724960+0x26c]
J 563 C1 java.util.jar.JarFile.getEntry(Ljava/lang/String;)Ljava/util/zip/ZipEntry; (22 bytes) @ 0x00007f19607cf164 [0x00007f19607cf0e0+0x84]
J 562 C2 sun.misc.URLClassPath$JarLoader.getResource(Ljava/lang/String;Z)Lsun/misc/Resource; (85 bytes) @ 0x00007f19607e73c8 [0x00007f19607e72a0+0x128]
J 171 C1 sun.misc.URLClassPath.getResource(Ljava/lang/String;Z)Lsun/misc/Resource; (74 bytes) @ 0x00007f19606e939c [0x00007f19606e9260+0x13c]
J 382 C1 java.net.URLClassLoader$1.run()Ljava/lang/Class; (73 bytes) @ 0x00007f19607629dc [0x00007f19607627e0+0x1fc]
J 381 C1 java.net.URLClassLoader$1.run()Ljava/lang/Object; (5 bytes) @ 0x00007f196076507c [0x00007f1960765000+0x7c]
v  ~StubRoutines::call_stub
V  [libjvm.so+0x664086]  JavaCalls::call_helper(JavaValue*, methodHandle*, JavaCallArguments*, Thread*)+0x1056
V  [libjvm.so+0x6f8fec]  JVM_DoPrivileged+0x27c
J 380  java.security.AccessController.doPrivileged(Ljava/security/PrivilegedExceptionAction;Ljava/security/AccessControlContext;)Ljava/lang/Object; (0 bytes) @ 0x00007f1960765455 [0x00007f1960765380+0xd5]
J 221 C1 java.net.URLClassLoader.findClass(Ljava/lang/String;)Ljava/lang/Class; (29 bytes) @ 0x00007f196070a824 [0x00007f196070a6a0+0x184]
J 182 C1 java.lang.ClassLoader.loadClass(Ljava/lang/String;Z)Ljava/lang/Class; (122 bytes) @ 0x00007f19606ee7dc [0x00007f19606ede80+0x95c]
J 209 C1 sun.misc.Launcher$AppClassLoader.loadClass(Ljava/lang/String;Z)Ljava/lang/Class; (40 bytes) @ 0x00007f196070292c [0x00007f1960702500+0x42c]
J 208 C1 java.lang.ClassLoader.loadClass(Ljava/lang/String;)Ljava/lang/Class; (7 bytes) @ 0x00007f19607021c4 [0x00007f19607020c0+0x104]
v  ~StubRoutines::call_stub
V  [libjvm.so+0x664086]  JavaCalls::call_helper(JavaValue*, methodHandle*, JavaCallArguments*, Thread*)+0x1056
V  [libjvm.so+0x664591]  JavaCalls::call_virtual(JavaValue*, KlassHandle, Symbol*, Symbol*, JavaCallArguments*, Thread*)+0x321
V  [libjvm.so+0x6649e6]  JavaCalls::call_virtual(JavaValue*, Handle, KlassHandle, Symbol*, Symbol*, Handle, Thread*)+0x56
V  [libjvm.so+0x9f51b0]  SystemDictionary::load_instance_class(Symbol*, Handle, Thread*)+0x3c0
V  [libjvm.so+0x9f421c]  SystemDictionary::resolve_instance_class_or_null(Symbol*, Handle, Handle, Thread*)+0x7cc
V  [libjvm.so+0x876137]  Method::load_signature_classes(methodHandle, Thread*)+0x1a7
V  [libjvm.so+0x49dd44]  CompileBroker::compile_method(methodHandle, int, int, methodHandle, int, char const*, Thread*)+0x4a4
V  [libjvm.so+0x2d44c4]  AdvancedThresholdPolicy::submit_compile(methodHandle, int, CompLevel, JavaThread*)+0x134
V  [libjvm.so+0x99df40]  SimpleThresholdPolicy::compile(methodHandle, int, CompLevel, JavaThread*)+0x1e0
V  [libjvm.so+0x2d51f1]  AdvancedThresholdPolicy::method_invocation_event(methodHandle, methodHandle, CompLevel, nmethod*, JavaThread*)+0x351
V  [libjvm.so+0x99f9dc]  SimpleThresholdPolicy::event(methodHandle, methodHandle, int, int, CompLevel, nmethod*, JavaThread*)+0x70c
V  [libjvm.so+0x3d1cc4]  Runtime1::counter_overflow(JavaThread*, int, Method*)+0x284
v  ~RuntimeStub::counter_overflow Runtime1 stub
J 2099 C1 ch.qos.logback.classic.Logger.isDebugEnabled(Lorg/slf4j/Marker;)Z (77 bytes) @ 0x00007f1960bf393b [0x00007f1960bf2c20+0xd1b]
J 3196 C1 org.bitcoinj.core.BitcoinSerializer.serialize(Ljava/lang/String;[BLjava/io/OutputStream;)V (154 bytes) @ 0x00007f1960adcb4c [0x00007f1960adc320+0x82c]
J 3217 C1 org.bitcoinj.core.BitcoinSerializer.serialize(Lorg/bitcoinj/core/Message;Ljava/io/OutputStream;)V (61 bytes) @ 0x00007f1960acefd4 [0x00007f1960ace660+0x974]
J 3216 C1 org.bitcoinj.core.PeerSocketHandler.sendMessage(Lorg/bitcoinj/core/Message;)V (88 bytes) @ 0x00007f1960ad0084 [0x00007f1960acfd60+0x324]
J 3350 C1 org.bitcoinj.core.Peer.ping(J)Lcom/google/common/util/concurrent/ListenableFuture; (83 bytes) @ 0x00007f1960a7f004 [0x00007f1960a7e440+0xbc4]
J 3261 C1 org.bitcoinj.core.Peer.ping()Lcom/google/common/util/concurrent/ListenableFuture; (13 bytes) @ 0x00007f1960decb64 [0x00007f1960dec820+0x344]
j  org.bitcoinj.core.PeerGroup$11.run()V+90
j  com.google.common.util.concurrent.MoreExecutors$ScheduledListeningDecorator$NeverSuccessfulListenableFutureTask.run()V+4
J 3317 C1 java.util.concurrent.Executors$RunnableAdapter.call()Ljava/lang/Object; (14 bytes) @ 0x00007f1960e1344c [0x00007f1960e13340+0x10c]
j  java.util.concurrent.FutureTask.runAndReset()Z+47
J 3318 C1 java.util.concurrent.ScheduledThreadPoolExecutor$ScheduledFutureTask.run()V (59 bytes) @ 0x00007f1960e12b44 [0x00007f1960e12620+0x524]
j  java.util.concurrent.ThreadPoolExecutor.runWorker(Ljava/util/concurrent/ThreadPoolExecutor$Worker;)V+95
j  java.util.concurrent.ThreadPoolExecutor$Worker.run()V+5
j  java.lang.Thread.run()V+11
v  ~StubRoutines::call_stub
V  [libjvm.so+0x664086]  JavaCalls::call_helper(JavaValue*, methodHandle*, JavaCallArguments*, Thread*)+0x1056
V  [libjvm.so+0x664591]  JavaCalls::call_virtual(JavaValue*, KlassHandle, Symbol*, Symbol*, JavaCallArguments*, Thread*)+0x321
V  [libjvm.so+0x664a37]  JavaCalls::call_virtual(JavaValue*, Handle, KlassHandle, Symbol*, Symbol*, Thread*)+0x47
V  [libjvm.so+0x6dee3e]  thread_entry(JavaThread*, Thread*)+0x7e
V  [libjvm.so+0xa29e8f]  JavaThread::thread_main_inner()+0xdf
V  [libjvm.so+0xa29fbc]  JavaThread::run()+0x11c
V  [libjvm.so+0x8e7d48]  java_start(Thread*)+0x108
C  [libpthread.so.0+0x7e9a]  start_thread+0xda

Java frames: (J=compiled Java code, j=interpreted, Vv=VM code)
J 214  java.util.zip.ZipFile.getEntry(J[BZ)J (0 bytes) @ 0x00007f19607032d8 [0x00007f1960703280+0x58]
J 262 C1 java.util.zip.ZipFile.getEntry(Ljava/lang/String;)Ljava/util/zip/ZipEntry; (86 bytes) @ 0x00007f1960724bcc [0x00007f1960724960+0x26c]
J 563 C1 java.util.jar.JarFile.getEntry(Ljava/lang/String;)Ljava/util/zip/ZipEntry; (22 bytes) @ 0x00007f19607cf164 [0x00007f19607cf0e0+0x84]
J 562 C2 sun.misc.URLClassPath$JarLoader.getResource(Ljava/lang/String;Z)Lsun/misc/Resource; (85 bytes) @ 0x00007f19607e73c8 [0x00007f19607e72a0+0x128]
J 171 C1 sun.misc.URLClassPath.getResource(Ljava/lang/String;Z)Lsun/misc/Resource; (74 bytes) @ 0x00007f19606e939c [0x00007f19606e9260+0x13c]
J 382 C1 java.net.URLClassLoader$1.run()Ljava/lang/Class; (73 bytes) @ 0x00007f19607629dc [0x00007f19607627e0+0x1fc]
J 381 C1 java.net.URLClassLoader$1.run()Ljava/lang/Object; (5 bytes) @ 0x00007f196076507c [0x00007f1960765000+0x7c]
v  ~StubRoutines::call_stub
J 380  java.security.AccessController.doPrivileged(Ljava/security/PrivilegedExceptionAction;Ljava/security/AccessControlContext;)Ljava/lang/Object; (0 bytes) @ 0x00007f19607653e3 [0x00007f1960765380+0x63]
J 221 C1 java.net.URLClassLoader.findClass(Ljava/lang/String;)Ljava/lang/Class; (29 bytes) @ 0x00007f196070a824 [0x00007f196070a6a0+0x184]
J 182 C1 java.lang.ClassLoader.loadClass(Ljava/lang/String;Z)Ljava/lang/Class; (122 bytes) @ 0x00007f19606ee7dc [0x00007f19606ede80+0x95c]
J 209 C1 sun.misc.Launcher$AppClassLoader.loadClass(Ljava/lang/String;Z)Ljava/lang/Class; (40 bytes) @ 0x00007f196070292c [0x00007f1960702500+0x42c]
J 208 C1 java.lang.ClassLoader.loadClass(Ljava/lang/String;)Ljava/lang/Class; (7 bytes) @ 0x00007f19607021c4 [0x00007f19607020c0+0x104]
v  ~StubRoutines::call_stub
v  ~RuntimeStub::counter_overflow Runtime1 stub
J 2099 C1 ch.qos.logback.classic.Logger.isDebugEnabled(Lorg/slf4j/Marker;)Z (77 bytes) @ 0x00007f1960bf393b [0x00007f1960bf2c20+0xd1b]
J 3196 C1 org.bitcoinj.core.BitcoinSerializer.serialize(Ljava/lang/String;[BLjava/io/OutputStream;)V (154 bytes) @ 0x00007f1960adcb4c [0x00007f1960adc320+0x82c]
J 3217 C1 org.bitcoinj.core.BitcoinSerializer.serialize(Lorg/bitcoinj/core/Message;Ljava/io/OutputStream;)V (61 bytes) @ 0x00007f1960acefd4 [0x00007f1960ace660+0x974]
J 3216 C1 org.bitcoinj.core.PeerSocketHandler.sendMessage(Lorg/bitcoinj/core/Message;)V (88 bytes) @ 0x00007f1960ad0084 [0x00007f1960acfd60+0x324]
J 3350 C1 org.bitcoinj.core.Peer.ping(J)Lcom/google/common/util/concurrent/ListenableFuture; (83 bytes) @ 0x00007f1960a7f004 [0x00007f1960a7e440+0xbc4]
J 3261 C1 org.bitcoinj.core.Peer.ping()Lcom/google/common/util/concurrent/ListenableFuture; (13 bytes) @ 0x00007f1960decb64 [0x00007f1960dec820+0x344]
j  org.bitcoinj.core.PeerGroup$11.run()V+90
j  com.google.common.util.concurrent.MoreExecutors$ScheduledListeningDecorator$NeverSuccessfulListenableFutureTask.run()V+4
J 3317 C1 java.util.concurrent.Executors$RunnableAdapter.call()Ljava/lang/Object; (14 bytes) @ 0x00007f1960e1344c [0x00007f1960e13340+0x10c]
j  java.util.concurrent.FutureTask.runAndReset()Z+47
J 3318 C1 java.util.concurrent.ScheduledThreadPoolExecutor$ScheduledFutureTask.run()V (59 bytes) @ 0x00007f1960e12b44 [0x00007f1960e12620+0x524]
j  java.util.concurrent.ThreadPoolExecutor.runWorker(Ljava/util/concurrent/ThreadPoolExecutor$Worker;)V+95
j  java.util.concurrent.ThreadPoolExecutor$Worker.run()V+5
j  java.lang.Thread.run()V+11
v  ~StubRoutines::call_stub

---------------  P R O C E S S  ---------------

Java Threads: ( => current thread )
  0x00007f1970439800 JavaThread "CircuitCreationTask worker-13" daemon [_thread_blocked, id=17972, stack(0x00007f19163f5000,0x00007f19164f6000)]
  0x00007f195805d800 JavaThread "BlockingClient network thread for testnet-seed.alexykot.me/54.213.164.1:18333" daemon [_thread_blocked, id=17953, stack(0x00007f19135c1000,0x00007f19136c2000)]
  0x00007f195804a000 JavaThread "BlockingClient network thread for testnet-seed.alexykot.me/176.28.48.171:18333" daemon [_thread_blocked, id=17952, stack(0x00007f19148d4000,0x00007f19149d5000)]
  0x00007f193410c000 JavaThread "CircuitCreationTask worker-12" daemon [_thread_blocked, id=17951, stack(0x00007f19144d0000,0x00007f19145d1000)]
  0x00007f1934109800 JavaThread "CircuitCreationTask worker-10" daemon [_thread_blocked, id=17949, stack(0x00007f1915ef0000,0x00007f1915ff1000)]
  0x00007f1934107800 JavaThread "CircuitCreationTask worker-8" daemon [_thread_blocked, id=17947, stack(0x00007f19146d2000,0x00007f19147d3000)]
  0x00007f19340bc800 JavaThread "CircuitCreationTask worker-5" daemon [_thread_blocked, id=17944, stack(0x00007f19140cc000,0x00007f19141cd000)]
  0x00007f1958043000 JavaThread "BlockingClient network thread for testnet-seed.alexykot.me/23.253.92.253:18333" daemon [_thread_blocked, id=17942, stack(0x00007f1913bc7000,0x00007f1913cc8000)]
  0x00007f195803f800 JavaThread "BlockingClient network thread for /74.207.241.92:18333" daemon [_thread_blocked, id=17941, stack(0x00007f19139c5000,0x00007f1913ac6000)]
  0x00007f1958046800 JavaThread "BlockingClient network thread for testnet-seed.bitcoin.schildbach.de/54.84.19.8:18333" daemon [_thread_blocked, id=17940, stack(0x00007f1913cc8000,0x00007f1913dc9000)]
  0x00007f195803e000 JavaThread "BlockingClient network thread for testnet-seed.bitcoin.schildbach.de/23.97.210.116:18333" daemon [_thread_blocked, id=17939, stack(0x00007f1915aec000,0x00007f1915bed000)]
  0x00007f1958048800 JavaThread "BlockingClient network thread for /54.186.254.49:18333" daemon [_thread_blocked, id=17938, stack(0x00007f19137c3000,0x00007f19138c4000)]
  0x00007f1958045000 JavaThread "BlockingClient network thread for /198.50.229.255:18333" daemon [_thread_blocked, id=17937, stack(0x00007f19136c2000,0x00007f19137c3000)]
  0x00007f1958024000 JavaThread "BlockingClient network thread for /178.62.37.197:18333" daemon [_thread_blocked, id=17935, stack(0x00007f1913ac6000,0x00007f1913bc7000)]
  0x00007f1958036800 JavaThread "BlockingClient network thread for /88.198.20.152:18333" daemon [_thread_blocked, id=17934, stack(0x00007f1913dc9000,0x00007f1913eca000)]
  0x00007f1958057800 JavaThread "BlockingClient network thread for /208.111.48.41:18333" daemon [_thread_blocked, id=17932, stack(0x00007f19134c0000,0x00007f19135c1000)]
  0x00007f1958034000 JavaThread "AbstractTimeoutHandler timeouts" daemon [_thread_blocked, id=17931, stack(0x00007f19133bf000,0x00007f19134c0000)]
  0x00007f1920034800 JavaThread "Thread-27" daemon [_thread_in_native, id=17892, stack(0x00007f1914ad6000,0x00007f1914bd7000)]
  0x00007f192c0d9800 JavaThread "Thread-24" daemon [_thread_in_native, id=17890, stack(0x00007f1914bd7000,0x00007f1914cd8000)]
  0x00007f195001d000 JavaThread "Thread-20" daemon [_thread_in_native, id=17889, stack(0x00007f1914cd8000,0x00007f1914dd9000)]
  0x00007f193c056000 JavaThread "Thread-29" daemon [_thread_in_native, id=17888, stack(0x00007f1914dd9000,0x00007f1914eda000)]
  0x00007f19340b8800 JavaThread "Thread-26" daemon [_thread_in_native, id=17887, stack(0x00007f1914eda000,0x00007f1914fdb000)]
  0x00007f1958031000 JavaThread "Thread-22" daemon [_thread_in_native, id=17886, stack(0x00007f1914fdb000,0x00007f19150dc000)]
  0x0000000001444000 JavaThread "Thread-23" daemon [_thread_in_native, id=17885, stack(0x00007f19150dc000,0x00007f19151dd000)]
  0x00007f1928014800 JavaThread "Thread-25" daemon [_thread_in_native, id=17884, stack(0x00007f19151dd000,0x00007f19152de000)]
  0x00007f197043b800 JavaThread "Thread-21" daemon [_thread_in_native, id=17883, stack(0x00007f19152de000,0x00007f19153df000)]
  0x00007f1930067000 JavaThread "Thread-28" daemon [_thread_in_native, id=17882, stack(0x00007f19153df000,0x00007f19154e0000)]
  0x00007f1934140800 JavaThread "Thread-15" daemon [_thread_in_native, id=17870, stack(0x00007f19160f2000,0x00007f19161f3000)]
  0x00007f192c053000 JavaThread "Thread-14" daemon [_thread_in_native, id=17869, stack(0x00007f19161f3000,0x00007f19162f4000)]
  0x00007f193413c000 JavaThread "qtp1326086865-43" [_thread_blocked, id=17866, stack(0x00007f192739a000,0x00007f192749b000)]
  0x00007f193001e800 JavaThread "qtp1326086865-42" [_thread_blocked, id=17865, stack(0x00007f19162f4000,0x00007f19163f5000)]
  0x0000000001425800 JavaThread "Scheduler-275182600" [_thread_blocked, id=17851, stack(0x00007f19164f6000,0x00007f19165f7000)]
  0x00007f193c034000 JavaThread "Thread-16" daemon [_thread_in_native, id=17841, stack(0x00007f19165f7000,0x00007f19166f8000)]
  0x00007f1970432800 JavaThread "CircuitCreationTask worker-0" daemon [_thread_blocked, id=17808, stack(0x00007f1919ca7000,0x00007f1919da8000)]
  0x00007f1970009800 JavaThread "DestroyJavaVM" [_thread_blocked, id=17761, stack(0x00007f1976463000,0x00007f1976564000)]
  0x00007f195800b800 JavaThread "CircuitManager worker-0" daemon [_thread_blocked, id=17793, stack(0x00007f1919b4f000,0x00007f1919c50000)]
  0x00007f195800b000 JavaThread "Thread-13" daemon [_thread_blocked, id=17792, stack(0x00007f195c375000,0x00007f195c476000)]
=>0x00007f19341f2000 JavaThread "PeerGroup Thread" daemon [_thread_in_native, id=17791, stack(0x00007f191aefe000,0x00007f191afff000)]
  0x00007f19341d0000 JavaThread "pool-5-thread-1" [_thread_blocked, id=17790, stack(0x00007f191afff000,0x00007f191b100000)]
  0x00007f19341c6000 JavaThread "DescriptorCache rebuild worker-0" daemon [_thread_blocked, id=17789, stack(0x00007f191bdbe000,0x00007f191bebf000)]
  0x00007f19341c5000 JavaThread "DescriptorCache rebuild worker-0" daemon [_thread_blocked, id=17788, stack(0x00007f191bebf000,0x00007f191bfc0000)]
  0x00007f197039c800 JavaThread "AWT-XAWT" daemon [_thread_in_native, id=17787, stack(0x00007f19248ef000,0x00007f19249f0000)]
  0x00007f1970374000 JavaThread "Java2D Disposer" daemon [_thread_blocked, id=17786, stack(0x00007f1925007000,0x00007f1925108000)]
  0x00007f192c05a800 JavaThread "HashSessionScavenger-0" daemon [_thread_blocked, id=17784, stack(0x00007f1927097000,0x00007f1927198000)]
  0x00007f192c056800 JavaThread "qtp1326086865-21" [_thread_blocked, id=17783, stack(0x00007f1927198000,0x00007f1927299000)]
  0x00007f192c051000 JavaThread "qtp1326086865-18" [_thread_blocked, id=17780, stack(0x00007f192749b000,0x00007f192759c000)]
  0x00007f192c04f800 JavaThread "qtp1326086865-17" [_thread_blocked, id=17779, stack(0x00007f192759c000,0x00007f192769d000)]
  0x00007f192c04d800 JavaThread "qtp1326086865-16-acceptor-0-ServerConnector@36644c31{HTTP/1.1}{0.0.0.0:4567}" [_thread_in_native, id=17778, stack(0x00007f192769d000,0x00007f192779e000)]
  0x00007f192c04c000 JavaThread "qtp1326086865-15-selector-0" [_thread_in_native, id=17777, stack(0x00007f192779e000,0x00007f192789f000)]
  0x00007f192c048000 JavaThread "qtp1326086865-14-selector-1" [_thread_in_native, id=17776, stack(0x00007f192789f000,0x00007f19279a0000)]
  0x00007f192c03e800 JavaThread "DateCache" daemon [_thread_blocked, id=17775, stack(0x00007f195c057000,0x00007f195c158000)]
  0x00007f19702e7000 JavaThread "Thread-1" [_thread_blocked, id=17774, stack(0x00007f195c173000,0x00007f195c274000)]
  0x00007f193403d000 JavaThread "bitcoinj user thread" daemon [_thread_blocked, id=17773, stack(0x00007f195c274000,0x00007f195c375000)]
  0x00007f1970159800 JavaThread "Service Thread" daemon [_thread_blocked, id=17770, stack(0x00007f195c644000,0x00007f195c745000)]
  0x00007f1970131800 JavaThread "C1 CompilerThread1" daemon [_thread_blocked, id=17769, stack(0x00007f195c745000,0x00007f195c846000)]
  0x00007f197012e800 JavaThread "C2 CompilerThread0" daemon [_thread_blocked, id=17768, stack(0x00007f195c846000,0x00007f195c947000)]
  0x00007f197012c800 JavaThread "Signal Dispatcher" daemon [_thread_blocked, id=17767, stack(0x00007f195c947000,0x00007f195ca48000)]
  0x00007f19700ff000 JavaThread "Finalizer" daemon [_thread_blocked, id=17766, stack(0x00007f195ce46000,0x00007f195cf47000)]
  0x00007f19700fd000 JavaThread "Reference Handler" daemon [_thread_blocked, id=17765, stack(0x00007f195cf47000,0x00007f195d048000)]

Other Threads:
  0x00007f19700f6000 VMThread [stack: 0x00007f195d048000,0x00007f195d149000] [id=17764]
  0x00007f197015b000 WatcherThread [stack: 0x00007f195c543000,0x00007f195c644000] [id=17771]

VM state:not at safepoint (normal execution)

VM Mutex/Monitor currently owned by a thread: None

Heap:
 PSYoungGen      total 154624K, used 153743K [0x00000000f0380000, 0x00000000fba00000, 0x0000000100000000)
  eden space 140800K, 99% used [0x00000000f0380000,0x00000000f8c6b6a0,0x00000000f8d00000)
  from space 13824K, 97% used [0x00000000fac80000,0x00000000fb9b86b0,0x00000000fba00000)
  to   space 19968K, 0% used [0x00000000f9300000,0x00000000f9300000,0x00000000fa680000)
 ParOldGen       total 56832K, used 32710K [0x00000000d0a00000, 0x00000000d4180000, 0x00000000f0380000)
  object space 56832K, 57% used [0x00000000d0a00000,0x00000000d29f1aa8,0x00000000d4180000)
 Metaspace       used 20860K, capacity 21046K, committed 21504K, reserved 1069056K
  class space    used 2365K, capacity 2435K, committed 2560K, reserved 1048576K

Card table byte_map: [0x00007f1960054000,0x00007f19601d0000] byte_map_base: 0x00007f195f9cf000

Marking Bits: (ParMarkBitMap*) 0x00007f197591a2c0
 Begin Bits: [0x00007f195e5a5000, 0x00007f195f17d000)
 End Bits:   [0x00007f195f17d000, 0x00007f195fd55000)

Polling page: 0x00007f1976462000

CodeCache: size=245760Kb used=8724Kb max_used=8730Kb free=237035Kb
 bounds [0x00007f1960590000, 0x00007f1960e30000, 0x00007f196f590000]
 total_blobs=3353 nmethods=2830 adapters=438
 compilation: enabled

Compilation events (10 events):
Event: 178.047 Thread 0x00007f1970131800 nmethod 3387 0x00007f1960b95e50 code [0x00007f1960b95fe0, 0x00007f1960b96328]
Event: 178.047 Thread 0x00007f1970131800 3388   !   3       java.lang.StringCoding::decode (216 bytes)
Event: 178.049 Thread 0x00007f1970131800 nmethod 3388 0x00007f1960e1f310 code [0x00007f1960e1f6c0, 0x00007f1960e219a8]
Event: 178.056 Thread 0x00007f197012e800 nmethod 3390 0x00007f1960b95450 code [0x00007f1960b955e0, 0x00007f1960b959f8]
Event: 178.056 Thread 0x00007f197012e800 3389       4       java.util.HashMap::keySet (27 bytes)
Event: 178.063 Thread 0x00007f197012e800 nmethod 3389 0x00007f1960e22b50 code [0x00007f1960e22ca0, 0x00007f1960e22d98]
Event: 178.094 Thread 0x00007f1970131800 3391       3       java.util.Calendar::setTimeInMillis (84 bytes)
Event: 178.095 Thread 0x00007f1970131800 nmethod 3391 0x00007f1960e25310 code [0x00007f1960e254a0, 0x00007f1960e25a48]
Event: 178.095 Thread 0x00007f1970131800 3392       3       java.util.concurrent.ConcurrentLinkedQueue::poll (85 bytes)
Event: 178.096 Thread 0x00007f1970131800 nmethod 3392 0x00007f1960e24410 code [0x00007f1960e245e0, 0x00007f1960e24f70]

GC Heap History (10 events):
Event: 6.726 GC heap before
{Heap before GC invocations=7 (full 0):
 PSYoungGen      total 55296K, used 54680K [0x00000000f0380000, 0x00000000f4180000, 0x0000000100000000)
  eden space 48640K, 100% used [0x00000000f0380000,0x00000000f3300000,0x00000000f3300000)
  from space 6656K, 90% used [0x00000000f3a00000,0x00000000f3fe61b8,0x00000000f4080000)
  to   space 7168K, 0% used [0x00000000f3300000,0x00000000f3300000,0x00000000f3a00000)
 ParOldGen       total 32768K, used 14458K [0x00000000d0a00000, 0x00000000d2a00000, 0x00000000f0380000)
  object space 32768K, 44% used [0x00000000d0a00000,0x00000000d181eaa8,0x00000000d2a00000)
 Metaspace       used 17168K, capacity 17338K, committed 17664K, reserved 1064960K
  class space    used 2000K, capacity 2041K, committed 2048K, reserved 1048576K
Event: 6.753 GC heap after
Heap after GC invocations=7 (full 0):
 PSYoungGen      total 55808K, used 7152K [0x00000000f0380000, 0x00000000f7a80000, 0x0000000100000000)
  eden space 48640K, 0% used [0x00000000f0380000,0x00000000f0380000,0x00000000f3300000)
  from space 7168K, 99% used [0x00000000f3300000,0x00000000f39fc030,0x00000000f3a00000)
  to   space 12288K, 0% used [0x00000000f6e80000,0x00000000f6e80000,0x00000000f7a80000)
 ParOldGen       total 32768K, used 22649K [0x00000000d0a00000, 0x00000000d2a00000, 0x00000000f0380000)
  object space 32768K, 69% used [0x00000000d0a00000,0x00000000d201e5c8,0x00000000d2a00000)
 Metaspace       used 17168K, capacity 17338K, committed 17664K, reserved 1064960K
  class space    used 2000K, capacity 2041K, committed 2048K, reserved 1048576K
}
Event: 6.839 GC heap before
{Heap before GC invocations=8 (full 0):
 PSYoungGen      total 55808K, used 55792K [0x00000000f0380000, 0x00000000f7a80000, 0x0000000100000000)
  eden space 48640K, 100% used [0x00000000f0380000,0x00000000f3300000,0x00000000f3300000)
  from space 7168K, 99% used [0x00000000f3300000,0x00000000f39fc030,0x00000000f3a00000)
  to   space 12288K, 0% used [0x00000000f6e80000,0x00000000f6e80000,0x00000000f7a80000)
 ParOldGen       total 32768K, used 22649K [0x00000000d0a00000, 0x00000000d2a00000, 0x00000000f0380000)
  object space 32768K, 69% used [0x00000000d0a00000,0x00000000d201e5c8,0x00000000d2a00000)
 Metaspace       used 17174K, capacity 17338K, committed 17664K, reserved 1064960K
  class space    used 2000K, capacity 2041K, committed 2048K, reserved 1048576K
Event: 6.856 GC heap after
Heap after GC invocations=8 (full 0):
 PSYoungGen      total 108032K, used 11840K [0x00000000f0380000, 0x00000000f7d80000, 0x0000000100000000)
  eden space 95744K, 0% used [0x00000000f0380000,0x00000000f0380000,0x00000000f6100000)
  from space 12288K, 96% used [0x00000000f6e80000,0x00000000f7a10020,0x00000000f7a80000)
  to   space 13824K, 0% used [0x00000000f6100000,0x00000000f6100000,0x00000000f6e80000)
 ParOldGen       total 32768K, used 23568K [0x00000000d0a00000, 0x00000000d2a00000, 0x00000000f0380000)
  object space 32768K, 71% used [0x00000000d0a00000,0x00000000d2104308,0x00000000d2a00000)
 Metaspace       used 17174K, capacity 17338K, committed 17664K, reserved 1064960K
  class space    used 2000K, capacity 2041K, committed 2048K, reserved 1048576K
}
Event: 7.021 GC heap before
{Heap before GC invocations=9 (full 0):
 PSYoungGen      total 108032K, used 107584K [0x00000000f0380000, 0x00000000f7d80000, 0x0000000100000000)
  eden space 95744K, 100% used [0x00000000f0380000,0x00000000f6100000,0x00000000f6100000)
  from space 12288K, 96% used [0x00000000f6e80000,0x00000000f7a10020,0x00000000f7a80000)
  to   space 13824K, 0% used [0x00000000f6100000,0x00000000f6100000,0x00000000f6e80000)
 ParOldGen       total 32768K, used 23568K [0x00000000d0a00000, 0x00000000d2a00000, 0x00000000f0380000)
  object space 32768K, 71% used [0x00000000d0a00000,0x00000000d2104308,0x00000000d2a00000)
 Metaspace       used 17174K, capacity 17338K, committed 17664K, reserved 1064960K
  class space    used 2000K, capacity 2041K, committed 2048K, reserved 1048576K
Event: 7.058 GC heap after
Heap after GC invocations=9 (full 0):
 PSYoungGen      total 109568K, used 13796K [0x00000000f0380000, 0x00000000fbf80000, 0x0000000100000000)
  eden space 95744K, 0% used [0x00000000f0380000,0x00000000f0380000,0x00000000f6100000)
  from space 13824K, 99% used [0x00000000f6100000,0x00000000f6e79298,0x00000000f6e80000)
  to   space 19456K, 0% used [0x00000000fac80000,0x00000000fac80000,0x00000000fbf80000)
 ParOldGen       total 32768K, used 32690K [0x00000000d0a00000, 0x00000000d2a00000, 0x00000000f0380000)
  object space 32768K, 99% used [0x00000000d0a00000,0x00000000d29eca08,0x00000000d2a00000)
 Metaspace       used 17174K, capacity 17338K, committed 17664K, reserved 1064960K
  class space    used 2000K, capacity 2041K, committed 2048K, reserved 1048576K
}
Event: 7.058 GC heap before
{Heap before GC invocations=10 (full 1):
 PSYoungGen      total 109568K, used 13796K [0x00000000f0380000, 0x00000000fbf80000, 0x0000000100000000)
  eden space 95744K, 0% used [0x00000000f0380000,0x00000000f0380000,0x00000000f6100000)
  from space 13824K, 99% used [0x00000000f6100000,0x00000000f6e79298,0x00000000f6e80000)
  to   space 19456K, 0% used [0x00000000fac80000,0x00000000fac80000,0x00000000fbf80000)
 ParOldGen       total 32768K, used 32690K [0x00000000d0a00000, 0x00000000d2a00000, 0x00000000f0380000)
  object space 32768K, 99% used [0x00000000d0a00000,0x00000000d29eca08,0x00000000d2a00000)
 Metaspace       used 17174K, capacity 17338K, committed 17664K, reserved 1064960K
  class space    used 2000K, capacity 2041K, committed 2048K, reserved 1048576K
Event: 7.228 GC heap after
Heap after GC invocations=10 (full 1):
 PSYoungGen      total 109568K, used 1996K [0x00000000f0380000, 0x00000000fbf80000, 0x0000000100000000)
  eden space 95744K, 0% used [0x00000000f0380000,0x00000000f0380000,0x00000000f6100000)
  from space 13824K, 14% used [0x00000000f6100000,0x00000000f62f33a0,0x00000000f6e80000)
  to   space 19456K, 0% used [0x00000000fac80000,0x00000000fac80000,0x00000000fbf80000)
 ParOldGen       total 56832K, used 32702K [0x00000000d0a00000, 0x00000000d4180000, 0x00000000f0380000)
  object space 56832K, 57% used [0x00000000d0a00000,0x00000000d29efaa8,0x00000000d4180000)
 Metaspace       used 17173K, capacity 17336K, committed 17664K, reserved 1064960K
  class space    used 1999K, capacity 2040K, committed 2048K, reserved 1048576K
}
Event: 12.233 GC heap before
{Heap before GC invocations=11 (full 1):
 PSYoungGen      total 109568K, used 97740K [0x00000000f0380000, 0x00000000fbf80000, 0x0000000100000000)
  eden space 95744K, 100% used [0x00000000f0380000,0x00000000f6100000,0x00000000f6100000)
  from space 13824K, 14% used [0x00000000f6100000,0x00000000f62f33a0,0x00000000f6e80000)
  to   space 19456K, 0% used [0x00000000fac80000,0x00000000fac80000,0x00000000fbf80000)
 ParOldGen       total 56832K, used 32702K [0x00000000d0a00000, 0x00000000d4180000, 0x00000000f0380000)
  object space 56832K, 57% used [0x00000000d0a00000,0x00000000d29efaa8,0x00000000d4180000)
 Metaspace       used 18544K, capacity 18720K, committed 19200K, reserved 1067008K
  class space    used 2153K, capacity 2202K, committed 2304K, reserved 1048576K
Event: 12.293 GC heap after
Heap after GC invocations=11 (full 1):
 PSYoungGen      total 154624K, used 13537K [0x00000000f0380000, 0x00000000fba00000, 0x0000000100000000)
  eden space 140800K, 0% used [0x00000000f0380000,0x00000000f0380000,0x00000000f8d00000)
  from space 13824K, 97% used [0x00000000fac80000,0x00000000fb9b86b0,0x00000000fba00000)
  to   space 19968K, 0% used [0x00000000f9300000,0x00000000f9300000,0x00000000fa680000)
 ParOldGen       total 56832K, used 32710K [0x00000000d0a00000, 0x00000000d4180000, 0x00000000f0380000)
  object space 56832K, 57% used [0x00000000d0a00000,0x00000000d29f1aa8,0x00000000d4180000)
 Metaspace       used 18544K, capacity 18720K, committed 19200K, reserved 1067008K
  class space    used 2153K, capacity 2202K, committed 2304K, reserved 1048576K
}

Deoptimization events (10 events):
Event: 14.820 Thread 0x00007f1930001800 Uncommon trap: reason=bimorphic action=maybe_recompile pc=0x00007f1960a4f53c method=java.util.regex.Pattern$Curly.match0(Ljava/util/regex/Matcher;IILjava/lang/CharSequence;)Z @ 141
Event: 14.820 Thread 0x00007f1930001800 Uncommon trap: reason=bimorphic action=maybe_recompile pc=0x00007f1960a4f528 method=java.util.regex.Pattern$Curly.match0(Ljava/util/regex/Matcher;IILjava/lang/CharSequence;)Z @ 77
Event: 14.916 Thread 0x00007f193001e800 Uncommon trap: reason=class_check action=maybe_recompile pc=0x00007f1960761ab0 method=java.lang.String.equals(Ljava/lang/Object;)Z @ 8
Event: 14.917 Thread 0x00007f193001e800 Uncommon trap: reason=class_check action=maybe_recompile pc=0x00007f1960761ab0 method=java.lang.String.equals(Ljava/lang/Object;)Z @ 8
Event: 14.918 Thread 0x00007f193001e800 Uncommon trap: reason=class_check action=maybe_recompile pc=0x00007f1960761ab0 method=java.lang.String.equals(Ljava/lang/Object;)Z @ 8
Event: 14.982 Thread 0x00007f193001e800 Uncommon trap: reason=range_check action=make_not_entrant pc=0x00007f1960a4b980 method=sun.reflect.generics.parser.SignatureParser.current()C @ 34
Event: 16.062 Thread 0x00007f19341f2000 Uncommon trap: reason=class_check action=maybe_recompile pc=0x00007f1960b0ce94 method=java.util.AbstractCollection.toArray([Ljava/lang/Object;)[Ljava/lang/Object; @ 1
Event: 16.063 Thread 0x00007f19341f2000 Uncommon trap: reason=class_check action=maybe_recompile pc=0x00007f1960b0ce94 method=java.util.AbstractCollection.toArray([Ljava/lang/Object;)[Ljava/lang/Object; @ 1
Event: 42.715 Thread 0x00007f19341f2000 Uncommon trap: reason=unreached action=reinterpret pc=0x00007f1960ba9340 method=java.lang.Class.arrayContentsEq([Ljava/lang/Object;[Ljava/lang/Object;)Z @ 57
Event: 46.726 Thread 0x00007f1958024000 Uncommon trap: reason=unloaded action=reinterpret pc=0x00007f1960a75b88 method=java.nio.Buffer.nextGetIndex()I @ 11

Internal exceptions (10 events):
Event: 46.875 Thread 0x00007f193403d000 Exception <a 'java/security/PrivilegedActionException'> (0x00000000f6f000d8) thrown at [/HUDSON/workspace/8-2-build-linux-amd64/jdk8u25/1514/hotspot/src/share/vm/prims/jvm.cpp, line 1312]
Event: 47.574 Thread 0x00007f1958024000 Exception <a 'java/security/PrivilegedActionException'> (0x00000000f7001f70) thrown at [/HUDSON/workspace/8-2-build-linux-amd64/jdk8u25/1514/hotspot/src/share/vm/prims/jvm.cpp, line 1312]
Event: 47.575 Thread 0x00007f1958024000 Exception <a 'java/security/PrivilegedActionException'> (0x00000000f7004b40) thrown at [/HUDSON/workspace/8-2-build-linux-amd64/jdk8u25/1514/hotspot/src/share/vm/prims/jvm.cpp, line 1312]
Event: 47.576 Thread 0x00007f1958024000 Exception <a 'java/security/PrivilegedActionException'> (0x00000000f70077c8) thrown at [/HUDSON/workspace/8-2-build-linux-amd64/jdk8u25/1514/hotspot/src/share/vm/prims/jvm.cpp, line 1312]
Event: 47.577 Thread 0x00007f1958024000 Exception <a 'java/security/PrivilegedActionException'> (0x00000000f7009b88) thrown at [/HUDSON/workspace/8-2-build-linux-amd64/jdk8u25/1514/hotspot/src/share/vm/prims/jvm.cpp, line 1312]
Event: 47.578 Thread 0x00007f1958024000 Exception <a 'java/security/PrivilegedActionException'> (0x00000000f700cb98) thrown at [/HUDSON/workspace/8-2-build-linux-amd64/jdk8u25/1514/hotspot/src/share/vm/prims/jvm.cpp, line 1312]
Event: 47.579 Thread 0x00007f1958024000 Exception <a 'java/security/PrivilegedActionException'> (0x00000000f7010528) thrown at [/HUDSON/workspace/8-2-build-linux-amd64/jdk8u25/1514/hotspot/src/share/vm/prims/jvm.cpp, line 1312]
Event: 47.580 Thread 0x00007f1958024000 Exception <a 'java/security/PrivilegedActionException'> (0x00000000f7012d28) thrown at [/HUDSON/workspace/8-2-build-linux-amd64/jdk8u25/1514/hotspot/src/share/vm/prims/jvm.cpp, line 1312]
Event: 48.059 Thread 0x00007f19341f2000 Exception <a 'java/security/PrivilegedActionException'> (0x00000000f61b70f0) thrown at [/HUDSON/workspace/8-2-build-linux-amd64/jdk8u25/1514/hotspot/src/share/vm/prims/jvm.cpp, line 1312]
Event: 182.060 Thread 0x00007f19341f2000 Exception <a 'java/security/PrivilegedActionException'> (0x00000000f8894790) thrown at [/HUDSON/workspace/8-2-build-linux-amd64/jdk8u25/1514/hotspot/src/share/vm/prims/jvm.cpp, line 1312]

Events (10 events):
Event: 177.558 Thread 0x00007f1970131800 flushing nmethod 0x00007f19609dd410
Event: 177.558 Thread 0x00007f1970131800 flushing nmethod 0x00007f1960a1d890
Event: 177.559 Thread 0x00007f1970131800 flushing nmethod 0x00007f1960a346d0
Event: 177.559 Thread 0x00007f1970131800 flushing nmethod 0x00007f1960a37090
Event: 177.559 Thread 0x00007f1970131800 flushing nmethod 0x00007f1960a53350
Event: 177.576 Thread 0x00007f1970131800 flushing nmethod 0x00007f1960b95150
Event: 177.577 Thread 0x00007f1970131800 flushing nmethod 0x00007f1960c6da50
Event: 177.577 Thread 0x00007f1970131800 flushing nmethod 0x00007f1960cbe850
Event: 182.059 loading class org/slf4j/Marker
Event: 182.059 loading class org/slf4j/Marker done


Dynamic libraries:
00400000-00401000 r-xp 00000000 08:02 11797142                           /usr/lib/jvm/java-8-oracle/jre/bin/java
00600000-00601000 rw-p 00000000 08:02 11797142                           /usr/lib/jvm/java-8-oracle/jre/bin/java
0141a000-01485000 rw-p 00000000 00:00 0                                  [heap]
d0a00000-d4180000 rw-p 00000000 00:00 0 
d4180000-f0380000 ---p 00000000 00:00 0 
f0380000-fba00000 rw-p 00000000 00:00 0 
fba00000-100000000 ---p 00000000 00:00 0 
100000000-100280000 rw-p 00000000 00:00 0 
100280000-140000000 ---p 00000000 00:00 0 
7f19133bf000-7f19133c2000 ---p 00000000 00:00 0 
7f19133c2000-7f19134c0000 rw-p 00000000 00:00 0                          [stack:17931]
7f19134c0000-7f19134c3000 ---p 00000000 00:00 0 
7f19134c3000-7f19135c1000 rw-p 00000000 00:00 0                          [stack:17932]
7f19135c1000-7f19135c4000 ---p 00000000 00:00 0 
7f19135c4000-7f19136c2000 rw-p 00000000 00:00 0                          [stack:17953]
7f19136c2000-7f19136c5000 ---p 00000000 00:00 0 
7f19136c5000-7f19137c3000 rw-p 00000000 00:00 0                          [stack:17937]
7f19137c3000-7f19137c6000 ---p 00000000 00:00 0 
7f19137c6000-7f19138c4000 rw-p 00000000 00:00 0                          [stack:17938]
7f19138c4000-7f19138c7000 ---p 00000000 00:00 0 
7f19138c7000-7f19139c5000 rw-p 00000000 00:00 0 
7f19139c5000-7f19139c8000 ---p 00000000 00:00 0 
7f19139c8000-7f1913ac6000 rw-p 00000000 00:00 0                          [stack:17941]
7f1913ac6000-7f1913ac9000 ---p 00000000 00:00 0 
7f1913ac9000-7f1913bc7000 rw-p 00000000 00:00 0                          [stack:17935]
7f1913bc7000-7f1913bca000 ---p 00000000 00:00 0 
7f1913bca000-7f1913cc8000 rw-p 00000000 00:00 0                          [stack:17942]
7f1913cc8000-7f1913ccb000 ---p 00000000 00:00 0 
7f1913ccb000-7f1913dc9000 rw-p 00000000 00:00 0                          [stack:17940]
7f1913dc9000-7f1913dcc000 ---p 00000000 00:00 0 
7f1913dcc000-7f1913eca000 rw-p 00000000 00:00 0                          [stack:17934]
7f1913eca000-7f1913ecd000 ---p 00000000 00:00 0 
7f1913ecd000-7f1913fcb000 rw-p 00000000 00:00 0 
7f1913fcb000-7f1913fce000 ---p 00000000 00:00 0 
7f1913fce000-7f19140cc000 rw-p 00000000 00:00 0 
7f19140cc000-7f19140cf000 ---p 00000000 00:00 0 
7f19140cf000-7f19141cd000 rw-p 00000000 00:00 0                          [stack:17944]
7f19141cd000-7f19141d0000 ---p 00000000 00:00 0 
7f19141d0000-7f19142ce000 rw-p 00000000 00:00 0 
7f19142ce000-7f19142d1000 ---p 00000000 00:00 0 
7f19142d1000-7f19143cf000 rw-p 00000000 00:00 0 
7f19143cf000-7f19143d2000 ---p 00000000 00:00 0 
7f19143d2000-7f19144d0000 rw-p 00000000 00:00 0 
7f19144d0000-7f19144d3000 ---p 00000000 00:00 0 
7f19144d3000-7f19145d1000 rw-p 00000000 00:00 0                          [stack:17951]
7f19145d1000-7f19145d4000 ---p 00000000 00:00 0 
7f19145d4000-7f19146d2000 rw-p 00000000 00:00 0 
7f19146d2000-7f19146d5000 ---p 00000000 00:00 0 
7f19146d5000-7f19147d3000 rw-p 00000000 00:00 0                          [stack:17947]
7f19147d3000-7f19147d6000 ---p 00000000 00:00 0 
7f19147d6000-7f19148d4000 rw-p 00000000 00:00 0 
7f19148d4000-7f19148d7000 ---p 00000000 00:00 0 
7f19148d7000-7f19149d5000 rw-p 00000000 00:00 0                          [stack:17952]
7f19149d5000-7f19149d8000 ---p 00000000 00:00 0 
7f19149d8000-7f1914ad6000 rw-p 00000000 00:00 0 
7f1914ad6000-7f1914ad9000 ---p 00000000 00:00 0 
7f1914ad9000-7f1914bd7000 rw-p 00000000 00:00 0                          [stack:17892]
7f1914bd7000-7f1914bda000 ---p 00000000 00:00 0 
7f1914bda000-7f1914cd8000 rw-p 00000000 00:00 0                          [stack:17890]
7f1914cd8000-7f1914cdb000 ---p 00000000 00:00 0 
7f1914cdb000-7f1914dd9000 rw-p 00000000 00:00 0                          [stack:17889]
7f1914dd9000-7f1914ddc000 ---p 00000000 00:00 0 
7f1914ddc000-7f1914eda000 rw-p 00000000 00:00 0                          [stack:17888]
7f1914eda000-7f1914edd000 ---p 00000000 00:00 0 
7f1914edd000-7f1914fdb000 rw-p 00000000 00:00 0                          [stack:17887]
7f1914fdb000-7f1914fde000 ---p 00000000 00:00 0 
7f1914fde000-7f19150dc000 rw-p 00000000 00:00 0                          [stack:17886]
7f19150dc000-7f19150df000 ---p 00000000 00:00 0 
7f19150df000-7f19151dd000 rw-p 00000000 00:00 0                          [stack:17885]
7f19151dd000-7f19151e0000 ---p 00000000 00:00 0 
7f19151e0000-7f19152de000 rw-p 00000000 00:00 0                          [stack:17884]
7f19152de000-7f19152e1000 ---p 00000000 00:00 0 
7f19152e1000-7f19153df000 rw-p 00000000 00:00 0                          [stack:17883]
7f19153df000-7f19153e2000 ---p 00000000 00:00 0 
7f19153e2000-7f19154e0000 rw-p 00000000 00:00 0                          [stack:17882]
7f19154e0000-7f19154e2000 r-xp 00000000 08:02 8650804                    /lib/libnss_mdns4.so.2
7f19154e2000-7f19156e1000 ---p 00002000 08:02 8650804                    /lib/libnss_mdns4.so.2
7f19156e1000-7f19156e2000 r--p 00001000 08:02 8650804                    /lib/libnss_mdns4.so.2
7f19156e2000-7f19156e3000 rw-p 00002000 08:02 8650804                    /lib/libnss_mdns4.so.2
7f19156e8000-7f19156eb000 ---p 00000000 00:00 0 
7f19156eb000-7f19157e9000 rw-p 00000000 00:00 0 
7f19157e9000-7f19157ec000 ---p 00000000 00:00 0 
7f19157ec000-7f19158ea000 rw-p 00000000 00:00 0 
7f19158ea000-7f19158ed000 ---p 00000000 00:00 0 
7f19158ed000-7f19159eb000 rw-p 00000000 00:00 0 
7f19159eb000-7f19159ee000 ---p 00000000 00:00 0 
7f19159ee000-7f1915aec000 rw-p 00000000 00:00 0 
7f1915aec000-7f1915aef000 ---p 00000000 00:00 0 
7f1915aef000-7f1915bed000 rw-p 00000000 00:00 0                          [stack:17939]
7f1915bed000-7f1915bf0000 ---p 00000000 00:00 0 
7f1915bf0000-7f1915cee000 rw-p 00000000 00:00 0 
7f1915cee000-7f1915cf1000 ---p 00000000 00:00 0 
7f1915cf1000-7f1915def000 rw-p 00000000 00:00 0 
7f1915def000-7f1915df2000 ---p 00000000 00:00 0 
7f1915df2000-7f1915ef0000 rw-p 00000000 00:00 0 
7f1915ef0000-7f1915ef3000 ---p 00000000 00:00 0 
7f1915ef3000-7f1915ff1000 rw-p 00000000 00:00 0                          [stack:17949]
7f1915ff1000-7f1915ff4000 ---p 00000000 00:00 0 
7f1915ff4000-7f19160f2000 rw-p 00000000 00:00 0 
7f19160f2000-7f19160f5000 ---p 00000000 00:00 0 
7f19160f5000-7f19161f3000 rw-p 00000000 00:00 0                          [stack:17870]
7f19161f3000-7f19161f6000 ---p 00000000 00:00 0 
7f19161f6000-7f19162f4000 rw-p 00000000 00:00 0                          [stack:17869]
7f19162f4000-7f19162f7000 ---p 00000000 00:00 0 
7f19162f7000-7f19163f5000 rw-p 00000000 00:00 0                          [stack:17865]
7f19163f5000-7f19163f8000 ---p 00000000 00:00 0 
7f19163f8000-7f19164f6000 rw-p 00000000 00:00 0                          [stack:17972]
7f19164f6000-7f19164f9000 ---p 00000000 00:00 0 
7f19164f9000-7f19165f7000 rw-p 00000000 00:00 0                          [stack:17851]
7f19165f7000-7f19165fa000 ---p 00000000 00:00 0 
7f19165fa000-7f19168f8000 rw-p 00000000 00:00 0                          [stack:17841]
7f19168f8000-7f19168ff000 r-xp 00000000 08:02 8655898                    /lib/x86_64-linux-gnu/libnss_dns-2.15.so
7f19168ff000-7f1916afe000 ---p 00007000 08:02 8655898                    /lib/x86_64-linux-gnu/libnss_dns-2.15.so
7f1916afe000-7f1916aff000 r--p 00006000 08:02 8655898                    /lib/x86_64-linux-gnu/libnss_dns-2.15.so
7f1916aff000-7f1916b00000 rw-p 00007000 08:02 8655898                    /lib/x86_64-linux-gnu/libnss_dns-2.15.so
7f1916b06000-7f1916b09000 ---p 00000000 00:00 0 
7f1916b09000-7f1916c07000 rw-p 00000000 00:00 0 
7f1916c07000-7f1916c0a000 ---p 00000000 00:00 0 
7f1916c0a000-7f1916d08000 rw-p 00000000 00:00 0 
7f1916d08000-7f1916d0a000 r-xp 00000000 08:02 8650805                    /lib/libnss_mdns4_minimal.so.2
7f1916d0a000-7f1916f09000 ---p 00002000 08:02 8650805                    /lib/libnss_mdns4_minimal.so.2
7f1916f09000-7f1916f0a000 r--p 00001000 08:02 8650805                    /lib/libnss_mdns4_minimal.so.2
7f1916f0a000-7f1916f0b000 rw-p 00002000 08:02 8650805                    /lib/libnss_mdns4_minimal.so.2
7f1916f10000-7f1916f13000 ---p 00000000 00:00 0 
7f1916f13000-7f19174ce000 rw-p 00000000 00:00 0 
7f19182d0000-7f1918350000 rw-p 00000000 00:00 0 
7f1918350000-7f19184d0000 ---p 00000000 00:00 0 
7f19184d0000-7f19184d6000 r-xp 00000000 08:02 10886392                   /usr/lib/x86_64-linux-gnu/libogg.so.0.7.1
7f19184d6000-7f19186d5000 ---p 00006000 08:02 10886392                   /usr/lib/x86_64-linux-gnu/libogg.so.0.7.1
7f19186d5000-7f19186d6000 r--p 00005000 08:02 10886392                   /usr/lib/x86_64-linux-gnu/libogg.so.0.7.1
7f19186d6000-7f19186d7000 rw-p 00006000 08:02 10886392                   /usr/lib/x86_64-linux-gnu/libogg.so.0.7.1
7f19186d8000-7f1918703000 r-xp 00000000 08:02 10886544                   /usr/lib/x86_64-linux-gnu/libvorbis.so.0.4.5
7f1918703000-7f1918902000 ---p 0002b000 08:02 10886544                   /usr/lib/x86_64-linux-gnu/libvorbis.so.0.4.5
7f1918902000-7f1918903000 r--p 0002a000 08:02 10886544                   /usr/lib/x86_64-linux-gnu/libvorbis.so.0.4.5
7f1918903000-7f1918904000 rw-p 0002b000 08:02 10886544                   /usr/lib/x86_64-linux-gnu/libvorbis.so.0.4.5
7f1918908000-7f1918910000 r-xp 00000000 08:02 10886352                   /usr/lib/x86_64-linux-gnu/libltdl.so.7.3.0
7f1918910000-7f1918b10000 ---p 00008000 08:02 10886352                   /usr/lib/x86_64-linux-gnu/libltdl.so.7.3.0
7f1918b10000-7f1918b11000 r--p 00008000 08:02 10886352                   /usr/lib/x86_64-linux-gnu/libltdl.so.7.3.0
7f1918b11000-7f1918b12000 rw-p 00009000 08:02 10886352                   /usr/lib/x86_64-linux-gnu/libltdl.so.7.3.0
7f1918b18000-7f1918b28000 r-xp 00000000 08:02 10886517                   /usr/lib/x86_64-linux-gnu/libtdb.so.1.2.9
7f1918b28000-7f1918d27000 ---p 00010000 08:02 10886517                   /usr/lib/x86_64-linux-gnu/libtdb.so.1.2.9
7f1918d27000-7f1918d28000 r--p 0000f000 08:02 10886517                   /usr/lib/x86_64-linux-gnu/libtdb.so.1.2.9
7f1918d28000-7f1918d29000 rw-p 00010000 08:02 10886517                   /usr/lib/x86_64-linux-gnu/libtdb.so.1.2.9
7f1918d30000-7f1918d37000 r-xp 00000000 08:02 10886548                   /usr/lib/x86_64-linux-gnu/libvorbisfile.so.3.3.4
7f1918d37000-7f1918f36000 ---p 00007000 08:02 10886548                   /usr/lib/x86_64-linux-gnu/libvorbisfile.so.3.3.4
7f1918f36000-7f1918f37000 r--p 00006000 08:02 10886548                   /usr/lib/x86_64-linux-gnu/libvorbisfile.so.3.3.4
7f1918f37000-7f1918f38000 rw-p 00007000 08:02 10886548                   /usr/lib/x86_64-linux-gnu/libvorbisfile.so.3.3.4
7f1918f38000-7f1918f47000 r-xp 00000000 08:02 10886057                   /usr/lib/x86_64-linux-gnu/libcanberra.so.0.2.5
7f1918f47000-7f1919146000 ---p 0000f000 08:02 10886057                   /usr/lib/x86_64-linux-gnu/libcanberra.so.0.2.5
7f1919146000-7f1919147000 r--p 0000e000 08:02 10886057                   /usr/lib/x86_64-linux-gnu/libcanberra.so.0.2.5
7f1919147000-7f1919148000 rw-p 0000f000 08:02 10886057                   /usr/lib/x86_64-linux-gnu/libcanberra.so.0.2.5
7f1919148000-7f191914c000 r-xp 00000000 08:02 10886053                   /usr/lib/x86_64-linux-gnu/libcanberra-gtk.so.0.1.8
7f191914c000-7f191934b000 ---p 00004000 08:02 10886053                   /usr/lib/x86_64-linux-gnu/libcanberra-gtk.so.0.1.8
7f191934b000-7f191934c000 r--p 00003000 08:02 10886053                   /usr/lib/x86_64-linux-gnu/libcanberra-gtk.so.0.1.8
7f191934c000-7f191934d000 rw-p 00004000 08:02 10886053                   /usr/lib/x86_64-linux-gnu/libcanberra-gtk.so.0.1.8
7f191934e000-7f191934f000 ---p 00000000 00:00 0 
7f191934f000-7f1919b4f000 rw-p 00000000 00:00 0                          [stack:17795]
7f1919b4f000-7f1919b52000 ---p 00000000 00:00 0 
7f1919b52000-7f1919c50000 rw-p 00000000 00:00 0                          [stack:17793]
7f1919ca7000-7f1919caa000 ---p 00000000 00:00 0 
7f1919caa000-7f1919da8000 rw-p 00000000 00:00 0                          [stack:17808]
7f1919da8000-7f1919dad000 r-xp 00000000 08:02 11013985                   /usr/lib/x86_64-linux-gnu/gtk-2.0/modules/libcanberra-gtk-module.so
7f1919dad000-7f1919fac000 ---p 00005000 08:02 11013985                   /usr/lib/x86_64-linux-gnu/gtk-2.0/modules/libcanberra-gtk-module.so
7f1919fac000-7f1919fad000 r--p 00004000 08:02 11013985                   /usr/lib/x86_64-linux-gnu/gtk-2.0/modules/libcanberra-gtk-module.so
7f1919fad000-7f1919fae000 rw-p 00005000 08:02 11013985                   /usr/lib/x86_64-linux-gnu/gtk-2.0/modules/libcanberra-gtk-module.so
7f1919fb0000-7f1919fdf000 r-xp 00000000 08:02 11013966                   /usr/lib/x86_64-linux-gnu/gtk-2.0/2.10.0/engines/libmurrine.so
7f1919fdf000-7f191a1df000 ---p 0002f000 08:02 11013966                   /usr/lib/x86_64-linux-gnu/gtk-2.0/2.10.0/engines/libmurrine.so
7f191a1df000-7f191a1e0000 r--p 0002f000 08:02 11013966                   /usr/lib/x86_64-linux-gnu/gtk-2.0/2.10.0/engines/libmurrine.so
7f191a1e0000-7f191a1e1000 rw-p 00030000 08:02 11013966                   /usr/lib/x86_64-linux-gnu/gtk-2.0/2.10.0/engines/libmurrine.so
7f191a1e7000-7f191a1e8000 ---p 00000000 00:00 0 
7f191a1e8000-7f191abe8000 rw-p 00000000 00:00 0                          [stack:17794]
7f191abe8000-7f191acca000 r-xp 00000000 08:02 10886507                   /usr/lib/x86_64-linux-gnu/libstdc++.so.6.0.16
7f191acca000-7f191aec9000 ---p 000e2000 08:02 10886507                   /usr/lib/x86_64-linux-gnu/libstdc++.so.6.0.16
7f191aec9000-7f191aed1000 r--p 000e1000 08:02 10886507                   /usr/lib/x86_64-linux-gnu/libstdc++.so.6.0.16
7f191aed1000-7f191aed3000 rw-p 000e9000 08:02 10886507                   /usr/lib/x86_64-linux-gnu/libstdc++.so.6.0.16
7f191aed3000-7f191aee8000 rw-p 00000000 00:00 0 
7f191aefe000-7f191af01000 ---p 00000000 00:00 0 
7f191af01000-7f191afff000 rw-p 00000000 00:00 0                          [stack:17791]
7f191afff000-7f191b002000 ---p 00000000 00:00 0 
7f191b002000-7f191b100000 rw-p 00000000 00:00 0                          [stack:17790]
7f191b100000-7f191b110000 r-xp 00000000 08:02 11013837                   /usr/lib/x86_64-linux-gnu/gio/modules/libgioremote-volume-monitor.so
7f191b110000-7f191b30f000 ---p 00010000 08:02 11013837                   /usr/lib/x86_64-linux-gnu/gio/modules/libgioremote-volume-monitor.so
7f191b30f000-7f191b310000 r--p 0000f000 08:02 11013837                   /usr/lib/x86_64-linux-gnu/gio/modules/libgioremote-volume-monitor.so
7f191b310000-7f191b311000 rw-p 00010000 08:02 11013837                   /usr/lib/x86_64-linux-gnu/gio/modules/libgioremote-volume-monitor.so
7f191b318000-7f191b31f000 r-xp 00000000 08:02 11013833                   /usr/lib/x86_64-linux-gnu/gio/modules/libdconfsettings.so
7f191b31f000-7f191b51e000 ---p 00007000 08:02 11013833                   /usr/lib/x86_64-linux-gnu/gio/modules/libdconfsettings.so
7f191b51e000-7f191b51f000 r--p 00006000 08:02 11013833                   /usr/lib/x86_64-linux-gnu/gio/modules/libdconfsettings.so
7f191b51f000-7f191b520000 rw-p 00007000 08:02 11013833                   /usr/lib/x86_64-linux-gnu/gio/modules/libdconfsettings.so
7f191b520000-7f191b52c000 r-xp 00000000 08:02 8650872                    /lib/x86_64-linux-gnu/libudev.so.0.13.0
7f191b52c000-7f191b72b000 ---p 0000c000 08:02 8650872                    /lib/x86_64-linux-gnu/libudev.so.0.13.0
7f191b72b000-7f191b72c000 r--p 0000b000 08:02 8650872                    /lib/x86_64-linux-gnu/libudev.so.0.13.0
7f191b72c000-7f191b72d000 rw-p 0000c000 08:02 8650872                    /lib/x86_64-linux-gnu/libudev.so.0.13.0
7f191b730000-7f191b772000 r-xp 00000000 08:02 8650817                    /lib/x86_64-linux-gnu/libdbus-1.so.3.5.8
7f191b772000-7f191b972000 ---p 00042000 08:02 8650817                    /lib/x86_64-linux-gnu/libdbus-1.so.3.5.8
7f191b972000-7f191b973000 r--p 00042000 08:02 8650817                    /lib/x86_64-linux-gnu/libdbus-1.so.3.5.8
7f191b973000-7f191b974000 rw-p 00043000 08:02 8650817                    /lib/x86_64-linux-gnu/libdbus-1.so.3.5.8
7f191b978000-7f191b98e000 r-xp 00000000 08:02 11014031                   /usr/lib/x86_64-linux-gnu/gvfs/libgvfscommon.so
7f191b98e000-7f191bb8d000 ---p 00016000 08:02 11014031                   /usr/lib/x86_64-linux-gnu/gvfs/libgvfscommon.so
7f191bb8d000-7f191bb8e000 r--p 00015000 08:02 11014031                   /usr/lib/x86_64-linux-gnu/gvfs/libgvfscommon.so
7f191bb8e000-7f191bb8f000 rw-p 00016000 08:02 11014031                   /usr/lib/x86_64-linux-gnu/gvfs/libgvfscommon.so
7f191bb90000-7f191bbb8000 r-xp 00000000 08:02 11013838                   /usr/lib/x86_64-linux-gnu/gio/modules/libgvfsdbus.so
7f191bbb8000-7f191bdb7000 ---p 00028000 08:02 11013838                   /usr/lib/x86_64-linux-gnu/gio/modules/libgvfsdbus.so
7f191bdb7000-7f191bdb8000 r--p 00027000 08:02 11013838                   /usr/lib/x86_64-linux-gnu/gio/modules/libgvfsdbus.so
7f191bdb8000-7f191bdb9000 rw-p 00028000 08:02 11013838                   /usr/lib/x86_64-linux-gnu/gio/modules/libgvfsdbus.so
7f191bdbe000-7f191bdc1000 ---p 00000000 00:00 0 
7f191bdc1000-7f191bebf000 rw-p 00000000 00:00 0                          [stack:17789]
7f191bebf000-7f191bec2000 ---p 00000000 00:00 0 
7f191bec2000-7f191bfc0000 rw-p 00000000 00:00 0                          [stack:17788]
7f191bfc0000-7f191bfd0000 r-xp 00000000 08:02 10881862                   /usr/lib/liboverlay-scrollbar-0.2.so.0.0.16
7f191bfd0000-7f191c1cf000 ---p 00010000 08:02 10881862                   /usr/lib/liboverlay-scrollbar-0.2.so.0.0.16
7f191c1cf000-7f191c1d0000 r--p 0000f000 08:02 10881862                   /usr/lib/liboverlay-scrollbar-0.2.so.0.0.16
7f191c1d0000-7f191c1d1000 rw-p 00010000 08:02 10881862                   /usr/lib/liboverlay-scrollbar-0.2.so.0.0.16
7f191c1d8000-7f191c275000 rw-s 00000000 08:02 9049711                    /home/tyler/.bitmerchant-wallet/bitmerchant-wallet.spvchain
7f191c278000-7f191c279000 r-xp 00000000 08:02 10880555                   /usr/lib/x86_64-linux-gnu/libgthread-2.0.so.0.3200.4
7f191c279000-7f191c478000 ---p 00001000 08:02 10880555                   /usr/lib/x86_64-linux-gnu/libgthread-2.0.so.0.3200.4
7f191c478000-7f191c479000 r--p 00000000 08:02 10880555                   /usr/lib/x86_64-linux-gnu/libgthread-2.0.so.0.3200.4
7f191c479000-7f191c47a000 rw-p 00001000 08:02 10880555                   /usr/lib/x86_64-linux-gnu/libgthread-2.0.so.0.3200.4
7f191c480000-7f191c4bc000 r-xp 00000000 08:02 8654414                    /lib/x86_64-linux-gnu/libpcre.so.3.12.1
7f191c4bc000-7f191c6bb000 ---p 0003c000 08:02 8654414                    /lib/x86_64-linux-gnu/libpcre.so.3.12.1
7f191c6bb000-7f191c6bc000 r--p 0003b000 08:02 8654414                    /lib/x86_64-linux-gnu/libpcre.so.3.12.1
7f191c6bc000-7f191c6bd000 rw-p 0003c000 08:02 8654414                    /lib/x86_64-linux-gnu/libpcre.so.3.12.1
7f191c6c0000-7f191c6c7000 r-xp 00000000 08:02 10886136                   /usr/lib/x86_64-linux-gnu/libffi.so.6.0.0
7f191c6c7000-7f191c8c6000 ---p 00007000 08:02 10886136                   /usr/lib/x86_64-linux-gnu/libffi.so.6.0.0
7f191c8c6000-7f191c8c7000 r--p 00006000 08:02 10886136                   /usr/lib/x86_64-linux-gnu/libffi.so.6.0.0
7f191c8c7000-7f191c8c8000 rw-p 00007000 08:02 10886136                   /usr/lib/x86_64-linux-gnu/libffi.so.6.0.0
7f191c8c8000-7f191c8ef000 r-xp 00000000 08:02 8654359                    /lib/x86_64-linux-gnu/libexpat.so.1.5.2
7f191c8ef000-7f191caef000 ---p 00027000 08:02 8654359                    /lib/x86_64-linux-gnu/libexpat.so.1.5.2
7f191caef000-7f191caf1000 r--p 00027000 08:02 8654359                    /lib/x86_64-linux-gnu/libexpat.so.1.5.2
7f191caf1000-7f191caf2000 rw-p 00029000 08:02 8654359                    /lib/x86_64-linux-gnu/libexpat.so.1.5.2
7f191caf8000-7f191cb10000 r-xp 00000000 08:02 8655886                    /lib/x86_64-linux-gnu/libresolv-2.15.so
7f191cb10000-7f191cd10000 ---p 00018000 08:02 8655886                    /lib/x86_64-linux-gnu/libresolv-2.15.so
7f191cd10000-7f191cd11000 r--p 00018000 08:02 8655886                    /lib/x86_64-linux-gnu/libresolv-2.15.so
7f191cd11000-7f191cd12000 rw-p 00019000 08:02 8655886                    /lib/x86_64-linux-gnu/libresolv-2.15.so
7f191cd12000-7f191cd14000 rw-p 00000000 00:00 0 
7f191cd18000-7f191cd35000 r-xp 00000000 08:02 8654429                    /lib/x86_64-linux-gnu/libselinux.so.1
7f191cd35000-7f191cf34000 ---p 0001d000 08:02 8654429                    /lib/x86_64-linux-gnu/libselinux.so.1
7f191cf34000-7f191cf35000 r--p 0001c000 08:02 8654429                    /lib/x86_64-linux-gnu/libselinux.so.1
7f191cf35000-7f191cf36000 rw-p 0001d000 08:02 8654429                    /lib/x86_64-linux-gnu/libselinux.so.1
7f191cf36000-7f191cf37000 rw-p 00000000 00:00 0 
7f191cf38000-7f191cf3b000 r-xp 00000000 08:02 10879353                   /usr/lib/x86_64-linux-gnu/libgmodule-2.0.so.0.3200.4
7f191cf3b000-7f191d13a000 ---p 00003000 08:02 10879353                   /usr/lib/x86_64-linux-gnu/libgmodule-2.0.so.0.3200.4
7f191d13a000-7f191d13b000 r--p 00002000 08:02 10879353                   /usr/lib/x86_64-linux-gnu/libgmodule-2.0.so.0.3200.4
7f191d13b000-7f191d13c000 rw-p 00003000 08:02 10879353                   /usr/lib/x86_64-linux-gnu/libgmodule-2.0.so.0.3200.4
7f191d140000-7f191d156000 r-xp 00000000 08:02 8654452                    /lib/x86_64-linux-gnu/libz.so.1.2.3.4
7f191d156000-7f191d355000 ---p 00016000 08:02 8654452                    /lib/x86_64-linux-gnu/libz.so.1.2.3.4
7f191d355000-7f191d356000 r--p 00015000 08:02 8654452                    /lib/x86_64-linux-gnu/libz.so.1.2.3.4
7f191d356000-7f191d357000 rw-p 00016000 08:02 8654452                    /lib/x86_64-linux-gnu/libz.so.1.2.3.4
7f191d358000-7f191d360000 r-xp 00000000 08:02 10886567                   /usr/lib/x86_64-linux-gnu/libxcb-render.so.0.0.0
7f191d360000-7f191d560000 ---p 00008000 08:02 10886567                   /usr/lib/x86_64-linux-gnu/libxcb-render.so.0.0.0
7f191d560000-7f191d561000 r--p 00008000 08:02 10886567                   /usr/lib/x86_64-linux-gnu/libxcb-render.so.0.0.0
7f191d561000-7f191d562000 rw-p 00009000 08:02 10886567                   /usr/lib/x86_64-linux-gnu/libxcb-render.so.0.0.0
7f191d568000-7f191d56a000 r-xp 00000000 08:02 10886571                   /usr/lib/x86_64-linux-gnu/libxcb-shm.so.0.0.0
7f191d56a000-7f191d769000 ---p 00002000 08:02 10886571                   /usr/lib/x86_64-linux-gnu/libxcb-shm.so.0.0.0
7f191d769000-7f191d76a000 r--p 00001000 08:02 10886571                   /usr/lib/x86_64-linux-gnu/libxcb-shm.so.0.0.0
7f191d76a000-7f191d76b000 rw-p 00002000 08:02 10886571                   /usr/lib/x86_64-linux-gnu/libxcb-shm.so.0.0.0
7f191d770000-7f191d796000 r-xp 00000000 08:02 8654418                    /lib/x86_64-linux-gnu/libpng12.so.0.46.0
7f191d796000-7f191d996000 ---p 00026000 08:02 8654418                    /lib/x86_64-linux-gnu/libpng12.so.0.46.0
7f191d996000-7f191d997000 r--p 00026000 08:02 8654418                    /lib/x86_64-linux-gnu/libpng12.so.0.46.0
7f191d997000-7f191d998000 rw-p 00027000 08:02 8654418                    /lib/x86_64-linux-gnu/libpng12.so.0.46.0
7f191d998000-7f191da28000 r-xp 00000000 08:02 10880223                   /usr/lib/x86_64-linux-gnu/libpixman-1.so.0.30.2
7f191da28000-7f191dc27000 ---p 00090000 08:02 10880223                   /usr/lib/x86_64-linux-gnu/libpixman-1.so.0.30.2
7f191dc27000-7f191dc2e000 r--p 0008f000 08:02 10880223                   /usr/lib/x86_64-linux-gnu/libpixman-1.so.0.30.2
7f191dc2e000-7f191dc2f000 rw-p 00096000 08:02 10880223                   /usr/lib/x86_64-linux-gnu/libpixman-1.so.0.30.2
7f191dc30000-7f191dcc6000 r-xp 00000000 08:02 10886146                   /usr/lib/x86_64-linux-gnu/libfreetype.so.6.8.0
7f191dcc6000-7f191dec5000 ---p 00096000 08:02 10886146                   /usr/lib/x86_64-linux-gnu/libfreetype.so.6.8.0
7f191dec5000-7f191decb000 r--p 00095000 08:02 10886146                   /usr/lib/x86_64-linux-gnu/libfreetype.so.6.8.0
7f191decb000-7f191decc000 rw-p 0009b000 08:02 10886146                   /usr/lib/x86_64-linux-gnu/libfreetype.so.6.8.0
7f191ded0000-7f191ded2000 r-xp 00000000 08:02 10885961                   /usr/lib/x86_64-linux-gnu/libXdamage.so.1.1.0
7f191ded2000-7f191e0d1000 ---p 00002000 08:02 10885961                   /usr/lib/x86_64-linux-gnu/libXdamage.so.1.1.0
7f191e0d1000-7f191e0d2000 r--p 00001000 08:02 10885961                   /usr/lib/x86_64-linux-gnu/libXdamage.so.1.1.0
7f191e0d2000-7f191e0d3000 rw-p 00002000 08:02 10885961                   /usr/lib/x86_64-linux-gnu/libXdamage.so.1.1.0
7f191e0d8000-7f191e0da000 r-xp 00000000 08:02 10885957                   /usr/lib/x86_64-linux-gnu/libXcomposite.so.1.0.0
7f191e0da000-7f191e2d9000 ---p 00002000 08:02 10885957                   /usr/lib/x86_64-linux-gnu/libXcomposite.so.1.0.0
7f191e2d9000-7f191e2da000 r--p 00001000 08:02 10885957                   /usr/lib/x86_64-linux-gnu/libXcomposite.so.1.0.0
7f191e2da000-7f191e2db000 rw-p 00002000 08:02 10885957                   /usr/lib/x86_64-linux-gnu/libXcomposite.so.1.0.0
7f191e2e0000-7f191e2e7000 r-xp 00000000 08:02 10885983                   /usr/lib/x86_64-linux-gnu/libXrandr.so.2.2.0
7f191e2e7000-7f191e4e6000 ---p 00007000 08:02 10885983                   /usr/lib/x86_64-linux-gnu/libXrandr.so.2.2.0
7f191e4e6000-7f191e4e7000 r--p 00006000 08:02 10885983                   /usr/lib/x86_64-linux-gnu/libXrandr.so.2.2.0
7f191e4e7000-7f191e4e8000 rw-p 00007000 08:02 10885983                   /usr/lib/x86_64-linux-gnu/libXrandr.so.2.2.0
7f191e4e8000-7f191e4ea000 r-xp 00000000 08:02 10885973                   /usr/lib/x86_64-linux-gnu/libXinerama.so.1.0.0
7f191e4ea000-7f191e6e9000 ---p 00002000 08:02 10885973                   /usr/lib/x86_64-linux-gnu/libXinerama.so.1.0.0
7f191e6e9000-7f191e6ea000 r--p 00001000 08:02 10885973                   /usr/lib/x86_64-linux-gnu/libXinerama.so.1.0.0
7f191e6ea000-7f191e6eb000 rw-p 00002000 08:02 10885973                   /usr/lib/x86_64-linux-gnu/libXinerama.so.1.0.0
7f191e6f0000-7f191e7e2000 r-xp 00000000 08:02 8654346                    /lib/x86_64-linux-gnu/libglib-2.0.so.0.3200.4
7f191e7e2000-7f191e9e2000 ---p 000f2000 08:02 8654346                    /lib/x86_64-linux-gnu/libglib-2.0.so.0.3200.4
7f191e9e2000-7f191e9e3000 r--p 000f2000 08:02 8654346                    /lib/x86_64-linux-gnu/libglib-2.0.so.0.3200.4
7f191e9e3000-7f191e9e4000 rw-p 000f3000 08:02 8654346                    /lib/x86_64-linux-gnu/libglib-2.0.so.0.3200.4
7f191e9e4000-7f191e9e5000 rw-p 00000000 00:00 0 
7f191e9e8000-7f191ea35000 r-xp 00000000 08:02 10880557                   /usr/lib/x86_64-linux-gnu/libgobject-2.0.so.0.3200.4
7f191ea35000-7f191ec35000 ---p 0004d000 08:02 10880557                   /usr/lib/x86_64-linux-gnu/libgobject-2.0.so.0.3200.4
7f191ec35000-7f191ec36000 r--p 0004d000 08:02 10880557                   /usr/lib/x86_64-linux-gnu/libgobject-2.0.so.0.3200.4
7f191ec36000-7f191ec37000 rw-p 0004e000 08:02 10880557                   /usr/lib/x86_64-linux-gnu/libgobject-2.0.so.0.3200.4
7f191ec38000-7f191ec6c000 r-xp 00000000 08:02 10886138                   /usr/lib/x86_64-linux-gnu/libfontconfig.so.1.4.4
7f191ec6c000-7f191ee6c000 ---p 00034000 08:02 10886138                   /usr/lib/x86_64-linux-gnu/libfontconfig.so.1.4.4
7f191ee6c000-7f191ee6d000 r--p 00034000 08:02 10886138                   /usr/lib/x86_64-linux-gnu/libfontconfig.so.1.4.4
7f191ee6d000-7f191ee6e000 rw-p 00035000 08:02 10886138                   /usr/lib/x86_64-linux-gnu/libfontconfig.so.1.4.4
7f191ee70000-7f191eeb6000 r-xp 00000000 08:02 10886404                   /usr/lib/x86_64-linux-gnu/libpango-1.0.so.0.3000.0
7f191eeb6000-7f191f0b6000 ---p 00046000 08:02 10886404                   /usr/lib/x86_64-linux-gnu/libpango-1.0.so.0.3000.0
7f191f0b6000-7f191f0b8000 r--p 00046000 08:02 10886404                   /usr/lib/x86_64-linux-gnu/libpango-1.0.so.0.3000.0
7f191f0b8000-7f191f0b9000 rw-p 00048000 08:02 10886404                   /usr/lib/x86_64-linux-gnu/libpango-1.0.so.0.3000.0
7f191f0c0000-7f191f0e9000 r-xp 00000000 08:02 10886408                   /usr/lib/x86_64-linux-gnu/libpangoft2-1.0.so.0.3000.0
7f191f0e9000-7f191f2e8000 ---p 00029000 08:02 10886408                   /usr/lib/x86_64-linux-gnu/libpangoft2-1.0.so.0.3000.0
7f191f2e8000-7f191f2e9000 r--p 00028000 08:02 10886408                   /usr/lib/x86_64-linux-gnu/libpangoft2-1.0.so.0.3000.0
7f191f2e9000-7f191f2ea000 rw-p 00029000 08:02 10886408                   /usr/lib/x86_64-linux-gnu/libpangoft2-1.0.so.0.3000.0
7f191f2f0000-7f191f438000 r-xp 00000000 08:02 10880556                   /usr/lib/x86_64-linux-gnu/libgio-2.0.so.0.3200.4
7f191f438000-7f191f637000 ---p 00148000 08:02 10880556                   /usr/lib/x86_64-linux-gnu/libgio-2.0.so.0.3200.4
7f191f637000-7f191f63b000 r--p 00147000 08:02 10880556                   /usr/lib/x86_64-linux-gnu/libgio-2.0.so.0.3200.4
7f191f63b000-7f191f63d000 rw-p 0014b000 08:02 10880556                   /usr/lib/x86_64-linux-gnu/libgio-2.0.so.0.3200.4
7f191f63d000-7f191f63f000 rw-p 00000000 00:00 0 
7f191f640000-7f191f65e000 r-xp 00000000 08:02 10880593                   /usr/lib/x86_64-linux-gnu/libgdk_pixbuf-2.0.so.0.2600.1
7f191f65e000-7f191f85e000 ---p 0001e000 08:02 10880593                   /usr/lib/x86_64-linux-gnu/libgdk_pixbuf-2.0.so.0.2600.1
7f191f85e000-7f191f85f000 r--p 0001e000 08:02 10880593                   /usr/lib/x86_64-linux-gnu/libgdk_pixbuf-2.0.so.0.2600.1
7f191f85f000-7f191f860000 rw-p 0001f000 08:02 10880593                   /usr/lib/x86_64-linux-gnu/libgdk_pixbuf-2.0.so.0.2600.1
7f191f860000-7f191f919000 r-xp 00000000 08:02 10886049                   /usr/lib/x86_64-linux-gnu/libcairo.so.2.11000.2
7f191f919000-7f191fb18000 ---p 000b9000 08:02 10886049                   /usr/lib/x86_64-linux-gnu/libcairo.so.2.11000.2
7f191fb18000-7f191fb1a000 r--p 000b8000 08:02 10886049                   /usr/lib/x86_64-linux-gnu/libcairo.so.2.11000.2
7f191fb1a000-7f191fb1b000 rw-p 000ba000 08:02 10886049                   /usr/lib/x86_64-linux-gnu/libcairo.so.2.11000.2
7f191fb1b000-7f191fb1e000 rw-p 00000000 00:00 0 
7f191fb20000-7f191fb40000 r-xp 00000000 08:02 10879311                   /usr/lib/x86_64-linux-gnu/libatk-1.0.so.0.20609.1
7f191fb40000-7f191fd40000 ---p 00020000 08:02 10879311                   /usr/lib/x86_64-linux-gnu/libatk-1.0.so.0.20609.1
7f191fd40000-7f191fd42000 r--p 00020000 08:02 10879311                   /usr/lib/x86_64-linux-gnu/libatk-1.0.so.0.20609.1
7f191fd42000-7f191fd43000 rw-p 00022000 08:02 10879311                   /usr/lib/x86_64-linux-gnu/libatk-1.0.so.0.20609.1
7f191fd48000-7f191fdf5000 r-xp 00000000 08:02 10880596                   /usr/lib/x86_64-linux-gnu/libgdk-x11-2.0.so.0.2400.10
7f191fdf5000-7f191fff4000 ---p 000ad000 08:02 10880596                   /usr/lib/x86_64-linux-gnu/libgdk-x11-2.0.so.0.2400.10
7f191fff4000-7f191fff8000 r--p 000ac000 08:02 10880596                   /usr/lib/x86_64-linux-gnu/libgdk-x11-2.0.so.0.2400.10
7f191fff8000-7f191fffa000 rw-p 000b0000 08:02 10880596                   /usr/lib/x86_64-linux-gnu/libgdk-x11-2.0.so.0.2400.10
7f1920000000-7f192003c000 rw-p 00000000 00:00 0 
7f192003c000-7f1924000000 ---p 00000000 00:00 0 
7f19240a0000-7f19240ab000 r-xp 00000000 08:02 10886406                   /usr/lib/x86_64-linux-gnu/libpangocairo-1.0.so.0.3000.0
7f19240ab000-7f19242aa000 ---p 0000b000 08:02 10886406                   /usr/lib/x86_64-linux-gnu/libpangocairo-1.0.so.0.3000.0
7f19242aa000-7f19242ab000 r--p 0000a000 08:02 10886406                   /usr/lib/x86_64-linux-gnu/libpangocairo-1.0.so.0.3000.0
7f19242ab000-7f19242ac000 rw-p 0000b000 08:02 10886406                   /usr/lib/x86_64-linux-gnu/libpangocairo-1.0.so.0.3000.0
7f19242b0000-7f19246de000 r-xp 00000000 08:02 10880598                   /usr/lib/x86_64-linux-gnu/libgtk-x11-2.0.so.0.2400.10
7f19246de000-7f19248dd000 ---p 0042e000 08:02 10880598                   /usr/lib/x86_64-linux-gnu/libgtk-x11-2.0.so.0.2400.10
7f19248dd000-7f19248e4000 r--p 0042d000 08:02 10880598                   /usr/lib/x86_64-linux-gnu/libgtk-x11-2.0.so.0.2400.10
7f19248e4000-7f19248e8000 rw-p 00434000 08:02 10880598                   /usr/lib/x86_64-linux-gnu/libgtk-x11-2.0.so.0.2400.10
7f19248e8000-7f19248ea000 rw-p 00000000 00:00 0 
7f19248ef000-7f19248f2000 ---p 00000000 00:00 0 
7f19248f2000-7f19249f0000 rw-p 00000000 00:00 0                          [stack:17787]
7f19249f0000-7f19249f5000 r-xp 00000000 08:02 10879297                   /usr/lib/x86_64-linux-gnu/libXfixes.so.3.1.0
7f19249f5000-7f1924bf4000 ---p 00005000 08:02 10879297                   /usr/lib/x86_64-linux-gnu/libXfixes.so.3.1.0
7f1924bf4000-7f1924bf5000 r--p 00004000 08:02 10879297                   /usr/lib/x86_64-linux-gnu/libXfixes.so.3.1.0
7f1924bf5000-7f1924bf6000 rw-p 00005000 08:02 10879297                   /usr/lib/x86_64-linux-gnu/libXfixes.so.3.1.0
7f1924bf8000-7f1924c01000 r-xp 00000000 08:02 10885959                   /usr/lib/x86_64-linux-gnu/libXcursor.so.1.0.2
7f1924c01000-7f1924e00000 ---p 00009000 08:02 10885959                   /usr/lib/x86_64-linux-gnu/libXcursor.so.1.0.2
7f1924e00000-7f1924e01000 r--p 00008000 08:02 10885959                   /usr/lib/x86_64-linux-gnu/libXcursor.so.1.0.2
7f1924e01000-7f1924e02000 rw-p 00009000 08:02 10885959                   /usr/lib/x86_64-linux-gnu/libXcursor.so.1.0.2
7f1924e07000-7f1925007000 rw-p 00000000 00:00 0 
7f1925007000-7f192500a000 ---p 00000000 00:00 0 
7f192500a000-7f1925108000 rw-p 00000000 00:00 0                          [stack:17786]
7f1925108000-7f192516c000 r-xp 00000000 08:02 13899048                   /usr/lib/jvm/java-8-oracle/jre/lib/amd64/libfontmanager.so
7f192516c000-7f192536c000 ---p 00064000 08:02 13899048                   /usr/lib/jvm/java-8-oracle/jre/lib/amd64/libfontmanager.so
7f192536c000-7f1925370000 rw-p 00064000 08:02 13899048                   /usr/lib/jvm/java-8-oracle/jre/lib/amd64/libfontmanager.so
7f1925370000-7f1925381000 rw-p 00000000 00:00 0 
7f1925388000-7f1925588000 rw-p 00000000 00:00 0 
7f1925588000-7f1925599000 r-xp 00000000 08:02 13899060                   /usr/lib/jvm/java-8-oracle/jre/lib/amd64/libnio.so
7f1925599000-7f1925798000 ---p 00011000 08:02 13899060                   /usr/lib/jvm/java-8-oracle/jre/lib/amd64/libnio.so
7f1925798000-7f1925799000 rw-p 00010000 08:02 13899060                   /usr/lib/jvm/java-8-oracle/jre/lib/amd64/libnio.so
7f19257a0000-7f19257b6000 r-xp 00000000 08:02 13899066                   /usr/lib/jvm/java-8-oracle/jre/lib/amd64/libnet.so
7f19257b6000-7f19259b6000 ---p 00016000 08:02 13899066                   /usr/lib/jvm/java-8-oracle/jre/lib/amd64/libnet.so
7f19259b6000-7f19259b7000 rw-p 00016000 08:02 13899066                   /usr/lib/jvm/java-8-oracle/jre/lib/amd64/libnet.so
7f19259b8000-7f19259bd000 r-xp 00000000 08:02 10885963                   /usr/lib/x86_64-linux-gnu/libXdmcp.so.6.0.0
7f19259bd000-7f1925bbc000 ---p 00005000 08:02 10885963                   /usr/lib/x86_64-linux-gnu/libXdmcp.so.6.0.0
7f1925bbc000-7f1925bbd000 r--p 00004000 08:02 10885963                   /usr/lib/x86_64-linux-gnu/libXdmcp.so.6.0.0
7f1925bbd000-7f1925bbe000 rw-p 00005000 08:02 10885963                   /usr/lib/x86_64-linux-gnu/libXdmcp.so.6.0.0
7f1925bc0000-7f1925bc2000 r-xp 00000000 08:02 10885952                   /usr/lib/x86_64-linux-gnu/libXau.so.6.0.0
7f1925bc2000-7f1925dc1000 ---p 00002000 08:02 10885952                   /usr/lib/x86_64-linux-gnu/libXau.so.6.0.0
7f1925dc1000-7f1925dc2000 r--p 00001000 08:02 10885952                   /usr/lib/x86_64-linux-gnu/libXau.so.6.0.0
7f1925dc2000-7f1925dc3000 rw-p 00002000 08:02 10885952                   /usr/lib/x86_64-linux-gnu/libXau.so.6.0.0
7f1925dc8000-7f1925de5000 r-xp 00000000 08:02 10886575                   /usr/lib/x86_64-linux-gnu/libxcb.so.1.1.0
7f1925de5000-7f1925fe4000 ---p 0001d000 08:02 10886575                   /usr/lib/x86_64-linux-gnu/libxcb.so.1.1.0
7f1925fe4000-7f1925fe5000 r--p 0001c000 08:02 10886575                   /usr/lib/x86_64-linux-gnu/libxcb.so.1.1.0
7f1925fe5000-7f1925fe6000 rw-p 0001d000 08:02 10886575                   /usr/lib/x86_64-linux-gnu/libxcb.so.1.1.0
7f1925fe8000-7f1925ff7000 r-xp 00000000 08:02 10880227                   /usr/lib/x86_64-linux-gnu/libXi.so.6.1.0
7f1925ff7000-7f19261f6000 ---p 0000f000 08:02 10880227                   /usr/lib/x86_64-linux-gnu/libXi.so.6.1.0
7f19261f6000-7f19261f7000 r--p 0000e000 08:02 10880227                   /usr/lib/x86_64-linux-gnu/libXi.so.6.1.0
7f19261f7000-7f19261f8000 rw-p 0000f000 08:02 10880227                   /usr/lib/x86_64-linux-gnu/libXi.so.6.1.0
7f19261f8000-7f19261fd000 r-xp 00000000 08:02 10885991                   /usr/lib/x86_64-linux-gnu/libXtst.so.6.1.0
7f19261fd000-7f19263fc000 ---p 00005000 08:02 10885991                   /usr/lib/x86_64-linux-gnu/libXtst.so.6.1.0
7f19263fc000-7f19263fd000 r--p 00004000 08:02 10885991                   /usr/lib/x86_64-linux-gnu/libXtst.so.6.1.0
7f19263fd000-7f19263fe000 rw-p 00005000 08:02 10885991                   /usr/lib/x86_64-linux-gnu/libXtst.so.6.1.0
7f1926400000-7f1926409000 r-xp 00000000 08:02 10885985                   /usr/lib/x86_64-linux-gnu/libXrender.so.1.3.0
7f1926409000-7f1926608000 ---p 00009000 08:02 10885985                   /usr/lib/x86_64-linux-gnu/libXrender.so.1.3.0
7f1926608000-7f1926609000 r--p 00008000 08:02 10885985                   /usr/lib/x86_64-linux-gnu/libXrender.so.1.3.0
7f1926609000-7f192660a000 rw-p 00009000 08:02 10885985                   /usr/lib/x86_64-linux-gnu/libXrender.so.1.3.0
7f1926610000-7f1926740000 r-xp 00000000 08:02 10880585                   /usr/lib/x86_64-linux-gnu/libX11.so.6.3.0
7f1926740000-7f1926940000 ---p 00130000 08:02 10880585                   /usr/lib/x86_64-linux-gnu/libX11.so.6.3.0
7f1926940000-7f1926941000 r--p 00130000 08:02 10880585                   /usr/lib/x86_64-linux-gnu/libX11.so.6.3.0
7f1926941000-7f1926945000 rw-p 00131000 08:02 10880585                   /usr/lib/x86_64-linux-gnu/libX11.so.6.3.0
7f1926948000-7f1926958000 r-xp 00000000 08:02 10885965                   /usr/lib/x86_64-linux-gnu/libXext.so.6.4.0
7f1926958000-7f1926b57000 ---p 00010000 08:02 10885965                   /usr/lib/x86_64-linux-gnu/libXext.so.6.4.0
7f1926b57000-7f1926b58000 r--p 0000f000 08:02 10885965                   /usr/lib/x86_64-linux-gnu/libXext.so.6.4.0
7f1926b58000-7f1926b59000 rw-p 00010000 08:02 10885965                   /usr/lib/x86_64-linux-gnu/libXext.so.6.4.0
7f1926b60000-7f1926bb4000 r-xp 00000000 08:02 13899100                   /usr/lib/jvm/java-8-oracle/jre/lib/amd64/libawt_xawt.so
7f1926bb4000-7f1926db4000 ---p 00054000 08:02 13899100                   /usr/lib/jvm/java-8-oracle/jre/lib/amd64/libawt_xawt.so
7f1926db4000-7f1926db8000 rw-p 00054000 08:02 13899100                   /usr/lib/jvm/java-8-oracle/jre/lib/amd64/libawt_xawt.so
7f1926db8000-7f1926db9000 rw-p 00000000 00:00 0 
7f1926dc0000-7f1926e62000 r-xp 00000000 08:02 13899078                   /usr/lib/jvm/java-8-oracle/jre/lib/amd64/libawt.so
7f1926e62000-7f1927062000 ---p 000a2000 08:02 13899078                   /usr/lib/jvm/java-8-oracle/jre/lib/amd64/libawt.so
7f1927062000-7f192706e000 rw-p 000a2000 08:02 13899078                   /usr/lib/jvm/java-8-oracle/jre/lib/amd64/libawt.so
7f192706e000-7f1927092000 rw-p 00000000 00:00 0 
7f1927097000-7f192709a000 ---p 00000000 00:00 0 
7f192709a000-7f1927198000 rw-p 00000000 00:00 0                          [stack:17784]
7f1927198000-7f192719b000 ---p 00000000 00:00 0 
7f192719b000-7f1927299000 rw-p 00000000 00:00 0                          [stack:17783]
7f1927299000-7f192729c000 ---p 00000000 00:00 0 
7f192729c000-7f192739a000 rw-p 00000000 00:00 0 
7f192739a000-7f192739d000 ---p 00000000 00:00 0 
7f192739d000-7f192749b000 rw-p 00000000 00:00 0                          [stack:17866]
7f192749b000-7f192749e000 ---p 00000000 00:00 0 
7f192749e000-7f192759c000 rw-p 00000000 00:00 0                          [stack:17780]
7f192759c000-7f192759f000 ---p 00000000 00:00 0 
7f192759f000-7f192769d000 rw-p 00000000 00:00 0                          [stack:17779]
7f192769d000-7f19276a0000 ---p 00000000 00:00 0 
7f19276a0000-7f192779e000 rw-p 00000000 00:00 0                          [stack:17778]
7f192779e000-7f19277a1000 ---p 00000000 00:00 0 
7f19277a1000-7f192789f000 rw-p 00000000 00:00 0                          [stack:17777]
7f192789f000-7f19278a2000 ---p 00000000 00:00 0 
7f19278a2000-7f19279a0000 rw-p 00000000 00:00 0                          [stack:17776]
7f19279a0000-7f19279b5000 r-xp 00000000 08:02 8654362                    /lib/x86_64-linux-gnu/libgcc_s.so.1
7f19279b5000-7f1927bb4000 ---p 00015000 08:02 8654362                    /lib/x86_64-linux-gnu/libgcc_s.so.1
7f1927bb4000-7f1927bb5000 r--p 00014000 08:02 8654362                    /lib/x86_64-linux-gnu/libgcc_s.so.1
7f1927bb5000-7f1927bb6000 rw-p 00015000 08:02 8654362                    /lib/x86_64-linux-gnu/libgcc_s.so.1
7f1927bb8000-7f1927bea000 r-xp 00000000 08:02 13899065                   /usr/lib/jvm/java-8-oracle/jre/lib/amd64/libsunec.so
7f1927bea000-7f1927de9000 ---p 00032000 08:02 13899065                   /usr/lib/jvm/java-8-oracle/jre/lib/amd64/libsunec.so
7f1927de9000-7f1927def000 rw-p 00031000 08:02 13899065                   /usr/lib/jvm/java-8-oracle/jre/lib/amd64/libsunec.so
7f1927def000-7f1927dff000 rw-p 00000000 00:00 0 
7f1927e00000-7f1928000000 rw-p 00000000 00:00 0 
7f1928000000-7f192804f000 rw-p 00000000 00:00 0 
7f192804f000-7f192c000000 ---p 00000000 00:00 0 
7f192c000000-7f192c0f5000 rw-p 00000000 00:00 0 
7f192c0f5000-7f1930000000 ---p 00000000 00:00 0 
7f1930000000-7f1930081000 rw-p 00000000 00:00 0 
7f1930081000-7f1934000000 ---p 00000000 00:00 0 
7f1934000000-7f193444c000 rw-p 00000000 00:00 0 
7f193444c000-7f1938000000 ---p 00000000 00:00 0 
7f1938000000-7f1938601000 rw-p 00000000 00:00 0 
7f1938601000-7f193c000000 ---p 00000000 00:00 0 
7f193c000000-7f193c098000 rw-p 00000000 00:00 0 
7f193c098000-7f1940000000 ---p 00000000 00:00 0 
7f1940000000-7f194003f000 rw-p 00000000 00:00 0 
7f194003f000-7f1944000000 ---p 00000000 00:00 0 
7f1944000000-7f1945064000 rw-p 00000000 00:00 0 
7f1945064000-7f1948000000 ---p 00000000 00:00 0 
7f1948000000-7f1948021000 rw-p 00000000 00:00 0 
7f1948021000-7f194c000000 ---p 00000000 00:00 0 
7f194c000000-7f194c048000 rw-p 00000000 00:00 0 
7f194c048000-7f1950000000 ---p 00000000 00:00 0 
7f1950000000-7f1950021000 rw-p 00000000 00:00 0 
7f1950021000-7f1954000000 ---p 00000000 00:00 0 
7f1954000000-7f195412d000 rw-p 00000000 00:00 0 
7f195412d000-7f1958000000 ---p 00000000 00:00 0 
7f1958000000-7f19583bb000 rw-p 00000000 00:00 0 
7f19583bb000-7f195c000000 ---p 00000000 00:00 0 
7f195c010000-7f195c02c000 r--s 00000000 08:02 11010226                   /usr/share/mime/mime.cache
7f195c030000-7f195c033000 r--p 00000000 08:02 7878107                    /home/tyler/.config/dconf/user
7f195c038000-7f195c056000 r--p 00000000 08:02 11536647                   /usr/share/glib-2.0/schemas/gschemas.compiled
7f195c057000-7f195c05a000 ---p 00000000 00:00 0 
7f195c05a000-7f195c158000 rw-p 00000000 00:00 0                          [stack:17775]
7f195c160000-7f195c161000 r--s 00000000 08:02 7878561                    /home/tyler/.cache/dconf/user
7f195c167000-7f195c16c000 r--s 0003f000 08:02 13899138                   /usr/lib/jvm/java-8-oracle/jre/lib/ext/sunjce_provider.jar
7f195c171000-7f195c172000 r--s 00009000 08:02 13899139                   /usr/lib/jvm/java-8-oracle/jre/lib/ext/sunec.jar
7f195c173000-7f195c176000 ---p 00000000 00:00 0 
7f195c176000-7f195c274000 rw-p 00000000 00:00 0                          [stack:17774]
7f195c274000-7f195c277000 ---p 00000000 00:00 0 
7f195c277000-7f195c375000 rw-p 00000000 00:00 0                          [stack:17773]
7f195c375000-7f195c378000 ---p 00000000 00:00 0 
7f195c378000-7f195c476000 rw-p 00000000 00:00 0                          [stack:17792]
7f195c476000-7f195c480000 r--s 00116000 08:02 13899140                   /usr/lib/jvm/java-8-oracle/jre/lib/ext/localedata.jar
7f195c483000-7f195c542000 r--s 00cdb000 08:02 7999179                    /home/tyler/git/bitmerchant-wallet/target/bitmerchant-wallet-shaded.jar
7f195c543000-7f195c544000 ---p 00000000 00:00 0 
7f195c544000-7f195c644000 rw-p 00000000 00:00 0                          [stack:17771]
7f195c644000-7f195c647000 ---p 00000000 00:00 0 
7f195c647000-7f195c745000 rw-p 00000000 00:00 0                          [stack:17770]
7f195c745000-7f195c748000 ---p 00000000 00:00 0 
7f195c748000-7f195c846000 rw-p 00000000 00:00 0                          [stack:17769]
7f195c846000-7f195c849000 ---p 00000000 00:00 0 
7f195c849000-7f195c947000 rw-p 00000000 00:00 0                          [stack:17768]
7f195c947000-7f195c94a000 ---p 00000000 00:00 0 
7f195c94a000-7f195ca48000 rw-p 00000000 00:00 0                          [stack:17767]
7f195ca48000-7f195ce46000 r--p 00000000 08:02 10883108                   /usr/lib/locale/locale-archive
7f195ce46000-7f195ce49000 ---p 00000000 00:00 0 
7f195ce49000-7f195cf47000 rw-p 00000000 00:00 0                          [stack:17766]
7f195cf47000-7f195cf4a000 ---p 00000000 00:00 0 
7f195cf4a000-7f195d048000 rw-p 00000000 00:00 0                          [stack:17765]
7f195d048000-7f195d049000 ---p 00000000 00:00 0 
7f195d049000-7f195da52000 rw-p 00000000 00:00 0                          [stack:17764]
7f195da52000-7f195dc28000 r--s 03caa000 08:02 12190137                   /usr/lib/jvm/java-8-oracle/jre/lib/rt.jar
7f195dc2a000-7f195fd55000 rw-p 00000000 00:00 0 
7f195fd55000-7f195fd56000 ---p 00000000 00:00 0 
7f195fd56000-7f195fe56000 rw-p 00000000 00:00 0                          [stack:17763]
7f195fe56000-7f195fe57000 ---p 00000000 00:00 0 
7f195fe57000-7f195ff73000 rw-p 00000000 00:00 0                          [stack:17762]
7f195ff73000-7f1960054000 ---p 00000000 00:00 0 
7f1960054000-7f1960070000 rw-p 00000000 00:00 0 
7f1960070000-7f1960150000 ---p 00000000 00:00 0 
7f1960150000-7f19601ac000 rw-p 00000000 00:00 0 
7f19601ac000-7f19601cf000 ---p 00000000 00:00 0 
7f19601cf000-7f19601f3000 rw-p 00000000 00:00 0 
7f19601f3000-7f1960590000 ---p 00000000 00:00 0 
7f1960590000-7f1960e30000 rwxp 00000000 00:00 0 
7f1960e30000-7f196f590000 ---p 00000000 00:00 0 
7f196f590000-7f196f5aa000 r-xp 00000000 08:02 13899088                   /usr/lib/jvm/java-8-oracle/jre/lib/amd64/libzip.so
7f196f5aa000-7f196f7aa000 ---p 0001a000 08:02 13899088                   /usr/lib/jvm/java-8-oracle/jre/lib/amd64/libzip.so
7f196f7aa000-7f196f7ab000 rw-p 0001a000 08:02 13899088                   /usr/lib/jvm/java-8-oracle/jre/lib/amd64/libzip.so
7f196f7b0000-7f196f7bc000 r-xp 00000000 08:02 8655884                    /lib/x86_64-linux-gnu/libnss_files-2.15.so
7f196f7bc000-7f196f9bb000 ---p 0000c000 08:02 8655884                    /lib/x86_64-linux-gnu/libnss_files-2.15.so
7f196f9bb000-7f196f9bc000 r--p 0000b000 08:02 8655884                    /lib/x86_64-linux-gnu/libnss_files-2.15.so
7f196f9bc000-7f196f9bd000 rw-p 0000c000 08:02 8655884                    /lib/x86_64-linux-gnu/libnss_files-2.15.so
7f196f9c0000-7f196f9ca000 r-xp 00000000 08:02 8655891                    /lib/x86_64-linux-gnu/libnss_nis-2.15.so
7f196f9ca000-7f196fbca000 ---p 0000a000 08:02 8655891                    /lib/x86_64-linux-gnu/libnss_nis-2.15.so
7f196fbca000-7f196fbcb000 r--p 0000a000 08:02 8655891                    /lib/x86_64-linux-gnu/libnss_nis-2.15.so
7f196fbcb000-7f196fbcc000 rw-p 0000b000 08:02 8655891                    /lib/x86_64-linux-gnu/libnss_nis-2.15.so
7f196fbd0000-7f196fbe7000 r-xp 00000000 08:02 8655883                    /lib/x86_64-linux-gnu/libnsl-2.15.so
7f196fbe7000-7f196fde6000 ---p 00017000 08:02 8655883                    /lib/x86_64-linux-gnu/libnsl-2.15.so
7f196fde6000-7f196fde7000 r--p 00016000 08:02 8655883                    /lib/x86_64-linux-gnu/libnsl-2.15.so
7f196fde7000-7f196fde8000 rw-p 00017000 08:02 8655883                    /lib/x86_64-linux-gnu/libnsl-2.15.so
7f196fde8000-7f196fdea000 rw-p 00000000 00:00 0 
7f196fdf0000-7f196fdf8000 r-xp 00000000 08:02 8655890                    /lib/x86_64-linux-gnu/libnss_compat-2.15.so
7f196fdf8000-7f196fff7000 ---p 00008000 08:02 8655890                    /lib/x86_64-linux-gnu/libnss_compat-2.15.so
7f196fff7000-7f196fff8000 r--p 00007000 08:02 8655890                    /lib/x86_64-linux-gnu/libnss_compat-2.15.so
7f196fff8000-7f196fff9000 rw-p 00008000 08:02 8655890                    /lib/x86_64-linux-gnu/libnss_compat-2.15.so
7f1970000000-7f1970460000 rw-p 00000000 00:00 0 
7f1970460000-7f1974000000 ---p 00000000 00:00 0 
7f1974002000-7f1974005000 r--s 0003a000 08:02 13899134                   /usr/lib/jvm/java-8-oracle/jre/lib/ext/sunpkcs11.jar
7f197400b000-7f1974027000 r--s 00393000 08:02 13899136                   /usr/lib/jvm/java-8-oracle/jre/lib/ext/cldrdata.jar
7f1974029000-7f1974078000 rw-p 00000000 00:00 0 
7f1974078000-7f19740a2000 r-xp 00000000 08:02 13899083                   /usr/lib/jvm/java-8-oracle/jre/lib/amd64/libjava.so
7f19740a2000-7f19742a2000 ---p 0002a000 08:02 13899083                   /usr/lib/jvm/java-8-oracle/jre/lib/amd64/libjava.so
7f19742a2000-7f19742a4000 rw-p 0002a000 08:02 13899083                   /usr/lib/jvm/java-8-oracle/jre/lib/amd64/libjava.so
7f19742a8000-7f19742b5000 r-xp 00000000 08:02 13899059                   /usr/lib/jvm/java-8-oracle/jre/lib/amd64/libverify.so
7f19742b5000-7f19744b5000 ---p 0000d000 08:02 13899059                   /usr/lib/jvm/java-8-oracle/jre/lib/amd64/libverify.so
7f19744b5000-7f19744b7000 rw-p 0000d000 08:02 13899059                   /usr/lib/jvm/java-8-oracle/jre/lib/amd64/libverify.so
7f19744b8000-7f19744bf000 r-xp 00000000 08:02 8655881                    /lib/x86_64-linux-gnu/librt-2.15.so
7f19744bf000-7f19746be000 ---p 00007000 08:02 8655881                    /lib/x86_64-linux-gnu/librt-2.15.so
7f19746be000-7f19746bf000 r--p 00006000 08:02 8655881                    /lib/x86_64-linux-gnu/librt-2.15.so
7f19746bf000-7f19746c0000 rw-p 00007000 08:02 8655881                    /lib/x86_64-linux-gnu/librt-2.15.so
7f19746c0000-7f19747bb000 r-xp 00000000 08:02 8655888                    /lib/x86_64-linux-gnu/libm-2.15.so
7f19747bb000-7f19749ba000 ---p 000fb000 08:02 8655888                    /lib/x86_64-linux-gnu/libm-2.15.so
7f19749ba000-7f19749bb000 r--p 000fa000 08:02 8655888                    /lib/x86_64-linux-gnu/libm-2.15.so
7f19749bb000-7f19749bc000 rw-p 000fb000 08:02 8655888                    /lib/x86_64-linux-gnu/libm-2.15.so
7f19749c0000-7f197562d000 r-xp 00000000 08:02 13899106                   /usr/lib/jvm/java-8-oracle/jre/lib/amd64/server/libjvm.so
7f197562d000-7f197582c000 ---p 00c6d000 08:02 13899106                   /usr/lib/jvm/java-8-oracle/jre/lib/amd64/server/libjvm.so
7f197582c000-7f1975902000 rw-p 00c6c000 08:02 13899106                   /usr/lib/jvm/java-8-oracle/jre/lib/amd64/server/libjvm.so
7f1975902000-7f1975945000 rw-p 00000000 00:00 0 
7f1975948000-7f1975afd000 r-xp 00000000 08:02 8655885                    /lib/x86_64-linux-gnu/libc-2.15.so
7f1975afd000-7f1975cfc000 ---p 001b5000 08:02 8655885                    /lib/x86_64-linux-gnu/libc-2.15.so
7f1975cfc000-7f1975d00000 r--p 001b4000 08:02 8655885                    /lib/x86_64-linux-gnu/libc-2.15.so
7f1975d00000-7f1975d02000 rw-p 001b8000 08:02 8655885                    /lib/x86_64-linux-gnu/libc-2.15.so
7f1975d02000-7f1975d07000 rw-p 00000000 00:00 0 
7f1975d08000-7f1975d0a000 r-xp 00000000 08:02 8655899                    /lib/x86_64-linux-gnu/libdl-2.15.so
7f1975d0a000-7f1975f0a000 ---p 00002000 08:02 8655899                    /lib/x86_64-linux-gnu/libdl-2.15.so
7f1975f0a000-7f1975f0b000 r--p 00002000 08:02 8655899                    /lib/x86_64-linux-gnu/libdl-2.15.so
7f1975f0b000-7f1975f0c000 rw-p 00003000 08:02 8655899                    /lib/x86_64-linux-gnu/libdl-2.15.so
7f1975f10000-7f1975f25000 r-xp 00000000 08:02 13899108                   /usr/lib/jvm/java-8-oracle/jre/lib/amd64/jli/libjli.so
7f1975f25000-7f1976124000 ---p 00015000 08:02 13899108                   /usr/lib/jvm/java-8-oracle/jre/lib/amd64/jli/libjli.so
7f1976124000-7f1976125000 rw-p 00014000 08:02 13899108                   /usr/lib/jvm/java-8-oracle/jre/lib/amd64/jli/libjli.so
7f1976128000-7f1976140000 r-xp 00000000 08:02 8655879                    /lib/x86_64-linux-gnu/libpthread-2.15.so
7f1976140000-7f197633f000 ---p 00018000 08:02 8655879                    /lib/x86_64-linux-gnu/libpthread-2.15.so
7f197633f000-7f1976340000 r--p 00017000 08:02 8655879                    /lib/x86_64-linux-gnu/libpthread-2.15.so
7f1976340000-7f1976341000 rw-p 00018000 08:02 8655879                    /lib/x86_64-linux-gnu/libpthread-2.15.so
7f1976341000-7f1976345000 rw-p 00000000 00:00 0 
7f1976348000-7f197636a000 r-xp 00000000 08:02 8655878                    /lib/x86_64-linux-gnu/ld-2.15.so
7f197636a000-7f197636c000 r--s 0001a000 08:02 12190124                   /usr/lib/jvm/java-8-oracle/jre/lib/jce.jar
7f1976372000-7f1976373000 rw-p 00000000 00:00 0 
7f1976373000-7f1976377000 r--s 00093000 08:02 12190145                   /usr/lib/jvm/java-8-oracle/jre/lib/jsse.jar
7f1976377000-7f1976458000 rw-p 00000000 00:00 0 
7f1976458000-7f1976460000 rw-s 00000000 08:02 15599430                   /tmp/hsperfdata_tyler/17760
7f1976460000-7f1976462000 rw-p 00000000 00:00 0 
7f1976462000-7f1976463000 r--p 00000000 00:00 0 
7f1976463000-7f1976466000 ---p 00000000 00:00 0 
7f1976466000-7f197656a000 rw-p 00000000 00:00 0                          [stack:17761]
7f197656a000-7f197656b000 r--p 00022000 08:02 8655878                    /lib/x86_64-linux-gnu/ld-2.15.so
7f197656b000-7f197656d000 rw-p 00023000 08:02 8655878                    /lib/x86_64-linux-gnu/ld-2.15.so
7fff42e23000-7fff42e44000 rw-p 00000000 00:00 0                          [stack]
7fff42f80000-7fff42f82000 r-xp 00000000 00:00 0                          [vdso]
ffffffffff600000-ffffffffff601000 r-xp 00000000 00:00 0                  [vsyscall]

VM Arguments:
java_command: target/bitmerchant-wallet-shaded.jar
java_class_path (initial): target/bitmerchant-wallet-shaded.jar
Launcher Type: SUN_STANDARD

Environment Variables:
PATH=/usr/lib/lightdm/lightdm:/usr/local/sbin:/usr/local/bin:/usr/sbin:/usr/bin:/sbin:/bin:/usr/games:/home/tyler/.rvm/bin:/home/tyler/.rvm/bin
SHELL=/bin/bash
DISPLAY=:0

Signal Handlers:
SIGSEGV: [libjvm.so+0xa79a80], sa_mask[0]=11111111011111111101111111111110, sa_flags=SA_RESTART|SA_SIGINFO
SIGBUS: [libjvm.so+0xa79a80], sa_mask[0]=11111111011111111101111111111110, sa_flags=SA_RESTART|SA_SIGINFO
SIGFPE: [libjvm.so+0x8e24e0], sa_mask[0]=11111111011111111101111111111110, sa_flags=SA_RESTART|SA_SIGINFO
SIGPIPE: SIG_IGN, sa_mask[0]=00000000000010000000000000000000, sa_flags=SA_RESTART
SIGXFSZ: [libjvm.so+0x8e24e0], sa_mask[0]=11111111011111111101111111111110, sa_flags=SA_RESTART|SA_SIGINFO
SIGILL: [libjvm.so+0x8e24e0], sa_mask[0]=11111111011111111101111111111110, sa_flags=SA_RESTART|SA_SIGINFO
SIGUSR1: SIG_DFL, sa_mask[0]=00000000000000000000000000000000, sa_flags=none
SIGUSR2: [libjvm.so+0x8e3d10], sa_mask[0]=00000000000000000000000000000000, sa_flags=SA_RESTART|SA_SIGINFO
SIGHUP: SIG_IGN, sa_mask[0]=00000000000000000000000000000000, sa_flags=none
SIGINT: SIG_IGN, sa_mask[0]=00000000000000000000000000000000, sa_flags=none
SIGTERM: [libjvm.so+0x8e50d0], sa_mask[0]=11111111011111111101111111111110, sa_flags=SA_RESTART|SA_SIGINFO
SIGQUIT: [libjvm.so+0x8e50d0], sa_mask[0]=11111111011111111101111111111110, sa_flags=SA_RESTART|SA_SIGINFO


---------------  S Y S T E M  ---------------

OS:DISTRIB_ID="elementary OS"
DISTRIB_RELEASE=0.2.1
DISTRIB_CODENAME=luna
DISTRIB_DESCRIPTION="elementary OS Luna"

uname:Linux 3.11.0-26-generic #45~precise1-Ubuntu SMP Tue Jul 15 04:02:35 UTC 2014 x86_64
libc:glibc 2.15 NPTL 2.15 
rlimit: STACK 8192k, CORE 0k, NPROC 24027, NOFILE 4096, AS infinity
load average:1.19 1.12 1.04

/proc/meminfo:
MemTotal:        3102324 kB
MemFree:          425004 kB
Buffers:            9428 kB
Cached:           292944 kB
SwapCached:        96128 kB
Active:          1550700 kB
Inactive:         741772 kB
Active(anon):    1437192 kB
Inactive(anon):   566080 kB
Active(file):     113508 kB
Inactive(file):   175692 kB
Unevictable:         312 kB
Mlocked:             312 kB
SwapTotal:       1535996 kB
SwapFree:         931504 kB
Dirty:               660 kB
Writeback:             0 kB
AnonPages:       1917480 kB
Mapped:           205824 kB
Shmem:             13160 kB
Slab:              98644 kB
SReclaimable:      62780 kB
SUnreclaim:        35864 kB
KernelStack:        5424 kB
PageTables:        48228 kB
NFS_Unstable:          0 kB
Bounce:                0 kB
WritebackTmp:          0 kB
CommitLimit:     3087156 kB
Committed_AS:   15602092 kB
VmallocTotal:   34359738367 kB
VmallocUsed:      104404 kB
VmallocChunk:   34359578964 kB
HardwareCorrupted:     0 kB
AnonHugePages:         0 kB
HugePages_Total:       0
HugePages_Free:        0
HugePages_Rsvd:        0
HugePages_Surp:        0
Hugepagesize:       2048 kB
DirectMap4k:     1379472 kB
DirectMap2M:     1923072 kB
DirectMap1G:           0 kB


CPU:total 2 (2 cores per cpu, 1 threads per core) family 21 model 19 stepping 1, cmov, cx8, fxsr, mmx, sse, sse2, sse3, ssse3, sse4.1, sse4.2, popcnt, avx, aes, clmul, mmxext, 3dnowpref, lzcnt, sse4a, tsc, tscinvbit, tscinv, bmi1

/proc/cpuinfo:
processor	: 0
vendor_id	: AuthenticAMD
cpu family	: 21
model		: 19
model name	: AMD A6-5350M APU with Radeon(tm) HD Graphics
stepping	: 1
microcode	: 0x6001119
cpu MHz		: 2900.000
cache size	: 1024 KB
physical id	: 0
siblings	: 2
core id		: 0
cpu cores	: 1
apicid		: 16
initial apicid	: 0
fpu		: yes
fpu_exception	: yes
cpuid level	: 13
wp		: yes
flags		: fpu vme de pse tsc msr pae mce cx8 apic sep mtrr pge mca cmov pat pse36 clflush mmx fxsr sse sse2 ht syscall nx mmxext fxsr_opt pdpe1gb rdtscp lm constant_tsc rep_good nopl nonstop_tsc extd_apicid aperfmperf pni pclmulqdq monitor ssse3 fma cx16 sse4_1 sse4_2 popcnt aes xsave avx f16c lahf_lm cmp_legacy svm extapic cr8_legacy abm sse4a misalignsse 3dnowprefetch osvw ibs xop skinit wdt lwp fma4 tce nodeid_msr tbm topoext perfctr_core perfctr_nb arat cpb hw_pstate npt lbrv svm_lock nrip_save tsc_scale vmcb_clean flushbyasid decodeassists pausefilter pfthreshold bmi1
bogomips	: 5789.45
TLB size	: 1536 4K pages
clflush size	: 64
cache_alignment	: 64
address sizes	: 48 bits physical, 48 bits virtual
power management: ts ttp tm 100mhzsteps hwpstate cpb eff_freq_ro

processor	: 1
vendor_id	: AuthenticAMD
cpu family	: 21
model		: 19
model name	: AMD A6-5350M APU with Radeon(tm) HD Graphics   
stepping	: 1
microcode	: 0x6001119
cpu MHz		: 2900.000
cache size	: 1024 KB
physical id	: 0
siblings	: 2
core id		: 1
cpu cores	: 1
apicid		: 17
initial apicid	: 1
fpu		: yes
fpu_exception	: yes
cpuid level	: 13
wp		: yes
flags		: fpu vme de pse tsc msr pae mce cx8 apic sep mtrr pge mca cmov pat pse36 clflush mmx fxsr sse sse2 ht syscall nx mmxext fxsr_opt pdpe1gb rdtscp lm constant_tsc rep_good nopl nonstop_tsc extd_apicid aperfmperf pni pclmulqdq monitor ssse3 fma cx16 sse4_1 sse4_2 popcnt aes xsave avx f16c lahf_lm cmp_legacy svm extapic cr8_legacy abm sse4a misalignsse 3dnowprefetch osvw ibs xop skinit wdt lwp fma4 tce nodeid_msr tbm topoext perfctr_core perfctr_nb arat cpb hw_pstate npt lbrv svm_lock nrip_save tsc_scale vmcb_clean flushbyasid decodeassists pausefilter pfthreshold bmi1
bogomips	: 5789.45
TLB size	: 1536 4K pages
clflush size	: 64
cache_alignment	: 64
address sizes	: 48 bits physical, 48 bits virtual
power management: ts ttp tm 100mhzsteps hwpstate cpb eff_freq_ro



Memory: 4k page, physical 3102324k(425004k free), swap 1535996k(931504k free)

vm_info: Java HotSpot(TM) 64-Bit Server VM (25.25-b02) for linux-amd64 JRE (1.8.0_25-b17), built on Sep 17 2014 17:32:11 by "java_re" with gcc 4.3.0 20080428 (Red Hat 4.3.0-8)

time: Wed Jan  7 17:06:19 2015
elapsed time: 182 seconds (0d 0h 3m 2s)

