#
# A fatal error has been detected by the Java Runtime Environment:
#
#  SIGBUS (0x7) at pc=0x00007f36adfc17d2, pid=19373, tid=139871450560256
#
# JRE version: Java(TM) SE Runtime Environment (8.0_25-b17) (build 1.8.0_25-b17)
# Java VM: Java HotSpot(TM) 64-Bit Server VM (25.25-b02 mixed mode linux-amd64 compressed oops)
# Problematic frame:
# C  [libzip.so+0x117d2]  newEntry+0x62
#
# Failed to write core dump. Core dumps have been disabled. To enable core dumping, try "ulimit -c unlimited" before starting Java again
#
# If you would like to submit a bug report, please visit:
#   http://bugreport.sun.com/bugreport/crash.jsp
# The crash happened outside the Java Virtual Machine in native code.
# See problematic frame for where to report the bug.
#

---------------  T H R E A D  ---------------

Current thread (0x00007f3674003000):  JavaThread "qtp902334310-38" [_thread_in_native, id=19476, stack(0x00007f365c0ff000,0x00007f365c200000)]

siginfo: si_signo: 7 (SIGBUS), si_code: 2 (BUS_ADRERR), si_addr: 0x00007f3696da2b34

Registers:
RAX=0x00007f366c0048a0, RBX=0x00007f36a8166e70, RCX=0x00007f366c000078, RDX=0x00007f366c000020
RSP=0x00007f365c1fb790, RBP=0x00007f365c1fb7e0, RSI=0x0000000000000048, RDI=0x00000000000008e0
R8 =0x0000000000000005, R9 =0x0000000000000077, R10=0x00007f369916fa58, R11=0x0000000000000001
R12=0x00007f3696da2b17, R13=0x00007f366c0048a0, R14=0x00000000052b41db, R15=0x00007f36a8192ef0
RIP=0x00007f36adfc17d2, EFLAGS=0x0000000000010206, CSGSFS=0x0000000000000033, ERR=0x0000000000000004
  TRAPNO=0x000000000000000e

Top of Stack: (sp=0x00007f365c1fb790)
0x00007f365c1fb790:   00007f365c1fd9a0 00007f3600000000
0x00007f365c1fb7a0:   00000001000007a8 00007f36afc0c97e
0x00007f365c1fb7b0:   00007f366c0048a0 00007f36a8166e70
0x00007f365c1fb7c0:   00007f36601ea220 00007f36a8192ef0
0x00007f365c1fb7d0:   00000000052b41db 0000000000000016
0x00007f365c1fb7e0:   00007f365c1fb840 00007f36adfc1f2f
0x00007f365c1fb7f0:   00007f3674003000 01007f365c1fbe80
0x00007f365c1fb800:   00007f365c1fb860 00007f365c1fb877
0x00007f365c1fb810:   00007f365c1fb875 00007f365c1fb860
0x00007f365c1fb820:   0000000000000016 00007f36740031e8
0x00007f365c1fb830:   00007f365c1fbcb8 0000000000000001
0x00007f365c1fb840:   00007f365c1fbca0 00007f36adfb3d30
0x00007f365c1fb850:   00007f365c1fdacc 00007f36a8192ef0
0x00007f365c1fb860:   34666c732f67726f 72656b72614d2f6a
0x00007f365c1fb870:   00007373616c632e 00007f36aceef188
0x00007f365c1fb880:   00000000513af430 0000000000000000
0x00007f365c1fb890:   00007f3600000000 0000000000000000
0x00007f365c1fb8a0:   00007f36afe64920 0000000000000000
0x00007f365c1fb8b0:   00007f36513aa598 0000000000000000
0x00007f365c1fb8c0:   00007f3600000000 0000000000000000
0x00007f365c1fb8d0:   00007f36513b93e8 00007f36b036be0e
0x00007f365c1fb8e0:   00007f365c1fbf80 00007f365c1fbf70
0x00007f365c1fb8f0:   00007f365c1fc000 00007f3674003000
0x00007f365c1fb900:   0000000000000000 00007f36b033877c
0x00007f365c1fb910:   00007f36740035f0 00000000f22698a0
0x00007f365c1fb920:   00000000f22698c0 00000000f2269910
0x00007f365c1fb930:   00000000f22699a0 00007f360000001a
0x00007f365c1fb940:   00007f36ad12fdd8 0000000000000000
0x00007f365c1fb950:   00007f36afe3af10 0000000000000002
0x00007f365c1fb960:   00007f365c1fe978 00007f36990004e7
0x00007f365c1fb970:   00007f36990003d0 00007f3600000000
0x00007f365c1fb980:   00007f365c1fe9e0 00007f365c1fe978 

Instructions: (pc=0x00007f36adfc17d2)
0x00007f36adfc17b2:   00 48 c7 40 28 00 00 00 00 41 80 7f 30 00 0f 84
0x00007f36adfc17c2:   8a 02 00 00 4c 8b 63 08 4d 2b 67 28 4d 03 67 18
0x00007f36adfc17d2:   41 0f b6 5c 24 1d 41 0f b6 44 24 1c c1 e3 08 09
0x00007f36adfc17e2:   c3 41 0f b6 44 24 1e 88 45 bd 41 0f b6 54 24 20 

Register to memory mapping:

RAX=0x00007f366c0048a0 is an unknown value
RBX=0x00007f36a8166e70 is an unknown value
RCX=0x00007f366c000078 is an unknown value
RDX=0x00007f366c000020 is an unknown value
RSP=0x00007f365c1fb790 is pointing into the stack for thread: 0x00007f3674003000
RBP=0x00007f365c1fb7e0 is pointing into the stack for thread: 0x00007f3674003000
RSI=0x0000000000000048 is an unknown value
RDI=0x00000000000008e0 is an unknown value
R8 =0x0000000000000005 is an unknown value
R9 =0x0000000000000077 is an unknown value
R10=0x00007f369916fa58 is at entry_point+88 in (nmethod*)0x00007f369916f890
R11=0x0000000000000001 is an unknown value
R12=0x00007f3696da2b17 is an unknown value
R13=0x00007f366c0048a0 is an unknown value
R14=0x00000000052b41db is an unknown value
R15=0x00007f36a8192ef0 is an unknown value


Stack: [0x00007f365c0ff000,0x00007f365c200000],  sp=0x00007f365c1fb790,  free space=1009k
Native frames: (J=compiled Java code, j=interpreted, Vv=VM code, C=native code)
C  [libzip.so+0x117d2]  newEntry+0x62
C  [libzip.so+0x11f2f]  ZIP_GetEntry2+0xff
C  [libzip.so+0x3d30]  Java_java_util_zip_ZipFile_getEntry+0xf0
J 207  java.util.zip.ZipFile.getEntry(J[BZ)J (0 bytes) @ 0x00007f369916face [0x00007f369916fa00+0xce]
J 270 C1 java.util.zip.ZipFile.getEntry(Ljava/lang/String;)Ljava/util/zip/ZipEntry; (86 bytes) @ 0x00007f369918c8cc [0x00007f369918c660+0x26c]
J 504 C1 java.util.jar.JarFile.getEntry(Ljava/lang/String;)Ljava/util/zip/ZipEntry; (22 bytes) @ 0x00007f369921faa4 [0x00007f369921fa20+0x84]
J 2510 C2 sun.misc.URLClassPath.getResource(Ljava/lang/String;Z)Lsun/misc/Resource; (74 bytes) @ 0x00007f369935e8ec [0x00007f369935e6c0+0x22c]
J 226 C1 java.net.URLClassLoader$1.run()Ljava/lang/Class; (73 bytes) @ 0x00007f3699176d9c [0x00007f3699176ba0+0x1fc]
J 225 C1 java.net.URLClassLoader$1.run()Ljava/lang/Object; (5 bytes) @ 0x00007f369917680c [0x00007f3699176780+0x8c]
v  ~StubRoutines::call_stub
V  [libjvm.so+0x664086]  JavaCalls::call_helper(JavaValue*, methodHandle*, JavaCallArguments*, Thread*)+0x1056
V  [libjvm.so+0x6f8fec]  JVM_DoPrivileged+0x27c
J 224  java.security.AccessController.doPrivileged(Ljava/security/PrivilegedExceptionAction;Ljava/security/AccessControlContext;)Ljava/lang/Object; (0 bytes) @ 0x00007f3699174455 [0x00007f3699174380+0xd5]
J 222 C1 java.net.URLClassLoader.findClass(Ljava/lang/String;)Ljava/lang/Class; (29 bytes) @ 0x00007f3699175ca4 [0x00007f3699175b20+0x184]
J 180 C1 java.lang.ClassLoader.loadClass(Ljava/lang/String;Z)Ljava/lang/Class; (122 bytes) @ 0x00007f369915e21c [0x00007f369915d8c0+0x95c]
J 206 C1 sun.misc.Launcher$AppClassLoader.loadClass(Ljava/lang/String;Z)Ljava/lang/Class; (40 bytes) @ 0x00007f369916f4ec [0x00007f369916f0c0+0x42c]
J 205 C1 java.lang.ClassLoader.loadClass(Ljava/lang/String;)Ljava/lang/Class; (7 bytes) @ 0x00007f3699166e44 [0x00007f3699166d40+0x104]
v  ~StubRoutines::call_stub
V  [libjvm.so+0x664086]  JavaCalls::call_helper(JavaValue*, methodHandle*, JavaCallArguments*, Thread*)+0x1056
V  [libjvm.so+0x664591]  JavaCalls::call_virtual(JavaValue*, KlassHandle, Symbol*, Symbol*, JavaCallArguments*, Thread*)+0x321
V  [libjvm.so+0x6649e6]  JavaCalls::call_virtual(JavaValue*, Handle, KlassHandle, Symbol*, Symbol*, Handle, Thread*)+0x56
V  [libjvm.so+0x9f51b0]  SystemDictionary::load_instance_class(Symbol*, Handle, Thread*)+0x3c0
V  [libjvm.so+0x9f421c]  SystemDictionary::resolve_instance_class_or_null(Symbol*, Handle, Handle, Thread*)+0x7cc
V  [libjvm.so+0x876137]  Method::load_signature_classes(methodHandle, Thread*)+0x1a7
V  [libjvm.so+0x49dd44]  CompileBroker::compile_method(methodHandle, int, int, methodHandle, int, char const*, Thread*)+0x4a4
V  [libjvm.so+0x2d44c4]  AdvancedThresholdPolicy::submit_compile(methodHandle, int, CompLevel, JavaThread*)+0x134
V  [libjvm.so+0x99df40]  SimpleThresholdPolicy::compile(methodHandle, int, CompLevel, JavaThread*)+0x1e0
V  [libjvm.so+0x2d51f1]  AdvancedThresholdPolicy::method_invocation_event(methodHandle, methodHandle, CompLevel, nmethod*, JavaThread*)+0x351
V  [libjvm.so+0x99f9dc]  SimpleThresholdPolicy::event(methodHandle, methodHandle, int, int, CompLevel, nmethod*, JavaThread*)+0x70c
V  [libjvm.so+0x3d1cc4]  Runtime1::counter_overflow(JavaThread*, int, Method*)+0x284
v  ~RuntimeStub::counter_overflow Runtime1 stub
J 1467 C1 ch.qos.logback.classic.Logger.isDebugEnabled(Lorg/slf4j/Marker;)Z (77 bytes) @ 0x00007f369947210b [0x00007f36994713e0+0xd2b]
J 1466 C1 ch.qos.logback.classic.Logger.isDebugEnabled()Z (6 bytes) @ 0x00007f3699471004 [0x00007f3699470f00+0x104]
J 1815 C1 org.eclipse.jetty.util.log.JettyAwareLogger.log(Lorg/slf4j/Marker;ILjava/lang/String;[Ljava/lang/Object;Ljava/lang/Throwable;)V (134 bytes) @ 0x00007f36995790fc [0x00007f3699578e80+0x27c]
J 2367 C1 org.eclipse.jetty.util.log.JettyAwareLogger.debug(Ljava/lang/String;[Ljava/lang/Object;)V (11 bytes) @ 0x00007f36991ea0dc [0x00007f36991ea040+0x9c]
J 2444 C1 org.eclipse.jetty.io.WriteFlusher.updateState(Lorg/eclipse/jetty/io/WriteFlusher$State;Lorg/eclipse/jetty/io/WriteFlusher$State;)Z (75 bytes) @ 0x00007f369972c0ac [0x00007f369972b840+0x86c]
j  org.eclipse.jetty.io.WriteFlusher.write(Lorg/eclipse/jetty/util/Callback;[Ljava/nio/ByteBuffer;)V+179
j  org.eclipse.jetty.io.AbstractEndPoint.write(Lorg/eclipse/jetty/util/Callback;[Ljava/nio/ByteBuffer;)V+6
j  org.eclipse.jetty.server.HttpConnection.blockingWrite([Ljava/nio/ByteBuffer;)V+9
j  org.eclipse.jetty.server.HttpConnection.send(Lorg/eclipse/jetty/http/HttpGenerator$ResponseInfo;Ljava/nio/ByteBuffer;Z)V+355
j  org.eclipse.jetty.server.HttpChannel.commitResponse(Lorg/eclipse/jetty/http/HttpGenerator$ResponseInfo;Ljava/nio/ByteBuffer;Z)Z+23
j  org.eclipse.jetty.server.HttpChannel.write(Ljava/nio/ByteBuffer;Z)V+34
j  org.eclipse.jetty.server.HttpOutput.close()V+43
j  org.eclipse.jetty.server.Response.complete()V+4
j  org.eclipse.jetty.server.HttpChannel.run()V+557
j  org.eclipse.jetty.server.HttpConnection.onFillable()V+284
j  org.eclipse.jetty.io.AbstractConnection$ReadCallback.run()V+23
j  org.eclipse.jetty.util.thread.QueuedThreadPool.runJob(Ljava/lang/Runnable;)V+1
j  org.eclipse.jetty.util.thread.QueuedThreadPool$3.run()V+73
j  java.lang.Thread.run()V+11
v  ~StubRoutines::call_stub
V  [libjvm.so+0x664086]  JavaCalls::call_helper(JavaValue*, methodHandle*, JavaCallArguments*, Thread*)+0x1056
V  [libjvm.so+0x664591]  JavaCalls::call_virtual(JavaValue*, KlassHandle, Symbol*, Symbol*, JavaCallArguments*, Thread*)+0x321
V  [libjvm.so+0x664a37]  JavaCalls::call_virtual(JavaValue*, Handle, KlassHandle, Symbol*, Symbol*, Thread*)+0x47
V  [libjvm.so+0x6dee3e]  thread_entry(JavaThread*, Thread*)+0x7e
V  [libjvm.so+0xa29e8f]  JavaThread::thread_main_inner()+0xdf
V  [libjvm.so+0xa29fbc]  JavaThread::run()+0x11c
V  [libjvm.so+0x8e7d48]  java_start(Thread*)+0x108
C  [libpthread.so.0+0x7e9a]  start_thread+0xda

Java frames: (J=compiled Java code, j=interpreted, Vv=VM code)
J 207  java.util.zip.ZipFile.getEntry(J[BZ)J (0 bytes) @ 0x00007f369916fa58 [0x00007f369916fa00+0x58]
J 270 C1 java.util.zip.ZipFile.getEntry(Ljava/lang/String;)Ljava/util/zip/ZipEntry; (86 bytes) @ 0x00007f369918c8cc [0x00007f369918c660+0x26c]
J 504 C1 java.util.jar.JarFile.getEntry(Ljava/lang/String;)Ljava/util/zip/ZipEntry; (22 bytes) @ 0x00007f369921faa4 [0x00007f369921fa20+0x84]
J 2510 C2 sun.misc.URLClassPath.getResource(Ljava/lang/String;Z)Lsun/misc/Resource; (74 bytes) @ 0x00007f369935e8ec [0x00007f369935e6c0+0x22c]
J 226 C1 java.net.URLClassLoader$1.run()Ljava/lang/Class; (73 bytes) @ 0x00007f3699176d9c [0x00007f3699176ba0+0x1fc]
J 225 C1 java.net.URLClassLoader$1.run()Ljava/lang/Object; (5 bytes) @ 0x00007f369917680c [0x00007f3699176780+0x8c]
v  ~StubRoutines::call_stub
J 224  java.security.AccessController.doPrivileged(Ljava/security/PrivilegedExceptionAction;Ljava/security/AccessControlContext;)Ljava/lang/Object; (0 bytes) @ 0x00007f36991743e3 [0x00007f3699174380+0x63]
J 222 C1 java.net.URLClassLoader.findClass(Ljava/lang/String;)Ljava/lang/Class; (29 bytes) @ 0x00007f3699175ca4 [0x00007f3699175b20+0x184]
J 180 C1 java.lang.ClassLoader.loadClass(Ljava/lang/String;Z)Ljava/lang/Class; (122 bytes) @ 0x00007f369915e21c [0x00007f369915d8c0+0x95c]
J 206 C1 sun.misc.Launcher$AppClassLoader.loadClass(Ljava/lang/String;Z)Ljava/lang/Class; (40 bytes) @ 0x00007f369916f4ec [0x00007f369916f0c0+0x42c]
J 205 C1 java.lang.ClassLoader.loadClass(Ljava/lang/String;)Ljava/lang/Class; (7 bytes) @ 0x00007f3699166e44 [0x00007f3699166d40+0x104]
v  ~StubRoutines::call_stub
v  ~RuntimeStub::counter_overflow Runtime1 stub
J 1467 C1 ch.qos.logback.classic.Logger.isDebugEnabled(Lorg/slf4j/Marker;)Z (77 bytes) @ 0x00007f369947210b [0x00007f36994713e0+0xd2b]
J 1466 C1 ch.qos.logback.classic.Logger.isDebugEnabled()Z (6 bytes) @ 0x00007f3699471004 [0x00007f3699470f00+0x104]
J 1815 C1 org.eclipse.jetty.util.log.JettyAwareLogger.log(Lorg/slf4j/Marker;ILjava/lang/String;[Ljava/lang/Object;Ljava/lang/Throwable;)V (134 bytes) @ 0x00007f36995790fc [0x00007f3699578e80+0x27c]
J 2367 C1 org.eclipse.jetty.util.log.JettyAwareLogger.debug(Ljava/lang/String;[Ljava/lang/Object;)V (11 bytes) @ 0x00007f36991ea0dc [0x00007f36991ea040+0x9c]
J 2444 C1 org.eclipse.jetty.io.WriteFlusher.updateState(Lorg/eclipse/jetty/io/WriteFlusher$State;Lorg/eclipse/jetty/io/WriteFlusher$State;)Z (75 bytes) @ 0x00007f369972c0ac [0x00007f369972b840+0x86c]
j  org.eclipse.jetty.io.WriteFlusher.write(Lorg/eclipse/jetty/util/Callback;[Ljava/nio/ByteBuffer;)V+179
j  org.eclipse.jetty.io.AbstractEndPoint.write(Lorg/eclipse/jetty/util/Callback;[Ljava/nio/ByteBuffer;)V+6
j  org.eclipse.jetty.server.HttpConnection.blockingWrite([Ljava/nio/ByteBuffer;)V+9
j  org.eclipse.jetty.server.HttpConnection.send(Lorg/eclipse/jetty/http/HttpGenerator$ResponseInfo;Ljava/nio/ByteBuffer;Z)V+355
j  org.eclipse.jetty.server.HttpChannel.commitResponse(Lorg/eclipse/jetty/http/HttpGenerator$ResponseInfo;Ljava/nio/ByteBuffer;Z)Z+23
j  org.eclipse.jetty.server.HttpChannel.write(Ljava/nio/ByteBuffer;Z)V+34
j  org.eclipse.jetty.server.HttpOutput.close()V+43
j  org.eclipse.jetty.server.Response.complete()V+4
j  org.eclipse.jetty.server.HttpChannel.run()V+557
j  org.eclipse.jetty.server.HttpConnection.onFillable()V+284
j  org.eclipse.jetty.io.AbstractConnection$ReadCallback.run()V+23
j  org.eclipse.jetty.util.thread.QueuedThreadPool.runJob(Ljava/lang/Runnable;)V+1
j  org.eclipse.jetty.util.thread.QueuedThreadPool$3.run()V+73
j  java.lang.Thread.run()V+11
v  ~StubRoutines::call_stub

---------------  P R O C E S S  ---------------

Java Threads: ( => current thread )
=>0x00007f3674003000 JavaThread "qtp902334310-38" [_thread_in_native, id=19476, stack(0x00007f365c0ff000,0x00007f365c200000)]
  0x00007f366c004000 JavaThread "qtp902334310-37" [_thread_blocked, id=19475, stack(0x00007f3695098000,0x00007f3695199000)]
  0x00007f3670440000 JavaThread "qtp902334310-36" [_thread_blocked, id=19474, stack(0x00007f36946de000,0x00007f36947df000)]
  0x00007f3668001000 JavaThread "qtp902334310-35" [_thread_blocked, id=19473, stack(0x00007f36944dc000,0x00007f36945dd000)]
  0x00007f3680016000 JavaThread "AbstractTimeoutHandler timeouts" daemon [_thread_blocked, id=19472, stack(0x00007f36945dd000,0x00007f36946de000)]
  0x00007f36a8009800 JavaThread "DestroyJavaVM" [_thread_blocked, id=19374, stack(0x00007f36b0e11000,0x00007f36b0f12000)]
  0x00007f36a844d000 JavaThread "AWT-XAWT" daemon [_thread_in_native, id=19408, stack(0x00007f365e35f000,0x00007f365e460000)]
  0x00007f36a842e000 JavaThread "Java2D Disposer" daemon [_thread_blocked, id=19407, stack(0x00007f365e877000,0x00007f365e978000)]
  0x00007f3680008800 JavaThread "NioClientManager" [_thread_in_native, id=19402, stack(0x00007f3696306000,0x00007f3696407000)]
  0x00007f36601cc000 JavaThread "PeerGroup Thread" daemon [_thread_blocked, id=19401, stack(0x00007f36947df000,0x00007f36948e0000)]
  0x00007f365808b000 JavaThread "Scheduler-1497313324" [_thread_blocked, id=19400, stack(0x00007f3694b7f000,0x00007f3694c80000)]
  0x00007f3658062000 JavaThread "HashSessionScavenger-0" daemon [_thread_blocked, id=19399, stack(0x00007f3694e96000,0x00007f3694f97000)]
  0x00007f365805e000 JavaThread "qtp902334310-22" [_thread_blocked, id=19398, stack(0x00007f3694f97000,0x00007f3695098000)]
  0x00007f3658059000 JavaThread "qtp902334310-19" [_thread_blocked, id=19395, stack(0x00007f369529a000,0x00007f369539b000)]
  0x00007f3658057000 JavaThread "qtp902334310-18" [_thread_blocked, id=19394, stack(0x00007f369539b000,0x00007f369549c000)]
  0x00007f3658055800 JavaThread "qtp902334310-17-acceptor-0-ServerConnector@2056048{HTTP/1.1}{0.0.0.0:4567}" [_thread_in_native, id=19393, stack(0x00007f369549c000,0x00007f369559d000)]
  0x00007f3658053000 JavaThread "qtp902334310-16-selector-1" [_thread_in_native, id=19392, stack(0x00007f369559d000,0x00007f369569e000)]
  0x00007f365804f800 JavaThread "qtp902334310-15-selector-0" [_thread_in_native, id=19391, stack(0x00007f369569e000,0x00007f369579f000)]
  0x00007f3658049000 JavaThread "DateCache" daemon [_thread_blocked, id=19390, stack(0x00007f369579f000,0x00007f36958a0000)]
  0x00007f36a83dd800 JavaThread "Thread-1" [_thread_blocked, id=19389, stack(0x00007f3695f04000,0x00007f3696005000)]
  0x00007f3660041000 JavaThread "bitcoinj user thread" daemon [_thread_blocked, id=19388, stack(0x00007f3696205000,0x00007f3696306000)]
  0x00007f36a8136800 JavaThread "Service Thread" daemon [_thread_blocked, id=19383, stack(0x00007f3696f4c000,0x00007f369704d000)]
  0x00007f36a8131800 JavaThread "C1 CompilerThread1" daemon [_thread_blocked, id=19382, stack(0x00007f369704d000,0x00007f369714e000)]
  0x00007f36a812e800 JavaThread "C2 CompilerThread0" daemon [_thread_blocked, id=19381, stack(0x00007f369714e000,0x00007f369724f000)]
  0x00007f36a812c800 JavaThread "Signal Dispatcher" daemon [_thread_blocked, id=19380, stack(0x00007f369724f000,0x00007f3697350000)]
  0x00007f36a80ff000 JavaThread "Finalizer" daemon [_thread_blocked, id=19379, stack(0x00007f369774f000,0x00007f3697850000)]
  0x00007f36a80fd000 JavaThread "Reference Handler" daemon [_thread_blocked, id=19378, stack(0x00007f36ac0c8000,0x00007f36ac1c9000)]

Other Threads:
  0x00007f36a80f6000 VMThread [stack: 0x00007f36ac1c9000,0x00007f36ac2ca000] [id=19377]
  0x00007f36a8153800 WatcherThread [stack: 0x00007f3696e4b000,0x00007f3696f4c000] [id=19384]

VM state:not at safepoint (normal execution)

VM Mutex/Monitor currently owned by a thread: None

Heap:
 PSYoungGen      total 105472K, used 31781K [0x00000000f0380000, 0x00000000fd180000, 0x0000000100000000)
  eden space 98304K, 32% used [0x00000000f0380000,0x00000000f22895d8,0x00000000f6380000)
  from space 7168K, 0% used [0x00000000f6380000,0x00000000f6380000,0x00000000f6a80000)
  to   space 7168K, 0% used [0x00000000fca80000,0x00000000fca80000,0x00000000fd180000)
 ParOldGen       total 29696K, used 8520K [0x00000000d0a00000, 0x00000000d2700000, 0x00000000f0380000)
  object space 29696K, 28% used [0x00000000d0a00000,0x00000000d1252318,0x00000000d2700000)
 Metaspace       used 22520K, capacity 22714K, committed 23168K, reserved 1069056K
  class space    used 2561K, capacity 2601K, committed 2688K, reserved 1048576K

Card table byte_map: [0x00007f36ada74000,0x00007f36adbf0000] byte_map_base: 0x00007f36ad3ef000

Marking Bits: (ParMarkBitMap*) 0x00007f36b02c22c0
 Begin Bits: [0x00007f3697850000, 0x00007f3698428000)
 End Bits:   [0x00007f3698428000, 0x00007f3699000000)

Polling page: 0x00007f36b0f15000

CodeCache: size=245760Kb used=8380Kb max_used=8392Kb free=237379Kb
 bounds [0x00007f3699000000, 0x00007f3699840000, 0x00007f36a8000000]
 total_blobs=3289 nmethods=2758 adapters=446
 compilation: enabled

Compilation events (10 events):
Event: 68.923 Thread 0x00007f36a8131800 3217   !   3       java.util.concurrent.LinkedBlockingQueue::poll (92 bytes)
Event: 68.924 Thread 0x00007f36a8131800 nmethod 3217 0x00007f3699837bd0 code [0x00007f3699837e20, 0x00007f3699838c58]
Event: 69.739 Thread 0x00007f36a8131800 3218       3       java.util.HashMap$TreeNode::putTreeVal (314 bytes)
Event: 69.741 Thread 0x00007f36a8131800 nmethod 3218 0x00007f3699839390 code [0x00007f3699839600, 0x00007f369983a848]
Event: 69.741 Thread 0x00007f36a8131800 3219       3       sun.reflect.generics.parser.SignatureParser::parseFormalParameters (47 bytes)
Event: 69.741 Thread 0x00007f36a8131800 nmethod 3219 0x00007f3699832f10 code [0x00007f36998330e0, 0x00007f3699833448]
Event: 69.741 Thread 0x00007f36a8131800 3220       3       sun.reflect.generics.parser.SignatureParser::parseZeroOrMoreThrowsSignatures (51 bytes)
Event: 69.742 Thread 0x00007f36a812e800 3221       4       ch.qos.logback.classic.Logger::isDebugEnabled (6 bytes)
Event: 69.742 Thread 0x00007f36a812e800 nmethod 3221 0x00007f3699832c90 code [0x00007f3699832de0, 0x00007f3699832e68]
Event: 69.742 Thread 0x00007f36a8131800 nmethod 3220 0x00007f369982e150 code [0x00007f369982e360, 0x00007f369982ec68]

GC Heap History (10 events):
Event: 4.996 GC heap before
{Heap before GC invocations=4 (full 0):
 PSYoungGen      total 26624K, used 26592K [0x00000000f0380000, 0x00000000f3780000, 0x0000000100000000)
  eden space 24576K, 100% used [0x00000000f0380000,0x00000000f1b80000,0x00000000f1b80000)
  from space 2048K, 98% used [0x00000000f1b80000,0x00000000f1d78070,0x00000000f1d80000)
  to   space 2048K, 0% used [0x00000000f3580000,0x00000000f3580000,0x00000000f3780000)
 ParOldGen       total 32768K, used 8917K [0x00000000d0a00000, 0x00000000d2a00000, 0x00000000f0380000)
  object space 32768K, 27% used [0x00000000d0a00000,0x00000000d12b5538,0x00000000d2a00000)
 Metaspace       used 17050K, capacity 17220K, committed 17536K, reserved 1064960K
  class space    used 1990K, capacity 2054K, committed 2176K, reserved 1048576K
Event: 5.031 GC heap after
Heap after GC invocations=4 (full 0):
 PSYoungGen      total 51200K, used 2024K [0x00000000f0380000, 0x00000000f3780000, 0x0000000100000000)
  eden space 49152K, 0% used [0x00000000f0380000,0x00000000f0380000,0x00000000f3380000)
  from space 2048K, 98% used [0x00000000f3580000,0x00000000f377a058,0x00000000f3780000)
  to   space 2048K, 0% used [0x00000000f3380000,0x00000000f3380000,0x00000000f3580000)
 ParOldGen       total 32768K, used 10711K [0x00000000d0a00000, 0x00000000d2a00000, 0x00000000f0380000)
  object space 32768K, 32% used [0x00000000d0a00000,0x00000000d1475e58,0x00000000d2a00000)
 Metaspace       used 17050K, capacity 17220K, committed 17536K, reserved 1064960K
  class space    used 1990K, capacity 2054K, committed 2176K, reserved 1048576K
}
Event: 10.505 GC heap before
{Heap before GC invocations=5 (full 0):
 PSYoungGen      total 51200K, used 51176K [0x00000000f0380000, 0x00000000f3780000, 0x0000000100000000)
  eden space 49152K, 100% used [0x00000000f0380000,0x00000000f3380000,0x00000000f3380000)
  from space 2048K, 98% used [0x00000000f3580000,0x00000000f377a058,0x00000000f3780000)
  to   space 2048K, 0% used [0x00000000f3380000,0x00000000f3380000,0x00000000f3580000)
 ParOldGen       total 32768K, used 10711K [0x00000000d0a00000, 0x00000000d2a00000, 0x00000000f0380000)
  object space 32768K, 32% used [0x00000000d0a00000,0x00000000d1475e58,0x00000000d2a00000)
 Metaspace       used 19168K, capacity 19306K, committed 19456K, reserved 1067008K
  class space    used 2206K, capacity 2279K, committed 2304K, reserved 1048576K
Event: 10.526 GC heap after
Heap after GC invocations=5 (full 0):
 PSYoungGen      total 51200K, used 2023K [0x00000000f0380000, 0x00000000f7180000, 0x0000000100000000)
  eden space 49152K, 0% used [0x00000000f0380000,0x00000000f0380000,0x00000000f3380000)
  from space 2048K, 98% used [0x00000000f3380000,0x00000000f3579ef0,0x00000000f3580000)
  to   space 7168K, 0% used [0x00000000f6a80000,0x00000000f6a80000,0x00000000f7180000)
 ParOldGen       total 32768K, used 12711K [0x00000000d0a00000, 0x00000000d2a00000, 0x00000000f0380000)
  object space 32768K, 38% used [0x00000000d0a00000,0x00000000d1669f60,0x00000000d2a00000)
 Metaspace       used 19168K, capacity 19306K, committed 19456K, reserved 1067008K
  class space    used 2206K, capacity 2279K, committed 2304K, reserved 1048576K
}
Event: 12.719 GC heap before
{Heap before GC invocations=6 (full 0):
 PSYoungGen      total 51200K, used 51175K [0x00000000f0380000, 0x00000000f7180000, 0x0000000100000000)
  eden space 49152K, 100% used [0x00000000f0380000,0x00000000f3380000,0x00000000f3380000)
  from space 2048K, 98% used [0x00000000f3380000,0x00000000f3579ef0,0x00000000f3580000)
  to   space 7168K, 0% used [0x00000000f6a80000,0x00000000f6a80000,0x00000000f7180000)
 ParOldGen       total 32768K, used 12711K [0x00000000d0a00000, 0x00000000d2a00000, 0x00000000f0380000)
  object space 32768K, 38% used [0x00000000d0a00000,0x00000000d1669f60,0x00000000d2a00000)
 Metaspace       used 19282K, capacity 19434K, committed 19712K, reserved 1067008K
  class space    used 2207K, capacity 2279K, committed 2304K, reserved 1048576K
Event: 12.733 GC heap after
Heap after GC invocations=6 (full 0):
 PSYoungGen      total 105472K, used 2757K [0x00000000f0380000, 0x00000000f7180000, 0x0000000100000000)
  eden space 98304K, 0% used [0x00000000f0380000,0x00000000f0380000,0x00000000f6380000)
  from space 7168K, 38% used [0x00000000f6a80000,0x00000000f6d315a0,0x00000000f7180000)
  to   space 7168K, 0% used [0x00000000f6380000,0x00000000f6380000,0x00000000f6a80000)
 ParOldGen       total 32768K, used 12711K [0x00000000d0a00000, 0x00000000d2a00000, 0x00000000f0380000)
  object space 32768K, 38% used [0x00000000d0a00000,0x00000000d1669f60,0x00000000d2a00000)
 Metaspace       used 19282K, capacity 19434K, committed 19712K, reserved 1067008K
  class space    used 2207K, capacity 2279K, committed 2304K, reserved 1048576K
}
Event: 13.195 GC heap before
{Heap before GC invocations=7 (full 0):
 PSYoungGen      total 105472K, used 19561K [0x00000000f0380000, 0x00000000f7180000, 0x0000000100000000)
  eden space 98304K, 17% used [0x00000000f0380000,0x00000000f13e9098,0x00000000f6380000)
  from space 7168K, 38% used [0x00000000f6a80000,0x00000000f6d315a0,0x00000000f7180000)
  to   space 7168K, 0% used [0x00000000f6380000,0x00000000f6380000,0x00000000f6a80000)
 ParOldGen       total 32768K, used 12711K [0x00000000d0a00000, 0x00000000d2a00000, 0x00000000f0380000)
  object space 32768K, 38% used [0x00000000d0a00000,0x00000000d1669f60,0x00000000d2a00000)
 Metaspace       used 20838K, capacity 21002K, committed 21248K, reserved 1069056K
  class space    used 2370K, capacity 2439K, committed 2560K, reserved 1048576K
Event: 13.216 GC heap after
Heap after GC invocations=7 (full 0):
 PSYoungGen      total 105472K, used 3979K [0x00000000f0380000, 0x00000000fd180000, 0x0000000100000000)
  eden space 98304K, 0% used [0x00000000f0380000,0x00000000f0380000,0x00000000f6380000)
  from space 7168K, 55% used [0x00000000f6380000,0x00000000f6762c38,0x00000000f6a80000)
  to   space 7168K, 0% used [0x00000000fca80000,0x00000000fca80000,0x00000000fd180000)
 ParOldGen       total 32768K, used 13087K [0x00000000d0a00000, 0x00000000d2a00000, 0x00000000f0380000)
  object space 32768K, 39% used [0x00000000d0a00000,0x00000000d16c7fb0,0x00000000d2a00000)
 Metaspace       used 20838K, capacity 21002K, committed 21248K, reserved 1069056K
  class space    used 2370K, capacity 2439K, committed 2560K, reserved 1048576K
}
Event: 13.216 GC heap before
{Heap before GC invocations=8 (full 1):
 PSYoungGen      total 105472K, used 3979K [0x00000000f0380000, 0x00000000fd180000, 0x0000000100000000)
  eden space 98304K, 0% used [0x00000000f0380000,0x00000000f0380000,0x00000000f6380000)
  from space 7168K, 55% used [0x00000000f6380000,0x00000000f6762c38,0x00000000f6a80000)
  to   space 7168K, 0% used [0x00000000fca80000,0x00000000fca80000,0x00000000fd180000)
 ParOldGen       total 32768K, used 13087K [0x00000000d0a00000, 0x00000000d2a00000, 0x00000000f0380000)
  object space 32768K, 39% used [0x00000000d0a00000,0x00000000d16c7fb0,0x00000000d2a00000)
 Metaspace       used 20838K, capacity 21002K, committed 21248K, reserved 1069056K
  class space    used 2370K, capacity 2439K, committed 2560K, reserved 1048576K
Event: 13.319 GC heap after
Heap after GC invocations=8 (full 1):
 PSYoungGen      total 105472K, used 0K [0x00000000f0380000, 0x00000000fd180000, 0x0000000100000000)
  eden space 98304K, 0% used [0x00000000f0380000,0x00000000f0380000,0x00000000f6380000)
  from space 7168K, 0% used [0x00000000f6380000,0x00000000f6380000,0x00000000f6a80000)
  to   space 7168K, 0% used [0x00000000fca80000,0x00000000fca80000,0x00000000fd180000)
 ParOldGen       total 29696K, used 8520K [0x00000000d0a00000, 0x00000000d2700000, 0x00000000f0380000)
  object space 29696K, 28% used [0x00000000d0a00000,0x00000000d1252318,0x00000000d2700000)
 Metaspace       used 20836K, capacity 21000K, committed 21248K, reserved 1069056K
  class space    used 2370K, capacity 2438K, committed 2560K, reserved 1048576K
}

Deoptimization events (10 events):
Event: 13.009 Thread 0x00007f366c004000 Uncommon trap: reason=bimorphic action=maybe_recompile pc=0x00007f36996524d0 method=java.util.regex.Pattern$CharProperty.match(Ljava/util/regex/Matcher;ILjava/lang/CharSequence;)Z @ 37
Event: 13.077 Thread 0x00007f3670440000 Uncommon trap: reason=bimorphic action=maybe_recompile pc=0x00007f369941f4cc method=java.util.HashMap.putVal(ILjava/lang/Object;Ljava/lang/Object;ZZ)Ljava/lang/Object; @ 203
Event: 13.537 Thread 0x00007f3670440000 Uncommon trap: reason=bimorphic action=maybe_recompile pc=0x00007f369941f4cc method=java.util.HashMap.putVal(ILjava/lang/Object;Ljava/lang/Object;ZZ)Ljava/lang/Object; @ 203
Event: 13.537 Thread 0x00007f3670440000 Uncommon trap: reason=bimorphic action=maybe_recompile pc=0x00007f369941f4cc method=java.util.HashMap.putVal(ILjava/lang/Object;Ljava/lang/Object;ZZ)Ljava/lang/Object; @ 203
Event: 13.537 Thread 0x00007f3670440000 Uncommon trap: reason=bimorphic action=maybe_recompile pc=0x00007f369941f4cc method=java.util.HashMap.putVal(ILjava/lang/Object;Ljava/lang/Object;ZZ)Ljava/lang/Object; @ 203
Event: 13.538 Thread 0x00007f3670440000 Uncommon trap: reason=unreached action=reinterpret pc=0x00007f369931ac54 method=java.util.HashMap.getNode(ILjava/lang/Object;)Ljava/util/HashMap$Node; @ 84
Event: 13.539 Thread 0x00007f3670440000 Uncommon trap: reason=unreached action=reinterpret pc=0x00007f369911ca80 method=java.util.HashMap.resize()[Ljava/util/HashMap$Node; @ 206
Event: 13.566 Thread 0x00007f3670440000 Uncommon trap: reason=range_check action=make_not_entrant pc=0x00007f3699161580 method=sun.reflect.generics.parser.SignatureParser.current()C @ 34
Event: 30.133 Thread 0x00007f3668001000 Uncommon trap: reason=null_check action=make_not_entrant pc=0x00007f369953fd18 method=org.codehaus.jackson.map.introspect.MemberKey.equals(Ljava/lang/Object;)Z @ 107
Event: 31.740 Thread 0x00007f3658059000 Uncommon trap: reason=null_check action=make_not_entrant pc=0x00007f3699761898 method=org.codehaus.jackson.map.introspect.MemberKey.equals(Ljava/lang/Object;)Z @ 117

Internal exceptions (10 events):
Event: 43.206 Thread 0x00007f3680008800 Exception <a 'java/security/PrivilegedActionException'> (0x00000000f16a7510) thrown at [/HUDSON/workspace/8-2-build-linux-amd64/jdk8u25/1514/hotspot/src/share/vm/prims/jvm.cpp, line 1312]
Event: 43.699 Thread 0x00007f3680008800 Exception <a 'java/security/PrivilegedActionException'> (0x00000000f17f8fc8) thrown at [/HUDSON/workspace/8-2-build-linux-amd64/jdk8u25/1514/hotspot/src/share/vm/prims/jvm.cpp, line 1312]
Event: 43.801 Thread 0x00007f3680008800 Exception <a 'java/security/PrivilegedActionException'> (0x00000000f1807208) thrown at [/HUDSON/workspace/8-2-build-linux-amd64/jdk8u25/1514/hotspot/src/share/vm/prims/jvm.cpp, line 1312]
Event: 43.804 Thread 0x00007f3680008800 Exception <a 'java/security/PrivilegedActionException'> (0x00000000f180b8d0) thrown at [/HUDSON/workspace/8-2-build-linux-amd64/jdk8u25/1514/hotspot/src/share/vm/prims/jvm.cpp, line 1312]
Event: 43.806 Thread 0x00007f3680008800 Exception <a 'java/security/PrivilegedActionException'> (0x00000000f1878e40) thrown at [/HUDSON/workspace/8-2-build-linux-amd64/jdk8u25/1514/hotspot/src/share/vm/prims/jvm.cpp, line 1312]
Event: 43.809 Thread 0x00007f3680008800 Exception <a 'java/security/PrivilegedActionException'> (0x00000000f187d040) thrown at [/HUDSON/workspace/8-2-build-linux-amd64/jdk8u25/1514/hotspot/src/share/vm/prims/jvm.cpp, line 1312]
Event: 43.809 Thread 0x00007f3680008800 Exception <a 'java/security/PrivilegedActionException'> (0x00000000f187fc58) thrown at [/HUDSON/workspace/8-2-build-linux-amd64/jdk8u25/1514/hotspot/src/share/vm/prims/jvm.cpp, line 1312]
Event: 43.822 Thread 0x00007f3680008800 Exception <a 'java/security/PrivilegedActionException'> (0x00000000f1885d90) thrown at [/HUDSON/workspace/8-2-build-linux-amd64/jdk8u25/1514/hotspot/src/share/vm/prims/jvm.cpp, line 1312]
Event: 43.825 Thread 0x00007f3680008800 Exception <a 'java/security/PrivilegedActionException'> (0x00000000f1888750) thrown at [/HUDSON/workspace/8-2-build-linux-amd64/jdk8u25/1514/hotspot/src/share/vm/prims/jvm.cpp, line 1312]
Event: 69.742 Thread 0x00007f3674003000 Exception <a 'java/security/PrivilegedActionException'> (0x00000000f2269878) thrown at [/HUDSON/workspace/8-2-build-linux-amd64/jdk8u25/1514/hotspot/src/share/vm/prims/jvm.cpp, line 1312]

Events (10 events):
Event: 51.741 Thread 0x00007f36a8131800 flushing nmethod 0x00007f369958f850
Event: 51.741 Thread 0x00007f36a8131800 flushing nmethod 0x00007f369958ff10
Event: 51.741 Thread 0x00007f36a8131800 flushing nmethod 0x00007f3699592a50
Event: 51.741 Thread 0x00007f36a8131800 flushing nmethod 0x00007f3699596550
Event: 51.741 Thread 0x00007f36a8131800 flushing nmethod 0x00007f369959dd10
Event: 51.741 Thread 0x00007f36a8131800 flushing nmethod 0x00007f369959e7d0
Event: 51.743 Thread 0x00007f36a8131800 flushing nmethod 0x00007f369970f010
Event: 65.885 Thread 0x00007f365805b000 Thread exited: 0x00007f365805b000
Event: 69.742 loading class org/slf4j/Marker
Event: 69.742 loading class org/slf4j/Marker done


Dynamic libraries:
00400000-00401000 r-xp 00000000 08:02 11797142                           /usr/lib/jvm/java-8-oracle/jre/bin/java
00600000-00601000 rw-p 00000000 08:02 11797142                           /usr/lib/jvm/java-8-oracle/jre/bin/java
01833000-0187d000 rw-p 00000000 00:00 0                                  [heap]
d0a00000-d2700000 rw-p 00000000 00:00 0 
d2700000-f0380000 ---p 00000000 00:00 0 
f0380000-fd180000 rw-p 00000000 00:00 0 
fd180000-100000000 ---p 00000000 00:00 0 
100000000-1002a0000 rw-p 00000000 00:00 0 
1002a0000-140000000 ---p 00000000 00:00 0 
7f3651270000-7f3651470000 rw-p 00000000 00:00 0 
7f3651470000-7f3651670000 rw-p 00000000 00:00 0 
7f3651670000-7f36516f4000 r-xp 00000000 08:02 14687565                   /tmp/sqlite-3.7.2-libsqlitejdbc.so
7f36516f4000-7f36518f4000 ---p 00084000 08:02 14687565                   /tmp/sqlite-3.7.2-libsqlitejdbc.so
7f36518f4000-7f36518f5000 r--p 00084000 08:02 14687565                   /tmp/sqlite-3.7.2-libsqlitejdbc.so
7f36518f5000-7f36518f8000 rw-p 00085000 08:02 14687565                   /tmp/sqlite-3.7.2-libsqlitejdbc.so
7f36518fe000-7f36518ff000 ---p 00000000 00:00 0 
7f36518ff000-7f36520ff000 rw-p 00000000 00:00 0 
7f36520ff000-7f3652100000 ---p 00000000 00:00 0 
7f3652100000-7f3652900000 rw-p 00000000 00:00 0 
7f3652900000-7f3652906000 r-xp 00000000 08:02 10886392                   /usr/lib/x86_64-linux-gnu/libogg.so.0.7.1
7f3652906000-7f3652b05000 ---p 00006000 08:02 10886392                   /usr/lib/x86_64-linux-gnu/libogg.so.0.7.1
7f3652b05000-7f3652b06000 r--p 00005000 08:02 10886392                   /usr/lib/x86_64-linux-gnu/libogg.so.0.7.1
7f3652b06000-7f3652b07000 rw-p 00006000 08:02 10886392                   /usr/lib/x86_64-linux-gnu/libogg.so.0.7.1
7f3652b08000-7f3652b33000 r-xp 00000000 08:02 10886544                   /usr/lib/x86_64-linux-gnu/libvorbis.so.0.4.5
7f3652b33000-7f3652d32000 ---p 0002b000 08:02 10886544                   /usr/lib/x86_64-linux-gnu/libvorbis.so.0.4.5
7f3652d32000-7f3652d33000 r--p 0002a000 08:02 10886544                   /usr/lib/x86_64-linux-gnu/libvorbis.so.0.4.5
7f3652d33000-7f3652d34000 rw-p 0002b000 08:02 10886544                   /usr/lib/x86_64-linux-gnu/libvorbis.so.0.4.5
7f3652d38000-7f3652d40000 r-xp 00000000 08:02 10886352                   /usr/lib/x86_64-linux-gnu/libltdl.so.7.3.0
7f3652d40000-7f3652f40000 ---p 00008000 08:02 10886352                   /usr/lib/x86_64-linux-gnu/libltdl.so.7.3.0
7f3652f40000-7f3652f41000 r--p 00008000 08:02 10886352                   /usr/lib/x86_64-linux-gnu/libltdl.so.7.3.0
7f3652f41000-7f3652f42000 rw-p 00009000 08:02 10886352                   /usr/lib/x86_64-linux-gnu/libltdl.so.7.3.0
7f3652f48000-7f3652f58000 r-xp 00000000 08:02 10886517                   /usr/lib/x86_64-linux-gnu/libtdb.so.1.2.9
7f3652f58000-7f3653157000 ---p 00010000 08:02 10886517                   /usr/lib/x86_64-linux-gnu/libtdb.so.1.2.9
7f3653157000-7f3653158000 r--p 0000f000 08:02 10886517                   /usr/lib/x86_64-linux-gnu/libtdb.so.1.2.9
7f3653158000-7f3653159000 rw-p 00010000 08:02 10886517                   /usr/lib/x86_64-linux-gnu/libtdb.so.1.2.9
7f3653160000-7f3653167000 r-xp 00000000 08:02 10886548                   /usr/lib/x86_64-linux-gnu/libvorbisfile.so.3.3.4
7f3653167000-7f3653366000 ---p 00007000 08:02 10886548                   /usr/lib/x86_64-linux-gnu/libvorbisfile.so.3.3.4
7f3653366000-7f3653367000 r--p 00006000 08:02 10886548                   /usr/lib/x86_64-linux-gnu/libvorbisfile.so.3.3.4
7f3653367000-7f3653368000 rw-p 00007000 08:02 10886548                   /usr/lib/x86_64-linux-gnu/libvorbisfile.so.3.3.4
7f3653368000-7f3653377000 r-xp 00000000 08:02 10886057                   /usr/lib/x86_64-linux-gnu/libcanberra.so.0.2.5
7f3653377000-7f3653576000 ---p 0000f000 08:02 10886057                   /usr/lib/x86_64-linux-gnu/libcanberra.so.0.2.5
7f3653576000-7f3653577000 r--p 0000e000 08:02 10886057                   /usr/lib/x86_64-linux-gnu/libcanberra.so.0.2.5
7f3653577000-7f3653578000 rw-p 0000f000 08:02 10886057                   /usr/lib/x86_64-linux-gnu/libcanberra.so.0.2.5
7f3653578000-7f365357c000 r-xp 00000000 08:02 10886053                   /usr/lib/x86_64-linux-gnu/libcanberra-gtk.so.0.1.8
7f365357c000-7f365377b000 ---p 00004000 08:02 10886053                   /usr/lib/x86_64-linux-gnu/libcanberra-gtk.so.0.1.8
7f365377b000-7f365377c000 r--p 00003000 08:02 10886053                   /usr/lib/x86_64-linux-gnu/libcanberra-gtk.so.0.1.8
7f365377c000-7f365377d000 rw-p 00004000 08:02 10886053                   /usr/lib/x86_64-linux-gnu/libcanberra-gtk.so.0.1.8
7f3653780000-7f36537af000 r-xp 00000000 08:02 11013966                   /usr/lib/x86_64-linux-gnu/gtk-2.0/2.10.0/engines/libmurrine.so
7f36537af000-7f36539af000 ---p 0002f000 08:02 11013966                   /usr/lib/x86_64-linux-gnu/gtk-2.0/2.10.0/engines/libmurrine.so
7f36539af000-7f36539b0000 r--p 0002f000 08:02 11013966                   /usr/lib/x86_64-linux-gnu/gtk-2.0/2.10.0/engines/libmurrine.so
7f36539b0000-7f36539b1000 rw-p 00030000 08:02 11013966                   /usr/lib/x86_64-linux-gnu/gtk-2.0/2.10.0/engines/libmurrine.so
7f36539b6000-7f36539b7000 ---p 00000000 00:00 0 
7f36539b7000-7f36541b7000 rw-p 00000000 00:00 0                          [stack:19410]
7f36541b7000-7f36541b8000 ---p 00000000 00:00 0 
7f36541b8000-7f36549b8000 rw-p 00000000 00:00 0                          [stack:19409]
7f36549b8000-7f3654a9a000 r-xp 00000000 08:02 10886507                   /usr/lib/x86_64-linux-gnu/libstdc++.so.6.0.16
7f3654a9a000-7f3654c99000 ---p 000e2000 08:02 10886507                   /usr/lib/x86_64-linux-gnu/libstdc++.so.6.0.16
7f3654c99000-7f3654ca1000 r--p 000e1000 08:02 10886507                   /usr/lib/x86_64-linux-gnu/libstdc++.so.6.0.16
7f3654ca1000-7f3654ca3000 rw-p 000e9000 08:02 10886507                   /usr/lib/x86_64-linux-gnu/libstdc++.so.6.0.16
7f3654ca3000-7f3654cb8000 rw-p 00000000 00:00 0 
7f3654cc8000-7f3654ccd000 r-xp 00000000 08:02 11013985                   /usr/lib/x86_64-linux-gnu/gtk-2.0/modules/libcanberra-gtk-module.so
7f3654ccd000-7f3654ecc000 ---p 00005000 08:02 11013985                   /usr/lib/x86_64-linux-gnu/gtk-2.0/modules/libcanberra-gtk-module.so
7f3654ecc000-7f3654ecd000 r--p 00004000 08:02 11013985                   /usr/lib/x86_64-linux-gnu/gtk-2.0/modules/libcanberra-gtk-module.so
7f3654ecd000-7f3654ece000 rw-p 00005000 08:02 11013985                   /usr/lib/x86_64-linux-gnu/gtk-2.0/modules/libcanberra-gtk-module.so
7f3654ed0000-7f3654ee0000 r-xp 00000000 08:02 11013837                   /usr/lib/x86_64-linux-gnu/gio/modules/libgioremote-volume-monitor.so
7f3654ee0000-7f36550df000 ---p 00010000 08:02 11013837                   /usr/lib/x86_64-linux-gnu/gio/modules/libgioremote-volume-monitor.so
7f36550df000-7f36550e0000 r--p 0000f000 08:02 11013837                   /usr/lib/x86_64-linux-gnu/gio/modules/libgioremote-volume-monitor.so
7f36550e0000-7f36550e1000 rw-p 00010000 08:02 11013837                   /usr/lib/x86_64-linux-gnu/gio/modules/libgioremote-volume-monitor.so
7f36550e8000-7f36550ef000 r-xp 00000000 08:02 11013833                   /usr/lib/x86_64-linux-gnu/gio/modules/libdconfsettings.so
7f36550ef000-7f36552ee000 ---p 00007000 08:02 11013833                   /usr/lib/x86_64-linux-gnu/gio/modules/libdconfsettings.so
7f36552ee000-7f36552ef000 r--p 00006000 08:02 11013833                   /usr/lib/x86_64-linux-gnu/gio/modules/libdconfsettings.so
7f36552ef000-7f36552f0000 rw-p 00007000 08:02 11013833                   /usr/lib/x86_64-linux-gnu/gio/modules/libdconfsettings.so
7f36552f0000-7f36552fc000 r-xp 00000000 08:02 8650872                    /lib/x86_64-linux-gnu/libudev.so.0.13.0
7f36552fc000-7f36554fb000 ---p 0000c000 08:02 8650872                    /lib/x86_64-linux-gnu/libudev.so.0.13.0
7f36554fb000-7f36554fc000 r--p 0000b000 08:02 8650872                    /lib/x86_64-linux-gnu/libudev.so.0.13.0
7f36554fc000-7f36554fd000 rw-p 0000c000 08:02 8650872                    /lib/x86_64-linux-gnu/libudev.so.0.13.0
7f3655500000-7f3655542000 r-xp 00000000 08:02 8650817                    /lib/x86_64-linux-gnu/libdbus-1.so.3.5.8
7f3655542000-7f3655742000 ---p 00042000 08:02 8650817                    /lib/x86_64-linux-gnu/libdbus-1.so.3.5.8
7f3655742000-7f3655743000 r--p 00042000 08:02 8650817                    /lib/x86_64-linux-gnu/libdbus-1.so.3.5.8
7f3655743000-7f3655744000 rw-p 00043000 08:02 8650817                    /lib/x86_64-linux-gnu/libdbus-1.so.3.5.8
7f3655748000-7f365575e000 r-xp 00000000 08:02 11014031                   /usr/lib/x86_64-linux-gnu/gvfs/libgvfscommon.so
7f365575e000-7f365595d000 ---p 00016000 08:02 11014031                   /usr/lib/x86_64-linux-gnu/gvfs/libgvfscommon.so
7f365595d000-7f365595e000 r--p 00015000 08:02 11014031                   /usr/lib/x86_64-linux-gnu/gvfs/libgvfscommon.so
7f365595e000-7f365595f000 rw-p 00016000 08:02 11014031                   /usr/lib/x86_64-linux-gnu/gvfs/libgvfscommon.so
7f3655960000-7f3655988000 r-xp 00000000 08:02 11013838                   /usr/lib/x86_64-linux-gnu/gio/modules/libgvfsdbus.so
7f3655988000-7f3655b87000 ---p 00028000 08:02 11013838                   /usr/lib/x86_64-linux-gnu/gio/modules/libgvfsdbus.so
7f3655b87000-7f3655b88000 r--p 00027000 08:02 11013838                   /usr/lib/x86_64-linux-gnu/gio/modules/libgvfsdbus.so
7f3655b88000-7f3655b89000 rw-p 00028000 08:02 11013838                   /usr/lib/x86_64-linux-gnu/gio/modules/libgvfsdbus.so
7f3655b90000-7f3655ba0000 r-xp 00000000 08:02 10881862                   /usr/lib/liboverlay-scrollbar-0.2.so.0.0.16
7f3655ba0000-7f3655d9f000 ---p 00010000 08:02 10881862                   /usr/lib/liboverlay-scrollbar-0.2.so.0.0.16
7f3655d9f000-7f3655da0000 r--p 0000f000 08:02 10881862                   /usr/lib/liboverlay-scrollbar-0.2.so.0.0.16
7f3655da0000-7f3655da1000 rw-p 00010000 08:02 10881862                   /usr/lib/liboverlay-scrollbar-0.2.so.0.0.16
7f3655da8000-7f3655da9000 r-xp 00000000 08:02 10880555                   /usr/lib/x86_64-linux-gnu/libgthread-2.0.so.0.3200.4
7f3655da9000-7f3655fa8000 ---p 00001000 08:02 10880555                   /usr/lib/x86_64-linux-gnu/libgthread-2.0.so.0.3200.4
7f3655fa8000-7f3655fa9000 r--p 00000000 08:02 10880555                   /usr/lib/x86_64-linux-gnu/libgthread-2.0.so.0.3200.4
7f3655fa9000-7f3655faa000 rw-p 00001000 08:02 10880555                   /usr/lib/x86_64-linux-gnu/libgthread-2.0.so.0.3200.4
7f3655fb0000-7f3655fec000 r-xp 00000000 08:02 8654414                    /lib/x86_64-linux-gnu/libpcre.so.3.12.1
7f3655fec000-7f36561eb000 ---p 0003c000 08:02 8654414                    /lib/x86_64-linux-gnu/libpcre.so.3.12.1
7f36561eb000-7f36561ec000 r--p 0003b000 08:02 8654414                    /lib/x86_64-linux-gnu/libpcre.so.3.12.1
7f36561ec000-7f36561ed000 rw-p 0003c000 08:02 8654414                    /lib/x86_64-linux-gnu/libpcre.so.3.12.1
7f36561f0000-7f36561f7000 r-xp 00000000 08:02 10886136                   /usr/lib/x86_64-linux-gnu/libffi.so.6.0.0
7f36561f7000-7f36563f6000 ---p 00007000 08:02 10886136                   /usr/lib/x86_64-linux-gnu/libffi.so.6.0.0
7f36563f6000-7f36563f7000 r--p 00006000 08:02 10886136                   /usr/lib/x86_64-linux-gnu/libffi.so.6.0.0
7f36563f7000-7f36563f8000 rw-p 00007000 08:02 10886136                   /usr/lib/x86_64-linux-gnu/libffi.so.6.0.0
7f36563f8000-7f365641f000 r-xp 00000000 08:02 8654359                    /lib/x86_64-linux-gnu/libexpat.so.1.5.2
7f365641f000-7f365661f000 ---p 00027000 08:02 8654359                    /lib/x86_64-linux-gnu/libexpat.so.1.5.2
7f365661f000-7f3656621000 r--p 00027000 08:02 8654359                    /lib/x86_64-linux-gnu/libexpat.so.1.5.2
7f3656621000-7f3656622000 rw-p 00029000 08:02 8654359                    /lib/x86_64-linux-gnu/libexpat.so.1.5.2
7f3656628000-7f3656645000 r-xp 00000000 08:02 8654429                    /lib/x86_64-linux-gnu/libselinux.so.1
7f3656645000-7f3656844000 ---p 0001d000 08:02 8654429                    /lib/x86_64-linux-gnu/libselinux.so.1
7f3656844000-7f3656845000 r--p 0001c000 08:02 8654429                    /lib/x86_64-linux-gnu/libselinux.so.1
7f3656845000-7f3656846000 rw-p 0001d000 08:02 8654429                    /lib/x86_64-linux-gnu/libselinux.so.1
7f3656846000-7f3656847000 rw-p 00000000 00:00 0 
7f3656848000-7f365684b000 r-xp 00000000 08:02 10879353                   /usr/lib/x86_64-linux-gnu/libgmodule-2.0.so.0.3200.4
7f365684b000-7f3656a4a000 ---p 00003000 08:02 10879353                   /usr/lib/x86_64-linux-gnu/libgmodule-2.0.so.0.3200.4
7f3656a4a000-7f3656a4b000 r--p 00002000 08:02 10879353                   /usr/lib/x86_64-linux-gnu/libgmodule-2.0.so.0.3200.4
7f3656a4b000-7f3656a4c000 rw-p 00003000 08:02 10879353                   /usr/lib/x86_64-linux-gnu/libgmodule-2.0.so.0.3200.4
7f3656a50000-7f3656a66000 r-xp 00000000 08:02 8654452                    /lib/x86_64-linux-gnu/libz.so.1.2.3.4
7f3656a66000-7f3656c65000 ---p 00016000 08:02 8654452                    /lib/x86_64-linux-gnu/libz.so.1.2.3.4
7f3656c65000-7f3656c66000 r--p 00015000 08:02 8654452                    /lib/x86_64-linux-gnu/libz.so.1.2.3.4
7f3656c66000-7f3656c67000 rw-p 00016000 08:02 8654452                    /lib/x86_64-linux-gnu/libz.so.1.2.3.4
7f3656c68000-7f3656c70000 r-xp 00000000 08:02 10886567                   /usr/lib/x86_64-linux-gnu/libxcb-render.so.0.0.0
7f3656c70000-7f3656e70000 ---p 00008000 08:02 10886567                   /usr/lib/x86_64-linux-gnu/libxcb-render.so.0.0.0
7f3656e70000-7f3656e71000 r--p 00008000 08:02 10886567                   /usr/lib/x86_64-linux-gnu/libxcb-render.so.0.0.0
7f3656e71000-7f3656e72000 rw-p 00009000 08:02 10886567                   /usr/lib/x86_64-linux-gnu/libxcb-render.so.0.0.0
7f3656e78000-7f3656e7a000 r-xp 00000000 08:02 10886571                   /usr/lib/x86_64-linux-gnu/libxcb-shm.so.0.0.0
7f3656e7a000-7f3657079000 ---p 00002000 08:02 10886571                   /usr/lib/x86_64-linux-gnu/libxcb-shm.so.0.0.0
7f3657079000-7f365707a000 r--p 00001000 08:02 10886571                   /usr/lib/x86_64-linux-gnu/libxcb-shm.so.0.0.0
7f365707a000-7f365707b000 rw-p 00002000 08:02 10886571                   /usr/lib/x86_64-linux-gnu/libxcb-shm.so.0.0.0
7f3657080000-7f36570a6000 r-xp 00000000 08:02 8654418                    /lib/x86_64-linux-gnu/libpng12.so.0.46.0
7f36570a6000-7f36572a6000 ---p 00026000 08:02 8654418                    /lib/x86_64-linux-gnu/libpng12.so.0.46.0
7f36572a6000-7f36572a7000 r--p 00026000 08:02 8654418                    /lib/x86_64-linux-gnu/libpng12.so.0.46.0
7f36572a7000-7f36572a8000 rw-p 00027000 08:02 8654418                    /lib/x86_64-linux-gnu/libpng12.so.0.46.0
7f36572a8000-7f3657338000 r-xp 00000000 08:02 10880223                   /usr/lib/x86_64-linux-gnu/libpixman-1.so.0.30.2
7f3657338000-7f3657537000 ---p 00090000 08:02 10880223                   /usr/lib/x86_64-linux-gnu/libpixman-1.so.0.30.2
7f3657537000-7f365753e000 r--p 0008f000 08:02 10880223                   /usr/lib/x86_64-linux-gnu/libpixman-1.so.0.30.2
7f365753e000-7f365753f000 rw-p 00096000 08:02 10880223                   /usr/lib/x86_64-linux-gnu/libpixman-1.so.0.30.2
7f3657540000-7f36575d6000 r-xp 00000000 08:02 10886146                   /usr/lib/x86_64-linux-gnu/libfreetype.so.6.8.0
7f36575d6000-7f36577d5000 ---p 00096000 08:02 10886146                   /usr/lib/x86_64-linux-gnu/libfreetype.so.6.8.0
7f36577d5000-7f36577db000 r--p 00095000 08:02 10886146                   /usr/lib/x86_64-linux-gnu/libfreetype.so.6.8.0
7f36577db000-7f36577dc000 rw-p 0009b000 08:02 10886146                   /usr/lib/x86_64-linux-gnu/libfreetype.so.6.8.0
7f36577e0000-7f36577e2000 r-xp 00000000 08:02 10885961                   /usr/lib/x86_64-linux-gnu/libXdamage.so.1.1.0
7f36577e2000-7f36579e1000 ---p 00002000 08:02 10885961                   /usr/lib/x86_64-linux-gnu/libXdamage.so.1.1.0
7f36579e1000-7f36579e2000 r--p 00001000 08:02 10885961                   /usr/lib/x86_64-linux-gnu/libXdamage.so.1.1.0
7f36579e2000-7f36579e3000 rw-p 00002000 08:02 10885961                   /usr/lib/x86_64-linux-gnu/libXdamage.so.1.1.0
7f36579e8000-7f36579ea000 r-xp 00000000 08:02 10885957                   /usr/lib/x86_64-linux-gnu/libXcomposite.so.1.0.0
7f36579ea000-7f3657be9000 ---p 00002000 08:02 10885957                   /usr/lib/x86_64-linux-gnu/libXcomposite.so.1.0.0
7f3657be9000-7f3657bea000 r--p 00001000 08:02 10885957                   /usr/lib/x86_64-linux-gnu/libXcomposite.so.1.0.0
7f3657bea000-7f3657beb000 rw-p 00002000 08:02 10885957                   /usr/lib/x86_64-linux-gnu/libXcomposite.so.1.0.0
7f3657bf0000-7f3657bf7000 r-xp 00000000 08:02 10885983                   /usr/lib/x86_64-linux-gnu/libXrandr.so.2.2.0
7f3657bf7000-7f3657df6000 ---p 00007000 08:02 10885983                   /usr/lib/x86_64-linux-gnu/libXrandr.so.2.2.0
7f3657df6000-7f3657df7000 r--p 00006000 08:02 10885983                   /usr/lib/x86_64-linux-gnu/libXrandr.so.2.2.0
7f3657df7000-7f3657df8000 rw-p 00007000 08:02 10885983                   /usr/lib/x86_64-linux-gnu/libXrandr.so.2.2.0
7f3657df8000-7f3657dfa000 r-xp 00000000 08:02 10885973                   /usr/lib/x86_64-linux-gnu/libXinerama.so.1.0.0
7f3657dfa000-7f3657ff9000 ---p 00002000 08:02 10885973                   /usr/lib/x86_64-linux-gnu/libXinerama.so.1.0.0
7f3657ff9000-7f3657ffa000 r--p 00001000 08:02 10885973                   /usr/lib/x86_64-linux-gnu/libXinerama.so.1.0.0
7f3657ffa000-7f3657ffb000 rw-p 00002000 08:02 10885973                   /usr/lib/x86_64-linux-gnu/libXinerama.so.1.0.0
7f3658000000-7f36580e3000 rw-p 00000000 00:00 0 
7f36580e3000-7f365c000000 ---p 00000000 00:00 0 
7f365c0ff000-7f365c102000 ---p 00000000 00:00 0 
7f365c102000-7f365c200000 rw-p 00000000 00:00 0                          [stack:19476]
7f365c200000-7f365c2f2000 r-xp 00000000 08:02 8654346                    /lib/x86_64-linux-gnu/libglib-2.0.so.0.3200.4
7f365c2f2000-7f365c4f2000 ---p 000f2000 08:02 8654346                    /lib/x86_64-linux-gnu/libglib-2.0.so.0.3200.4
7f365c4f2000-7f365c4f3000 r--p 000f2000 08:02 8654346                    /lib/x86_64-linux-gnu/libglib-2.0.so.0.3200.4
7f365c4f3000-7f365c4f4000 rw-p 000f3000 08:02 8654346                    /lib/x86_64-linux-gnu/libglib-2.0.so.0.3200.4
7f365c4f4000-7f365c4f5000 rw-p 00000000 00:00 0 
7f365c4f8000-7f365c545000 r-xp 00000000 08:02 10880557                   /usr/lib/x86_64-linux-gnu/libgobject-2.0.so.0.3200.4
7f365c545000-7f365c745000 ---p 0004d000 08:02 10880557                   /usr/lib/x86_64-linux-gnu/libgobject-2.0.so.0.3200.4
7f365c745000-7f365c746000 r--p 0004d000 08:02 10880557                   /usr/lib/x86_64-linux-gnu/libgobject-2.0.so.0.3200.4
7f365c746000-7f365c747000 rw-p 0004e000 08:02 10880557                   /usr/lib/x86_64-linux-gnu/libgobject-2.0.so.0.3200.4
7f365c748000-7f365c77c000 r-xp 00000000 08:02 10886138                   /usr/lib/x86_64-linux-gnu/libfontconfig.so.1.4.4
7f365c77c000-7f365c97c000 ---p 00034000 08:02 10886138                   /usr/lib/x86_64-linux-gnu/libfontconfig.so.1.4.4
7f365c97c000-7f365c97d000 r--p 00034000 08:02 10886138                   /usr/lib/x86_64-linux-gnu/libfontconfig.so.1.4.4
7f365c97d000-7f365c97e000 rw-p 00035000 08:02 10886138                   /usr/lib/x86_64-linux-gnu/libfontconfig.so.1.4.4
7f365c980000-7f365c9c6000 r-xp 00000000 08:02 10886404                   /usr/lib/x86_64-linux-gnu/libpango-1.0.so.0.3000.0
7f365c9c6000-7f365cbc6000 ---p 00046000 08:02 10886404                   /usr/lib/x86_64-linux-gnu/libpango-1.0.so.0.3000.0
7f365cbc6000-7f365cbc8000 r--p 00046000 08:02 10886404                   /usr/lib/x86_64-linux-gnu/libpango-1.0.so.0.3000.0
7f365cbc8000-7f365cbc9000 rw-p 00048000 08:02 10886404                   /usr/lib/x86_64-linux-gnu/libpango-1.0.so.0.3000.0
7f365cbd0000-7f365cbf9000 r-xp 00000000 08:02 10886408                   /usr/lib/x86_64-linux-gnu/libpangoft2-1.0.so.0.3000.0
7f365cbf9000-7f365cdf8000 ---p 00029000 08:02 10886408                   /usr/lib/x86_64-linux-gnu/libpangoft2-1.0.so.0.3000.0
7f365cdf8000-7f365cdf9000 r--p 00028000 08:02 10886408                   /usr/lib/x86_64-linux-gnu/libpangoft2-1.0.so.0.3000.0
7f365cdf9000-7f365cdfa000 rw-p 00029000 08:02 10886408                   /usr/lib/x86_64-linux-gnu/libpangoft2-1.0.so.0.3000.0
7f365ce00000-7f365cf48000 r-xp 00000000 08:02 10880556                   /usr/lib/x86_64-linux-gnu/libgio-2.0.so.0.3200.4
7f365cf48000-7f365d147000 ---p 00148000 08:02 10880556                   /usr/lib/x86_64-linux-gnu/libgio-2.0.so.0.3200.4
7f365d147000-7f365d14b000 r--p 00147000 08:02 10880556                   /usr/lib/x86_64-linux-gnu/libgio-2.0.so.0.3200.4
7f365d14b000-7f365d14d000 rw-p 0014b000 08:02 10880556                   /usr/lib/x86_64-linux-gnu/libgio-2.0.so.0.3200.4
7f365d14d000-7f365d14f000 rw-p 00000000 00:00 0 
7f365d150000-7f365d16e000 r-xp 00000000 08:02 10880593                   /usr/lib/x86_64-linux-gnu/libgdk_pixbuf-2.0.so.0.2600.1
7f365d16e000-7f365d36e000 ---p 0001e000 08:02 10880593                   /usr/lib/x86_64-linux-gnu/libgdk_pixbuf-2.0.so.0.2600.1
7f365d36e000-7f365d36f000 r--p 0001e000 08:02 10880593                   /usr/lib/x86_64-linux-gnu/libgdk_pixbuf-2.0.so.0.2600.1
7f365d36f000-7f365d370000 rw-p 0001f000 08:02 10880593                   /usr/lib/x86_64-linux-gnu/libgdk_pixbuf-2.0.so.0.2600.1
7f365d370000-7f365d429000 r-xp 00000000 08:02 10886049                   /usr/lib/x86_64-linux-gnu/libcairo.so.2.11000.2
7f365d429000-7f365d628000 ---p 000b9000 08:02 10886049                   /usr/lib/x86_64-linux-gnu/libcairo.so.2.11000.2
7f365d628000-7f365d62a000 r--p 000b8000 08:02 10886049                   /usr/lib/x86_64-linux-gnu/libcairo.so.2.11000.2
7f365d62a000-7f365d62b000 rw-p 000ba000 08:02 10886049                   /usr/lib/x86_64-linux-gnu/libcairo.so.2.11000.2
7f365d62b000-7f365d62e000 rw-p 00000000 00:00 0 
7f365d630000-7f365d650000 r-xp 00000000 08:02 10879311                   /usr/lib/x86_64-linux-gnu/libatk-1.0.so.0.20609.1
7f365d650000-7f365d850000 ---p 00020000 08:02 10879311                   /usr/lib/x86_64-linux-gnu/libatk-1.0.so.0.20609.1
7f365d850000-7f365d852000 r--p 00020000 08:02 10879311                   /usr/lib/x86_64-linux-gnu/libatk-1.0.so.0.20609.1
7f365d852000-7f365d853000 rw-p 00022000 08:02 10879311                   /usr/lib/x86_64-linux-gnu/libatk-1.0.so.0.20609.1
7f365d858000-7f365d863000 r-xp 00000000 08:02 10886406                   /usr/lib/x86_64-linux-gnu/libpangocairo-1.0.so.0.3000.0
7f365d863000-7f365da62000 ---p 0000b000 08:02 10886406                   /usr/lib/x86_64-linux-gnu/libpangocairo-1.0.so.0.3000.0
7f365da62000-7f365da63000 r--p 0000a000 08:02 10886406                   /usr/lib/x86_64-linux-gnu/libpangocairo-1.0.so.0.3000.0
7f365da63000-7f365da64000 rw-p 0000b000 08:02 10886406                   /usr/lib/x86_64-linux-gnu/libpangocairo-1.0.so.0.3000.0
7f365da68000-7f365db15000 r-xp 00000000 08:02 10880596                   /usr/lib/x86_64-linux-gnu/libgdk-x11-2.0.so.0.2400.10
7f365db15000-7f365dd14000 ---p 000ad000 08:02 10880596                   /usr/lib/x86_64-linux-gnu/libgdk-x11-2.0.so.0.2400.10
7f365dd14000-7f365dd18000 r--p 000ac000 08:02 10880596                   /usr/lib/x86_64-linux-gnu/libgdk-x11-2.0.so.0.2400.10
7f365dd18000-7f365dd1a000 rw-p 000b0000 08:02 10880596                   /usr/lib/x86_64-linux-gnu/libgdk-x11-2.0.so.0.2400.10
7f365dd20000-7f365e14e000 r-xp 00000000 08:02 10880598                   /usr/lib/x86_64-linux-gnu/libgtk-x11-2.0.so.0.2400.10
7f365e14e000-7f365e34d000 ---p 0042e000 08:02 10880598                   /usr/lib/x86_64-linux-gnu/libgtk-x11-2.0.so.0.2400.10
7f365e34d000-7f365e354000 r--p 0042d000 08:02 10880598                   /usr/lib/x86_64-linux-gnu/libgtk-x11-2.0.so.0.2400.10
7f365e354000-7f365e358000 rw-p 00434000 08:02 10880598                   /usr/lib/x86_64-linux-gnu/libgtk-x11-2.0.so.0.2400.10
7f365e358000-7f365e35a000 rw-p 00000000 00:00 0 
7f365e35f000-7f365e362000 ---p 00000000 00:00 0 
7f365e362000-7f365e460000 rw-p 00000000 00:00 0                          [stack:19408]
7f365e460000-7f365e465000 r-xp 00000000 08:02 10879297                   /usr/lib/x86_64-linux-gnu/libXfixes.so.3.1.0
7f365e465000-7f365e664000 ---p 00005000 08:02 10879297                   /usr/lib/x86_64-linux-gnu/libXfixes.so.3.1.0
7f365e664000-7f365e665000 r--p 00004000 08:02 10879297                   /usr/lib/x86_64-linux-gnu/libXfixes.so.3.1.0
7f365e665000-7f365e666000 rw-p 00005000 08:02 10879297                   /usr/lib/x86_64-linux-gnu/libXfixes.so.3.1.0
7f365e668000-7f365e671000 r-xp 00000000 08:02 10885959                   /usr/lib/x86_64-linux-gnu/libXcursor.so.1.0.2
7f365e671000-7f365e870000 ---p 00009000 08:02 10885959                   /usr/lib/x86_64-linux-gnu/libXcursor.so.1.0.2
7f365e870000-7f365e871000 r--p 00008000 08:02 10885959                   /usr/lib/x86_64-linux-gnu/libXcursor.so.1.0.2
7f365e871000-7f365e872000 rw-p 00009000 08:02 10885959                   /usr/lib/x86_64-linux-gnu/libXcursor.so.1.0.2
7f365e877000-7f365e87a000 ---p 00000000 00:00 0 
7f365e87a000-7f365e978000 rw-p 00000000 00:00 0                          [stack:19407]
7f365e978000-7f365e9dc000 r-xp 00000000 08:02 13899048                   /usr/lib/jvm/java-8-oracle/jre/lib/amd64/libfontmanager.so
7f365e9dc000-7f365ebdc000 ---p 00064000 08:02 13899048                   /usr/lib/jvm/java-8-oracle/jre/lib/amd64/libfontmanager.so
7f365ebdc000-7f365ebe0000 rw-p 00064000 08:02 13899048                   /usr/lib/jvm/java-8-oracle/jre/lib/amd64/libfontmanager.so
7f365ebe0000-7f365ebf1000 rw-p 00000000 00:00 0 
7f365ebf8000-7f365ebfd000 r-xp 00000000 08:02 10885963                   /usr/lib/x86_64-linux-gnu/libXdmcp.so.6.0.0
7f365ebfd000-7f365edfc000 ---p 00005000 08:02 10885963                   /usr/lib/x86_64-linux-gnu/libXdmcp.so.6.0.0
7f365edfc000-7f365edfd000 r--p 00004000 08:02 10885963                   /usr/lib/x86_64-linux-gnu/libXdmcp.so.6.0.0
7f365edfd000-7f365edfe000 rw-p 00005000 08:02 10885963                   /usr/lib/x86_64-linux-gnu/libXdmcp.so.6.0.0
7f365ee00000-7f365ee02000 r-xp 00000000 08:02 10885952                   /usr/lib/x86_64-linux-gnu/libXau.so.6.0.0
7f365ee02000-7f365f001000 ---p 00002000 08:02 10885952                   /usr/lib/x86_64-linux-gnu/libXau.so.6.0.0
7f365f001000-7f365f002000 r--p 00001000 08:02 10885952                   /usr/lib/x86_64-linux-gnu/libXau.so.6.0.0
7f365f002000-7f365f003000 rw-p 00002000 08:02 10885952                   /usr/lib/x86_64-linux-gnu/libXau.so.6.0.0
7f365f008000-7f365f025000 r-xp 00000000 08:02 10886575                   /usr/lib/x86_64-linux-gnu/libxcb.so.1.1.0
7f365f025000-7f365f224000 ---p 0001d000 08:02 10886575                   /usr/lib/x86_64-linux-gnu/libxcb.so.1.1.0
7f365f224000-7f365f225000 r--p 0001c000 08:02 10886575                   /usr/lib/x86_64-linux-gnu/libxcb.so.1.1.0
7f365f225000-7f365f226000 rw-p 0001d000 08:02 10886575                   /usr/lib/x86_64-linux-gnu/libxcb.so.1.1.0
7f365f228000-7f365f237000 r-xp 00000000 08:02 10880227                   /usr/lib/x86_64-linux-gnu/libXi.so.6.1.0
7f365f237000-7f365f436000 ---p 0000f000 08:02 10880227                   /usr/lib/x86_64-linux-gnu/libXi.so.6.1.0
7f365f436000-7f365f437000 r--p 0000e000 08:02 10880227                   /usr/lib/x86_64-linux-gnu/libXi.so.6.1.0
7f365f437000-7f365f438000 rw-p 0000f000 08:02 10880227                   /usr/lib/x86_64-linux-gnu/libXi.so.6.1.0
7f365f438000-7f365f43d000 r-xp 00000000 08:02 10885991                   /usr/lib/x86_64-linux-gnu/libXtst.so.6.1.0
7f365f43d000-7f365f63c000 ---p 00005000 08:02 10885991                   /usr/lib/x86_64-linux-gnu/libXtst.so.6.1.0
7f365f63c000-7f365f63d000 r--p 00004000 08:02 10885991                   /usr/lib/x86_64-linux-gnu/libXtst.so.6.1.0
7f365f63d000-7f365f63e000 rw-p 00005000 08:02 10885991                   /usr/lib/x86_64-linux-gnu/libXtst.so.6.1.0
7f365f640000-7f365f649000 r-xp 00000000 08:02 10885985                   /usr/lib/x86_64-linux-gnu/libXrender.so.1.3.0
7f365f649000-7f365f848000 ---p 00009000 08:02 10885985                   /usr/lib/x86_64-linux-gnu/libXrender.so.1.3.0
7f365f848000-7f365f849000 r--p 00008000 08:02 10885985                   /usr/lib/x86_64-linux-gnu/libXrender.so.1.3.0
7f365f849000-7f365f84a000 rw-p 00009000 08:02 10885985                   /usr/lib/x86_64-linux-gnu/libXrender.so.1.3.0
7f365f850000-7f365f980000 r-xp 00000000 08:02 10880585                   /usr/lib/x86_64-linux-gnu/libX11.so.6.3.0
7f365f980000-7f365fb80000 ---p 00130000 08:02 10880585                   /usr/lib/x86_64-linux-gnu/libX11.so.6.3.0
7f365fb80000-7f365fb81000 r--p 00130000 08:02 10880585                   /usr/lib/x86_64-linux-gnu/libX11.so.6.3.0
7f365fb81000-7f365fb85000 rw-p 00131000 08:02 10880585                   /usr/lib/x86_64-linux-gnu/libX11.so.6.3.0
7f365fb88000-7f365fb98000 r-xp 00000000 08:02 10885965                   /usr/lib/x86_64-linux-gnu/libXext.so.6.4.0
7f365fb98000-7f365fd97000 ---p 00010000 08:02 10885965                   /usr/lib/x86_64-linux-gnu/libXext.so.6.4.0
7f365fd97000-7f365fd98000 r--p 0000f000 08:02 10885965                   /usr/lib/x86_64-linux-gnu/libXext.so.6.4.0
7f365fd98000-7f365fd99000 rw-p 00010000 08:02 10885965                   /usr/lib/x86_64-linux-gnu/libXext.so.6.4.0
7f365fda0000-7f365fdf4000 r-xp 00000000 08:02 13899100                   /usr/lib/jvm/java-8-oracle/jre/lib/amd64/libawt_xawt.so
7f365fdf4000-7f365fff4000 ---p 00054000 08:02 13899100                   /usr/lib/jvm/java-8-oracle/jre/lib/amd64/libawt_xawt.so
7f365fff4000-7f365fff8000 rw-p 00054000 08:02 13899100                   /usr/lib/jvm/java-8-oracle/jre/lib/amd64/libawt_xawt.so
7f365fff8000-7f365fff9000 rw-p 00000000 00:00 0 
7f3660000000-7f366042d000 rw-p 00000000 00:00 0 
7f366042d000-7f3664000000 ---p 00000000 00:00 0 
7f3664000000-7f3664021000 rw-p 00000000 00:00 0 
7f3664021000-7f3668000000 ---p 00000000 00:00 0 
7f3668000000-7f366807e000 rw-p 00000000 00:00 0 
7f366807e000-7f366c000000 ---p 00000000 00:00 0 
7f366c000000-7f366c337000 rw-p 00000000 00:00 0 
7f366c337000-7f3670000000 ---p 00000000 00:00 0 
7f3670000000-7f36705b7000 rw-p 00000000 00:00 0 
7f36705b7000-7f3674000000 ---p 00000000 00:00 0 
7f3674000000-7f3674065000 rw-p 00000000 00:00 0 
7f3674065000-7f3678000000 ---p 00000000 00:00 0 
7f3678000000-7f3678021000 rw-p 00000000 00:00 0 
7f3678021000-7f367c000000 ---p 00000000 00:00 0 
7f367c000000-7f367ca3e000 rw-p 00000000 00:00 0 
7f367ca3e000-7f3680000000 ---p 00000000 00:00 0 
7f3680000000-7f3680026000 rw-p 00000000 00:00 0 
7f3680026000-7f3684000000 ---p 00000000 00:00 0 
7f3684000000-7f3684021000 rw-p 00000000 00:00 0 
7f3684021000-7f3688000000 ---p 00000000 00:00 0 
7f3688000000-7f3688021000 rw-p 00000000 00:00 0 
7f3688021000-7f368c000000 ---p 00000000 00:00 0 
7f368c000000-7f368c160000 rw-p 00000000 00:00 0 
7f368c160000-7f3690000000 ---p 00000000 00:00 0 
7f3690000000-7f3690118000 rw-p 00000000 00:00 0 
7f3690118000-7f3694000000 ---p 00000000 00:00 0 
7f3694008000-7f3694208000 rw-p 00000000 00:00 0 
7f3694208000-7f36942aa000 r-xp 00000000 08:02 13899078                   /usr/lib/jvm/java-8-oracle/jre/lib/amd64/libawt.so
7f36942aa000-7f36944aa000 ---p 000a2000 08:02 13899078                   /usr/lib/jvm/java-8-oracle/jre/lib/amd64/libawt.so
7f36944aa000-7f36944b6000 rw-p 000a2000 08:02 13899078                   /usr/lib/jvm/java-8-oracle/jre/lib/amd64/libawt.so
7f36944b6000-7f36944da000 rw-p 00000000 00:00 0 
7f36944dc000-7f36944df000 ---p 00000000 00:00 0 
7f36944df000-7f36945dd000 rw-p 00000000 00:00 0                          [stack:19473]
7f36945dd000-7f36945e0000 ---p 00000000 00:00 0 
7f36945e0000-7f36946de000 rw-p 00000000 00:00 0                          [stack:19472]
7f36946de000-7f36946e1000 ---p 00000000 00:00 0 
7f36946e1000-7f36947df000 rw-p 00000000 00:00 0                          [stack:19474]
7f36947df000-7f36947e2000 ---p 00000000 00:00 0 
7f36947e2000-7f36948e0000 rw-p 00000000 00:00 0                          [stack:19401]
7f36948e0000-7f369497d000 rw-s 00000000 08:02 9049711                    /home/tyler/.bitmerchant-wallet/bitmerchant-wallet.spvchain
7f369497f000-7f3694b7f000 rw-p 00000000 00:00 0 
7f3694b7f000-7f3694b82000 ---p 00000000 00:00 0 
7f3694b82000-7f3694c80000 rw-p 00000000 00:00 0                          [stack:19400]
7f3694c80000-7f3694c91000 r-xp 00000000 08:02 13899060                   /usr/lib/jvm/java-8-oracle/jre/lib/amd64/libnio.so
7f3694c91000-7f3694e90000 ---p 00011000 08:02 13899060                   /usr/lib/jvm/java-8-oracle/jre/lib/amd64/libnio.so
7f3694e90000-7f3694e91000 rw-p 00010000 08:02 13899060                   /usr/lib/jvm/java-8-oracle/jre/lib/amd64/libnio.so
7f3694e96000-7f3694e99000 ---p 00000000 00:00 0 
7f3694e99000-7f3694f97000 rw-p 00000000 00:00 0                          [stack:19399]
7f3694f97000-7f3694f9a000 ---p 00000000 00:00 0 
7f3694f9a000-7f3695098000 rw-p 00000000 00:00 0                          [stack:19398]
7f3695098000-7f369509b000 ---p 00000000 00:00 0 
7f369509b000-7f3695199000 rw-p 00000000 00:00 0                          [stack:19475]
7f3695199000-7f369519c000 ---p 00000000 00:00 0 
7f369519c000-7f369529a000 rw-p 00000000 00:00 0 
7f369529a000-7f369529d000 ---p 00000000 00:00 0 
7f369529d000-7f369539b000 rw-p 00000000 00:00 0                          [stack:19395]
7f369539b000-7f369539e000 ---p 00000000 00:00 0 
7f369539e000-7f369549c000 rw-p 00000000 00:00 0                          [stack:19394]
7f369549c000-7f369549f000 ---p 00000000 00:00 0 
7f369549f000-7f369559d000 rw-p 00000000 00:00 0                          [stack:19393]
7f369559d000-7f36955a0000 ---p 00000000 00:00 0 
7f36955a0000-7f369569e000 rw-p 00000000 00:00 0                          [stack:19392]
7f369569e000-7f36956a1000 ---p 00000000 00:00 0 
7f36956a1000-7f369579f000 rw-p 00000000 00:00 0                          [stack:19391]
7f369579f000-7f36957a2000 ---p 00000000 00:00 0 
7f36957a2000-7f3695aa0000 rw-p 00000000 00:00 0                          [stack:19390]
7f3695aa0000-7f3695ab5000 r-xp 00000000 08:02 8654362                    /lib/x86_64-linux-gnu/libgcc_s.so.1
7f3695ab5000-7f3695cb4000 ---p 00015000 08:02 8654362                    /lib/x86_64-linux-gnu/libgcc_s.so.1
7f3695cb4000-7f3695cb5000 r--p 00014000 08:02 8654362                    /lib/x86_64-linux-gnu/libgcc_s.so.1
7f3695cb5000-7f3695cb6000 rw-p 00015000 08:02 8654362                    /lib/x86_64-linux-gnu/libgcc_s.so.1
7f3695cb8000-7f3695cea000 r-xp 00000000 08:02 13899065                   /usr/lib/jvm/java-8-oracle/jre/lib/amd64/libsunec.so
7f3695cea000-7f3695ee9000 ---p 00032000 08:02 13899065                   /usr/lib/jvm/java-8-oracle/jre/lib/amd64/libsunec.so
7f3695ee9000-7f3695eef000 rw-p 00031000 08:02 13899065                   /usr/lib/jvm/java-8-oracle/jre/lib/amd64/libsunec.so
7f3695eef000-7f3695eff000 rw-p 00000000 00:00 0 
7f3695f04000-7f3695f07000 ---p 00000000 00:00 0 
7f3695f07000-7f3696205000 rw-p 00000000 00:00 0                          [stack:19389]
7f3696205000-7f3696208000 ---p 00000000 00:00 0 
7f3696208000-7f3696306000 rw-p 00000000 00:00 0                          [stack:19388]
7f3696306000-7f3696309000 ---p 00000000 00:00 0 
7f3696309000-7f3696407000 rw-p 00000000 00:00 0                          [stack:19402]
7f3696407000-7f369640a000 ---p 00000000 00:00 0 
7f369640a000-7f3696508000 rw-p 00000000 00:00 0 
7f3696508000-7f3696520000 r-xp 00000000 08:02 8655886                    /lib/x86_64-linux-gnu/libresolv-2.15.so
7f3696520000-7f3696720000 ---p 00018000 08:02 8655886                    /lib/x86_64-linux-gnu/libresolv-2.15.so
7f3696720000-7f3696721000 r--p 00018000 08:02 8655886                    /lib/x86_64-linux-gnu/libresolv-2.15.so
7f3696721000-7f3696722000 rw-p 00019000 08:02 8655886                    /lib/x86_64-linux-gnu/libresolv-2.15.so
7f3696722000-7f3696724000 rw-p 00000000 00:00 0 
7f3696728000-7f369672f000 r-xp 00000000 08:02 8655898                    /lib/x86_64-linux-gnu/libnss_dns-2.15.so
7f369672f000-7f369692e000 ---p 00007000 08:02 8655898                    /lib/x86_64-linux-gnu/libnss_dns-2.15.so
7f369692e000-7f369692f000 r--p 00006000 08:02 8655898                    /lib/x86_64-linux-gnu/libnss_dns-2.15.so
7f369692f000-7f3696930000 rw-p 00007000 08:02 8655898                    /lib/x86_64-linux-gnu/libnss_dns-2.15.so
7f3696930000-7f3696932000 r-xp 00000000 08:02 8650805                    /lib/libnss_mdns4_minimal.so.2
7f3696932000-7f3696b31000 ---p 00002000 08:02 8650805                    /lib/libnss_mdns4_minimal.so.2
7f3696b31000-7f3696b32000 r--p 00001000 08:02 8650805                    /lib/libnss_mdns4_minimal.so.2
7f3696b32000-7f3696b33000 rw-p 00002000 08:02 8650805                    /lib/libnss_mdns4_minimal.so.2
7f3696b38000-7f3696b4e000 r-xp 00000000 08:02 13899066                   /usr/lib/jvm/java-8-oracle/jre/lib/amd64/libnet.so
7f3696b4e000-7f3696d4e000 ---p 00016000 08:02 13899066                   /usr/lib/jvm/java-8-oracle/jre/lib/amd64/libnet.so
7f3696d4e000-7f3696d4f000 rw-p 00016000 08:02 13899066                   /usr/lib/jvm/java-8-oracle/jre/lib/amd64/libnet.so
7f3696d4f000-7f3696e4b000 r--s 01477000 08:02 7999179                    /home/tyler/git/bitmerchant-wallet/target/bitmerchant-wallet-shaded.jar
7f3696e4b000-7f3696e4c000 ---p 00000000 00:00 0 
7f3696e4c000-7f3696f4c000 rw-p 00000000 00:00 0                          [stack:19384]
7f3696f4c000-7f3696f4f000 ---p 00000000 00:00 0 
7f3696f4f000-7f369704d000 rw-p 00000000 00:00 0                          [stack:19383]
7f369704d000-7f3697050000 ---p 00000000 00:00 0 
7f3697050000-7f369714e000 rw-p 00000000 00:00 0                          [stack:19382]
7f369714e000-7f3697151000 ---p 00000000 00:00 0 
7f3697151000-7f369724f000 rw-p 00000000 00:00 0                          [stack:19381]
7f369724f000-7f3697252000 ---p 00000000 00:00 0 
7f3697252000-7f3697350000 rw-p 00000000 00:00 0                          [stack:19380]
7f3697350000-7f369774e000 r--p 00000000 08:02 10883108                   /usr/lib/locale/locale-archive
7f369774f000-7f3697752000 ---p 00000000 00:00 0 
7f3697752000-7f3699000000 rw-p 00000000 00:00 0                          [stack:19379]
7f3699000000-7f3699840000 rwxp 00000000 00:00 0 
7f3699840000-7f36a8000000 ---p 00000000 00:00 0 
7f36a8000000-7f36a852c000 rw-p 00000000 00:00 0 
7f36a852c000-7f36ac000000 ---p 00000000 00:00 0 
7f36ac040000-7f36ac05c000 r--s 00000000 08:02 11010226                   /usr/share/mime/mime.cache
7f36ac060000-7f36ac063000 r--p 00000000 08:02 7879446                    /home/tyler/.config/dconf/user
7f36ac068000-7f36ac069000 r--s 00000000 08:02 7879450                    /home/tyler/.cache/dconf/user
7f36ac070000-7f36ac08d000 r--p 00000000 08:02 11544217                   /usr/share/glib-2.0/schemas/gschemas.compiled
7f36ac08f000-7f36ac094000 r--s 0003f000 08:02 13899138                   /usr/lib/jvm/java-8-oracle/jre/lib/ext/sunjce_provider.jar
7f36ac099000-7f36ac09a000 r--s 00009000 08:02 13899139                   /usr/lib/jvm/java-8-oracle/jre/lib/ext/sunec.jar
7f36ac09a000-7f36ac09d000 r--s 0003a000 08:02 13899134                   /usr/lib/jvm/java-8-oracle/jre/lib/ext/sunpkcs11.jar
7f36ac0a2000-7f36ac0a4000 r--s 0001a000 08:02 12190124                   /usr/lib/jvm/java-8-oracle/jre/lib/jce.jar
7f36ac0ab000-7f36ac0c7000 r--s 00393000 08:02 13899136                   /usr/lib/jvm/java-8-oracle/jre/lib/ext/cldrdata.jar
7f36ac0c8000-7f36ac0cb000 ---p 00000000 00:00 0 
7f36ac0cb000-7f36ac1c9000 rw-p 00000000 00:00 0                          [stack:19378]
7f36ac1c9000-7f36ac1ca000 ---p 00000000 00:00 0 
7f36ac1ca000-7f36acc22000 rw-p 00000000 00:00 0                          [stack:19377]
7f36acc22000-7f36acdf8000 r--s 03caa000 08:02 12190137                   /usr/lib/jvm/java-8-oracle/jre/lib/rt.jar
7f36acdfa000-7f36ad775000 rw-p 00000000 00:00 0 
7f36ad775000-7f36ad776000 ---p 00000000 00:00 0 
7f36ad776000-7f36ad876000 rw-p 00000000 00:00 0                          [stack:19376]
7f36ad876000-7f36ad877000 ---p 00000000 00:00 0 
7f36ad877000-7f36ad986000 rw-p 00000000 00:00 0                          [stack:19375]
7f36ad986000-7f36ada74000 ---p 00000000 00:00 0 
7f36ada74000-7f36ada83000 rw-p 00000000 00:00 0 
7f36ada83000-7f36adb70000 ---p 00000000 00:00 0 
7f36adb70000-7f36adbd8000 rw-p 00000000 00:00 0 
7f36adbd8000-7f36adbef000 ---p 00000000 00:00 0 
7f36adbef000-7f36adc11000 rw-p 00000000 00:00 0 
7f36adc11000-7f36adfb0000 ---p 00000000 00:00 0 
7f36adfb0000-7f36adfca000 r-xp 00000000 08:02 13899088                   /usr/lib/jvm/java-8-oracle/jre/lib/amd64/libzip.so
7f36adfca000-7f36ae1ca000 ---p 0001a000 08:02 13899088                   /usr/lib/jvm/java-8-oracle/jre/lib/amd64/libzip.so
7f36ae1ca000-7f36ae1cb000 rw-p 0001a000 08:02 13899088                   /usr/lib/jvm/java-8-oracle/jre/lib/amd64/libzip.so
7f36ae1d0000-7f36ae1dc000 r-xp 00000000 08:02 8655884                    /lib/x86_64-linux-gnu/libnss_files-2.15.so
7f36ae1dc000-7f36ae3db000 ---p 0000c000 08:02 8655884                    /lib/x86_64-linux-gnu/libnss_files-2.15.so
7f36ae3db000-7f36ae3dc000 r--p 0000b000 08:02 8655884                    /lib/x86_64-linux-gnu/libnss_files-2.15.so
7f36ae3dc000-7f36ae3dd000 rw-p 0000c000 08:02 8655884                    /lib/x86_64-linux-gnu/libnss_files-2.15.so
7f36ae3e0000-7f36ae3ea000 r-xp 00000000 08:02 8655891                    /lib/x86_64-linux-gnu/libnss_nis-2.15.so
7f36ae3ea000-7f36ae5ea000 ---p 0000a000 08:02 8655891                    /lib/x86_64-linux-gnu/libnss_nis-2.15.so
7f36ae5ea000-7f36ae5eb000 r--p 0000a000 08:02 8655891                    /lib/x86_64-linux-gnu/libnss_nis-2.15.so
7f36ae5eb000-7f36ae5ec000 rw-p 0000b000 08:02 8655891                    /lib/x86_64-linux-gnu/libnss_nis-2.15.so
7f36ae5f0000-7f36ae607000 r-xp 00000000 08:02 8655883                    /lib/x86_64-linux-gnu/libnsl-2.15.so
7f36ae607000-7f36ae806000 ---p 00017000 08:02 8655883                    /lib/x86_64-linux-gnu/libnsl-2.15.so
7f36ae806000-7f36ae807000 r--p 00016000 08:02 8655883                    /lib/x86_64-linux-gnu/libnsl-2.15.so
7f36ae807000-7f36ae808000 rw-p 00017000 08:02 8655883                    /lib/x86_64-linux-gnu/libnsl-2.15.so
7f36ae808000-7f36ae80a000 rw-p 00000000 00:00 0 
7f36ae810000-7f36ae818000 r-xp 00000000 08:02 8655890                    /lib/x86_64-linux-gnu/libnss_compat-2.15.so
7f36ae818000-7f36aea17000 ---p 00008000 08:02 8655890                    /lib/x86_64-linux-gnu/libnss_compat-2.15.so
7f36aea17000-7f36aea18000 r--p 00007000 08:02 8655890                    /lib/x86_64-linux-gnu/libnss_compat-2.15.so
7f36aea18000-7f36aea19000 rw-p 00008000 08:02 8655890                    /lib/x86_64-linux-gnu/libnss_compat-2.15.so
7f36aea20000-7f36aea4a000 r-xp 00000000 08:02 13899083                   /usr/lib/jvm/java-8-oracle/jre/lib/amd64/libjava.so
7f36aea4a000-7f36aec4a000 ---p 0002a000 08:02 13899083                   /usr/lib/jvm/java-8-oracle/jre/lib/amd64/libjava.so
7f36aec4a000-7f36aec4c000 rw-p 0002a000 08:02 13899083                   /usr/lib/jvm/java-8-oracle/jre/lib/amd64/libjava.so
7f36aec50000-7f36aec5d000 r-xp 00000000 08:02 13899059                   /usr/lib/jvm/java-8-oracle/jre/lib/amd64/libverify.so
7f36aec5d000-7f36aee5d000 ---p 0000d000 08:02 13899059                   /usr/lib/jvm/java-8-oracle/jre/lib/amd64/libverify.so
7f36aee5d000-7f36aee5f000 rw-p 0000d000 08:02 13899059                   /usr/lib/jvm/java-8-oracle/jre/lib/amd64/libverify.so
7f36aee60000-7f36aee67000 r-xp 00000000 08:02 8655881                    /lib/x86_64-linux-gnu/librt-2.15.so
7f36aee67000-7f36af066000 ---p 00007000 08:02 8655881                    /lib/x86_64-linux-gnu/librt-2.15.so
7f36af066000-7f36af067000 r--p 00006000 08:02 8655881                    /lib/x86_64-linux-gnu/librt-2.15.so
7f36af067000-7f36af068000 rw-p 00007000 08:02 8655881                    /lib/x86_64-linux-gnu/librt-2.15.so
7f36af068000-7f36af163000 r-xp 00000000 08:02 8655888                    /lib/x86_64-linux-gnu/libm-2.15.so
7f36af163000-7f36af362000 ---p 000fb000 08:02 8655888                    /lib/x86_64-linux-gnu/libm-2.15.so
7f36af362000-7f36af363000 r--p 000fa000 08:02 8655888                    /lib/x86_64-linux-gnu/libm-2.15.so
7f36af363000-7f36af364000 rw-p 000fb000 08:02 8655888                    /lib/x86_64-linux-gnu/libm-2.15.so
7f36af368000-7f36affd5000 r-xp 00000000 08:02 13899106                   /usr/lib/jvm/java-8-oracle/jre/lib/amd64/server/libjvm.so
7f36affd5000-7f36b01d4000 ---p 00c6d000 08:02 13899106                   /usr/lib/jvm/java-8-oracle/jre/lib/amd64/server/libjvm.so
7f36b01d4000-7f36b02aa000 rw-p 00c6c000 08:02 13899106                   /usr/lib/jvm/java-8-oracle/jre/lib/amd64/server/libjvm.so
7f36b02aa000-7f36b02ed000 rw-p 00000000 00:00 0 
7f36b02f0000-7f36b04a5000 r-xp 00000000 08:02 8655885                    /lib/x86_64-linux-gnu/libc-2.15.so
7f36b04a5000-7f36b06a4000 ---p 001b5000 08:02 8655885                    /lib/x86_64-linux-gnu/libc-2.15.so
7f36b06a4000-7f36b06a8000 r--p 001b4000 08:02 8655885                    /lib/x86_64-linux-gnu/libc-2.15.so
7f36b06a8000-7f36b06aa000 rw-p 001b8000 08:02 8655885                    /lib/x86_64-linux-gnu/libc-2.15.so
7f36b06aa000-7f36b06af000 rw-p 00000000 00:00 0 
7f36b06b0000-7f36b06b2000 r-xp 00000000 08:02 8655899                    /lib/x86_64-linux-gnu/libdl-2.15.so
7f36b06b2000-7f36b08b2000 ---p 00002000 08:02 8655899                    /lib/x86_64-linux-gnu/libdl-2.15.so
7f36b08b2000-7f36b08b3000 r--p 00002000 08:02 8655899                    /lib/x86_64-linux-gnu/libdl-2.15.so
7f36b08b3000-7f36b08b4000 rw-p 00003000 08:02 8655899                    /lib/x86_64-linux-gnu/libdl-2.15.so
7f36b08b8000-7f36b08cd000 r-xp 00000000 08:02 13899108                   /usr/lib/jvm/java-8-oracle/jre/lib/amd64/jli/libjli.so
7f36b08cd000-7f36b0acc000 ---p 00015000 08:02 13899108                   /usr/lib/jvm/java-8-oracle/jre/lib/amd64/jli/libjli.so
7f36b0acc000-7f36b0acd000 rw-p 00014000 08:02 13899108                   /usr/lib/jvm/java-8-oracle/jre/lib/amd64/jli/libjli.so
7f36b0ad0000-7f36b0ae8000 r-xp 00000000 08:02 8655879                    /lib/x86_64-linux-gnu/libpthread-2.15.so
7f36b0ae8000-7f36b0ce7000 ---p 00018000 08:02 8655879                    /lib/x86_64-linux-gnu/libpthread-2.15.so
7f36b0ce7000-7f36b0ce8000 r--p 00017000 08:02 8655879                    /lib/x86_64-linux-gnu/libpthread-2.15.so
7f36b0ce8000-7f36b0ce9000 rw-p 00018000 08:02 8655879                    /lib/x86_64-linux-gnu/libpthread-2.15.so
7f36b0ce9000-7f36b0ced000 rw-p 00000000 00:00 0 
7f36b0cf0000-7f36b0d12000 r-xp 00000000 08:02 8655878                    /lib/x86_64-linux-gnu/ld-2.15.so
7f36b0d13000-7f36b0d17000 r--s 00093000 08:02 12190145                   /usr/lib/jvm/java-8-oracle/jre/lib/jsse.jar
7f36b0d1b000-7f36b0d1e000 rw-p 00000000 00:00 0 
7f36b0d1e000-7f36b0d28000 r--s 00116000 08:02 13899140                   /usr/lib/jvm/java-8-oracle/jre/lib/ext/localedata.jar
7f36b0d28000-7f36b0e08000 rw-p 00000000 00:00 0 
7f36b0e08000-7f36b0e10000 rw-s 00000000 08:02 15599426                   /tmp/hsperfdata_tyler/19373
7f36b0e10000-7f36b0e11000 rw-p 00000000 00:00 0 
7f36b0e11000-7f36b0e14000 ---p 00000000 00:00 0 
7f36b0e14000-7f36b0f12000 rw-p 00000000 00:00 0                          [stack:19374]
7f36b0f12000-7f36b0f13000 r--p 00022000 08:02 8655878                    /lib/x86_64-linux-gnu/ld-2.15.so
7f36b0f13000-7f36b0f15000 rw-p 00023000 08:02 8655878                    /lib/x86_64-linux-gnu/ld-2.15.so
7f36b0f15000-7f36b0f16000 r--p 00000000 00:00 0 
7f36b0f16000-7f36b0f1c000 rw-p 00000000 00:00 0 
7ffffdd33000-7ffffdd54000 rw-p 00000000 00:00 0                          [stack]
7ffffddc0000-7ffffddc2000 r-xp 00000000 00:00 0                          [vdso]
ffffffffff600000-ffffffffff601000 r-xp 00000000 00:00 0                  [vsyscall]

VM Arguments:
java_command: target/bitmerchant-wallet-shaded.jar
java_class_path (initial): target/bitmerchant-wallet-shaded.jar
Launcher Type: SUN_STANDARD

Environment Variables:
PATH=/usr/lib/lightdm/lightdm:/usr/local/sbin:/usr/local/bin:/usr/sbin:/usr/bin:/sbin:/bin:/usr/games:/home/tyler/.rvm/bin:/home/tyler/.rvm/bin
SHELL=/bin/bash
DISPLAY=:0

Signal Handlers:
SIGSEGV: [libjvm.so+0xa79a80], sa_mask[0]=11111111011111111101111111111110, sa_flags=SA_RESTART|SA_SIGINFO
SIGBUS: [libjvm.so+0xa79a80], sa_mask[0]=11111111011111111101111111111110, sa_flags=SA_RESTART|SA_SIGINFO
SIGFPE: [libjvm.so+0x8e24e0], sa_mask[0]=11111111011111111101111111111110, sa_flags=SA_RESTART|SA_SIGINFO
SIGPIPE: SIG_IGN, sa_mask[0]=00000000000010000000000000000000, sa_flags=SA_RESTART
SIGXFSZ: [libjvm.so+0x8e24e0], sa_mask[0]=11111111011111111101111111111110, sa_flags=SA_RESTART|SA_SIGINFO
SIGILL: [libjvm.so+0x8e24e0], sa_mask[0]=11111111011111111101111111111110, sa_flags=SA_RESTART|SA_SIGINFO
SIGUSR1: SIG_DFL, sa_mask[0]=00000000000000000000000000000000, sa_flags=none
SIGUSR2: [libjvm.so+0x8e3d10], sa_mask[0]=00000000000000000000000000000000, sa_flags=SA_RESTART|SA_SIGINFO
SIGHUP: SIG_IGN, sa_mask[0]=00000000000000000000000000000000, sa_flags=none
SIGINT: SIG_IGN, sa_mask[0]=00000000000000000000000000000000, sa_flags=none
SIGTERM: [libjvm.so+0x8e50d0], sa_mask[0]=11111111011111111101111111111110, sa_flags=SA_RESTART|SA_SIGINFO
SIGQUIT: [libjvm.so+0x8e50d0], sa_mask[0]=11111111011111111101111111111110, sa_flags=SA_RESTART|SA_SIGINFO


---------------  S Y S T E M  ---------------

OS:DISTRIB_ID="elementary OS"
DISTRIB_RELEASE=0.2.1
DISTRIB_CODENAME=luna
DISTRIB_DESCRIPTION="elementary OS Luna"

uname:Linux 3.11.0-26-generic #45~precise1-Ubuntu SMP Tue Jul 15 04:02:35 UTC 2014 x86_64
libc:glibc 2.15 NPTL 2.15 
rlimit: STACK 8192k, CORE 0k, NPROC 24027, NOFILE 4096, AS infinity
load average:1.91 1.48 1.28

/proc/meminfo:
MemTotal:        3102324 kB
MemFree:          256780 kB
Buffers:            7792 kB
Cached:           257288 kB
SwapCached:        50872 kB
Active:          1780796 kB
Inactive:         696516 kB
Active(anon):    1617068 kB
Inactive(anon):   608752 kB
Active(file):     163728 kB
Inactive(file):    87764 kB
Unevictable:         256 kB
Mlocked:             256 kB
SwapTotal:       1535996 kB
SwapFree:        1013560 kB
Dirty:               668 kB
Writeback:             0 kB
AnonPages:       2184228 kB
Mapped:           198376 kB
Shmem:             13472 kB
Slab:              80896 kB
SReclaimable:      47756 kB
SUnreclaim:        33140 kB
KernelStack:        5432 kB
PageTables:        51136 kB
NFS_Unstable:          0 kB
Bounce:                0 kB
WritebackTmp:          0 kB
CommitLimit:     3087156 kB
Committed_AS:   10726492 kB
VmallocTotal:   34359738367 kB
VmallocUsed:      103848 kB
VmallocChunk:   34359631100 kB
HardwareCorrupted:     0 kB
AnonHugePages:         0 kB
HugePages_Total:       0
HugePages_Free:        0
HugePages_Rsvd:        0
HugePages_Surp:        0
Hugepagesize:       2048 kB
DirectMap4k:      105616 kB
DirectMap2M:     2148352 kB
DirectMap1G:     1048576 kB


CPU:total 2 (2 cores per cpu, 1 threads per core) family 21 model 19 stepping 1, cmov, cx8, fxsr, mmx, sse, sse2, sse3, ssse3, sse4.1, sse4.2, popcnt, avx, aes, clmul, mmxext, 3dnowpref, lzcnt, sse4a, tsc, tscinvbit, tscinv, bmi1

/proc/cpuinfo:
processor	: 0
vendor_id	: AuthenticAMD
cpu family	: 21
model		: 19
model name	: AMD A6-5350M APU with Radeon(tm) HD Graphics
stepping	: 1
microcode	: 0x6001119
cpu MHz		: 2900.000
cache size	: 1024 KB
physical id	: 0
siblings	: 2
core id		: 0
cpu cores	: 1
apicid		: 16
initial apicid	: 0
fpu		: yes
fpu_exception	: yes
cpuid level	: 13
wp		: yes
flags		: fpu vme de pse tsc msr pae mce cx8 apic sep mtrr pge mca cmov pat pse36 clflush mmx fxsr sse sse2 ht syscall nx mmxext fxsr_opt pdpe1gb rdtscp lm constant_tsc rep_good nopl nonstop_tsc extd_apicid aperfmperf pni pclmulqdq monitor ssse3 fma cx16 sse4_1 sse4_2 popcnt aes xsave avx f16c lahf_lm cmp_legacy svm extapic cr8_legacy abm sse4a misalignsse 3dnowprefetch osvw ibs xop skinit wdt lwp fma4 tce nodeid_msr tbm topoext perfctr_core perfctr_nb arat cpb hw_pstate npt lbrv svm_lock nrip_save tsc_scale vmcb_clean flushbyasid decodeassists pausefilter pfthreshold bmi1
bogomips	: 5789.12
TLB size	: 1536 4K pages
clflush size	: 64
cache_alignment	: 64
address sizes	: 48 bits physical, 48 bits virtual
power management: ts ttp tm 100mhzsteps hwpstate cpb eff_freq_ro

processor	: 1
vendor_id	: AuthenticAMD
cpu family	: 21
model		: 19
model name	: AMD A6-5350M APU with Radeon(tm) HD Graphics   
stepping	: 1
microcode	: 0x6001119
cpu MHz		: 2100.000
cache size	: 1024 KB
physical id	: 0
siblings	: 2
core id		: 1
cpu cores	: 1
apicid		: 17
initial apicid	: 1
fpu		: yes
fpu_exception	: yes
cpuid level	: 13
wp		: yes
flags		: fpu vme de pse tsc msr pae mce cx8 apic sep mtrr pge mca cmov pat pse36 clflush mmx fxsr sse sse2 ht syscall nx mmxext fxsr_opt pdpe1gb rdtscp lm constant_tsc rep_good nopl nonstop_tsc extd_apicid aperfmperf pni pclmulqdq monitor ssse3 fma cx16 sse4_1 sse4_2 popcnt aes xsave avx f16c lahf_lm cmp_legacy svm extapic cr8_legacy abm sse4a misalignsse 3dnowprefetch osvw ibs xop skinit wdt lwp fma4 tce nodeid_msr tbm topoext perfctr_core perfctr_nb arat cpb hw_pstate npt lbrv svm_lock nrip_save tsc_scale vmcb_clean flushbyasid decodeassists pausefilter pfthreshold bmi1
bogomips	: 5789.12
TLB size	: 1536 4K pages
clflush size	: 64
cache_alignment	: 64
address sizes	: 48 bits physical, 48 bits virtual
power management: ts ttp tm 100mhzsteps hwpstate cpb eff_freq_ro



Memory: 4k page, physical 3102324k(256780k free), swap 1535996k(1013560k free)

vm_info: Java HotSpot(TM) 64-Bit Server VM (25.25-b02) for linux-amd64 JRE (1.8.0_25-b17), built on Sep 17 2014 17:32:11 by "java_re" with gcc 4.3.0 20080428 (Red Hat 4.3.0-8)

time: Wed Jan 21 11:12:18 2015
elapsed time: 69 seconds (0d 0h 1m 9s)

