#
# A fatal error has been detected by the Java Runtime Environment:
#
#  SIGBUS (0x7) at pc=0x00007f4c15b817d2, pid=14925, tid=139963275863808
#
# JRE version: Java(TM) SE Runtime Environment (8.0_25-b17) (build 1.8.0_25-b17)
# Java VM: Java HotSpot(TM) 64-Bit Server VM (25.25-b02 mixed mode linux-amd64 compressed oops)
# Problematic frame:
# C  [libzip.so+0x117d2]  newEntry+0x62
#
# Failed to write core dump. Core dumps have been disabled. To enable core dumping, try "ulimit -c unlimited" before starting Java again
#
# If you would like to submit a bug report, please visit:
#   http://bugreport.sun.com/bugreport/crash.jsp
# The crash happened outside the Java Virtual Machine in native code.
# See problematic frame for where to report the bug.
#

---------------  T H R E A D  ---------------

Current thread (0x00007f4bd4179000):  JavaThread "PeerGroup Thread" daemon [_thread_in_native, id=14957, stack(0x00007f4bbd46e000,0x00007f4bbd56f000)]

siginfo: si_signo: 7 (SIGBUS), si_code: 2 (BUS_ADRERR), si_addr: 0x00007f4c001d318a

Registers:
RAX=0x000000000073a440, RBX=0x00007f4c101755c0, RCX=0x000000000071a510, RDX=0x00007f4c18268720
RSP=0x00007f4bbd56a600, RBP=0x00007f4bbd56a650, RSI=0x0000000000000061, RDI=0x0000000000000000
R8 =0x0000000000000000, R9 =0x0000000000000040, R10=0x6b614d70614d2f74, R11=0x0000000000000001
R12=0x00007f4c001d316d, R13=0x000000000073a440, R14=0x00000000ab1edd02, R15=0x00007f4c1017dcf0
RIP=0x00007f4c15b817d2, EFLAGS=0x0000000000010202, CSGSFS=0x0000000000000033, ERR=0x0000000000000004
  TRAPNO=0x000000000000000e

Top of Stack: (sp=0x00007f4bbd56a600)
0x00007f4bbd56a600:   00007f4c14c9db08 00007f4c00000000
0x00007f4bbd56a610:   00000001000007a8 00007f4c177cc97e
0x00007f4bbd56a620:   000000000073a440 00007f4c101755c0
0x00007f4bbd56a630:   00007f4bd40d7230 00007f4c1017dcf0
0x00007f4bbd56a640:   00000000ab1edd02 0000000000000035
0x00007f4bbd56a650:   00007f4bbd56a6b0 00007f4c15b81f2f
0x00007f4bbd56a660:   00007f4bd4179000 01007f4bbd56a7c0
0x00007f4bbd56a670:   00007f4bbd56a6d0 00007f4bbd56a706
0x00007f4bbd56a680:   00007f4bbd56a704 00007f4bbd56a6d0
0x00007f4bbd56a690:   0000000000000035 00007f4bd41791e8
0x00007f4bbd56a6a0:   00007f4bbd56ab28 0000000000000001
0x00007f4bbd56a6b0:   00007f4bbd56ab10 00007f4c15b73d30
0x00007f4bbd56a6c0:   000000000000003d 00007f4c1017dcf0
0x00007f4bbd56a6d0:   676f6f672f6d6f63 6f6d6d6f632f656c
0x00007f4bbd56a6e0:   63656c6c6f632f6e 6b614d70614d2f74
0x00007f4bbd56a6f0:   766f6d6552247265 2e65737561436c61
0x00007f4bbd56a700:   0100007373616c63 0000000100057dd8
0x00007f4bbd56a710:   0000000000000000 00000000000003f1
0x00007f4bbd56a720:   00007f4c10005510 00007f4c18960b80
0x00007f4bbd56a730:   00000000bd56a7b0 0000000000000000
0x00007f4bbd56a740:   0000002b00000000 0000000000000000
0x00007f4bbd56a750:   00007f4bd4177520 00007f4b00000000
0x00007f4bbd56a760:   00007f4bd82c29f0 0000000000000000
0x00007f4bbd56a770:   0000000000000000 0000000000000000
0x00007f4bbd56a780:   00007f4bbd56a7b0 00007f4c17f2be0e
0x00007f4bbd56a790:   00007f4bbd56ae30 00007f4bbd56ae20
0x00007f4bbd56a7a0:   00007f4bbd56af00 00007f4bd4179000
0x00007f4bbd56a7b0:   0000000000000000 00007f4c17ef877c
0x00007f4bbd56a7c0:   00007f4bd4177890 00000000f03af8e8
0x00007f4bbd56a7d0:   00000000f03af908 00000000f03af958
0x00007f4bbd56a7e0:   00000000f03af9e8 00007f4c00000007
0x00007f4bbd56a7f0:   00007f4bbd56cb58 0000000000000000 

Instructions: (pc=0x00007f4c15b817d2)
0x00007f4c15b817b2:   00 48 c7 40 28 00 00 00 00 41 80 7f 30 00 0f 84
0x00007f4c15b817c2:   8a 02 00 00 4c 8b 63 08 4d 2b 67 28 4d 03 67 18
0x00007f4c15b817d2:   41 0f b6 5c 24 1d 41 0f b6 44 24 1c c1 e3 08 09
0x00007f4c15b817e2:   c3 41 0f b6 44 24 1e 88 45 bd 41 0f b6 54 24 20 

Register to memory mapping:

RAX=0x000000000073a440 is an unknown value
RBX=0x00007f4c101755c0 is an unknown value
RCX=0x000000000071a510 is an unknown value
RDX=0x00007f4c18268720: <offset 0x3b8720> in /lib/x86_64-linux-gnu/libc.so.6 at 0x00007f4c17eb0000
RSP=0x00007f4bbd56a600 is pointing into the stack for thread: 0x00007f4bd4179000
RBP=0x00007f4bbd56a650 is pointing into the stack for thread: 0x00007f4bd4179000
RSI=0x0000000000000061 is an unknown value
RDI=0x0000000000000000 is an unknown value
R8 =0x0000000000000000 is an unknown value
R9 =0x0000000000000040 is an unknown value
R10=0x6b614d70614d2f74 is an unknown value
R11=0x0000000000000001 is an unknown value
R12=0x00007f4c001d316d is an unknown value
R13=0x000000000073a440 is an unknown value
R14=0x00000000ab1edd02 is an unknown value
R15=0x00007f4c1017dcf0 is an unknown value


Stack: [0x00007f4bbd46e000,0x00007f4bbd56f000],  sp=0x00007f4bbd56a600,  free space=1009k
Native frames: (J=compiled Java code, j=interpreted, Vv=VM code, C=native code)
C  [libzip.so+0x117d2]  newEntry+0x62
C  [libzip.so+0x11f2f]  ZIP_GetEntry2+0xff
C  [libzip.so+0x3d30]  Java_java_util_zip_ZipFile_getEntry+0xf0
J 219  java.util.zip.ZipFile.getEntry(J[BZ)J (0 bytes) @ 0x00007f4c011755ce [0x00007f4c01175500+0xce]
J 276 C1 java.util.zip.ZipFile.getEntry(Ljava/lang/String;)Ljava/util/zip/ZipEntry; (86 bytes) @ 0x00007f4c0119970c [0x00007f4c011994a0+0x26c]
J 510 C1 java.util.jar.JarFile.getEntry(Ljava/lang/String;)Ljava/util/zip/ZipEntry; (22 bytes) @ 0x00007f4c01242d24 [0x00007f4c01242ca0+0x84]
J 506 C2 sun.misc.URLClassPath$JarLoader.getResource(Ljava/lang/String;Z)Lsun/misc/Resource; (85 bytes) @ 0x00007f4c0123be88 [0x00007f4c0123bd60+0x128]
J 157 C1 sun.misc.URLClassPath.getResource(Ljava/lang/String;Z)Lsun/misc/Resource; (74 bytes) @ 0x00007f4c0115665c [0x00007f4c01156520+0x13c]
J 269 C1 java.net.URLClassLoader$1.run()Ljava/lang/Class; (73 bytes) @ 0x00007f4c011956dc [0x00007f4c011954e0+0x1fc]
J 233 C1 java.net.URLClassLoader$1.run()Ljava/lang/Object; (5 bytes) @ 0x00007f4c0117eacc [0x00007f4c0117ea40+0x8c]
v  ~StubRoutines::call_stub
V  [libjvm.so+0x664086]  JavaCalls::call_helper(JavaValue*, methodHandle*, JavaCallArguments*, Thread*)+0x1056
V  [libjvm.so+0x6f8fec]  JVM_DoPrivileged+0x27c
J 232  java.security.AccessController.doPrivileged(Ljava/security/PrivilegedExceptionAction;Ljava/security/AccessControlContext;)Ljava/lang/Object; (0 bytes) @ 0x00007f4c0117cd55 [0x00007f4c0117cc80+0xd5]
J 230 C1 java.net.URLClassLoader.findClass(Ljava/lang/String;)Ljava/lang/Class; (29 bytes) @ 0x00007f4c0117df64 [0x00007f4c0117dde0+0x184]
J 186 C1 java.lang.ClassLoader.loadClass(Ljava/lang/String;Z)Ljava/lang/Class; (122 bytes) @ 0x00007f4c0115f99c [0x00007f4c0115f040+0x95c]
J 214 C1 sun.misc.Launcher$AppClassLoader.loadClass(Ljava/lang/String;Z)Ljava/lang/Class; (40 bytes) @ 0x00007f4c01174bac [0x00007f4c01174780+0x42c]
J 213 C1 java.lang.ClassLoader.loadClass(Ljava/lang/String;)Ljava/lang/Class; (7 bytes) @ 0x00007f4c01174444 [0x00007f4c01174340+0x104]
v  ~StubRoutines::call_stub
V  [libjvm.so+0x664086]  JavaCalls::call_helper(JavaValue*, methodHandle*, JavaCallArguments*, Thread*)+0x1056
V  [libjvm.so+0x664591]  JavaCalls::call_virtual(JavaValue*, KlassHandle, Symbol*, Symbol*, JavaCallArguments*, Thread*)+0x321
V  [libjvm.so+0x6649e6]  JavaCalls::call_virtual(JavaValue*, Handle, KlassHandle, Symbol*, Symbol*, Handle, Thread*)+0x56
V  [libjvm.so+0x9f51b0]  SystemDictionary::load_instance_class(Symbol*, Handle, Thread*)+0x3c0
V  [libjvm.so+0x9f421c]  SystemDictionary::resolve_instance_class_or_null(Symbol*, Handle, Handle, Thread*)+0x7cc
V  [libjvm.so+0x9f55d3]  SystemDictionary::resolve_or_fail(Symbol*, Handle, Handle, bool, Thread*)+0x33
V  [libjvm.so+0x4dc768]  ConstantPool::klass_at_impl(constantPoolHandle, int, Thread*)+0x158
V  [libjvm.so+0x4e1e40]  ConstantPool::klass_ref_at(int, Thread*)+0xa0
V  [libjvm.so+0x7bb62a]  LinkResolver::resolve_field_access(fieldDescriptor&, constantPoolHandle, int, Bytecodes::Code, Thread*)+0x9a
V  [libjvm.so+0x65aa75]  InterpreterRuntime::resolve_get_put(JavaThread*, Bytecodes::Code)+0x125
j  com.google.common.collect.MapMakerInternalMap$Segment.reclaimKey(Lcom/google/common/collect/MapMakerInternalMap$ReferenceEntry;I)Z+86
j  com.google.common.collect.MapMakerInternalMap.reclaimKey(Lcom/google/common/collect/MapMakerInternalMap$ReferenceEntry;)V+14
j  com.google.common.collect.MapMakerInternalMap$Segment.drainKeyReferenceQueue()V+24
j  com.google.common.collect.MapMakerInternalMap$Segment.drainReferenceQueues()V+11
j  com.google.common.collect.MapMakerInternalMap$Segment.runLockedCleanup()V+8
J 2669 C1 com.google.common.collect.MapMakerInternalMap$Segment.containsKey(Ljava/lang/Object;I)Z (73 bytes) @ 0x00007f4c01703984 [0x00007f4c01702f80+0xa04]

Java frames: (J=compiled Java code, j=interpreted, Vv=VM code)
J 219  java.util.zip.ZipFile.getEntry(J[BZ)J (0 bytes) @ 0x00007f4c01175558 [0x00007f4c01175500+0x58]
J 276 C1 java.util.zip.ZipFile.getEntry(Ljava/lang/String;)Ljava/util/zip/ZipEntry; (86 bytes) @ 0x00007f4c0119970c [0x00007f4c011994a0+0x26c]
J 510 C1 java.util.jar.JarFile.getEntry(Ljava/lang/String;)Ljava/util/zip/ZipEntry; (22 bytes) @ 0x00007f4c01242d24 [0x00007f4c01242ca0+0x84]
J 506 C2 sun.misc.URLClassPath$JarLoader.getResource(Ljava/lang/String;Z)Lsun/misc/Resource; (85 bytes) @ 0x00007f4c0123be88 [0x00007f4c0123bd60+0x128]
J 157 C1 sun.misc.URLClassPath.getResource(Ljava/lang/String;Z)Lsun/misc/Resource; (74 bytes) @ 0x00007f4c0115665c [0x00007f4c01156520+0x13c]
J 269 C1 java.net.URLClassLoader$1.run()Ljava/lang/Class; (73 bytes) @ 0x00007f4c011956dc [0x00007f4c011954e0+0x1fc]
J 233 C1 java.net.URLClassLoader$1.run()Ljava/lang/Object; (5 bytes) @ 0x00007f4c0117eacc [0x00007f4c0117ea40+0x8c]
v  ~StubRoutines::call_stub
J 232  java.security.AccessController.doPrivileged(Ljava/security/PrivilegedExceptionAction;Ljava/security/AccessControlContext;)Ljava/lang/Object; (0 bytes) @ 0x00007f4c0117cce3 [0x00007f4c0117cc80+0x63]
J 230 C1 java.net.URLClassLoader.findClass(Ljava/lang/String;)Ljava/lang/Class; (29 bytes) @ 0x00007f4c0117df64 [0x00007f4c0117dde0+0x184]
J 186 C1 java.lang.ClassLoader.loadClass(Ljava/lang/String;Z)Ljava/lang/Class; (122 bytes) @ 0x00007f4c0115f99c [0x00007f4c0115f040+0x95c]
J 214 C1 sun.misc.Launcher$AppClassLoader.loadClass(Ljava/lang/String;Z)Ljava/lang/Class; (40 bytes) @ 0x00007f4c01174bac [0x00007f4c01174780+0x42c]
J 213 C1 java.lang.ClassLoader.loadClass(Ljava/lang/String;)Ljava/lang/Class; (7 bytes) @ 0x00007f4c01174444 [0x00007f4c01174340+0x104]
v  ~StubRoutines::call_stub
j  com.google.common.collect.MapMakerInternalMap$Segment.reclaimKey(Lcom/google/common/collect/MapMakerInternalMap$ReferenceEntry;I)Z+86
j  com.google.common.collect.MapMakerInternalMap.reclaimKey(Lcom/google/common/collect/MapMakerInternalMap$ReferenceEntry;)V+14
j  com.google.common.collect.MapMakerInternalMap$Segment.drainKeyReferenceQueue()V+24
j  com.google.common.collect.MapMakerInternalMap$Segment.drainReferenceQueues()V+11
j  com.google.common.collect.MapMakerInternalMap$Segment.runLockedCleanup()V+8
J 2669 C1 com.google.common.collect.MapMakerInternalMap$Segment.containsKey(Ljava/lang/Object;I)Z (73 bytes) @ 0x00007f4c01703984 [0x00007f4c01702f80+0xa04]
J 2571 C1 com.google.common.collect.MapMakerInternalMap.containsKey(Ljava/lang/Object;)Z (23 bytes) @ 0x00007f4c01272534 [0x00007f4c01272100+0x434]
J 3058 C2 com.google.common.util.concurrent.CycleDetectingLockFactory$CycleDetectingReentrantLock.lock()V (35 bytes) @ 0x00007f4c017c4848 [0x00007f4c017c4380+0x4c8]
J 2887 C1 com.subgraph.orchid.connections.ConnectionImpl.sendCell(Lcom/subgraph/orchid/Cell;)V (141 bytes) @ 0x00007f4c0176eec4 [0x00007f4c0176eb60+0x364]
J 2934 C1 com.subgraph.orchid.circuits.CircuitIO.sendCell(Lcom/subgraph/orchid/Cell;)V (46 bytes) @ 0x00007f4c0178a614 [0x00007f4c0178a0a0+0x574]
J 2970 C1 com.subgraph.orchid.circuits.CircuitIO.sendRelayCellTo(Lcom/subgraph/orchid/RelayCell;Lcom/subgraph/orchid/CircuitNode;)V (106 bytes) @ 0x00007f4c01794634 [0x00007f4c01793180+0x14b4]
J 3122 C1 com.subgraph.orchid.circuits.TorOutputStream.flushCurrentOutputCell()V (105 bytes) @ 0x00007f4c017f088c [0x00007f4c017f0420+0x46c]
J 3394 C1 com.subgraph.orchid.circuits.TorOutputStream.flush()V (13 bytes) @ 0x00007f4c0140d0fc [0x00007f4c0140cf40+0x1bc]
J 3335 C1 org.bitcoinj.net.BlockingClient.writeBytes([B)V (39 bytes) @ 0x00007f4c011dc3b4 [0x00007f4c011dc080+0x334]
J 3181 C1 org.bitcoinj.core.PeerSocketHandler.sendMessage(Lorg/bitcoinj/core/Message;)V (88 bytes) @ 0x00007f4c013342fc [0x00007f4c01333ba0+0x75c]
J 3367 C1 org.bitcoinj.core.Peer.ping(J)Lcom/google/common/util/concurrent/ListenableFuture; (83 bytes) @ 0x00007f4c0188fa4c [0x00007f4c0188ee40+0xc0c]
J 3258 C1 org.bitcoinj.core.Peer.ping()Lcom/google/common/util/concurrent/ListenableFuture; (13 bytes) @ 0x00007f4c018495e4 [0x00007f4c018492a0+0x344]
j  org.bitcoinj.core.PeerGroup$11.run()V+90
j  com.google.common.util.concurrent.MoreExecutors$ScheduledListeningDecorator$NeverSuccessfulListenableFutureTask.run()V+4
J 3339 C1 java.util.concurrent.Executors$RunnableAdapter.call()Ljava/lang/Object; (14 bytes) @ 0x00007f4c0114624c [0x00007f4c01146140+0x10c]
J 3435 C1 java.util.concurrent.FutureTask.runAndReset()Z (128 bytes) @ 0x00007f4c016de7dc [0x00007f4c016de580+0x25c]
J 3345 C1 java.util.concurrent.ScheduledThreadPoolExecutor$ScheduledFutureTask.run()V (59 bytes) @ 0x00007f4c01540c84 [0x00007f4c01540760+0x524]
j  java.util.concurrent.ThreadPoolExecutor.runWorker(Ljava/util/concurrent/ThreadPoolExecutor$Worker;)V+95
j  java.util.concurrent.ThreadPoolExecutor$Worker.run()V+5
j  java.lang.Thread.run()V+11
v  ~StubRoutines::call_stub

---------------  P R O C E S S  ---------------

Java Threads: ( => current thread )
  0x000000000072e800 JavaThread "BlockingClient network thread for testnet-seed.alexykot.me/107.182.132.114:18333" daemon [_thread_blocked, id=15130, stack(0x00007f4bf91ef000,0x00007f4bf92f0000)]
  0x0000000000709000 JavaThread "BlockingClient network thread for testnet-seed.alexykot.me/144.76.165.115:18333" daemon [_thread_blocked, id=15129, stack(0x00007f4bb6f60000,0x00007f4bb7061000)]
  0x000000000070a800 JavaThread "BlockingClient network thread for testnet-seed.bitcoin.schildbach.de/46.4.28.150:18333" daemon [_thread_blocked, id=15128, stack(0x00007f4bb6a5b000,0x00007f4bb6b5c000)]
  0x000000000073b800 JavaThread "BlockingClient network thread for testnet-seed.bitcoin.schildbach.de/62.213.207.209:18333" daemon [_thread_blocked, id=15116, stack(0x00007f4bb6455000,0x00007f4bb6556000)]
  0x00007f4bdc060000 JavaThread "CircuitCreationTask worker-12" daemon [_thread_blocked, id=15115, stack(0x00007f4bb8275000,0x00007f4bb8376000)]
  0x00007f4bd40d6000 JavaThread "Thread-42" daemon [_thread_in_native, id=15106, stack(0x00007f4bb6657000,0x00007f4bb6758000)]
  0x000000000071c800 JavaThread "BlockingClient network thread for testnet-seed.bitcoin.schildbach.de/46.28.207.68:18333" daemon [_thread_blocked, id=15105, stack(0x00007f4bb6152000,0x00007f4bb6253000)]
  0x000000000072c800 JavaThread "BlockingClient network thread for /198.46.158.134:18333" daemon [_thread_blocked, id=15102, stack(0x00007f4bb6d5e000,0x00007f4bb6e5f000)]
  0x0000000000751800 JavaThread "BlockingClient network thread for /173.255.216.55:18333" daemon [_thread_blocked, id=15101, stack(0x00007f4bb6354000,0x00007f4bb6455000)]
  0x0000000000705800 JavaThread "BlockingClient network thread for /88.198.20.152:18333" daemon [_thread_blocked, id=15100, stack(0x00007f4bb7263000,0x00007f4bb7364000)]
  0x0000000000711000 JavaThread "BlockingClient network thread for /80.240.132.54:18333" daemon [_thread_blocked, id=15099, stack(0x00007f4bb6b5c000,0x00007f4bb6c5d000)]
  0x0000000000712800 JavaThread "BlockingClient network thread for /192.95.30.153:18333" daemon [_thread_blocked, id=15098, stack(0x00007f4bb6253000,0x00007f4bb6354000)]
  0x0000000000700800 JavaThread "BlockingClient network thread for testnet-seed.alexykot.me/188.165.238.173:18333" daemon [_thread_blocked, id=15097, stack(0x00007f4bb7061000,0x00007f4bb7162000)]
  0x000000000073a000 JavaThread "BlockingClient network thread for /95.96.84.122:18333" daemon [_thread_blocked, id=15096, stack(0x00007f4bb695a000,0x00007f4bb6a5b000)]
  0x0000000000722000 JavaThread "AbstractTimeoutHandler timeouts" daemon [_thread_blocked, id=15094, stack(0x00007f4bb7162000,0x00007f4bb7263000)]
  0x00007f4bd8293000 JavaThread "qtp1652329216-63" [_thread_blocked, id=15048, stack(0x00007f4bb7566000,0x00007f4bb7667000)]
  0x00007f4be8010800 JavaThread "qtp1652329216-62" [_thread_blocked, id=15047, stack(0x00007f4bb7667000,0x00007f4bb7768000)]
  0x00007f4bd000f800 JavaThread "qtp1652329216-61" [_thread_blocked, id=15046, stack(0x00007f4bb7768000,0x00007f4bb7869000)]
  0x00007f4bc004c800 JavaThread "Thread-23" daemon [_thread_in_native, id=15036, stack(0x00007f4bb7869000,0x00007f4bb796a000)]
  0x00007f4bf4004000 JavaThread "Thread-19" daemon [_thread_in_native, id=15035, stack(0x00007f4bb796a000,0x00007f4bb7a6b000)]
  0x0000000000729000 JavaThread "Thread-22" daemon [_thread_in_native, id=15032, stack(0x00007f4bb7a6b000,0x00007f4bb7b6c000)]
  0x00007f4bf0085000 JavaThread "Thread-17" daemon [_thread_in_native, id=15024, stack(0x00007f4bb7c6d000,0x00007f4bb7d6e000)]
  0x00007f4be8008800 JavaThread "Thread-16" daemon [_thread_in_native, id=15020, stack(0x00007f4bb7e6f000,0x00007f4bb7f70000)]
  0x00007f4bdc009000 JavaThread "Thread-15" daemon [_thread_in_native, id=14987, stack(0x00007f4bb8b7e000,0x00007f4bb8c7f000)]
  0x00007f4bd414e800 JavaThread "Thread-14" daemon [_thread_in_native, id=14986, stack(0x00007f4bb8c7f000,0x00007f4bb8d80000)]
  0x00007f4bcc0e0800 JavaThread "CircuitCreationTask worker-2" daemon [_thread_blocked, id=14979, stack(0x00007f4bb948d000,0x00007f4bb958e000)]
  0x00007f4bcc0dc800 JavaThread "CircuitCreationTask worker-0" daemon [_thread_blocked, id=14973, stack(0x00007f4bb968f000,0x00007f4bb9790000)]
  0x000000000072a800 JavaThread "Scheduler-1601565532" [_thread_blocked, id=14972, stack(0x00007f4c0002c000,0x00007f4c0012d000)]
  0x00007f4c10009800 JavaThread "DestroyJavaVM" [_thread_blocked, id=14926, stack(0x00007f4c189bc000,0x00007f4c18abd000)]
  0x000000000070d000 JavaThread "CircuitManager worker-0" daemon [_thread_blocked, id=14959, stack(0x00007f4bbb70e000,0x00007f4bbb80f000)]
  0x0000000000704000 JavaThread "Thread-13" daemon [_thread_blocked, id=14958, stack(0x00007f4bbb80f000,0x00007f4bbb910000)]
=>0x00007f4bd4179000 JavaThread "PeerGroup Thread" daemon [_thread_in_native, id=14957, stack(0x00007f4bbd46e000,0x00007f4bbd56f000)]
  0x00007f4bd4153800 JavaThread "pool-5-thread-1" [_thread_blocked, id=14954, stack(0x00007f4bbd56f000,0x00007f4bbd670000)]
  0x00007f4bd41b4800 JavaThread "DescriptorCache rebuild worker-0" daemon [_thread_blocked, id=14953, stack(0x00007f4bbe32f000,0x00007f4bbe430000)]
  0x00007f4bd41b3000 JavaThread "DescriptorCache rebuild worker-0" daemon [_thread_blocked, id=14952, stack(0x00007f4bc401f000,0x00007f4bc4120000)]
  0x00007f4c1036b000 JavaThread "AWT-XAWT" daemon [_thread_in_native, id=14951, stack(0x00007f4bc6d3f000,0x00007f4bc6e40000)]
  0x00007f4c1033c000 JavaThread "Java2D Disposer" daemon [_thread_blocked, id=14950, stack(0x00007f4bc7457000,0x00007f4bc7558000)]
  0x00007f4bcc096000 JavaThread "HashSessionScavenger-0" daemon [_thread_blocked, id=14949, stack(0x00007f4bf90ee000,0x00007f4bf91ef000)]
  0x00007f4bcc090000 JavaThread "qtp1652329216-20" [_thread_blocked, id=14947, stack(0x00007f4bf92f0000,0x00007f4bf93f1000)]
  0x00007f4bcc08b000 JavaThread "qtp1652329216-17" [_thread_blocked, id=14944, stack(0x00007f4bf95f3000,0x00007f4bf96f4000)]
  0x00007f4bcc089000 JavaThread "qtp1652329216-16-acceptor-0-ServerConnector@3091c2b7{HTTP/1.1}{0.0.0.0:4567}" [_thread_in_native, id=14943, stack(0x00007f4bf96f4000,0x00007f4bf97f5000)]
  0x00007f4bcc087800 JavaThread "qtp1652329216-15-selector-1" [_thread_in_native, id=14942, stack(0x00007f4bf97f5000,0x00007f4bf98f6000)]
  0x00007f4bcc083800 JavaThread "qtp1652329216-14-selector-0" [_thread_in_native, id=14941, stack(0x00007f4bf98f6000,0x00007f4bf99f7000)]
  0x00007f4bcc079000 JavaThread "DateCache" daemon [_thread_blocked, id=14940, stack(0x00007f4bf99f7000,0x00007f4bf9af8000)]
  0x00007f4c102c8000 JavaThread "Thread-1" [_thread_blocked, id=14939, stack(0x00007f4bfa64e000,0x00007f4bfa74f000)]
  0x00007f4bd403b000 JavaThread "bitcoinj user thread" daemon [_thread_blocked, id=14938, stack(0x00007f4bfa74f000,0x00007f4bfa850000)]
  0x00007f4c10136000 JavaThread "Service Thread" daemon [_thread_blocked, id=14935, stack(0x00007f4c002f4000,0x00007f4c003f5000)]
  0x00007f4c10131000 JavaThread "C1 CompilerThread1" daemon [_thread_blocked, id=14934, stack(0x00007f4c003f5000,0x00007f4c004f6000)]
  0x00007f4c1012e800 JavaThread "C2 CompilerThread0" daemon [_thread_blocked, id=14933, stack(0x00007f4c004f6000,0x00007f4c005f7000)]
  0x00007f4c1012c000 JavaThread "Signal Dispatcher" daemon [_thread_blocked, id=14932, stack(0x00007f4c005f7000,0x00007f4c006f8000)]
  0x00007f4c100ff000 JavaThread "Finalizer" daemon [_thread_blocked, id=14931, stack(0x00007f4c00afb000,0x00007f4c00bfc000)]
  0x00007f4c100fd000 JavaThread "Reference Handler" daemon [_thread_blocked, id=14930, stack(0x00007f4c00bfc000,0x00007f4c00cfd000)]

Other Threads:
  0x00007f4c100f6000 VMThread [stack: 0x00007f4c00cfd000,0x00007f4c00dfe000] [id=14929]
  0x00007f4c10153000 WatcherThread [stack: 0x00007f4c001f3000,0x00007f4c002f4000] [id=14936]

VM state:not at safepoint (normal execution)

VM Mutex/Monitor currently owned by a thread: None

Heap:
 PSYoungGen      total 161792K, used 7286K [0x00000000f0380000, 0x00000000fee00000, 0x0000000100000000)
  eden space 144896K, 3% used [0x00000000f0380000,0x00000000f08a0b00,0x00000000f9100000)
  from space 16896K, 12% used [0x00000000f9100000,0x00000000f92fcd98,0x00000000fa180000)
  to   space 17408K, 0% used [0x00000000fdd00000,0x00000000fdd00000,0x00000000fee00000)
 ParOldGen       total 54272K, used 40046K [0x00000000d0a00000, 0x00000000d3f00000, 0x00000000f0380000)
  object space 54272K, 73% used [0x00000000d0a00000,0x00000000d311bb90,0x00000000d3f00000)
 Metaspace       used 20375K, capacity 20584K, committed 20864K, reserved 1067008K
  class space    used 2288K, capacity 2368K, committed 2432K, reserved 1048576K

Card table byte_map: [0x00007f4c15634000,0x00007f4c157b0000] byte_map_base: 0x00007f4c14faf000

Marking Bits: (ParMarkBitMap*) 0x00007f4c17e822c0
 Begin Bits: [0x00007f4bfa850000, 0x00007f4bfb428000)
 End Bits:   [0x00007f4bfb428000, 0x00007f4bfc000000)

Polling page: 0x00007f4c18ad1000

CodeCache: size=245760Kb used=9111Kb max_used=9132Kb free=236648Kb
 bounds [0x00007f4c01000000, 0x00007f4c01900000, 0x00007f4c10000000]
 total_blobs=3402 nmethods=2884 adapters=433
 compilation: enabled

Compilation events (10 events):
Event: 295.460 Thread 0x00007f4c1012e800 3490  s    4       java.io.BufferedOutputStream::write (67 bytes)
Event: 295.469 Thread 0x00007f4c1012e800 nmethod 3490 0x00007f4c018f2790 code [0x00007f4c018f2920, 0x00007f4c018f2f28]
Event: 295.981 Thread 0x00007f4c1012e800 3491       4       java.util.HashMap::keySet (27 bytes)
Event: 295.983 Thread 0x00007f4c1012e800 nmethod 3491 0x00007f4c018f3490 code [0x00007f4c018f35e0, 0x00007f4c018f36d8]
Event: 297.855 Thread 0x00007f4c1012e800 3492       4       ch.qos.logback.classic.spi.LoggingEvent::<init> (142 bytes)
Event: 297.928 Thread 0x00007f4c1012e800 nmethod 3492 0x00007f4c018f83d0 code [0x00007f4c018f8880, 0x00007f4c018fa4d8]
Event: 298.981 Thread 0x00007f4c10131000 3493       3       com.subgraph.orchid.config.TorConfigProxy::getDefaultVariableValue (32 bytes)
Event: 298.983 Thread 0x00007f4c10131000 nmethod 3493 0x00007f4c0123e390 code [0x00007f4c0123e5e0, 0x00007f4c0123f198]
Event: 298.983 Thread 0x00007f4c10131000 3494       3       com.subgraph.orchid.config.TorConfigProxy::getDefaultValueString (19 bytes)
Event: 298.984 Thread 0x00007f4c10131000 nmethod 3494 0x00007f4c018f1e10 code [0x00007f4c018f1fc0, 0x00007f4c018f24e8]

GC Heap History (10 events):
Event: 9.689 GC heap before
{Heap before GC invocations=8 (full 0):
 PSYoungGen      total 54784K, used 54756K [0x00000000f0380000, 0x00000000f7580000, 0x0000000100000000)
  eden space 49152K, 100% used [0x00000000f0380000,0x00000000f3380000,0x00000000f3380000)
  from space 5632K, 99% used [0x00000000f3380000,0x00000000f38f9278,0x00000000f3900000)
  to   space 9216K, 0% used [0x00000000f6c80000,0x00000000f6c80000,0x00000000f7580000)
 ParOldGen       total 32768K, used 19741K [0x00000000d0a00000, 0x00000000d2a00000, 0x00000000f0380000)
  object space 32768K, 60% used [0x00000000d0a00000,0x00000000d1d47710,0x00000000d2a00000)
 Metaspace       used 17041K, capacity 17208K, committed 17408K, reserved 1064960K
  class space    used 1987K, capacity 2040K, committed 2048K, reserved 1048576K
Event: 9.823 GC heap after
Heap after GC invocations=8 (full 0):
 PSYoungGen      total 103936K, used 9203K [0x00000000f0380000, 0x00000000f7c80000, 0x0000000100000000)
  eden space 94720K, 0% used [0x00000000f0380000,0x00000000f0380000,0x00000000f6000000)
  from space 9216K, 99% used [0x00000000f6c80000,0x00000000f757ce10,0x00000000f7580000)
  to   space 12800K, 0% used [0x00000000f6000000,0x00000000f6000000,0x00000000f6c80000)
 ParOldGen       total 32768K, used 24785K [0x00000000d0a00000, 0x00000000d2a00000, 0x00000000f0380000)
  object space 32768K, 75% used [0x00000000d0a00000,0x00000000d2234580,0x00000000d2a00000)
 Metaspace       used 17041K, capacity 17208K, committed 17408K, reserved 1064960K
  class space    used 1987K, capacity 2040K, committed 2048K, reserved 1048576K
}
Event: 10.225 GC heap before
{Heap before GC invocations=9 (full 0):
 PSYoungGen      total 103936K, used 103923K [0x00000000f0380000, 0x00000000f7c80000, 0x0000000100000000)
  eden space 94720K, 100% used [0x00000000f0380000,0x00000000f6000000,0x00000000f6000000)
  from space 9216K, 99% used [0x00000000f6c80000,0x00000000f757ce10,0x00000000f7580000)
  to   space 12800K, 0% used [0x00000000f6000000,0x00000000f6000000,0x00000000f6c80000)
 ParOldGen       total 32768K, used 24785K [0x00000000d0a00000, 0x00000000d2a00000, 0x00000000f0380000)
  object space 32768K, 75% used [0x00000000d0a00000,0x00000000d2234580,0x00000000d2a00000)
 Metaspace       used 17042K, capacity 17208K, committed 17408K, reserved 1064960K
  class space    used 1987K, capacity 2040K, committed 2048K, reserved 1048576K
Event: 10.294 GC heap after
Heap after GC invocations=9 (full 0):
 PSYoungGen      total 107520K, used 12799K [0x00000000f0380000, 0x00000000fba80000, 0x0000000100000000)
  eden space 94720K, 0% used [0x00000000f0380000,0x00000000f0380000,0x00000000f6000000)
  from space 12800K, 99% used [0x00000000f6000000,0x00000000f6c7fe90,0x00000000f6c80000)
  to   space 17920K, 0% used [0x00000000fa900000,0x00000000fa900000,0x00000000fba80000)
 ParOldGen       total 32768K, used 32410K [0x00000000d0a00000, 0x00000000d2a00000, 0x00000000f0380000)
  object space 32768K, 98% used [0x00000000d0a00000,0x00000000d29a6920,0x00000000d2a00000)
 Metaspace       used 17042K, capacity 17208K, committed 17408K, reserved 1064960K
  class space    used 1987K, capacity 2040K, committed 2048K, reserved 1048576K
}
Event: 10.294 GC heap before
{Heap before GC invocations=10 (full 1):
 PSYoungGen      total 107520K, used 12799K [0x00000000f0380000, 0x00000000fba80000, 0x0000000100000000)
  eden space 94720K, 0% used [0x00000000f0380000,0x00000000f0380000,0x00000000f6000000)
  from space 12800K, 99% used [0x00000000f6000000,0x00000000f6c7fe90,0x00000000f6c80000)
  to   space 17920K, 0% used [0x00000000fa900000,0x00000000fa900000,0x00000000fba80000)
 ParOldGen       total 32768K, used 32410K [0x00000000d0a00000, 0x00000000d2a00000, 0x00000000f0380000)
  object space 32768K, 98% used [0x00000000d0a00000,0x00000000d29a6920,0x00000000d2a00000)
 Metaspace       used 17042K, capacity 17208K, committed 17408K, reserved 1064960K
  class space    used 1987K, capacity 2040K, committed 2048K, reserved 1048576K
Event: 10.498 GC heap after
Heap after GC invocations=10 (full 1):
 PSYoungGen      total 107520K, used 0K [0x00000000f0380000, 0x00000000fba80000, 0x0000000100000000)
  eden space 94720K, 0% used [0x00000000f0380000,0x00000000f0380000,0x00000000f6000000)
  from space 12800K, 0% used [0x00000000f6000000,0x00000000f6000000,0x00000000f6c80000)
  to   space 17920K, 0% used [0x00000000fa900000,0x00000000fa900000,0x00000000fba80000)
 ParOldGen       total 54272K, used 32256K [0x00000000d0a00000, 0x00000000d3f00000, 0x00000000f0380000)
  object space 54272K, 59% used [0x00000000d0a00000,0x00000000d2980038,0x00000000d3f00000)
 Metaspace       used 17041K, capacity 17206K, committed 17408K, reserved 1064960K
  class space    used 1986K, capacity 2039K, committed 2048K, reserved 1048576K
}
Event: 18.840 GC heap before
{Heap before GC invocations=11 (full 1):
 PSYoungGen      total 107520K, used 94720K [0x00000000f0380000, 0x00000000fba80000, 0x0000000100000000)
  eden space 94720K, 100% used [0x00000000f0380000,0x00000000f6000000,0x00000000f6000000)
  from space 12800K, 0% used [0x00000000f6000000,0x00000000f6000000,0x00000000f6c80000)
  to   space 17920K, 0% used [0x00000000fa900000,0x00000000fa900000,0x00000000fba80000)
 ParOldGen       total 54272K, used 32256K [0x00000000d0a00000, 0x00000000d3f00000, 0x00000000f0380000)
  object space 54272K, 59% used [0x00000000d0a00000,0x00000000d2980038,0x00000000d3f00000)
 Metaspace       used 19469K, capacity 19688K, committed 19968K, reserved 1067008K
  class space    used 2248K, capacity 2304K, committed 2304K, reserved 1048576K
Event: 18.880 GC heap after
Heap after GC invocations=11 (full 1):
 PSYoungGen      total 150016K, used 8900K [0x00000000f0380000, 0x00000000fb200000, 0x0000000100000000)
  eden space 140800K, 0% used [0x00000000f0380000,0x00000000f0380000,0x00000000f8d00000)
  from space 9216K, 96% used [0x00000000fa900000,0x00000000fb1b1178,0x00000000fb200000)
  to   space 16896K, 0% used [0x00000000f9100000,0x00000000f9100000,0x00000000fa180000)
 ParOldGen       total 54272K, used 32264K [0x00000000d0a00000, 0x00000000d3f00000, 0x00000000f0380000)
  object space 54272K, 59% used [0x00000000d0a00000,0x00000000d2982038,0x00000000d3f00000)
 Metaspace       used 19469K, capacity 19688K, committed 19968K, reserved 1067008K
  class space    used 2248K, capacity 2304K, committed 2304K, reserved 1048576K
}
Event: 295.431 GC heap before
{Heap before GC invocations=12 (full 1):
 PSYoungGen      total 150016K, used 149700K [0x00000000f0380000, 0x00000000fb200000, 0x0000000100000000)
  eden space 140800K, 100% used [0x00000000f0380000,0x00000000f8d00000,0x00000000f8d00000)
  from space 9216K, 96% used [0x00000000fa900000,0x00000000fb1b1178,0x00000000fb200000)
  to   space 16896K, 0% used [0x00000000f9100000,0x00000000f9100000,0x00000000fa180000)
 ParOldGen       total 54272K, used 32264K [0x00000000d0a00000, 0x00000000d3f00000, 0x00000000f0380000)
  object space 54272K, 59% used [0x00000000d0a00000,0x00000000d2982038,0x00000000d3f00000)
 Metaspace       used 20375K, capacity 20584K, committed 20864K, reserved 1067008K
  class space    used 2288K, capacity 2368K, committed 2432K, reserved 1048576K
Event: 295.459 GC heap after
Heap after GC invocations=12 (full 1):
 PSYoungGen      total 161792K, used 2035K [0x00000000f0380000, 0x00000000fee00000, 0x0000000100000000)
  eden space 144896K, 0% used [0x00000000f0380000,0x00000000f0380000,0x00000000f9100000)
  from space 16896K, 12% used [0x00000000f9100000,0x00000000f92fcd98,0x00000000fa180000)
  to   space 17408K, 0% used [0x00000000fdd00000,0x00000000fdd00000,0x00000000fee00000)
 ParOldGen       total 54272K, used 40046K [0x00000000d0a00000, 0x00000000d3f00000, 0x00000000f0380000)
  object space 54272K, 73% used [0x00000000d0a00000,0x00000000d311bb90,0x00000000d3f00000)
 Metaspace       used 20375K, capacity 20584K, committed 20864K, reserved 1067008K
  class space    used 2288K, capacity 2368K, committed 2432K, reserved 1048576K
}

Deoptimization events (10 events):
Event: 14.661 Thread 0x00007f4bcc08c800 Uncommon trap: reason=unreached action=reinterpret pc=0x00007f4c012457c8 method=java.lang.AbstractStringBuilder.append(Ljava/lang/String;)Ljava/lang/AbstractStringBuilder; @ 1
Event: 15.432 Thread 0x00007f4bd4179000 Uncommon trap: reason=class_check action=maybe_recompile pc=0x00007f4c01574614 method=java.util.AbstractCollection.toArray([Ljava/lang/Object;)[Ljava/lang/Object; @ 1
Event: 15.434 Thread 0x00007f4bd4179000 Uncommon trap: reason=class_check action=maybe_recompile pc=0x00007f4c01574614 method=java.util.AbstractCollection.toArray([Ljava/lang/Object;)[Ljava/lang/Object; @ 1
Event: 19.880 Thread 0x00007f4bcc08e800 Uncommon trap: reason=bimorphic action=maybe_recompile pc=0x00007f4c014c8638 method=java.util.regex.Pattern$Curly.match0(Ljava/util/regex/Matcher;IILjava/lang/CharSequence;)Z @ 141
Event: 19.880 Thread 0x00007f4bcc08e800 Uncommon trap: reason=bimorphic action=maybe_recompile pc=0x00007f4c014c8624 method=java.util.regex.Pattern$Curly.match0(Ljava/util/regex/Matcher;IILjava/lang/CharSequence;)Z @ 77
Event: 19.900 Thread 0x00007f4bcc08b000 Uncommon trap: reason=bimorphic action=maybe_recompile pc=0x00007f4c014c8638 method=java.util.regex.Pattern$Curly.match0(Ljava/util/regex/Matcher;IILjava/lang/CharSequence;)Z @ 141
Event: 19.900 Thread 0x00007f4bcc08b000 Uncommon trap: reason=bimorphic action=maybe_recompile pc=0x00007f4c014c8624 method=java.util.regex.Pattern$Curly.match0(Ljava/util/regex/Matcher;IILjava/lang/CharSequence;)Z @ 77
Event: 40.160 Thread 0x00007f4bd4179000 Uncommon trap: reason=unreached action=reinterpret pc=0x00007f4c0157e240 method=java.lang.Class.arrayContentsEq([Ljava/lang/Object;[Ljava/lang/Object;)Z @ 57
Event: 43.710 Thread 0x0000000000705800 Uncommon trap: reason=unloaded action=reinterpret pc=0x00007f4c014de708 method=java.nio.Buffer.nextGetIndex()I @ 11
Event: 111.391 Thread 0x00007f4bdc05c800 Uncommon trap: reason=predicate action=maybe_recompile pc=0x00007f4c0182e7d8 method=com.subgraph.orchid.crypto.Curve25519.square([II[II)V @ 72

Internal exceptions (10 events):
Event: 43.730 Thread 0x0000000000705800 Exception <a 'java/security/PrivilegedActionException'> (0x00000000f310df78) thrown at [/HUDSON/workspace/8-2-build-linux-amd64/jdk8u25/1514/hotspot/src/share/vm/prims/jvm.cpp, line 1312]
Event: 45.429 Thread 0x00007f4bd4179000 Exception <a 'java/security/PrivilegedActionException'> (0x00000000f281c4e8) thrown at [/HUDSON/workspace/8-2-build-linux-amd64/jdk8u25/1514/hotspot/src/share/vm/prims/jvm.cpp, line 1312]
Event: 101.139 Thread 0x00007f4bcc0dc800 Exception <a 'java/security/PrivilegedActionException'> (0x00000000f515a6d8) thrown at [/HUDSON/workspace/8-2-build-linux-amd64/jdk8u25/1514/hotspot/src/share/vm/prims/jvm.cpp, line 1312]
Event: 101.141 Thread 0x00007f4bcc0dc800 Exception <a 'java/security/PrivilegedActionException'> (0x00000000f5160418) thrown at [/HUDSON/workspace/8-2-build-linux-amd64/jdk8u25/1514/hotspot/src/share/vm/prims/jvm.cpp, line 1312]
Event: 101.148 Thread 0x00007f4bcc0dc800 Exception <a 'java/security/PrivilegedActionException'> (0x00000000f516c948) thrown at [/HUDSON/workspace/8-2-build-linux-amd64/jdk8u25/1514/hotspot/src/share/vm/prims/jvm.cpp, line 1312]
Event: 108.172 Thread 0x00007f4bd000f800 Exception <a 'java/lang/NullPointerException'> (0x00000000f1246678) thrown at [/HUDSON/workspace/8-2-build-linux-amd64/jdk8u25/1514/hotspot/src/share/vm/interpreter/linkResolver.cpp, line 1178]
Event: 108.179 Thread 0x00007f4bd000f800 Exception <a 'java/security/PrivilegedActionException'> (0x00000000f1249dc0) thrown at [/HUDSON/workspace/8-2-build-linux-amd64/jdk8u25/1514/hotspot/src/share/vm/prims/jvm.cpp, line 1312]
Event: 108.179 Thread 0x00007f4bd000f800 Exception <a 'java/security/PrivilegedActionException'> (0x00000000f124a430) thrown at [/HUDSON/workspace/8-2-build-linux-amd64/jdk8u25/1514/hotspot/src/share/vm/prims/jvm.cpp, line 1312]
Event: 108.179 Thread 0x00007f4bd000f800 Exception <a 'java/lang/ClassNotFoundException': com.bitmerchant.wallet.WebService$$Lambda$17/1967892594> (0x00000000f124a680) thrown at [/HUDSON/workspace/8-2-build-linux-amd64/jdk8u25/1514/hotspot/src/share/vm/prims/jni.cpp, line 742]
Event: 301.430 Thread 0x00007f4bd4179000 Exception <a 'java/security/PrivilegedActionException'> (0x00000000f03af730) thrown at [/HUDSON/workspace/8-2-build-linux-amd64/jdk8u25/1514/hotspot/src/share/vm/prims/jvm.cpp, line 1312]

Events (10 events):
Event: 295.463 Executing VM operation: RevokeBias done
Event: 295.463 Executing VM operation: RevokeBias
Event: 295.463 Executing VM operation: RevokeBias done
Event: 295.463 Executing VM operation: BulkRevokeBias
Event: 295.464 Executing VM operation: BulkRevokeBias done
Event: 297.929 Thread 0x00007f4c1012e800 flushing nmethod 0x00007f4c01239090
Event: 297.929 Thread 0x00007f4c1012e800 flushing nmethod 0x00007f4c0123e390
Event: 298.983 Thread 0x00007f4c10131000 flushing nmethod 0x00007f4c012d8510
Event: 301.430 loading class com/google/common/collect/MapMaker$RemovalCause
Event: 301.430 loading class com/google/common/collect/MapMaker$RemovalCause done


Dynamic libraries:
00400000-00401000 r-xp 00000000 08:02 11797142                           /usr/lib/jvm/java-8-oracle/jre/bin/java
00600000-00601000 rw-p 00000000 08:02 11797142                           /usr/lib/jvm/java-8-oracle/jre/bin/java
006f4000-00af1000 rw-p 00000000 00:00 0                                  [heap]
d0a00000-d3f00000 rw-p 00000000 00:00 0 
d3f00000-f0380000 ---p 00000000 00:00 0 
f0380000-fee00000 rw-p 00000000 00:00 0 
fee00000-100000000 ---p 00000000 00:00 0 
100000000-100260000 rw-p 00000000 00:00 0 
100260000-140000000 ---p 00000000 00:00 0 
7f4bb6152000-7f4bb6155000 ---p 00000000 00:00 0 
7f4bb6155000-7f4bb6253000 rw-p 00000000 00:00 0                          [stack:15105]
7f4bb6253000-7f4bb6256000 ---p 00000000 00:00 0 
7f4bb6256000-7f4bb6354000 rw-p 00000000 00:00 0                          [stack:15098]
7f4bb6354000-7f4bb6357000 ---p 00000000 00:00 0 
7f4bb6357000-7f4bb6455000 rw-p 00000000 00:00 0                          [stack:15101]
7f4bb6455000-7f4bb6458000 ---p 00000000 00:00 0 
7f4bb6458000-7f4bb6556000 rw-p 00000000 00:00 0                          [stack:15116]
7f4bb6556000-7f4bb6559000 ---p 00000000 00:00 0 
7f4bb6559000-7f4bb6657000 rw-p 00000000 00:00 0 
7f4bb6657000-7f4bb665a000 ---p 00000000 00:00 0 
7f4bb665a000-7f4bb6758000 rw-p 00000000 00:00 0                          [stack:15106]
7f4bb6758000-7f4bb675b000 ---p 00000000 00:00 0 
7f4bb675b000-7f4bb6859000 rw-p 00000000 00:00 0 
7f4bb6859000-7f4bb685c000 ---p 00000000 00:00 0 
7f4bb685c000-7f4bb695a000 rw-p 00000000 00:00 0 
7f4bb695a000-7f4bb695d000 ---p 00000000 00:00 0 
7f4bb695d000-7f4bb6a5b000 rw-p 00000000 00:00 0                          [stack:15096]
7f4bb6a5b000-7f4bb6a5e000 ---p 00000000 00:00 0 
7f4bb6a5e000-7f4bb6b5c000 rw-p 00000000 00:00 0                          [stack:15128]
7f4bb6b5c000-7f4bb6b5f000 ---p 00000000 00:00 0 
7f4bb6b5f000-7f4bb6c5d000 rw-p 00000000 00:00 0                          [stack:15099]
7f4bb6c5d000-7f4bb6c60000 ---p 00000000 00:00 0 
7f4bb6c60000-7f4bb6d5e000 rw-p 00000000 00:00 0 
7f4bb6d5e000-7f4bb6d61000 ---p 00000000 00:00 0 
7f4bb6d61000-7f4bb6e5f000 rw-p 00000000 00:00 0                          [stack:15102]
7f4bb6e5f000-7f4bb6e62000 ---p 00000000 00:00 0 
7f4bb6e62000-7f4bb6f60000 rw-p 00000000 00:00 0 
7f4bb6f60000-7f4bb6f63000 ---p 00000000 00:00 0 
7f4bb6f63000-7f4bb7061000 rw-p 00000000 00:00 0                          [stack:15129]
7f4bb7061000-7f4bb7064000 ---p 00000000 00:00 0 
7f4bb7064000-7f4bb7162000 rw-p 00000000 00:00 0                          [stack:15097]
7f4bb7162000-7f4bb7165000 ---p 00000000 00:00 0 
7f4bb7165000-7f4bb7263000 rw-p 00000000 00:00 0                          [stack:15094]
7f4bb7263000-7f4bb7266000 ---p 00000000 00:00 0 
7f4bb7266000-7f4bb7364000 rw-p 00000000 00:00 0                          [stack:15100]
7f4bb7364000-7f4bb7367000 ---p 00000000 00:00 0 
7f4bb7367000-7f4bb7465000 rw-p 00000000 00:00 0 
7f4bb7465000-7f4bb7468000 ---p 00000000 00:00 0 
7f4bb7468000-7f4bb7566000 rw-p 00000000 00:00 0 
7f4bb7566000-7f4bb7569000 ---p 00000000 00:00 0 
7f4bb7569000-7f4bb7667000 rw-p 00000000 00:00 0                          [stack:15048]
7f4bb7667000-7f4bb766a000 ---p 00000000 00:00 0 
7f4bb766a000-7f4bb7768000 rw-p 00000000 00:00 0                          [stack:15047]
7f4bb7768000-7f4bb776b000 ---p 00000000 00:00 0 
7f4bb776b000-7f4bb7869000 rw-p 00000000 00:00 0                          [stack:15046]
7f4bb7869000-7f4bb786c000 ---p 00000000 00:00 0 
7f4bb786c000-7f4bb796a000 rw-p 00000000 00:00 0                          [stack:15036]
7f4bb796a000-7f4bb796d000 ---p 00000000 00:00 0 
7f4bb796d000-7f4bb7a6b000 rw-p 00000000 00:00 0                          [stack:15035]
7f4bb7a6b000-7f4bb7a6e000 ---p 00000000 00:00 0 
7f4bb7a6e000-7f4bb7b6c000 rw-p 00000000 00:00 0                          [stack:15032]
7f4bb7b6c000-7f4bb7b6f000 ---p 00000000 00:00 0 
7f4bb7b6f000-7f4bb7c6d000 rw-p 00000000 00:00 0 
7f4bb7c6d000-7f4bb7c70000 ---p 00000000 00:00 0 
7f4bb7c70000-7f4bb7d6e000 rw-p 00000000 00:00 0                          [stack:15024]
7f4bb7d6e000-7f4bb7d71000 ---p 00000000 00:00 0 
7f4bb7d71000-7f4bb7e6f000 rw-p 00000000 00:00 0 
7f4bb7e6f000-7f4bb7e72000 ---p 00000000 00:00 0 
7f4bb7e72000-7f4bb7f70000 rw-p 00000000 00:00 0                          [stack:15020]
7f4bb7f70000-7f4bb7f72000 r-xp 00000000 08:02 8650804                    /lib/libnss_mdns4.so.2
7f4bb7f72000-7f4bb8171000 ---p 00002000 08:02 8650804                    /lib/libnss_mdns4.so.2
7f4bb8171000-7f4bb8172000 r--p 00001000 08:02 8650804                    /lib/libnss_mdns4.so.2
7f4bb8172000-7f4bb8173000 rw-p 00002000 08:02 8650804                    /lib/libnss_mdns4.so.2
7f4bb8174000-7f4bb8177000 ---p 00000000 00:00 0 
7f4bb8177000-7f4bb8275000 rw-p 00000000 00:00 0 
7f4bb8275000-7f4bb8278000 ---p 00000000 00:00 0 
7f4bb8278000-7f4bb8376000 rw-p 00000000 00:00 0                          [stack:15115]
7f4bb8376000-7f4bb8379000 ---p 00000000 00:00 0 
7f4bb8379000-7f4bb8477000 rw-p 00000000 00:00 0 
7f4bb8477000-7f4bb847a000 ---p 00000000 00:00 0 
7f4bb847a000-7f4bb8578000 rw-p 00000000 00:00 0 
7f4bb8578000-7f4bb857b000 ---p 00000000 00:00 0 
7f4bb857b000-7f4bb8679000 rw-p 00000000 00:00 0 
7f4bb8679000-7f4bb867c000 ---p 00000000 00:00 0 
7f4bb867c000-7f4bb877a000 rw-p 00000000 00:00 0 
7f4bb877a000-7f4bb877d000 ---p 00000000 00:00 0 
7f4bb877d000-7f4bb887b000 rw-p 00000000 00:00 0 
7f4bb887b000-7f4bb887e000 ---p 00000000 00:00 0 
7f4bb887e000-7f4bb897c000 rw-p 00000000 00:00 0 
7f4bb897c000-7f4bb897f000 ---p 00000000 00:00 0 
7f4bb897f000-7f4bb8a7d000 rw-p 00000000 00:00 0 
7f4bb8a7d000-7f4bb8a80000 ---p 00000000 00:00 0 
7f4bb8a80000-7f4bb8b7e000 rw-p 00000000 00:00 0 
7f4bb8b7e000-7f4bb8b81000 ---p 00000000 00:00 0 
7f4bb8b81000-7f4bb8c7f000 rw-p 00000000 00:00 0                          [stack:14987]
7f4bb8c7f000-7f4bb8c82000 ---p 00000000 00:00 0 
7f4bb8c82000-7f4bb8d80000 rw-p 00000000 00:00 0                          [stack:14986]
7f4bb8d80000-7f4bb8d87000 r-xp 00000000 08:02 8655898                    /lib/x86_64-linux-gnu/libnss_dns-2.15.so
7f4bb8d87000-7f4bb8f86000 ---p 00007000 08:02 8655898                    /lib/x86_64-linux-gnu/libnss_dns-2.15.so
7f4bb8f86000-7f4bb8f87000 r--p 00006000 08:02 8655898                    /lib/x86_64-linux-gnu/libnss_dns-2.15.so
7f4bb8f87000-7f4bb8f88000 rw-p 00007000 08:02 8655898                    /lib/x86_64-linux-gnu/libnss_dns-2.15.so
7f4bb8f88000-7f4bb8f8a000 r-xp 00000000 08:02 8650805                    /lib/libnss_mdns4_minimal.so.2
7f4bb8f8a000-7f4bb9189000 ---p 00002000 08:02 8650805                    /lib/libnss_mdns4_minimal.so.2
7f4bb9189000-7f4bb918a000 r--p 00001000 08:02 8650805                    /lib/libnss_mdns4_minimal.so.2
7f4bb918a000-7f4bb918b000 rw-p 00002000 08:02 8650805                    /lib/libnss_mdns4_minimal.so.2
7f4bb918c000-7f4bb938c000 rw-p 00000000 00:00 0 
7f4bb938c000-7f4bb938f000 ---p 00000000 00:00 0 
7f4bb938f000-7f4bb948d000 rw-p 00000000 00:00 0 
7f4bb948d000-7f4bb9490000 ---p 00000000 00:00 0 
7f4bb9490000-7f4bb958e000 rw-p 00000000 00:00 0                          [stack:14979]
7f4bb958e000-7f4bb9591000 ---p 00000000 00:00 0 
7f4bb9591000-7f4bb968f000 rw-p 00000000 00:00 0 
7f4bb968f000-7f4bb9692000 ---p 00000000 00:00 0 
7f4bb9692000-7f4bb9a8e000 rw-p 00000000 00:00 0                          [stack:14973]
7f4bba28f000-7f4bba290000 ---p 00000000 00:00 0 
7f4bba290000-7f4bbaa90000 rw-p 00000000 00:00 0 
7f4bbaa90000-7f4bbaa96000 r-xp 00000000 08:02 10886392                   /usr/lib/x86_64-linux-gnu/libogg.so.0.7.1
7f4bbaa96000-7f4bbac95000 ---p 00006000 08:02 10886392                   /usr/lib/x86_64-linux-gnu/libogg.so.0.7.1
7f4bbac95000-7f4bbac96000 r--p 00005000 08:02 10886392                   /usr/lib/x86_64-linux-gnu/libogg.so.0.7.1
7f4bbac96000-7f4bbac97000 rw-p 00006000 08:02 10886392                   /usr/lib/x86_64-linux-gnu/libogg.so.0.7.1
7f4bbac98000-7f4bbacc3000 r-xp 00000000 08:02 10886544                   /usr/lib/x86_64-linux-gnu/libvorbis.so.0.4.5
7f4bbacc3000-7f4bbaec2000 ---p 0002b000 08:02 10886544                   /usr/lib/x86_64-linux-gnu/libvorbis.so.0.4.5
7f4bbaec2000-7f4bbaec3000 r--p 0002a000 08:02 10886544                   /usr/lib/x86_64-linux-gnu/libvorbis.so.0.4.5
7f4bbaec3000-7f4bbaec4000 rw-p 0002b000 08:02 10886544                   /usr/lib/x86_64-linux-gnu/libvorbis.so.0.4.5
7f4bbaec8000-7f4bbaed0000 r-xp 00000000 08:02 10886352                   /usr/lib/x86_64-linux-gnu/libltdl.so.7.3.0
7f4bbaed0000-7f4bbb0d0000 ---p 00008000 08:02 10886352                   /usr/lib/x86_64-linux-gnu/libltdl.so.7.3.0
7f4bbb0d0000-7f4bbb0d1000 r--p 00008000 08:02 10886352                   /usr/lib/x86_64-linux-gnu/libltdl.so.7.3.0
7f4bbb0d1000-7f4bbb0d2000 rw-p 00009000 08:02 10886352                   /usr/lib/x86_64-linux-gnu/libltdl.so.7.3.0
7f4bbb0d8000-7f4bbb0e8000 r-xp 00000000 08:02 10886517                   /usr/lib/x86_64-linux-gnu/libtdb.so.1.2.9
7f4bbb0e8000-7f4bbb2e7000 ---p 00010000 08:02 10886517                   /usr/lib/x86_64-linux-gnu/libtdb.so.1.2.9
7f4bbb2e7000-7f4bbb2e8000 r--p 0000f000 08:02 10886517                   /usr/lib/x86_64-linux-gnu/libtdb.so.1.2.9
7f4bbb2e8000-7f4bbb2e9000 rw-p 00010000 08:02 10886517                   /usr/lib/x86_64-linux-gnu/libtdb.so.1.2.9
7f4bbb2f0000-7f4bbb2f7000 r-xp 00000000 08:02 10886548                   /usr/lib/x86_64-linux-gnu/libvorbisfile.so.3.3.4
7f4bbb2f7000-7f4bbb4f6000 ---p 00007000 08:02 10886548                   /usr/lib/x86_64-linux-gnu/libvorbisfile.so.3.3.4
7f4bbb4f6000-7f4bbb4f7000 r--p 00006000 08:02 10886548                   /usr/lib/x86_64-linux-gnu/libvorbisfile.so.3.3.4
7f4bbb4f7000-7f4bbb4f8000 rw-p 00007000 08:02 10886548                   /usr/lib/x86_64-linux-gnu/libvorbisfile.so.3.3.4
7f4bbb4f8000-7f4bbb507000 r-xp 00000000 08:02 10886057                   /usr/lib/x86_64-linux-gnu/libcanberra.so.0.2.5
7f4bbb507000-7f4bbb706000 ---p 0000f000 08:02 10886057                   /usr/lib/x86_64-linux-gnu/libcanberra.so.0.2.5
7f4bbb706000-7f4bbb707000 r--p 0000e000 08:02 10886057                   /usr/lib/x86_64-linux-gnu/libcanberra.so.0.2.5
7f4bbb707000-7f4bbb708000 rw-p 0000f000 08:02 10886057                   /usr/lib/x86_64-linux-gnu/libcanberra.so.0.2.5
7f4bbb70e000-7f4bbb711000 ---p 00000000 00:00 0 
7f4bbb711000-7f4bbb80f000 rw-p 00000000 00:00 0                          [stack:14959]
7f4bbb80f000-7f4bbb812000 ---p 00000000 00:00 0 
7f4bbb812000-7f4bbb910000 rw-p 00000000 00:00 0                          [stack:14958]
7f4bbb910000-7f4bbb914000 r-xp 00000000 08:02 10886053                   /usr/lib/x86_64-linux-gnu/libcanberra-gtk.so.0.1.8
7f4bbb914000-7f4bbbb13000 ---p 00004000 08:02 10886053                   /usr/lib/x86_64-linux-gnu/libcanberra-gtk.so.0.1.8
7f4bbbb13000-7f4bbbb14000 r--p 00003000 08:02 10886053                   /usr/lib/x86_64-linux-gnu/libcanberra-gtk.so.0.1.8
7f4bbbb14000-7f4bbbb15000 rw-p 00004000 08:02 10886053                   /usr/lib/x86_64-linux-gnu/libcanberra-gtk.so.0.1.8
7f4bbbb18000-7f4bbbb1d000 r-xp 00000000 08:02 11013985                   /usr/lib/x86_64-linux-gnu/gtk-2.0/modules/libcanberra-gtk-module.so
7f4bbbb1d000-7f4bbbd1c000 ---p 00005000 08:02 11013985                   /usr/lib/x86_64-linux-gnu/gtk-2.0/modules/libcanberra-gtk-module.so
7f4bbbd1c000-7f4bbbd1d000 r--p 00004000 08:02 11013985                   /usr/lib/x86_64-linux-gnu/gtk-2.0/modules/libcanberra-gtk-module.so
7f4bbbd1d000-7f4bbbd1e000 rw-p 00005000 08:02 11013985                   /usr/lib/x86_64-linux-gnu/gtk-2.0/modules/libcanberra-gtk-module.so
7f4bbbd20000-7f4bbbf20000 rw-p 00000000 00:00 0 
7f4bbbf20000-7f4bbbf4f000 r-xp 00000000 08:02 11013966                   /usr/lib/x86_64-linux-gnu/gtk-2.0/2.10.0/engines/libmurrine.so
7f4bbbf4f000-7f4bbc14f000 ---p 0002f000 08:02 11013966                   /usr/lib/x86_64-linux-gnu/gtk-2.0/2.10.0/engines/libmurrine.so
7f4bbc14f000-7f4bbc150000 r--p 0002f000 08:02 11013966                   /usr/lib/x86_64-linux-gnu/gtk-2.0/2.10.0/engines/libmurrine.so
7f4bbc150000-7f4bbc151000 rw-p 00030000 08:02 11013966                   /usr/lib/x86_64-linux-gnu/gtk-2.0/2.10.0/engines/libmurrine.so
7f4bbc156000-7f4bbc157000 ---p 00000000 00:00 0 
7f4bbc157000-7f4bbc957000 rw-p 00000000 00:00 0                          [stack:14956]
7f4bbc957000-7f4bbc958000 ---p 00000000 00:00 0 
7f4bbc958000-7f4bbd158000 rw-p 00000000 00:00 0                          [stack:14955]
7f4bbd158000-7f4bbd23a000 r-xp 00000000 08:02 10886507                   /usr/lib/x86_64-linux-gnu/libstdc++.so.6.0.16
7f4bbd23a000-7f4bbd439000 ---p 000e2000 08:02 10886507                   /usr/lib/x86_64-linux-gnu/libstdc++.so.6.0.16
7f4bbd439000-7f4bbd441000 r--p 000e1000 08:02 10886507                   /usr/lib/x86_64-linux-gnu/libstdc++.so.6.0.16
7f4bbd441000-7f4bbd443000 rw-p 000e9000 08:02 10886507                   /usr/lib/x86_64-linux-gnu/libstdc++.so.6.0.16
7f4bbd443000-7f4bbd458000 rw-p 00000000 00:00 0 
7f4bbd46e000-7f4bbd471000 ---p 00000000 00:00 0 
7f4bbd471000-7f4bbd56f000 rw-p 00000000 00:00 0                          [stack:14957]
7f4bbd56f000-7f4bbd572000 ---p 00000000 00:00 0 
7f4bbd572000-7f4bbd670000 rw-p 00000000 00:00 0                          [stack:14954]
7f4bbd670000-7f4bbd680000 r-xp 00000000 08:02 11013837                   /usr/lib/x86_64-linux-gnu/gio/modules/libgioremote-volume-monitor.so
7f4bbd680000-7f4bbd87f000 ---p 00010000 08:02 11013837                   /usr/lib/x86_64-linux-gnu/gio/modules/libgioremote-volume-monitor.so
7f4bbd87f000-7f4bbd880000 r--p 0000f000 08:02 11013837                   /usr/lib/x86_64-linux-gnu/gio/modules/libgioremote-volume-monitor.so
7f4bbd880000-7f4bbd881000 rw-p 00010000 08:02 11013837                   /usr/lib/x86_64-linux-gnu/gio/modules/libgioremote-volume-monitor.so
7f4bbd888000-7f4bbd88f000 r-xp 00000000 08:02 11013833                   /usr/lib/x86_64-linux-gnu/gio/modules/libdconfsettings.so
7f4bbd88f000-7f4bbda8e000 ---p 00007000 08:02 11013833                   /usr/lib/x86_64-linux-gnu/gio/modules/libdconfsettings.so
7f4bbda8e000-7f4bbda8f000 r--p 00006000 08:02 11013833                   /usr/lib/x86_64-linux-gnu/gio/modules/libdconfsettings.so
7f4bbda8f000-7f4bbda90000 rw-p 00007000 08:02 11013833                   /usr/lib/x86_64-linux-gnu/gio/modules/libdconfsettings.so
7f4bbda90000-7f4bbda9c000 r-xp 00000000 08:02 8650872                    /lib/x86_64-linux-gnu/libudev.so.0.13.0
7f4bbda9c000-7f4bbdc9b000 ---p 0000c000 08:02 8650872                    /lib/x86_64-linux-gnu/libudev.so.0.13.0
7f4bbdc9b000-7f4bbdc9c000 r--p 0000b000 08:02 8650872                    /lib/x86_64-linux-gnu/libudev.so.0.13.0
7f4bbdc9c000-7f4bbdc9d000 rw-p 0000c000 08:02 8650872                    /lib/x86_64-linux-gnu/libudev.so.0.13.0
7f4bbdca0000-7f4bbdce2000 r-xp 00000000 08:02 8650817                    /lib/x86_64-linux-gnu/libdbus-1.so.3.5.8
7f4bbdce2000-7f4bbdee2000 ---p 00042000 08:02 8650817                    /lib/x86_64-linux-gnu/libdbus-1.so.3.5.8
7f4bbdee2000-7f4bbdee3000 r--p 00042000 08:02 8650817                    /lib/x86_64-linux-gnu/libdbus-1.so.3.5.8
7f4bbdee3000-7f4bbdee4000 rw-p 00043000 08:02 8650817                    /lib/x86_64-linux-gnu/libdbus-1.so.3.5.8
7f4bbdee8000-7f4bbdefe000 r-xp 00000000 08:02 11014031                   /usr/lib/x86_64-linux-gnu/gvfs/libgvfscommon.so
7f4bbdefe000-7f4bbe0fd000 ---p 00016000 08:02 11014031                   /usr/lib/x86_64-linux-gnu/gvfs/libgvfscommon.so
7f4bbe0fd000-7f4bbe0fe000 r--p 00015000 08:02 11014031                   /usr/lib/x86_64-linux-gnu/gvfs/libgvfscommon.so
7f4bbe0fe000-7f4bbe0ff000 rw-p 00016000 08:02 11014031                   /usr/lib/x86_64-linux-gnu/gvfs/libgvfscommon.so
7f4bbe100000-7f4bbe128000 r-xp 00000000 08:02 11013838                   /usr/lib/x86_64-linux-gnu/gio/modules/libgvfsdbus.so
7f4bbe128000-7f4bbe327000 ---p 00028000 08:02 11013838                   /usr/lib/x86_64-linux-gnu/gio/modules/libgvfsdbus.so
7f4bbe327000-7f4bbe328000 r--p 00027000 08:02 11013838                   /usr/lib/x86_64-linux-gnu/gio/modules/libgvfsdbus.so
7f4bbe328000-7f4bbe329000 rw-p 00028000 08:02 11013838                   /usr/lib/x86_64-linux-gnu/gio/modules/libgvfsdbus.so
7f4bbe32f000-7f4bbe332000 ---p 00000000 00:00 0 
7f4bbe332000-7f4bbe430000 rw-p 00000000 00:00 0                          [stack:14953]
7f4bbe430000-7f4bbe440000 r-xp 00000000 08:02 10881862                   /usr/lib/liboverlay-scrollbar-0.2.so.0.0.16
7f4bbe440000-7f4bbe63f000 ---p 00010000 08:02 10881862                   /usr/lib/liboverlay-scrollbar-0.2.so.0.0.16
7f4bbe63f000-7f4bbe640000 r--p 0000f000 08:02 10881862                   /usr/lib/liboverlay-scrollbar-0.2.so.0.0.16
7f4bbe640000-7f4bbe641000 rw-p 00010000 08:02 10881862                   /usr/lib/liboverlay-scrollbar-0.2.so.0.0.16
7f4bbe648000-7f4bbe649000 r-xp 00000000 08:02 10880555                   /usr/lib/x86_64-linux-gnu/libgthread-2.0.so.0.3200.4
7f4bbe649000-7f4bbe848000 ---p 00001000 08:02 10880555                   /usr/lib/x86_64-linux-gnu/libgthread-2.0.so.0.3200.4
7f4bbe848000-7f4bbe849000 r--p 00000000 08:02 10880555                   /usr/lib/x86_64-linux-gnu/libgthread-2.0.so.0.3200.4
7f4bbe849000-7f4bbe84a000 rw-p 00001000 08:02 10880555                   /usr/lib/x86_64-linux-gnu/libgthread-2.0.so.0.3200.4
7f4bbe850000-7f4bbe88c000 r-xp 00000000 08:02 8654414                    /lib/x86_64-linux-gnu/libpcre.so.3.12.1
7f4bbe88c000-7f4bbea8b000 ---p 0003c000 08:02 8654414                    /lib/x86_64-linux-gnu/libpcre.so.3.12.1
7f4bbea8b000-7f4bbea8c000 r--p 0003b000 08:02 8654414                    /lib/x86_64-linux-gnu/libpcre.so.3.12.1
7f4bbea8c000-7f4bbea8d000 rw-p 0003c000 08:02 8654414                    /lib/x86_64-linux-gnu/libpcre.so.3.12.1
7f4bbea90000-7f4bbea97000 r-xp 00000000 08:02 10886136                   /usr/lib/x86_64-linux-gnu/libffi.so.6.0.0
7f4bbea97000-7f4bbec96000 ---p 00007000 08:02 10886136                   /usr/lib/x86_64-linux-gnu/libffi.so.6.0.0
7f4bbec96000-7f4bbec97000 r--p 00006000 08:02 10886136                   /usr/lib/x86_64-linux-gnu/libffi.so.6.0.0
7f4bbec97000-7f4bbec98000 rw-p 00007000 08:02 10886136                   /usr/lib/x86_64-linux-gnu/libffi.so.6.0.0
7f4bbec98000-7f4bbecbf000 r-xp 00000000 08:02 8654359                    /lib/x86_64-linux-gnu/libexpat.so.1.5.2
7f4bbecbf000-7f4bbeebf000 ---p 00027000 08:02 8654359                    /lib/x86_64-linux-gnu/libexpat.so.1.5.2
7f4bbeebf000-7f4bbeec1000 r--p 00027000 08:02 8654359                    /lib/x86_64-linux-gnu/libexpat.so.1.5.2
7f4bbeec1000-7f4bbeec2000 rw-p 00029000 08:02 8654359                    /lib/x86_64-linux-gnu/libexpat.so.1.5.2
7f4bbeec8000-7f4bbeee0000 r-xp 00000000 08:02 8655886                    /lib/x86_64-linux-gnu/libresolv-2.15.so
7f4bbeee0000-7f4bbf0e0000 ---p 00018000 08:02 8655886                    /lib/x86_64-linux-gnu/libresolv-2.15.so
7f4bbf0e0000-7f4bbf0e1000 r--p 00018000 08:02 8655886                    /lib/x86_64-linux-gnu/libresolv-2.15.so
7f4bbf0e1000-7f4bbf0e2000 rw-p 00019000 08:02 8655886                    /lib/x86_64-linux-gnu/libresolv-2.15.so
7f4bbf0e2000-7f4bbf0e4000 rw-p 00000000 00:00 0 
7f4bbf0e8000-7f4bbf105000 r-xp 00000000 08:02 8654429                    /lib/x86_64-linux-gnu/libselinux.so.1
7f4bbf105000-7f4bbf304000 ---p 0001d000 08:02 8654429                    /lib/x86_64-linux-gnu/libselinux.so.1
7f4bbf304000-7f4bbf305000 r--p 0001c000 08:02 8654429                    /lib/x86_64-linux-gnu/libselinux.so.1
7f4bbf305000-7f4bbf306000 rw-p 0001d000 08:02 8654429                    /lib/x86_64-linux-gnu/libselinux.so.1
7f4bbf306000-7f4bbf307000 rw-p 00000000 00:00 0 
7f4bbf308000-7f4bbf30b000 r-xp 00000000 08:02 10879353                   /usr/lib/x86_64-linux-gnu/libgmodule-2.0.so.0.3200.4
7f4bbf30b000-7f4bbf50a000 ---p 00003000 08:02 10879353                   /usr/lib/x86_64-linux-gnu/libgmodule-2.0.so.0.3200.4
7f4bbf50a000-7f4bbf50b000 r--p 00002000 08:02 10879353                   /usr/lib/x86_64-linux-gnu/libgmodule-2.0.so.0.3200.4
7f4bbf50b000-7f4bbf50c000 rw-p 00003000 08:02 10879353                   /usr/lib/x86_64-linux-gnu/libgmodule-2.0.so.0.3200.4
7f4bbf510000-7f4bbf526000 r-xp 00000000 08:02 8654452                    /lib/x86_64-linux-gnu/libz.so.1.2.3.4
7f4bbf526000-7f4bbf725000 ---p 00016000 08:02 8654452                    /lib/x86_64-linux-gnu/libz.so.1.2.3.4
7f4bbf725000-7f4bbf726000 r--p 00015000 08:02 8654452                    /lib/x86_64-linux-gnu/libz.so.1.2.3.4
7f4bbf726000-7f4bbf727000 rw-p 00016000 08:02 8654452                    /lib/x86_64-linux-gnu/libz.so.1.2.3.4
7f4bbf728000-7f4bbf730000 r-xp 00000000 08:02 10886567                   /usr/lib/x86_64-linux-gnu/libxcb-render.so.0.0.0
7f4bbf730000-7f4bbf930000 ---p 00008000 08:02 10886567                   /usr/lib/x86_64-linux-gnu/libxcb-render.so.0.0.0
7f4bbf930000-7f4bbf931000 r--p 00008000 08:02 10886567                   /usr/lib/x86_64-linux-gnu/libxcb-render.so.0.0.0
7f4bbf931000-7f4bbf932000 rw-p 00009000 08:02 10886567                   /usr/lib/x86_64-linux-gnu/libxcb-render.so.0.0.0
7f4bbf938000-7f4bbf93a000 r-xp 00000000 08:02 10886571                   /usr/lib/x86_64-linux-gnu/libxcb-shm.so.0.0.0
7f4bbf93a000-7f4bbfb39000 ---p 00002000 08:02 10886571                   /usr/lib/x86_64-linux-gnu/libxcb-shm.so.0.0.0
7f4bbfb39000-7f4bbfb3a000 r--p 00001000 08:02 10886571                   /usr/lib/x86_64-linux-gnu/libxcb-shm.so.0.0.0
7f4bbfb3a000-7f4bbfb3b000 rw-p 00002000 08:02 10886571                   /usr/lib/x86_64-linux-gnu/libxcb-shm.so.0.0.0
7f4bbfb40000-7f4bbfb66000 r-xp 00000000 08:02 8654418                    /lib/x86_64-linux-gnu/libpng12.so.0.46.0
7f4bbfb66000-7f4bbfd66000 ---p 00026000 08:02 8654418                    /lib/x86_64-linux-gnu/libpng12.so.0.46.0
7f4bbfd66000-7f4bbfd67000 r--p 00026000 08:02 8654418                    /lib/x86_64-linux-gnu/libpng12.so.0.46.0
7f4bbfd67000-7f4bbfd68000 rw-p 00027000 08:02 8654418                    /lib/x86_64-linux-gnu/libpng12.so.0.46.0
7f4bbfd68000-7f4bbfdf8000 r-xp 00000000 08:02 10880223                   /usr/lib/x86_64-linux-gnu/libpixman-1.so.0.30.2
7f4bbfdf8000-7f4bbfff7000 ---p 00090000 08:02 10880223                   /usr/lib/x86_64-linux-gnu/libpixman-1.so.0.30.2
7f4bbfff7000-7f4bbfffe000 r--p 0008f000 08:02 10880223                   /usr/lib/x86_64-linux-gnu/libpixman-1.so.0.30.2
7f4bbfffe000-7f4bbffff000 rw-p 00096000 08:02 10880223                   /usr/lib/x86_64-linux-gnu/libpixman-1.so.0.30.2
7f4bc0000000-7f4bc02c1000 rw-p 00000000 00:00 0 
7f4bc02c1000-7f4bc4000000 ---p 00000000 00:00 0 
7f4bc401f000-7f4bc4022000 ---p 00000000 00:00 0 
7f4bc4022000-7f4bc4120000 rw-p 00000000 00:00 0                          [stack:14952]
7f4bc4120000-7f4bc41b6000 r-xp 00000000 08:02 10886146                   /usr/lib/x86_64-linux-gnu/libfreetype.so.6.8.0
7f4bc41b6000-7f4bc43b5000 ---p 00096000 08:02 10886146                   /usr/lib/x86_64-linux-gnu/libfreetype.so.6.8.0
7f4bc43b5000-7f4bc43bb000 r--p 00095000 08:02 10886146                   /usr/lib/x86_64-linux-gnu/libfreetype.so.6.8.0
7f4bc43bb000-7f4bc43bc000 rw-p 0009b000 08:02 10886146                   /usr/lib/x86_64-linux-gnu/libfreetype.so.6.8.0
7f4bc43c0000-7f4bc43c2000 r-xp 00000000 08:02 10885961                   /usr/lib/x86_64-linux-gnu/libXdamage.so.1.1.0
7f4bc43c2000-7f4bc45c1000 ---p 00002000 08:02 10885961                   /usr/lib/x86_64-linux-gnu/libXdamage.so.1.1.0
7f4bc45c1000-7f4bc45c2000 r--p 00001000 08:02 10885961                   /usr/lib/x86_64-linux-gnu/libXdamage.so.1.1.0
7f4bc45c2000-7f4bc45c3000 rw-p 00002000 08:02 10885961                   /usr/lib/x86_64-linux-gnu/libXdamage.so.1.1.0
7f4bc45c8000-7f4bc45ca000 r-xp 00000000 08:02 10885957                   /usr/lib/x86_64-linux-gnu/libXcomposite.so.1.0.0
7f4bc45ca000-7f4bc47c9000 ---p 00002000 08:02 10885957                   /usr/lib/x86_64-linux-gnu/libXcomposite.so.1.0.0
7f4bc47c9000-7f4bc47ca000 r--p 00001000 08:02 10885957                   /usr/lib/x86_64-linux-gnu/libXcomposite.so.1.0.0
7f4bc47ca000-7f4bc47cb000 rw-p 00002000 08:02 10885957                   /usr/lib/x86_64-linux-gnu/libXcomposite.so.1.0.0
7f4bc47d0000-7f4bc47d7000 r-xp 00000000 08:02 10885983                   /usr/lib/x86_64-linux-gnu/libXrandr.so.2.2.0
7f4bc47d7000-7f4bc49d6000 ---p 00007000 08:02 10885983                   /usr/lib/x86_64-linux-gnu/libXrandr.so.2.2.0
7f4bc49d6000-7f4bc49d7000 r--p 00006000 08:02 10885983                   /usr/lib/x86_64-linux-gnu/libXrandr.so.2.2.0
7f4bc49d7000-7f4bc49d8000 rw-p 00007000 08:02 10885983                   /usr/lib/x86_64-linux-gnu/libXrandr.so.2.2.0
7f4bc49d8000-7f4bc49da000 r-xp 00000000 08:02 10885973                   /usr/lib/x86_64-linux-gnu/libXinerama.so.1.0.0
7f4bc49da000-7f4bc4bd9000 ---p 00002000 08:02 10885973                   /usr/lib/x86_64-linux-gnu/libXinerama.so.1.0.0
7f4bc4bd9000-7f4bc4bda000 r--p 00001000 08:02 10885973                   /usr/lib/x86_64-linux-gnu/libXinerama.so.1.0.0
7f4bc4bda000-7f4bc4bdb000 rw-p 00002000 08:02 10885973                   /usr/lib/x86_64-linux-gnu/libXinerama.so.1.0.0
7f4bc4be0000-7f4bc4cd2000 r-xp 00000000 08:02 8654346                    /lib/x86_64-linux-gnu/libglib-2.0.so.0.3200.4
7f4bc4cd2000-7f4bc4ed2000 ---p 000f2000 08:02 8654346                    /lib/x86_64-linux-gnu/libglib-2.0.so.0.3200.4
7f4bc4ed2000-7f4bc4ed3000 r--p 000f2000 08:02 8654346                    /lib/x86_64-linux-gnu/libglib-2.0.so.0.3200.4
7f4bc4ed3000-7f4bc4ed4000 rw-p 000f3000 08:02 8654346                    /lib/x86_64-linux-gnu/libglib-2.0.so.0.3200.4
7f4bc4ed4000-7f4bc4ed5000 rw-p 00000000 00:00 0 
7f4bc4ed8000-7f4bc4f25000 r-xp 00000000 08:02 10880557                   /usr/lib/x86_64-linux-gnu/libgobject-2.0.so.0.3200.4
7f4bc4f25000-7f4bc5125000 ---p 0004d000 08:02 10880557                   /usr/lib/x86_64-linux-gnu/libgobject-2.0.so.0.3200.4
7f4bc5125000-7f4bc5126000 r--p 0004d000 08:02 10880557                   /usr/lib/x86_64-linux-gnu/libgobject-2.0.so.0.3200.4
7f4bc5126000-7f4bc5127000 rw-p 0004e000 08:02 10880557                   /usr/lib/x86_64-linux-gnu/libgobject-2.0.so.0.3200.4
7f4bc5128000-7f4bc515c000 r-xp 00000000 08:02 10886138                   /usr/lib/x86_64-linux-gnu/libfontconfig.so.1.4.4
7f4bc515c000-7f4bc535c000 ---p 00034000 08:02 10886138                   /usr/lib/x86_64-linux-gnu/libfontconfig.so.1.4.4
7f4bc535c000-7f4bc535d000 r--p 00034000 08:02 10886138                   /usr/lib/x86_64-linux-gnu/libfontconfig.so.1.4.4
7f4bc535d000-7f4bc535e000 rw-p 00035000 08:02 10886138                   /usr/lib/x86_64-linux-gnu/libfontconfig.so.1.4.4
7f4bc5360000-7f4bc53a6000 r-xp 00000000 08:02 10886404                   /usr/lib/x86_64-linux-gnu/libpango-1.0.so.0.3000.0
7f4bc53a6000-7f4bc55a6000 ---p 00046000 08:02 10886404                   /usr/lib/x86_64-linux-gnu/libpango-1.0.so.0.3000.0
7f4bc55a6000-7f4bc55a8000 r--p 00046000 08:02 10886404                   /usr/lib/x86_64-linux-gnu/libpango-1.0.so.0.3000.0
7f4bc55a8000-7f4bc55a9000 rw-p 00048000 08:02 10886404                   /usr/lib/x86_64-linux-gnu/libpango-1.0.so.0.3000.0
7f4bc55b0000-7f4bc55d9000 r-xp 00000000 08:02 10886408                   /usr/lib/x86_64-linux-gnu/libpangoft2-1.0.so.0.3000.0
7f4bc55d9000-7f4bc57d8000 ---p 00029000 08:02 10886408                   /usr/lib/x86_64-linux-gnu/libpangoft2-1.0.so.0.3000.0
7f4bc57d8000-7f4bc57d9000 r--p 00028000 08:02 10886408                   /usr/lib/x86_64-linux-gnu/libpangoft2-1.0.so.0.3000.0
7f4bc57d9000-7f4bc57da000 rw-p 00029000 08:02 10886408                   /usr/lib/x86_64-linux-gnu/libpangoft2-1.0.so.0.3000.0
7f4bc57e0000-7f4bc5928000 r-xp 00000000 08:02 10880556                   /usr/lib/x86_64-linux-gnu/libgio-2.0.so.0.3200.4
7f4bc5928000-7f4bc5b27000 ---p 00148000 08:02 10880556                   /usr/lib/x86_64-linux-gnu/libgio-2.0.so.0.3200.4
7f4bc5b27000-7f4bc5b2b000 r--p 00147000 08:02 10880556                   /usr/lib/x86_64-linux-gnu/libgio-2.0.so.0.3200.4
7f4bc5b2b000-7f4bc5b2d000 rw-p 0014b000 08:02 10880556                   /usr/lib/x86_64-linux-gnu/libgio-2.0.so.0.3200.4
7f4bc5b2d000-7f4bc5b2f000 rw-p 00000000 00:00 0 
7f4bc5b30000-7f4bc5b4e000 r-xp 00000000 08:02 10880593                   /usr/lib/x86_64-linux-gnu/libgdk_pixbuf-2.0.so.0.2600.1
7f4bc5b4e000-7f4bc5d4e000 ---p 0001e000 08:02 10880593                   /usr/lib/x86_64-linux-gnu/libgdk_pixbuf-2.0.so.0.2600.1
7f4bc5d4e000-7f4bc5d4f000 r--p 0001e000 08:02 10880593                   /usr/lib/x86_64-linux-gnu/libgdk_pixbuf-2.0.so.0.2600.1
7f4bc5d4f000-7f4bc5d50000 rw-p 0001f000 08:02 10880593                   /usr/lib/x86_64-linux-gnu/libgdk_pixbuf-2.0.so.0.2600.1
7f4bc5d50000-7f4bc5e09000 r-xp 00000000 08:02 10886049                   /usr/lib/x86_64-linux-gnu/libcairo.so.2.11000.2
7f4bc5e09000-7f4bc6008000 ---p 000b9000 08:02 10886049                   /usr/lib/x86_64-linux-gnu/libcairo.so.2.11000.2
7f4bc6008000-7f4bc600a000 r--p 000b8000 08:02 10886049                   /usr/lib/x86_64-linux-gnu/libcairo.so.2.11000.2
7f4bc600a000-7f4bc600b000 rw-p 000ba000 08:02 10886049                   /usr/lib/x86_64-linux-gnu/libcairo.so.2.11000.2
7f4bc600b000-7f4bc600e000 rw-p 00000000 00:00 0 
7f4bc6010000-7f4bc6030000 r-xp 00000000 08:02 10879311                   /usr/lib/x86_64-linux-gnu/libatk-1.0.so.0.20609.1
7f4bc6030000-7f4bc6230000 ---p 00020000 08:02 10879311                   /usr/lib/x86_64-linux-gnu/libatk-1.0.so.0.20609.1
7f4bc6230000-7f4bc6232000 r--p 00020000 08:02 10879311                   /usr/lib/x86_64-linux-gnu/libatk-1.0.so.0.20609.1
7f4bc6232000-7f4bc6233000 rw-p 00022000 08:02 10879311                   /usr/lib/x86_64-linux-gnu/libatk-1.0.so.0.20609.1
7f4bc6238000-7f4bc6243000 r-xp 00000000 08:02 10886406                   /usr/lib/x86_64-linux-gnu/libpangocairo-1.0.so.0.3000.0
7f4bc6243000-7f4bc6442000 ---p 0000b000 08:02 10886406                   /usr/lib/x86_64-linux-gnu/libpangocairo-1.0.so.0.3000.0
7f4bc6442000-7f4bc6443000 r--p 0000a000 08:02 10886406                   /usr/lib/x86_64-linux-gnu/libpangocairo-1.0.so.0.3000.0
7f4bc6443000-7f4bc6444000 rw-p 0000b000 08:02 10886406                   /usr/lib/x86_64-linux-gnu/libpangocairo-1.0.so.0.3000.0
7f4bc6448000-7f4bc64f5000 r-xp 00000000 08:02 10880596                   /usr/lib/x86_64-linux-gnu/libgdk-x11-2.0.so.0.2400.10
7f4bc64f5000-7f4bc66f4000 ---p 000ad000 08:02 10880596                   /usr/lib/x86_64-linux-gnu/libgdk-x11-2.0.so.0.2400.10
7f4bc66f4000-7f4bc66f8000 r--p 000ac000 08:02 10880596                   /usr/lib/x86_64-linux-gnu/libgdk-x11-2.0.so.0.2400.10
7f4bc66f8000-7f4bc66fa000 rw-p 000b0000 08:02 10880596                   /usr/lib/x86_64-linux-gnu/libgdk-x11-2.0.so.0.2400.10
7f4bc6700000-7f4bc6b2e000 r-xp 00000000 08:02 10880598                   /usr/lib/x86_64-linux-gnu/libgtk-x11-2.0.so.0.2400.10
7f4bc6b2e000-7f4bc6d2d000 ---p 0042e000 08:02 10880598                   /usr/lib/x86_64-linux-gnu/libgtk-x11-2.0.so.0.2400.10
7f4bc6d2d000-7f4bc6d34000 r--p 0042d000 08:02 10880598                   /usr/lib/x86_64-linux-gnu/libgtk-x11-2.0.so.0.2400.10
7f4bc6d34000-7f4bc6d38000 rw-p 00434000 08:02 10880598                   /usr/lib/x86_64-linux-gnu/libgtk-x11-2.0.so.0.2400.10
7f4bc6d38000-7f4bc6d3a000 rw-p 00000000 00:00 0 
7f4bc6d3f000-7f4bc6d42000 ---p 00000000 00:00 0 
7f4bc6d42000-7f4bc7040000 rw-p 00000000 00:00 0                          [stack:14951]
7f4bc7040000-7f4bc7045000 r-xp 00000000 08:02 10879297                   /usr/lib/x86_64-linux-gnu/libXfixes.so.3.1.0
7f4bc7045000-7f4bc7244000 ---p 00005000 08:02 10879297                   /usr/lib/x86_64-linux-gnu/libXfixes.so.3.1.0
7f4bc7244000-7f4bc7245000 r--p 00004000 08:02 10879297                   /usr/lib/x86_64-linux-gnu/libXfixes.so.3.1.0
7f4bc7245000-7f4bc7246000 rw-p 00005000 08:02 10879297                   /usr/lib/x86_64-linux-gnu/libXfixes.so.3.1.0
7f4bc7248000-7f4bc7251000 r-xp 00000000 08:02 10885959                   /usr/lib/x86_64-linux-gnu/libXcursor.so.1.0.2
7f4bc7251000-7f4bc7450000 ---p 00009000 08:02 10885959                   /usr/lib/x86_64-linux-gnu/libXcursor.so.1.0.2
7f4bc7450000-7f4bc7451000 r--p 00008000 08:02 10885959                   /usr/lib/x86_64-linux-gnu/libXcursor.so.1.0.2
7f4bc7451000-7f4bc7452000 rw-p 00009000 08:02 10885959                   /usr/lib/x86_64-linux-gnu/libXcursor.so.1.0.2
7f4bc7457000-7f4bc745a000 ---p 00000000 00:00 0 
7f4bc745a000-7f4bc7558000 rw-p 00000000 00:00 0                          [stack:14950]
7f4bc7558000-7f4bc75bc000 r-xp 00000000 08:02 13899048                   /usr/lib/jvm/java-8-oracle/jre/lib/amd64/libfontmanager.so
7f4bc75bc000-7f4bc77bc000 ---p 00064000 08:02 13899048                   /usr/lib/jvm/java-8-oracle/jre/lib/amd64/libfontmanager.so
7f4bc77bc000-7f4bc77c0000 rw-p 00064000 08:02 13899048                   /usr/lib/jvm/java-8-oracle/jre/lib/amd64/libfontmanager.so
7f4bc77c0000-7f4bc77d1000 rw-p 00000000 00:00 0 
7f4bc77d8000-7f4bc79d8000 rw-p 00000000 00:00 0 
7f4bc79d8000-7f4bc79e9000 r-xp 00000000 08:02 13899060                   /usr/lib/jvm/java-8-oracle/jre/lib/amd64/libnio.so
7f4bc79e9000-7f4bc7be8000 ---p 00011000 08:02 13899060                   /usr/lib/jvm/java-8-oracle/jre/lib/amd64/libnio.so
7f4bc7be8000-7f4bc7be9000 rw-p 00010000 08:02 13899060                   /usr/lib/jvm/java-8-oracle/jre/lib/amd64/libnio.so
7f4bc7bf0000-7f4bc7bf5000 r-xp 00000000 08:02 10885963                   /usr/lib/x86_64-linux-gnu/libXdmcp.so.6.0.0
7f4bc7bf5000-7f4bc7df4000 ---p 00005000 08:02 10885963                   /usr/lib/x86_64-linux-gnu/libXdmcp.so.6.0.0
7f4bc7df4000-7f4bc7df5000 r--p 00004000 08:02 10885963                   /usr/lib/x86_64-linux-gnu/libXdmcp.so.6.0.0
7f4bc7df5000-7f4bc7df6000 rw-p 00005000 08:02 10885963                   /usr/lib/x86_64-linux-gnu/libXdmcp.so.6.0.0
7f4bc7df8000-7f4bc7dfa000 r-xp 00000000 08:02 10885952                   /usr/lib/x86_64-linux-gnu/libXau.so.6.0.0
7f4bc7dfa000-7f4bc7ff9000 ---p 00002000 08:02 10885952                   /usr/lib/x86_64-linux-gnu/libXau.so.6.0.0
7f4bc7ff9000-7f4bc7ffa000 r--p 00001000 08:02 10885952                   /usr/lib/x86_64-linux-gnu/libXau.so.6.0.0
7f4bc7ffa000-7f4bc7ffb000 rw-p 00002000 08:02 10885952                   /usr/lib/x86_64-linux-gnu/libXau.so.6.0.0
7f4bc8000000-7f4bc8048000 rw-p 00000000 00:00 0 
7f4bc8048000-7f4bcc000000 ---p 00000000 00:00 0 
7f4bcc000000-7f4bcc0e4000 rw-p 00000000 00:00 0 
7f4bcc0e4000-7f4bd0000000 ---p 00000000 00:00 0 
7f4bd0000000-7f4bd003d000 rw-p 00000000 00:00 0 
7f4bd003d000-7f4bd4000000 ---p 00000000 00:00 0 
7f4bd4000000-7f4bd4435000 rw-p 00000000 00:00 0 
7f4bd4435000-7f4bd8000000 ---p 00000000 00:00 0 
7f4bd8000000-7f4bd858b000 rw-p 00000000 00:00 0 
7f4bd858b000-7f4bdc000000 ---p 00000000 00:00 0 
7f4bdc000000-7f4bdc062000 rw-p 00000000 00:00 0 
7f4bdc062000-7f4be0000000 ---p 00000000 00:00 0 
7f4be0000000-7f4be0021000 rw-p 00000000 00:00 0 
7f4be0021000-7f4be4000000 ---p 00000000 00:00 0 
7f4be4000000-7f4be5d32000 rw-p 00000000 00:00 0 
7f4be5d32000-7f4be8000000 ---p 00000000 00:00 0 
7f4be8000000-7f4be803b000 rw-p 00000000 00:00 0 
7f4be803b000-7f4bec000000 ---p 00000000 00:00 0 
7f4bec000000-7f4bec023000 rw-p 00000000 00:00 0 
7f4bec023000-7f4bf0000000 ---p 00000000 00:00 0 
7f4bf0000000-7f4bf0134000 rw-p 00000000 00:00 0 
7f4bf0134000-7f4bf4000000 ---p 00000000 00:00 0 
7f4bf4000000-7f4bf4054000 rw-p 00000000 00:00 0 
7f4bf4054000-7f4bf8000000 ---p 00000000 00:00 0 
7f4bf8058000-7f4bf80f5000 rw-s 00000000 08:02 9049711                    /home/tyler/.bitmerchant-wallet/bitmerchant-wallet.spvchain
7f4bf80f8000-7f4bf8115000 r-xp 00000000 08:02 10886575                   /usr/lib/x86_64-linux-gnu/libxcb.so.1.1.0
7f4bf8115000-7f4bf8314000 ---p 0001d000 08:02 10886575                   /usr/lib/x86_64-linux-gnu/libxcb.so.1.1.0
7f4bf8314000-7f4bf8315000 r--p 0001c000 08:02 10886575                   /usr/lib/x86_64-linux-gnu/libxcb.so.1.1.0
7f4bf8315000-7f4bf8316000 rw-p 0001d000 08:02 10886575                   /usr/lib/x86_64-linux-gnu/libxcb.so.1.1.0
7f4bf8318000-7f4bf8327000 r-xp 00000000 08:02 10880227                   /usr/lib/x86_64-linux-gnu/libXi.so.6.1.0
7f4bf8327000-7f4bf8526000 ---p 0000f000 08:02 10880227                   /usr/lib/x86_64-linux-gnu/libXi.so.6.1.0
7f4bf8526000-7f4bf8527000 r--p 0000e000 08:02 10880227                   /usr/lib/x86_64-linux-gnu/libXi.so.6.1.0
7f4bf8527000-7f4bf8528000 rw-p 0000f000 08:02 10880227                   /usr/lib/x86_64-linux-gnu/libXi.so.6.1.0
7f4bf8528000-7f4bf852d000 r-xp 00000000 08:02 10885991                   /usr/lib/x86_64-linux-gnu/libXtst.so.6.1.0
7f4bf852d000-7f4bf872c000 ---p 00005000 08:02 10885991                   /usr/lib/x86_64-linux-gnu/libXtst.so.6.1.0
7f4bf872c000-7f4bf872d000 r--p 00004000 08:02 10885991                   /usr/lib/x86_64-linux-gnu/libXtst.so.6.1.0
7f4bf872d000-7f4bf872e000 rw-p 00005000 08:02 10885991                   /usr/lib/x86_64-linux-gnu/libXtst.so.6.1.0
7f4bf8730000-7f4bf8739000 r-xp 00000000 08:02 10885985                   /usr/lib/x86_64-linux-gnu/libXrender.so.1.3.0
7f4bf8739000-7f4bf8938000 ---p 00009000 08:02 10885985                   /usr/lib/x86_64-linux-gnu/libXrender.so.1.3.0
7f4bf8938000-7f4bf8939000 r--p 00008000 08:02 10885985                   /usr/lib/x86_64-linux-gnu/libXrender.so.1.3.0
7f4bf8939000-7f4bf893a000 rw-p 00009000 08:02 10885985                   /usr/lib/x86_64-linux-gnu/libXrender.so.1.3.0
7f4bf8940000-7f4bf8a70000 r-xp 00000000 08:02 10880585                   /usr/lib/x86_64-linux-gnu/libX11.so.6.3.0
7f4bf8a70000-7f4bf8c70000 ---p 00130000 08:02 10880585                   /usr/lib/x86_64-linux-gnu/libX11.so.6.3.0
7f4bf8c70000-7f4bf8c71000 r--p 00130000 08:02 10880585                   /usr/lib/x86_64-linux-gnu/libX11.so.6.3.0
7f4bf8c71000-7f4bf8c75000 rw-p 00131000 08:02 10880585                   /usr/lib/x86_64-linux-gnu/libX11.so.6.3.0
7f4bf8c78000-7f4bf8c88000 r-xp 00000000 08:02 10885965                   /usr/lib/x86_64-linux-gnu/libXext.so.6.4.0
7f4bf8c88000-7f4bf8e87000 ---p 00010000 08:02 10885965                   /usr/lib/x86_64-linux-gnu/libXext.so.6.4.0
7f4bf8e87000-7f4bf8e88000 r--p 0000f000 08:02 10885965                   /usr/lib/x86_64-linux-gnu/libXext.so.6.4.0
7f4bf8e88000-7f4bf8e89000 rw-p 00010000 08:02 10885965                   /usr/lib/x86_64-linux-gnu/libXext.so.6.4.0
7f4bf8e90000-7f4bf8ee4000 r-xp 00000000 08:02 13899100                   /usr/lib/jvm/java-8-oracle/jre/lib/amd64/libawt_xawt.so
7f4bf8ee4000-7f4bf90e4000 ---p 00054000 08:02 13899100                   /usr/lib/jvm/java-8-oracle/jre/lib/amd64/libawt_xawt.so
7f4bf90e4000-7f4bf90e8000 rw-p 00054000 08:02 13899100                   /usr/lib/jvm/java-8-oracle/jre/lib/amd64/libawt_xawt.so
7f4bf90e8000-7f4bf90e9000 rw-p 00000000 00:00 0 
7f4bf90ee000-7f4bf90f1000 ---p 00000000 00:00 0 
7f4bf90f1000-7f4bf91ef000 rw-p 00000000 00:00 0                          [stack:14949]
7f4bf91ef000-7f4bf91f2000 ---p 00000000 00:00 0 
7f4bf91f2000-7f4bf92f0000 rw-p 00000000 00:00 0                          [stack:15130]
7f4bf92f0000-7f4bf92f3000 ---p 00000000 00:00 0 
7f4bf92f3000-7f4bf93f1000 rw-p 00000000 00:00 0                          [stack:14947]
7f4bf93f1000-7f4bf93f4000 ---p 00000000 00:00 0 
7f4bf93f4000-7f4bf94f2000 rw-p 00000000 00:00 0 
7f4bf94f2000-7f4bf94f5000 ---p 00000000 00:00 0 
7f4bf94f5000-7f4bf95f3000 rw-p 00000000 00:00 0 
7f4bf95f3000-7f4bf95f6000 ---p 00000000 00:00 0 
7f4bf95f6000-7f4bf96f4000 rw-p 00000000 00:00 0                          [stack:14944]
7f4bf96f4000-7f4bf96f7000 ---p 00000000 00:00 0 
7f4bf96f7000-7f4bf97f5000 rw-p 00000000 00:00 0                          [stack:14943]
7f4bf97f5000-7f4bf97f8000 ---p 00000000 00:00 0 
7f4bf97f8000-7f4bf98f6000 rw-p 00000000 00:00 0                          [stack:14942]
7f4bf98f6000-7f4bf98f9000 ---p 00000000 00:00 0 
7f4bf98f9000-7f4bf99f7000 rw-p 00000000 00:00 0                          [stack:14941]
7f4bf99f7000-7f4bf99fa000 ---p 00000000 00:00 0 
7f4bf99fa000-7f4bf9af8000 rw-p 00000000 00:00 0                          [stack:14940]
7f4bf9af8000-7f4bf9b9a000 r-xp 00000000 08:02 13899078                   /usr/lib/jvm/java-8-oracle/jre/lib/amd64/libawt.so
7f4bf9b9a000-7f4bf9d9a000 ---p 000a2000 08:02 13899078                   /usr/lib/jvm/java-8-oracle/jre/lib/amd64/libawt.so
7f4bf9d9a000-7f4bf9da6000 rw-p 000a2000 08:02 13899078                   /usr/lib/jvm/java-8-oracle/jre/lib/amd64/libawt.so
7f4bf9da6000-7f4bf9dca000 rw-p 00000000 00:00 0 
7f4bf9dd0000-7f4bf9de5000 r-xp 00000000 08:02 8654362                    /lib/x86_64-linux-gnu/libgcc_s.so.1
7f4bf9de5000-7f4bf9fe4000 ---p 00015000 08:02 8654362                    /lib/x86_64-linux-gnu/libgcc_s.so.1
7f4bf9fe4000-7f4bf9fe5000 r--p 00014000 08:02 8654362                    /lib/x86_64-linux-gnu/libgcc_s.so.1
7f4bf9fe5000-7f4bf9fe6000 rw-p 00015000 08:02 8654362                    /lib/x86_64-linux-gnu/libgcc_s.so.1
7f4bf9fe8000-7f4bfa01a000 r-xp 00000000 08:02 13899065                   /usr/lib/jvm/java-8-oracle/jre/lib/amd64/libsunec.so
7f4bfa01a000-7f4bfa219000 ---p 00032000 08:02 13899065                   /usr/lib/jvm/java-8-oracle/jre/lib/amd64/libsunec.so
7f4bfa219000-7f4bfa21f000 rw-p 00031000 08:02 13899065                   /usr/lib/jvm/java-8-oracle/jre/lib/amd64/libsunec.so
7f4bfa21f000-7f4bfa22f000 rw-p 00000000 00:00 0 
7f4bfa230000-7f4bfa246000 r-xp 00000000 08:02 13899066                   /usr/lib/jvm/java-8-oracle/jre/lib/amd64/libnet.so
7f4bfa246000-7f4bfa446000 ---p 00016000 08:02 13899066                   /usr/lib/jvm/java-8-oracle/jre/lib/amd64/libnet.so
7f4bfa446000-7f4bfa447000 rw-p 00016000 08:02 13899066                   /usr/lib/jvm/java-8-oracle/jre/lib/amd64/libnet.so
7f4bfa44e000-7f4bfa64e000 rw-p 00000000 00:00 0 
7f4bfa64e000-7f4bfa651000 ---p 00000000 00:00 0 
7f4bfa651000-7f4bfa74f000 rw-p 00000000 00:00 0                          [stack:14939]
7f4bfa74f000-7f4bfa752000 ---p 00000000 00:00 0 
7f4bfa752000-7f4bfc000000 rw-p 00000000 00:00 0                          [stack:14938]
7f4bfc000000-7f4bfc03d000 rw-p 00000000 00:00 0 
7f4bfc03d000-7f4c00000000 ---p 00000000 00:00 0 
7f4c00010000-7f4c0002c000 r--s 00000000 08:02 11010226                   /usr/share/mime/mime.cache
7f4c0002c000-7f4c0002f000 ---p 00000000 00:00 0 
7f4c0002f000-7f4c0012d000 rw-p 00000000 00:00 0                          [stack:14972]
7f4c0012d000-7f4c001ec000 r--s 00cd5000 08:02 7999179                    /home/tyler/git/bitmerchant-wallet/target/bitmerchant-wallet-shaded.jar
7f4c001f3000-7f4c001f4000 ---p 00000000 00:00 0 
7f4c001f4000-7f4c002f4000 rw-p 00000000 00:00 0                          [stack:14936]
7f4c002f4000-7f4c002f7000 ---p 00000000 00:00 0 
7f4c002f7000-7f4c003f5000 rw-p 00000000 00:00 0                          [stack:14935]
7f4c003f5000-7f4c003f8000 ---p 00000000 00:00 0 
7f4c003f8000-7f4c004f6000 rw-p 00000000 00:00 0                          [stack:14934]
7f4c004f6000-7f4c004f9000 ---p 00000000 00:00 0 
7f4c004f9000-7f4c005f7000 rw-p 00000000 00:00 0                          [stack:14933]
7f4c005f7000-7f4c005fa000 ---p 00000000 00:00 0 
7f4c005fa000-7f4c006f8000 rw-p 00000000 00:00 0                          [stack:14932]
7f4c006f8000-7f4c00af6000 r--p 00000000 08:02 10883108                   /usr/lib/locale/locale-archive
7f4c00afb000-7f4c00afe000 ---p 00000000 00:00 0 
7f4c00afe000-7f4c00bfc000 rw-p 00000000 00:00 0                          [stack:14931]
7f4c00bfc000-7f4c00bff000 ---p 00000000 00:00 0 
7f4c00bff000-7f4c00cfd000 rw-p 00000000 00:00 0                          [stack:14930]
7f4c00cfd000-7f4c00cfe000 ---p 00000000 00:00 0 
7f4c00cfe000-7f4c01000000 rw-p 00000000 00:00 0                          [stack:14929]
7f4c01000000-7f4c01900000 rwxp 00000000 00:00 0 
7f4c01900000-7f4c10000000 ---p 00000000 00:00 0 
7f4c10000000-7f4c10457000 rw-p 00000000 00:00 0 
7f4c10457000-7f4c14000000 ---p 00000000 00:00 0 
7f4c14018000-7f4c1401b000 r--p 00000000 08:02 7876674                    /home/tyler/.config/dconf/user
7f4c14020000-7f4c1403e000 r--p 00000000 08:02 11536647                   /usr/share/glib-2.0/schemas/gschemas.compiled
7f4c1403f000-7f4c14044000 r--s 0003f000 08:02 13899138                   /usr/lib/jvm/java-8-oracle/jre/lib/ext/sunjce_provider.jar
7f4c1404a000-7f4c1404d000 r--s 0003a000 08:02 13899134                   /usr/lib/jvm/java-8-oracle/jre/lib/ext/sunpkcs11.jar
7f4c14053000-7f4c14057000 r--s 00093000 08:02 12190145                   /usr/lib/jvm/java-8-oracle/jre/lib/jsse.jar
7f4c1405e000-7f4c14068000 r--s 00116000 08:02 13899140                   /usr/lib/jvm/java-8-oracle/jre/lib/ext/localedata.jar
7f4c1406b000-7f4c14087000 r--s 00393000 08:02 13899136                   /usr/lib/jvm/java-8-oracle/jre/lib/ext/cldrdata.jar
7f4c1408c000-7f4c147e2000 rw-p 00000000 00:00 0 
7f4c147e2000-7f4c149b8000 r--s 03caa000 08:02 12190137                   /usr/lib/jvm/java-8-oracle/jre/lib/rt.jar
7f4c149ba000-7f4c15335000 rw-p 00000000 00:00 0 
7f4c15335000-7f4c15336000 ---p 00000000 00:00 0 
7f4c15336000-7f4c15436000 rw-p 00000000 00:00 0                          [stack:14928]
7f4c15436000-7f4c15437000 ---p 00000000 00:00 0 
7f4c15437000-7f4c15552000 rw-p 00000000 00:00 0                          [stack:14927]
7f4c15552000-7f4c15634000 ---p 00000000 00:00 0 
7f4c15634000-7f4c1564f000 rw-p 00000000 00:00 0 
7f4c1564f000-7f4c15730000 ---p 00000000 00:00 0 
7f4c15730000-7f4c157a6000 rw-p 00000000 00:00 0 
7f4c157a6000-7f4c157af000 ---p 00000000 00:00 0 
7f4c157af000-7f4c157d4000 rw-p 00000000 00:00 0 
7f4c157d4000-7f4c15b70000 ---p 00000000 00:00 0 
7f4c15b70000-7f4c15b8a000 r-xp 00000000 08:02 13899088                   /usr/lib/jvm/java-8-oracle/jre/lib/amd64/libzip.so
7f4c15b8a000-7f4c15d8a000 ---p 0001a000 08:02 13899088                   /usr/lib/jvm/java-8-oracle/jre/lib/amd64/libzip.so
7f4c15d8a000-7f4c15d8b000 rw-p 0001a000 08:02 13899088                   /usr/lib/jvm/java-8-oracle/jre/lib/amd64/libzip.so
7f4c15d90000-7f4c15d9c000 r-xp 00000000 08:02 8655884                    /lib/x86_64-linux-gnu/libnss_files-2.15.so
7f4c15d9c000-7f4c15f9b000 ---p 0000c000 08:02 8655884                    /lib/x86_64-linux-gnu/libnss_files-2.15.so
7f4c15f9b000-7f4c15f9c000 r--p 0000b000 08:02 8655884                    /lib/x86_64-linux-gnu/libnss_files-2.15.so
7f4c15f9c000-7f4c15f9d000 rw-p 0000c000 08:02 8655884                    /lib/x86_64-linux-gnu/libnss_files-2.15.so
7f4c15fa0000-7f4c15faa000 r-xp 00000000 08:02 8655891                    /lib/x86_64-linux-gnu/libnss_nis-2.15.so
7f4c15faa000-7f4c161aa000 ---p 0000a000 08:02 8655891                    /lib/x86_64-linux-gnu/libnss_nis-2.15.so
7f4c161aa000-7f4c161ab000 r--p 0000a000 08:02 8655891                    /lib/x86_64-linux-gnu/libnss_nis-2.15.so
7f4c161ab000-7f4c161ac000 rw-p 0000b000 08:02 8655891                    /lib/x86_64-linux-gnu/libnss_nis-2.15.so
7f4c161b0000-7f4c161c7000 r-xp 00000000 08:02 8655883                    /lib/x86_64-linux-gnu/libnsl-2.15.so
7f4c161c7000-7f4c163c6000 ---p 00017000 08:02 8655883                    /lib/x86_64-linux-gnu/libnsl-2.15.so
7f4c163c6000-7f4c163c7000 r--p 00016000 08:02 8655883                    /lib/x86_64-linux-gnu/libnsl-2.15.so
7f4c163c7000-7f4c163c8000 rw-p 00017000 08:02 8655883                    /lib/x86_64-linux-gnu/libnsl-2.15.so
7f4c163c8000-7f4c163ca000 rw-p 00000000 00:00 0 
7f4c163d0000-7f4c163d8000 r-xp 00000000 08:02 8655890                    /lib/x86_64-linux-gnu/libnss_compat-2.15.so
7f4c163d8000-7f4c165d7000 ---p 00008000 08:02 8655890                    /lib/x86_64-linux-gnu/libnss_compat-2.15.so
7f4c165d7000-7f4c165d8000 r--p 00007000 08:02 8655890                    /lib/x86_64-linux-gnu/libnss_compat-2.15.so
7f4c165d8000-7f4c165d9000 rw-p 00008000 08:02 8655890                    /lib/x86_64-linux-gnu/libnss_compat-2.15.so
7f4c165e0000-7f4c1660a000 r-xp 00000000 08:02 13899083                   /usr/lib/jvm/java-8-oracle/jre/lib/amd64/libjava.so
7f4c1660a000-7f4c1680a000 ---p 0002a000 08:02 13899083                   /usr/lib/jvm/java-8-oracle/jre/lib/amd64/libjava.so
7f4c1680a000-7f4c1680c000 rw-p 0002a000 08:02 13899083                   /usr/lib/jvm/java-8-oracle/jre/lib/amd64/libjava.so
7f4c16810000-7f4c1681d000 r-xp 00000000 08:02 13899059                   /usr/lib/jvm/java-8-oracle/jre/lib/amd64/libverify.so
7f4c1681d000-7f4c16a1d000 ---p 0000d000 08:02 13899059                   /usr/lib/jvm/java-8-oracle/jre/lib/amd64/libverify.so
7f4c16a1d000-7f4c16a1f000 rw-p 0000d000 08:02 13899059                   /usr/lib/jvm/java-8-oracle/jre/lib/amd64/libverify.so
7f4c16a20000-7f4c16a27000 r-xp 00000000 08:02 8655881                    /lib/x86_64-linux-gnu/librt-2.15.so
7f4c16a27000-7f4c16c26000 ---p 00007000 08:02 8655881                    /lib/x86_64-linux-gnu/librt-2.15.so
7f4c16c26000-7f4c16c27000 r--p 00006000 08:02 8655881                    /lib/x86_64-linux-gnu/librt-2.15.so
7f4c16c27000-7f4c16c28000 rw-p 00007000 08:02 8655881                    /lib/x86_64-linux-gnu/librt-2.15.so
7f4c16c28000-7f4c16d23000 r-xp 00000000 08:02 8655888                    /lib/x86_64-linux-gnu/libm-2.15.so
7f4c16d23000-7f4c16f22000 ---p 000fb000 08:02 8655888                    /lib/x86_64-linux-gnu/libm-2.15.so
7f4c16f22000-7f4c16f23000 r--p 000fa000 08:02 8655888                    /lib/x86_64-linux-gnu/libm-2.15.so
7f4c16f23000-7f4c16f24000 rw-p 000fb000 08:02 8655888                    /lib/x86_64-linux-gnu/libm-2.15.so
7f4c16f28000-7f4c17b95000 r-xp 00000000 08:02 13899106                   /usr/lib/jvm/java-8-oracle/jre/lib/amd64/server/libjvm.so
7f4c17b95000-7f4c17d94000 ---p 00c6d000 08:02 13899106                   /usr/lib/jvm/java-8-oracle/jre/lib/amd64/server/libjvm.so
7f4c17d94000-7f4c17e6a000 rw-p 00c6c000 08:02 13899106                   /usr/lib/jvm/java-8-oracle/jre/lib/amd64/server/libjvm.so
7f4c17e6a000-7f4c17ead000 rw-p 00000000 00:00 0 
7f4c17eb0000-7f4c18065000 r-xp 00000000 08:02 8655885                    /lib/x86_64-linux-gnu/libc-2.15.so
7f4c18065000-7f4c18264000 ---p 001b5000 08:02 8655885                    /lib/x86_64-linux-gnu/libc-2.15.so
7f4c18264000-7f4c18268000 r--p 001b4000 08:02 8655885                    /lib/x86_64-linux-gnu/libc-2.15.so
7f4c18268000-7f4c1826a000 rw-p 001b8000 08:02 8655885                    /lib/x86_64-linux-gnu/libc-2.15.so
7f4c1826a000-7f4c1826f000 rw-p 00000000 00:00 0 
7f4c18270000-7f4c18272000 r-xp 00000000 08:02 8655899                    /lib/x86_64-linux-gnu/libdl-2.15.so
7f4c18272000-7f4c18472000 ---p 00002000 08:02 8655899                    /lib/x86_64-linux-gnu/libdl-2.15.so
7f4c18472000-7f4c18473000 r--p 00002000 08:02 8655899                    /lib/x86_64-linux-gnu/libdl-2.15.so
7f4c18473000-7f4c18474000 rw-p 00003000 08:02 8655899                    /lib/x86_64-linux-gnu/libdl-2.15.so
7f4c18478000-7f4c1848d000 r-xp 00000000 08:02 13899108                   /usr/lib/jvm/java-8-oracle/jre/lib/amd64/jli/libjli.so
7f4c1848d000-7f4c1868c000 ---p 00015000 08:02 13899108                   /usr/lib/jvm/java-8-oracle/jre/lib/amd64/jli/libjli.so
7f4c1868c000-7f4c1868d000 rw-p 00014000 08:02 13899108                   /usr/lib/jvm/java-8-oracle/jre/lib/amd64/jli/libjli.so
7f4c18690000-7f4c186a8000 r-xp 00000000 08:02 8655879                    /lib/x86_64-linux-gnu/libpthread-2.15.so
7f4c186a8000-7f4c188a7000 ---p 00018000 08:02 8655879                    /lib/x86_64-linux-gnu/libpthread-2.15.so
7f4c188a7000-7f4c188a8000 r--p 00017000 08:02 8655879                    /lib/x86_64-linux-gnu/libpthread-2.15.so
7f4c188a8000-7f4c188a9000 rw-p 00018000 08:02 8655879                    /lib/x86_64-linux-gnu/libpthread-2.15.so
7f4c188a9000-7f4c188ad000 rw-p 00000000 00:00 0 
7f4c188b0000-7f4c188d2000 r-xp 00000000 08:02 8655878                    /lib/x86_64-linux-gnu/ld-2.15.so
7f4c188d8000-7f4c188d9000 r--s 00000000 08:02 7879442                    /home/tyler/.cache/dconf/user
7f4c188da000-7f4c188dc000 r--s 0001a000 08:02 12190124                   /usr/lib/jvm/java-8-oracle/jre/lib/jce.jar
7f4c188dc000-7f4c189bc000 rw-p 00000000 00:00 0 
7f4c189bc000-7f4c189bf000 ---p 00000000 00:00 0 
7f4c189bf000-7f4c18ac0000 rw-p 00000000 00:00 0                          [stack:14926]
7f4c18ac1000-7f4c18ac2000 r--s 00009000 08:02 13899139                   /usr/lib/jvm/java-8-oracle/jre/lib/ext/sunec.jar
7f4c18ac6000-7f4c18ac8000 rw-p 00000000 00:00 0 
7f4c18ac8000-7f4c18ad0000 rw-s 00000000 08:02 15599430                   /tmp/hsperfdata_tyler/14925
7f4c18ad0000-7f4c18ad1000 rw-p 00000000 00:00 0 
7f4c18ad1000-7f4c18ad2000 r--p 00000000 00:00 0 
7f4c18ad2000-7f4c18ad3000 r--p 00022000 08:02 8655878                    /lib/x86_64-linux-gnu/ld-2.15.so
7f4c18ad3000-7f4c18ad5000 rw-p 00023000 08:02 8655878                    /lib/x86_64-linux-gnu/ld-2.15.so
7f4c18ad5000-7f4c18ad8000 rw-p 00000000 00:00 0 
7fff8a39d000-7fff8a3be000 rw-p 00000000 00:00 0                          [stack]
7fff8a400000-7fff8a402000 r-xp 00000000 00:00 0                          [vdso]
ffffffffff600000-ffffffffff601000 r-xp 00000000 00:00 0                  [vsyscall]

VM Arguments:
java_command: target/bitmerchant-wallet-shaded.jar
java_class_path (initial): target/bitmerchant-wallet-shaded.jar
Launcher Type: SUN_STANDARD

Environment Variables:
PATH=/usr/lib/lightdm/lightdm:/usr/local/sbin:/usr/local/bin:/usr/sbin:/usr/bin:/sbin:/bin:/usr/games:/home/tyler/.rvm/bin:/home/tyler/.rvm/bin
SHELL=/bin/bash
DISPLAY=:0

Signal Handlers:
SIGSEGV: [libjvm.so+0xa79a80], sa_mask[0]=11111111011111111101111111111110, sa_flags=SA_RESTART|SA_SIGINFO
SIGBUS: [libjvm.so+0xa79a80], sa_mask[0]=11111111011111111101111111111110, sa_flags=SA_RESTART|SA_SIGINFO
SIGFPE: [libjvm.so+0x8e24e0], sa_mask[0]=11111111011111111101111111111110, sa_flags=SA_RESTART|SA_SIGINFO
SIGPIPE: SIG_IGN, sa_mask[0]=00000000000010000000000000000000, sa_flags=SA_RESTART
SIGXFSZ: [libjvm.so+0x8e24e0], sa_mask[0]=11111111011111111101111111111110, sa_flags=SA_RESTART|SA_SIGINFO
SIGILL: [libjvm.so+0x8e24e0], sa_mask[0]=11111111011111111101111111111110, sa_flags=SA_RESTART|SA_SIGINFO
SIGUSR1: SIG_DFL, sa_mask[0]=00000000000000000000000000000000, sa_flags=none
SIGUSR2: [libjvm.so+0x8e3d10], sa_mask[0]=00000000000000000000000000000000, sa_flags=SA_RESTART|SA_SIGINFO
SIGHUP: SIG_IGN, sa_mask[0]=00000000000000000000000000000000, sa_flags=none
SIGINT: SIG_IGN, sa_mask[0]=00000000000000000000000000000000, sa_flags=none
SIGTERM: [libjvm.so+0x8e50d0], sa_mask[0]=11111111011111111101111111111110, sa_flags=SA_RESTART|SA_SIGINFO
SIGQUIT: [libjvm.so+0x8e50d0], sa_mask[0]=11111111011111111101111111111110, sa_flags=SA_RESTART|SA_SIGINFO


---------------  S Y S T E M  ---------------

OS:DISTRIB_ID="elementary OS"
DISTRIB_RELEASE=0.2.1
DISTRIB_CODENAME=luna
DISTRIB_DESCRIPTION="elementary OS Luna"

uname:Linux 3.11.0-26-generic #45~precise1-Ubuntu SMP Tue Jul 15 04:02:35 UTC 2014 x86_64
libc:glibc 2.15 NPTL 2.15 
rlimit: STACK 8192k, CORE 0k, NPROC 24027, NOFILE 4096, AS infinity
load average:1.73 1.26 1.23

/proc/meminfo:
MemTotal:        3102324 kB
MemFree:          109240 kB
Buffers:            4920 kB
Cached:           261280 kB
SwapCached:        42920 kB
Active:          1894380 kB
Inactive:         668732 kB
Active(anon):    1756708 kB
Inactive(anon):   562228 kB
Active(file):     137672 kB
Inactive(file):   106504 kB
Unevictable:         312 kB
Mlocked:             312 kB
SwapTotal:       1535996 kB
SwapFree:        1070360 kB
Dirty:              4636 kB
Writeback:             0 kB
AnonPages:       2278172 kB
Mapped:           208096 kB
Shmem:             21548 kB
Slab:              96016 kB
SReclaimable:      59472 kB
SUnreclaim:        36544 kB
KernelStack:        5936 kB
PageTables:        53344 kB
NFS_Unstable:          0 kB
Bounce:                0 kB
WritebackTmp:          0 kB
CommitLimit:     3087156 kB
Committed_AS:   15194412 kB
VmallocTotal:   34359738367 kB
VmallocUsed:      104404 kB
VmallocChunk:   34359584968 kB
HardwareCorrupted:     0 kB
AnonHugePages:         0 kB
HugePages_Total:       0
HugePages_Free:        0
HugePages_Rsvd:        0
HugePages_Surp:        0
Hugepagesize:       2048 kB
DirectMap4k:     1379472 kB
DirectMap2M:     1923072 kB
DirectMap1G:           0 kB


CPU:total 2 (2 cores per cpu, 1 threads per core) family 21 model 19 stepping 1, cmov, cx8, fxsr, mmx, sse, sse2, sse3, ssse3, sse4.1, sse4.2, popcnt, avx, aes, clmul, mmxext, 3dnowpref, lzcnt, sse4a, tsc, tscinvbit, tscinv, bmi1

/proc/cpuinfo:
processor	: 0
vendor_id	: AuthenticAMD
cpu family	: 21
model		: 19
model name	: AMD A6-5350M APU with Radeon(tm) HD Graphics
stepping	: 1
microcode	: 0x6001119
cpu MHz		: 2900.000
cache size	: 1024 KB
physical id	: 0
siblings	: 2
core id		: 0
cpu cores	: 1
apicid		: 16
initial apicid	: 0
fpu		: yes
fpu_exception	: yes
cpuid level	: 13
wp		: yes
flags		: fpu vme de pse tsc msr pae mce cx8 apic sep mtrr pge mca cmov pat pse36 clflush mmx fxsr sse sse2 ht syscall nx mmxext fxsr_opt pdpe1gb rdtscp lm constant_tsc rep_good nopl nonstop_tsc extd_apicid aperfmperf pni pclmulqdq monitor ssse3 fma cx16 sse4_1 sse4_2 popcnt aes xsave avx f16c lahf_lm cmp_legacy svm extapic cr8_legacy abm sse4a misalignsse 3dnowprefetch osvw ibs xop skinit wdt lwp fma4 tce nodeid_msr tbm topoext perfctr_core perfctr_nb arat cpb hw_pstate npt lbrv svm_lock nrip_save tsc_scale vmcb_clean flushbyasid decodeassists pausefilter pfthreshold bmi1
bogomips	: 5789.45
TLB size	: 1536 4K pages
clflush size	: 64
cache_alignment	: 64
address sizes	: 48 bits physical, 48 bits virtual
power management: ts ttp tm 100mhzsteps hwpstate cpb eff_freq_ro

processor	: 1
vendor_id	: AuthenticAMD
cpu family	: 21
model		: 19
model name	: AMD A6-5350M APU with Radeon(tm) HD Graphics   
stepping	: 1
microcode	: 0x6001119
cpu MHz		: 2900.000
cache size	: 1024 KB
physical id	: 0
siblings	: 2
core id		: 1
cpu cores	: 1
apicid		: 17
initial apicid	: 1
fpu		: yes
fpu_exception	: yes
cpuid level	: 13
wp		: yes
flags		: fpu vme de pse tsc msr pae mce cx8 apic sep mtrr pge mca cmov pat pse36 clflush mmx fxsr sse sse2 ht syscall nx mmxext fxsr_opt pdpe1gb rdtscp lm constant_tsc rep_good nopl nonstop_tsc extd_apicid aperfmperf pni pclmulqdq monitor ssse3 fma cx16 sse4_1 sse4_2 popcnt aes xsave avx f16c lahf_lm cmp_legacy svm extapic cr8_legacy abm sse4a misalignsse 3dnowprefetch osvw ibs xop skinit wdt lwp fma4 tce nodeid_msr tbm topoext perfctr_core perfctr_nb arat cpb hw_pstate npt lbrv svm_lock nrip_save tsc_scale vmcb_clean flushbyasid decodeassists pausefilter pfthreshold bmi1
bogomips	: 5789.45
TLB size	: 1536 4K pages
clflush size	: 64
cache_alignment	: 64
address sizes	: 48 bits physical, 48 bits virtual
power management: ts ttp tm 100mhzsteps hwpstate cpb eff_freq_ro



Memory: 4k page, physical 3102324k(109500k free), swap 1535996k(1070360k free)

vm_info: Java HotSpot(TM) 64-Bit Server VM (25.25-b02) for linux-amd64 JRE (1.8.0_25-b17), built on Sep 17 2014 17:32:11 by "java_re" with gcc 4.3.0 20080428 (Red Hat 4.3.0-8)

time: Mon Jan  5 18:59:25 2015
elapsed time: 301 seconds (0d 0h 5m 1s)

