#
# A fatal error has been detected by the Java Runtime Environment:
#
#  SIGBUS (0x7) at pc=0x00007f52639d17d2, pid=6478, tid=139990835132160
#
# JRE version: Java(TM) SE Runtime Environment (8.0_25-b17) (build 1.8.0_25-b17)
# Java VM: Java HotSpot(TM) 64-Bit Server VM (25.25-b02 mixed mode linux-amd64 compressed oops)
# Problematic frame:
# C  [libzip.so+0x117d2]  newEntry+0x62
#
# Failed to write core dump. Core dumps have been disabled. To enable core dumping, try "ulimit -c unlimited" before starting Java again
#
# If you would like to submit a bug report, please visit:
#   http://bugreport.sun.com/bugreport/crash.jsp
# The crash happened outside the Java Virtual Machine in native code.
# See problematic frame for where to report the bug.
#

---------------  T H R E A D  ---------------

Current thread (0x00007f5244007800):  JavaThread "NioClientManager" [_thread_in_native, id=6506, stack(0x00007f5227eff000,0x00007f5228000000)]

siginfo: si_signo: 7 (SIGBUS), si_code: 2 (BUS_ADRERR), si_addr: 0x00007f524c9f5f6e

Registers:
RAX=0x00007f521c137440, RBX=0x00007f5264168150, RCX=0x000000000000002a, RDX=0x00007f521c000020
RSP=0x00007f5227ffb780, RBP=0x00007f5227ffb7d0, RSI=0x0000000000000048, RDI=0x0000000000000003
R8 =0x0000000000000005, R9 =0x00007f5227ffb850, R10=0x746e65766e492f65, R11=0x246d65744979726f
R12=0x00007f524c9f5f51, R13=0x00007f521c137440, R14=0x00000000417f7971, R15=0x00007f526418a760
RIP=0x00007f52639d17d2, EFLAGS=0x0000000000010202, CSGSFS=0x0000000000000033, ERR=0x0000000000000004
  TRAPNO=0x000000000000000e

Top of Stack: (sp=0x00007f5227ffb780)
0x00007f5227ffb780:   0000000000000011 0000000000000000
0x00007f5227ffb790:   00000001000007a8 00007f52697ec97e
0x00007f5227ffb7a0:   00007f521c137440 00007f5264168150
0x00007f5227ffb7b0:   00007f522c0515f0 00007f526418a760
0x00007f5227ffb7c0:   00000000417f7971 000000000000002a
0x00007f5227ffb7d0:   00007f5227ffb830 00007f52639d1f2f
0x00007f5227ffb7e0:   00007f5244007800 01007f5227ffbe70
0x00007f5227ffb7f0:   00007f5227ffb850 00007f5227ffb87b
0x00007f5227ffb800:   00007f5227ffb879 00007f5227ffb850
0x00007f5227ffb810:   000000000000002a 00007f52440079e8
0x00007f5227ffb820:   00007f5227ffbca8 0000000000000001
0x00007f5227ffb830:   00007f5227ffbc90 00007f52639c3d30
0x00007f5227ffb840:   00007f5227ffbce0 00007f526418a760
0x00007f5227ffb850:   637469622f67726f 726f632f6a6e696f
0x00007f5227ffb860:   746e65766e492f65 246d65744979726f
0x00007f5227ffb870:   616c632e65707954 0000000000007373
0x00007f5227ffb880:   00007f5200000000 0000000000000000
0x00007f5227ffb890:   00007f5244007820 0000000000000000
0x00007f5227ffb8a0:   0000000000000022 0000000000000000
0x00007f5227ffb8b0:   00007f5200000000 0000000000000000
0x00007f5227ffb8c0:   00007f5227ffb9e0 00007f5269f4be0e
0x00007f5227ffb8d0:   00007f5227ffbf70 00007f5227ffbf60
0x00007f5227ffb8e0:   00007f5227ffc000 00007f5244007800
0x00007f5227ffb8f0:   0000000000000000 00007f5269f1877c
0x00007f5227ffb900:   00007f5264329050 00000000f7e86d78
0x00007f5227ffb910:   00000000f7e86d98 00000000f7e86de8
0x00007f5227ffb920:   00000000f7e86e78 00007f5200000015
0x00007f5227ffb930:   0000020000000015 0000000000000000
0x00007f5227ffb940:   00007f5269a1af10 0000000000000002
0x00007f5227ffb950:   00007f5227ffe7f8 00007f52549c04e7
0x00007f5227ffb960:   00007f52549c03d0 00007f5200000000
0x00007f5227ffb970:   00007f5227ffe860 00007f5227ffe7f8 

Instructions: (pc=0x00007f52639d17d2)
0x00007f52639d17b2:   00 48 c7 40 28 00 00 00 00 41 80 7f 30 00 0f 84
0x00007f52639d17c2:   8a 02 00 00 4c 8b 63 08 4d 2b 67 28 4d 03 67 18
0x00007f52639d17d2:   41 0f b6 5c 24 1d 41 0f b6 44 24 1c c1 e3 08 09
0x00007f52639d17e2:   c3 41 0f b6 44 24 1e 88 45 bd 41 0f b6 54 24 20 

Register to memory mapping:

RAX=0x00007f521c137440 is an unknown value
RBX=0x00007f5264168150 is an unknown value
RCX=0x000000000000002a is an unknown value
RDX=0x00007f521c000020 is an unknown value
RSP=0x00007f5227ffb780 is pointing into the stack for thread: 0x00007f5244007800
RBP=0x00007f5227ffb7d0 is pointing into the stack for thread: 0x00007f5244007800
RSI=0x0000000000000048 is an unknown value
RDI=0x0000000000000003 is an unknown value
R8 =0x0000000000000005 is an unknown value
R9 =0x00007f5227ffb850 is pointing into the stack for thread: 0x00007f5244007800
R10=0x746e65766e492f65 is an unknown value
R11=0x246d65744979726f is an unknown value
R12=0x00007f524c9f5f51 is an unknown value
R13=0x00007f521c137440 is an unknown value
R14=0x00000000417f7971 is an unknown value
R15=0x00007f526418a760 is an unknown value


Stack: [0x00007f5227eff000,0x00007f5228000000],  sp=0x00007f5227ffb780,  free space=1009k
Native frames: (J=compiled Java code, j=interpreted, Vv=VM code, C=native code)
C  [libzip.so+0x117d2]  newEntry+0x62
C  [libzip.so+0x11f2f]  ZIP_GetEntry2+0xff
C  [libzip.so+0x3d30]  Java_java_util_zip_ZipFile_getEntry+0xf0
J 212  java.util.zip.ZipFile.getEntry(J[BZ)J (0 bytes) @ 0x00007f5254b31e4e [0x00007f5254b31d80+0xce]
J 278 C1 java.util.zip.ZipFile.getEntry(Ljava/lang/String;)Ljava/util/zip/ZipEntry; (86 bytes) @ 0x00007f5254b57a4c [0x00007f5254b577e0+0x26c]
J 503 C1 java.util.jar.JarFile.getEntry(Ljava/lang/String;)Ljava/util/zip/ZipEntry; (22 bytes) @ 0x00007f5254be8d64 [0x00007f5254be8ce0+0x84]
J 2981 C2 sun.misc.URLClassPath.getResource(Ljava/lang/String;Z)Lsun/misc/Resource; (74 bytes) @ 0x00007f52551cb66c [0x00007f52551cb440+0x22c]
J 221 C1 java.net.URLClassLoader$1.run()Ljava/lang/Class; (73 bytes) @ 0x00007f5254b3a1ac [0x00007f5254b39fa0+0x20c]
J 391 C1 java.net.URLClassLoader$1.run()Ljava/lang/Object; (5 bytes) @ 0x00007f5254b922bc [0x00007f5254b92240+0x7c]
v  ~StubRoutines::call_stub
V  [libjvm.so+0x664086]  JavaCalls::call_helper(JavaValue*, methodHandle*, JavaCallArguments*, Thread*)+0x1056
V  [libjvm.so+0x6f8fec]  JVM_DoPrivileged+0x27c
J 390  java.security.AccessController.doPrivileged(Ljava/security/PrivilegedExceptionAction;Ljava/security/AccessControlContext;)Ljava/lang/Object; (0 bytes) @ 0x00007f5254b92695 [0x00007f5254b925c0+0xd5]
J 268 C1 java.net.URLClassLoader.findClass(Ljava/lang/String;)Ljava/lang/Class; (29 bytes) @ 0x00007f5254b51364 [0x00007f5254b511e0+0x184]
J 142 C1 java.lang.ClassLoader.loadClass(Ljava/lang/String;Z)Ljava/lang/Class; (122 bytes) @ 0x00007f5254b1179c [0x00007f5254b10e40+0x95c]
J 205 C1 sun.misc.Launcher$AppClassLoader.loadClass(Ljava/lang/String;Z)Ljava/lang/Class; (40 bytes) @ 0x00007f5254b3142c [0x00007f5254b31000+0x42c]
J 204 C1 java.lang.ClassLoader.loadClass(Ljava/lang/String;)Ljava/lang/Class; (7 bytes) @ 0x00007f5254b30904 [0x00007f5254b30800+0x104]
v  ~StubRoutines::call_stub
V  [libjvm.so+0x664086]  JavaCalls::call_helper(JavaValue*, methodHandle*, JavaCallArguments*, Thread*)+0x1056
V  [libjvm.so+0x664591]  JavaCalls::call_virtual(JavaValue*, KlassHandle, Symbol*, Symbol*, JavaCallArguments*, Thread*)+0x321
V  [libjvm.so+0x6649e6]  JavaCalls::call_virtual(JavaValue*, Handle, KlassHandle, Symbol*, Symbol*, Handle, Thread*)+0x56
V  [libjvm.so+0x9f51b0]  SystemDictionary::load_instance_class(Symbol*, Handle, Thread*)+0x3c0
V  [libjvm.so+0x9f421c]  SystemDictionary::resolve_instance_class_or_null(Symbol*, Handle, Handle, Thread*)+0x7cc
V  [libjvm.so+0x9f55d3]  SystemDictionary::resolve_or_fail(Symbol*, Handle, Handle, bool, Thread*)+0x33
V  [libjvm.so+0x4dc768]  ConstantPool::klass_at_impl(constantPoolHandle, int, Thread*)+0x158
V  [libjvm.so+0x4e1e40]  ConstantPool::klass_ref_at(int, Thread*)+0xa0
V  [libjvm.so+0x7bb62a]  LinkResolver::resolve_field_access(fieldDescriptor&, constantPoolHandle, int, Bytecodes::Code, Thread*)+0x9a
V  [libjvm.so+0x65aa75]  InterpreterRuntime::resolve_get_put(JavaThread*, Bytecodes::Code)+0x125
j  org.bitcoinj.core.ListMessage.parse()V+106
J 3470 C1 org.bitcoinj.core.Message.<init>(Lorg/bitcoinj/core/NetworkParameters;[BIIZZI)V (152 bytes) @ 0x00007f52552ea2cc [0x00007f52552e9f60+0x36c]
j  org.bitcoinj.core.Message.<init>(Lorg/bitcoinj/core/NetworkParameters;[BIZZI)V+12
j  org.bitcoinj.core.ListMessage.<init>(Lorg/bitcoinj/core/NetworkParameters;[BZZI)V+9
j  org.bitcoinj.core.InventoryMessage.<init>(Lorg/bitcoinj/core/NetworkParameters;[BZZI)V+8
J 3697 C1 org.bitcoinj.core.BitcoinSerializer.makeMessage(Ljava/lang/String;I[B[B[B)Lorg/bitcoinj/core/Message; (587 bytes) @ 0x00007f525538b8cc [0x00007f525538b5c0+0x30c]
J 3700 C1 org.bitcoinj.core.BitcoinSerializer.deserializePayload(Lorg/bitcoinj/core/BitcoinSerializer$BitcoinPacketHeader;Ljava/nio/ByteBuffer;)Lorg/bitcoinj/core/Message; (242 bytes) @ 0x00007f52553920a4 [0x00007f5255390ae0+0x15c4]
J 3809 C1 org.bitcoinj.core.PeerSocketHandler.receiveBytes(Ljava/nio/ByteBuffer;)I (306 bytes) @ 0x00007f52553cf644 [0x00007f52553ceb60+0xae4]
J 3593 C1 org.bitcoinj.net.ConnectionHandler.handleKey(Ljava/nio/channels/SelectionKey;)V (174 bytes) @ 0x00007f5254d032dc [0x00007f5254d027e0+0xafc]
J 3193 C1 org.bitcoinj.net.NioClientManager.handleKey(Ljava/nio/channels/SelectionKey;)V (225 bytes) @ 0x00007f525524e33c [0x00007f525524cb80+0x17bc]
j  org.bitcoinj.net.NioClientManager.run()V+116
j  com.google.common.util.concurrent.AbstractExecutionThreadService$1$2.run()V+34
j  com.google.common.util.concurrent.Callables$3.run()V+30
j  java.lang.Thread.run()V+11
v  ~StubRoutines::call_stub
V  [libjvm.so+0x664086]  JavaCalls::call_helper(JavaValue*, methodHandle*, JavaCallArguments*, Thread*)+0x1056
V  [libjvm.so+0x664591]  JavaCalls::call_virtual(JavaValue*, KlassHandle, Symbol*, Symbol*, JavaCallArguments*, Thread*)+0x321
V  [libjvm.so+0x664a37]  JavaCalls::call_virtual(JavaValue*, Handle, KlassHandle, Symbol*, Symbol*, Thread*)+0x47
V  [libjvm.so+0x6dee3e]  thread_entry(JavaThread*, Thread*)+0x7e
V  [libjvm.so+0xa29e8f]  JavaThread::thread_main_inner()+0xdf
V  [libjvm.so+0xa29fbc]  JavaThread::run()+0x11c
V  [libjvm.so+0x8e7d48]  java_start(Thread*)+0x108
C  [libpthread.so.0+0x7e9a]  start_thread+0xda

Java frames: (J=compiled Java code, j=interpreted, Vv=VM code)
J 212  java.util.zip.ZipFile.getEntry(J[BZ)J (0 bytes) @ 0x00007f5254b31dd8 [0x00007f5254b31d80+0x58]
J 278 C1 java.util.zip.ZipFile.getEntry(Ljava/lang/String;)Ljava/util/zip/ZipEntry; (86 bytes) @ 0x00007f5254b57a4c [0x00007f5254b577e0+0x26c]
J 503 C1 java.util.jar.JarFile.getEntry(Ljava/lang/String;)Ljava/util/zip/ZipEntry; (22 bytes) @ 0x00007f5254be8d64 [0x00007f5254be8ce0+0x84]
J 2981 C2 sun.misc.URLClassPath.getResource(Ljava/lang/String;Z)Lsun/misc/Resource; (74 bytes) @ 0x00007f52551cb66c [0x00007f52551cb440+0x22c]
J 221 C1 java.net.URLClassLoader$1.run()Ljava/lang/Class; (73 bytes) @ 0x00007f5254b3a1ac [0x00007f5254b39fa0+0x20c]
J 391 C1 java.net.URLClassLoader$1.run()Ljava/lang/Object; (5 bytes) @ 0x00007f5254b922bc [0x00007f5254b92240+0x7c]
v  ~StubRoutines::call_stub
J 390  java.security.AccessController.doPrivileged(Ljava/security/PrivilegedExceptionAction;Ljava/security/AccessControlContext;)Ljava/lang/Object; (0 bytes) @ 0x00007f5254b92623 [0x00007f5254b925c0+0x63]
J 268 C1 java.net.URLClassLoader.findClass(Ljava/lang/String;)Ljava/lang/Class; (29 bytes) @ 0x00007f5254b51364 [0x00007f5254b511e0+0x184]
J 142 C1 java.lang.ClassLoader.loadClass(Ljava/lang/String;Z)Ljava/lang/Class; (122 bytes) @ 0x00007f5254b1179c [0x00007f5254b10e40+0x95c]
J 205 C1 sun.misc.Launcher$AppClassLoader.loadClass(Ljava/lang/String;Z)Ljava/lang/Class; (40 bytes) @ 0x00007f5254b3142c [0x00007f5254b31000+0x42c]
J 204 C1 java.lang.ClassLoader.loadClass(Ljava/lang/String;)Ljava/lang/Class; (7 bytes) @ 0x00007f5254b30904 [0x00007f5254b30800+0x104]
v  ~StubRoutines::call_stub
j  org.bitcoinj.core.ListMessage.parse()V+106
J 3470 C1 org.bitcoinj.core.Message.<init>(Lorg/bitcoinj/core/NetworkParameters;[BIIZZI)V (152 bytes) @ 0x00007f52552ea2cc [0x00007f52552e9f60+0x36c]
j  org.bitcoinj.core.Message.<init>(Lorg/bitcoinj/core/NetworkParameters;[BIZZI)V+12
j  org.bitcoinj.core.ListMessage.<init>(Lorg/bitcoinj/core/NetworkParameters;[BZZI)V+9
j  org.bitcoinj.core.InventoryMessage.<init>(Lorg/bitcoinj/core/NetworkParameters;[BZZI)V+8
J 3697 C1 org.bitcoinj.core.BitcoinSerializer.makeMessage(Ljava/lang/String;I[B[B[B)Lorg/bitcoinj/core/Message; (587 bytes) @ 0x00007f525538b8cc [0x00007f525538b5c0+0x30c]
J 3700 C1 org.bitcoinj.core.BitcoinSerializer.deserializePayload(Lorg/bitcoinj/core/BitcoinSerializer$BitcoinPacketHeader;Ljava/nio/ByteBuffer;)Lorg/bitcoinj/core/Message; (242 bytes) @ 0x00007f52553920a4 [0x00007f5255390ae0+0x15c4]
J 3809 C1 org.bitcoinj.core.PeerSocketHandler.receiveBytes(Ljava/nio/ByteBuffer;)I (306 bytes) @ 0x00007f52553cf644 [0x00007f52553ceb60+0xae4]
J 3593 C1 org.bitcoinj.net.ConnectionHandler.handleKey(Ljava/nio/channels/SelectionKey;)V (174 bytes) @ 0x00007f5254d032dc [0x00007f5254d027e0+0xafc]
J 3193 C1 org.bitcoinj.net.NioClientManager.handleKey(Ljava/nio/channels/SelectionKey;)V (225 bytes) @ 0x00007f525524e33c [0x00007f525524cb80+0x17bc]
j  org.bitcoinj.net.NioClientManager.run()V+116
j  com.google.common.util.concurrent.AbstractExecutionThreadService$1$2.run()V+34
j  com.google.common.util.concurrent.Callables$3.run()V+30
j  java.lang.Thread.run()V+11
v  ~StubRoutines::call_stub

---------------  P R O C E S S  ---------------

Java Threads: ( => current thread )
  0x00007f522c001000 JavaThread "qtp1923289411-37" [_thread_blocked, id=6580, stack(0x00007f520b69d000,0x00007f520b79e000)]
  0x00007f52180b6000 JavaThread "qtp1923289411-36" [_thread_blocked, id=6579, stack(0x00007f5224037000,0x00007f5224138000)]
  0x00007f5220012800 JavaThread "qtp1923289411-35" [_thread_blocked, id=6578, stack(0x00007f524c01f000,0x00007f524c120000)]
  0x00007f5264009800 JavaThread "DestroyJavaVM" [_thread_blocked, id=6479, stack(0x00007f526a9eb000,0x00007f526aaec000)]
  0x00007f52643a1000 JavaThread "AWT-XAWT" daemon [_thread_in_native, id=6514, stack(0x00007f52248ee000,0x00007f52249ef000)]
  0x00007f5244025000 JavaThread "AbstractTimeoutHandler timeouts" daemon [_thread_blocked, id=6513, stack(0x00007f52247ed000,0x00007f52248ee000)]
  0x00007f5264383000 JavaThread "Java2D Disposer" daemon [_thread_blocked, id=6512, stack(0x00007f52249ef000,0x00007f5224af0000)]
=>0x00007f5244007800 JavaThread "NioClientManager" [_thread_in_native, id=6506, stack(0x00007f5227eff000,0x00007f5228000000)]
  0x00007f521c12f000 JavaThread "PeerGroup Thread" daemon [_thread_blocked, id=6505, stack(0x00007f5224cf7000,0x00007f5224df8000)]
  0x00007f521809a000 JavaThread "Scheduler-968590867" [_thread_blocked, id=6504, stack(0x00007f5226777000,0x00007f5226878000)]
  0x00007f5218060800 JavaThread "HashSessionScavenger-0" daemon [_thread_blocked, id=6503, stack(0x00007f5226ea7000,0x00007f5226fa8000)]
  0x00007f521805a800 JavaThread "qtp1923289411-22" [_thread_blocked, id=6502, stack(0x00007f5226fa8000,0x00007f52270a9000)]
  0x00007f5218058800 JavaThread "qtp1923289411-21" [_thread_blocked, id=6501, stack(0x00007f52270a9000,0x00007f52271aa000)]
  0x00007f5218057000 JavaThread "qtp1923289411-20" [_thread_blocked, id=6500, stack(0x00007f52271aa000,0x00007f52272ab000)]
  0x00007f5218052000 JavaThread "qtp1923289411-17-acceptor-0-ServerConnector@183bae22{HTTP/1.1}{0.0.0.0:4567}" [_thread_in_native, id=6497, stack(0x00007f52274ad000,0x00007f52275ae000)]
  0x00007f5218050000 JavaThread "qtp1923289411-16-selector-1" [_thread_in_native, id=6496, stack(0x00007f52275ae000,0x00007f52276af000)]
  0x00007f521804c000 JavaThread "qtp1923289411-15-selector-0" [_thread_in_native, id=6495, stack(0x00007f52276af000,0x00007f52277b0000)]
  0x00007f5218048000 JavaThread "DateCache" daemon [_thread_blocked, id=6494, stack(0x00007f52279fc000,0x00007f5227afd000)]
  0x00007f5264359000 JavaThread "Thread-1" [_thread_blocked, id=6493, stack(0x00007f5227afd000,0x00007f5227bfe000)]
  0x00007f521c030000 JavaThread "bitcoinj user thread" daemon [_thread_blocked, id=6492, stack(0x00007f5227dfe000,0x00007f5227eff000)]
  0x00007f5264136800 JavaThread "Service Thread" daemon [_thread_blocked, id=6488, stack(0x00007f524cb6c000,0x00007f524cc6d000)]
  0x00007f5264131800 JavaThread "C1 CompilerThread1" daemon [_thread_blocked, id=6487, stack(0x00007f524cc6d000,0x00007f524cd6e000)]
  0x00007f526412e800 JavaThread "C2 CompilerThread0" daemon [_thread_blocked, id=6486, stack(0x00007f524cd6e000,0x00007f524ce6f000)]
  0x00007f526412c800 JavaThread "Signal Dispatcher" daemon [_thread_blocked, id=6485, stack(0x00007f524ce6f000,0x00007f524cf70000)]
  0x00007f52640ff000 JavaThread "Finalizer" daemon [_thread_blocked, id=6484, stack(0x00007f524d36f000,0x00007f524d470000)]
  0x00007f52640fd000 JavaThread "Reference Handler" daemon [_thread_blocked, id=6483, stack(0x00007f524d470000,0x00007f524d571000)]

Other Threads:
  0x00007f52640f6000 VMThread [stack: 0x00007f524d571000,0x00007f524d672000] [id=6482]
  0x00007f526414b000 WatcherThread [stack: 0x00007f524ca6b000,0x00007f524cb6c000] [id=6489]

VM state:not at safepoint (normal execution)

VM Mutex/Monitor currently owned by a thread: None

Heap:
 PSYoungGen      total 156160K, used 126371K [0x00000000f0380000, 0x00000000fa280000, 0x0000000100000000)
  eden space 150016K, 83% used [0x00000000f0380000,0x00000000f7e894f0,0x00000000f9600000)
  from space 6144K, 6% used [0x00000000f9c00000,0x00000000f9c5f790,0x00000000fa200000)
  to   space 6144K, 0% used [0x00000000f9600000,0x00000000f9600000,0x00000000f9c00000)
 ParOldGen       total 27648K, used 12975K [0x00000000d0a00000, 0x00000000d2500000, 0x00000000f0380000)
  object space 27648K, 46% used [0x00000000d0a00000,0x00000000d16abfd8,0x00000000d2500000)
 Metaspace       used 24554K, capacity 24764K, committed 25088K, reserved 1071104K
  class space    used 2737K, capacity 2804K, committed 2816K, reserved 1048576K

Card table byte_map: [0x00007f5268054000,0x00007f52681d0000] byte_map_base: 0x00007f52679cf000

Marking Bits: (ParMarkBitMap*) 0x00007f5269ea22c0
 Begin Bits: [0x00007f524e850000, 0x00007f524f428000)
 End Bits:   [0x00007f524f428000, 0x00007f5250000000)

Polling page: 0x00007f526a9ea000

CodeCache: size=245760Kb used=10662Kb max_used=10702Kb free=235097Kb
 bounds [0x00007f52549c0000, 0x00007f5255450000, 0x00007f52639c0000]
 total_blobs=3931 nmethods=3375 adapters=471
 compilation: enabled

Compilation events (10 events):
Event: 199.893 Thread 0x00007f5264131800 3910   !   3       spark.utils.MimeParse::toFloat (14 bytes)
Event: 199.894 Thread 0x00007f5264131800 nmethod 3910 0x00007f5254b19ad0 code [0x00007f5254b19c60, 0x00007f5254b19fd8]
Event: 199.907 Thread 0x00007f526412e800 3911       4       sun.reflect.generics.parser.SignatureParser::parseFieldTypeSignature (73 bytes)
Event: 199.910 Thread 0x00007f5264131800 3912       3       java.util.concurrent.locks.LockSupport::parkNanos (29 bytes)
Event: 199.911 Thread 0x00007f5264131800 nmethod 3912 0x00007f5254c5bc50 code [0x00007f5254c5bde0, 0x00007f5254c5c148]
Event: 200.150 Thread 0x00007f5264131800 3913   !   3       java.util.concurrent.locks.AbstractQueuedSynchronizer::acquireQueued (93 bytes)
Event: 200.151 Thread 0x00007f5264131800 nmethod 3913 0x00007f5254cbec10 code [0x00007f5254cbee40, 0x00007f5254cbf918]
Event: 200.791 Thread 0x00007f526412e800 nmethod 3911 0x00007f52554206d0 code [0x00007f5255422020, 0x00007f525542a980]
Event: 200.791 Thread 0x00007f526412e800 3914       4       java.lang.Long::toString (52 bytes)
Event: 200.799 Thread 0x00007f526412e800 nmethod 3914 0x00007f5254e12490 code [0x00007f5254e12600, 0x00007f5254e12a88]

GC Heap History (10 events):
Event: 70.211 GC heap before
{Heap before GC invocations=13 (full 1):
 PSYoungGen      total 45568K, used 40630K [0x00000000f0380000, 0x00000000f4b80000, 0x0000000100000000)
  eden space 39424K, 99% used [0x00000000f0380000,0x00000000f29fadb8,0x00000000f2a00000)
  from space 6144K, 19% used [0x00000000f2a00000,0x00000000f2b32c58,0x00000000f3000000)
  to   space 6144K, 0% used [0x00000000f4580000,0x00000000f4580000,0x00000000f4b80000)
 ParOldGen       total 27648K, used 10909K [0x00000000d0a00000, 0x00000000d2500000, 0x00000000f0380000)
  object space 27648K, 39% used [0x00000000d0a00000,0x00000000d14a7500,0x00000000d2500000)
 Metaspace       used 23339K, capacity 23568K, committed 23808K, reserved 1071104K
  class space    used 2690K, capacity 2770K, committed 2816K, reserved 1048576K
Event: 70.216 GC heap after
Heap after GC invocations=13 (full 1):
 PSYoungGen      total 66560K, used 2235K [0x00000000f0380000, 0x00000000f4b00000, 0x0000000100000000)
  eden space 60928K, 0% used [0x00000000f0380000,0x00000000f0380000,0x00000000f3f00000)
  from space 5632K, 39% used [0x00000000f4580000,0x00000000f47aedc0,0x00000000f4b00000)
  to   space 6144K, 0% used [0x00000000f3f00000,0x00000000f3f00000,0x00000000f4500000)
 ParOldGen       total 27648K, used 11520K [0x00000000d0a00000, 0x00000000d2500000, 0x00000000f0380000)
  object space 27648K, 41% used [0x00000000d0a00000,0x00000000d1540338,0x00000000d2500000)
 Metaspace       used 23339K, capacity 23568K, committed 23808K, reserved 1071104K
  class space    used 2690K, capacity 2770K, committed 2816K, reserved 1048576K
}
Event: 70.271 GC heap before
{Heap before GC invocations=14 (full 1):
 PSYoungGen      total 66560K, used 63162K [0x00000000f0380000, 0x00000000f4b00000, 0x0000000100000000)
  eden space 60928K, 99% used [0x00000000f0380000,0x00000000f3effbc8,0x00000000f3f00000)
  from space 5632K, 39% used [0x00000000f4580000,0x00000000f47aedc0,0x00000000f4b00000)
  to   space 6144K, 0% used [0x00000000f3f00000,0x00000000f3f00000,0x00000000f4500000)
 ParOldGen       total 27648K, used 11520K [0x00000000d0a00000, 0x00000000d2500000, 0x00000000f0380000)
  object space 27648K, 41% used [0x00000000d0a00000,0x00000000d1540338,0x00000000d2500000)
 Metaspace       used 23339K, capacity 23568K, committed 23808K, reserved 1071104K
  class space    used 2690K, capacity 2770K, committed 2816K, reserved 1048576K
Event: 70.275 GC heap after
Heap after GC invocations=14 (full 1):
 PSYoungGen      total 67072K, used 83K [0x00000000f0380000, 0x00000000f6d00000, 0x0000000100000000)
  eden space 60928K, 0% used [0x00000000f0380000,0x00000000f0380000,0x00000000f3f00000)
  from space 6144K, 1% used [0x00000000f3f00000,0x00000000f3f14ea8,0x00000000f4500000)
  to   space 6144K, 0% used [0x00000000f6700000,0x00000000f6700000,0x00000000f6d00000)
 ParOldGen       total 27648K, used 12959K [0x00000000d0a00000, 0x00000000d2500000, 0x00000000f0380000)
  object space 27648K, 46% used [0x00000000d0a00000,0x00000000d16a7fd8,0x00000000d2500000)
 Metaspace       used 23339K, capacity 23568K, committed 23808K, reserved 1071104K
  class space    used 2690K, capacity 2770K, committed 2816K, reserved 1048576K
}
Event: 70.326 GC heap before
{Heap before GC invocations=15 (full 1):
 PSYoungGen      total 67072K, used 61006K [0x00000000f0380000, 0x00000000f6d00000, 0x0000000100000000)
  eden space 60928K, 99% used [0x00000000f0380000,0x00000000f3efe998,0x00000000f3f00000)
  from space 6144K, 1% used [0x00000000f3f00000,0x00000000f3f14ea8,0x00000000f4500000)
  to   space 6144K, 0% used [0x00000000f6700000,0x00000000f6700000,0x00000000f6d00000)
 ParOldGen       total 27648K, used 12959K [0x00000000d0a00000, 0x00000000d2500000, 0x00000000f0380000)
  object space 27648K, 46% used [0x00000000d0a00000,0x00000000d16a7fd8,0x00000000d2500000)
 Metaspace       used 23346K, capacity 23568K, committed 23808K, reserved 1071104K
  class space    used 2690K, capacity 2770K, committed 2816K, reserved 1048576K
Event: 70.327 GC heap after
Heap after GC invocations=15 (full 1):
 PSYoungGen      total 101888K, used 171K [0x00000000f0380000, 0x00000000f6d00000, 0x0000000100000000)
  eden space 95744K, 0% used [0x00000000f0380000,0x00000000f0380000,0x00000000f6100000)
  from space 6144K, 2% used [0x00000000f6700000,0x00000000f672ada0,0x00000000f6d00000)
  to   space 6144K, 0% used [0x00000000f6100000,0x00000000f6100000,0x00000000f6700000)
 ParOldGen       total 27648K, used 12959K [0x00000000d0a00000, 0x00000000d2500000, 0x00000000f0380000)
  object space 27648K, 46% used [0x00000000d0a00000,0x00000000d16a7fd8,0x00000000d2500000)
 Metaspace       used 23346K, capacity 23568K, committed 23808K, reserved 1071104K
  class space    used 2690K, capacity 2770K, committed 2816K, reserved 1048576K
}
Event: 70.386 GC heap before
{Heap before GC invocations=16 (full 1):
 PSYoungGen      total 101888K, used 95893K [0x00000000f0380000, 0x00000000f6d00000, 0x0000000100000000)
  eden space 95744K, 99% used [0x00000000f0380000,0x00000000f60faa38,0x00000000f6100000)
  from space 6144K, 2% used [0x00000000f6700000,0x00000000f672ada0,0x00000000f6d00000)
  to   space 6144K, 0% used [0x00000000f6100000,0x00000000f6100000,0x00000000f6700000)
 ParOldGen       total 27648K, used 12959K [0x00000000d0a00000, 0x00000000d2500000, 0x00000000f0380000)
  object space 27648K, 46% used [0x00000000d0a00000,0x00000000d16a7fd8,0x00000000d2500000)
 Metaspace       used 23347K, capacity 23568K, committed 23808K, reserved 1071104K
  class space    used 2690K, capacity 2770K, committed 2816K, reserved 1048576K
Event: 70.387 GC heap after
Heap after GC invocations=16 (full 1):
 PSYoungGen      total 101888K, used 316K [0x00000000f0380000, 0x00000000fa200000, 0x0000000100000000)
  eden space 95744K, 0% used [0x00000000f0380000,0x00000000f0380000,0x00000000f6100000)
  from space 6144K, 5% used [0x00000000f6100000,0x00000000f614f128,0x00000000f6700000)
  to   space 6144K, 0% used [0x00000000f9c00000,0x00000000f9c00000,0x00000000fa200000)
 ParOldGen       total 27648K, used 12967K [0x00000000d0a00000, 0x00000000d2500000, 0x00000000f0380000)
  object space 27648K, 46% used [0x00000000d0a00000,0x00000000d16a9fd8,0x00000000d2500000)
 Metaspace       used 23347K, capacity 23568K, committed 23808K, reserved 1071104K
  class space    used 2690K, capacity 2770K, committed 2816K, reserved 1048576K
}
Event: 70.437 GC heap before
{Heap before GC invocations=17 (full 1):
 PSYoungGen      total 101888K, used 96046K [0x00000000f0380000, 0x00000000fa200000, 0x0000000100000000)
  eden space 95744K, 99% used [0x00000000f0380000,0x00000000f60fca38,0x00000000f6100000)
  from space 6144K, 5% used [0x00000000f6100000,0x00000000f614f128,0x00000000f6700000)
  to   space 6144K, 0% used [0x00000000f9c00000,0x00000000f9c00000,0x00000000fa200000)
 ParOldGen       total 27648K, used 12967K [0x00000000d0a00000, 0x00000000d2500000, 0x00000000f0380000)
  object space 27648K, 46% used [0x00000000d0a00000,0x00000000d16a9fd8,0x00000000d2500000)
 Metaspace       used 23347K, capacity 23568K, committed 23808K, reserved 1071104K
  class space    used 2690K, capacity 2770K, committed 2816K, reserved 1048576K
Event: 70.439 GC heap after
Heap after GC invocations=17 (full 1):
 PSYoungGen      total 156160K, used 381K [0x00000000f0380000, 0x00000000fa280000, 0x0000000100000000)
  eden space 150016K, 0% used [0x00000000f0380000,0x00000000f0380000,0x00000000f9600000)
  from space 6144K, 6% used [0x00000000f9c00000,0x00000000f9c5f790,0x00000000fa200000)
  to   space 6144K, 0% used [0x00000000f9600000,0x00000000f9600000,0x00000000f9c00000)
 ParOldGen       total 27648K, used 12975K [0x00000000d0a00000, 0x00000000d2500000, 0x00000000f0380000)
  object space 27648K, 46% used [0x00000000d0a00000,0x00000000d16abfd8,0x00000000d2500000)
 Metaspace       used 23347K, capacity 23568K, committed 23808K, reserved 1071104K
  class space    used 2690K, capacity 2770K, committed 2816K, reserved 1048576K
}

Deoptimization events (10 events):
Event: 79.494 Thread 0x00007f521805a800 Uncommon trap: reason=null_check action=make_not_entrant pc=0x00007f5255278cd8 method=org.codehaus.jackson.map.introspect.MemberKey.equals(Ljava/lang/Object;)Z @ 107
Event: 79.833 Thread 0x00007f523029e800 Uncommon trap: reason=range_check action=make_not_entrant pc=0x00007f52552a5ca0 method=java.text.SimpleDateFormat.format(Ljava/util/Date;Ljava/lang/StringBuffer;Ljava/text/Format$FieldDelegate;)Ljava/lang/StringBuffer; @ 48
Event: 79.996 Thread 0x00007f523029e800 Uncommon trap: reason=array_check action=maybe_recompile pc=0x00007f52552aaad8 method=java.util.AbstractCollection.toArray([Ljava/lang/Object;)[Ljava/lang/Object; @ 119
Event: 80.002 Thread 0x00007f523029e800 Uncommon trap: reason=array_check action=maybe_recompile pc=0x00007f52552aaad8 method=java.util.AbstractCollection.toArray([Ljava/lang/Object;)[Ljava/lang/Object; @ 119
Event: 80.002 Thread 0x00007f523029e800 Uncommon trap: reason=array_check action=maybe_recompile pc=0x00007f52552aaad8 method=java.util.AbstractCollection.toArray([Ljava/lang/Object;)[Ljava/lang/Object; @ 119
Event: 80.002 Thread 0x00007f523029e800 Uncommon trap: reason=array_check action=maybe_recompile pc=0x00007f52552aaad8 method=java.util.AbstractCollection.toArray([Ljava/lang/Object;)[Ljava/lang/Object; @ 119
Event: 81.817 Thread 0x00007f5220012800 Uncommon trap: reason=null_check action=make_not_entrant pc=0x00007f52552d4c18 method=org.codehaus.jackson.map.introspect.MemberKey.equals(Ljava/lang/Object;)Z @ 117
Event: 141.402 Thread 0x00007f5244007800 Uncommon trap: reason=null_check action=make_not_entrant pc=0x00007f525523fd34 method=org.slf4j.helpers.MessageFormatter.getThrowableCandidate([Ljava/lang/Object;)Ljava/lang/Throwable; @ 19
Event: 141.402 Thread 0x00007f5244007800 Uncommon trap: reason=unreached action=reinterpret pc=0x00007f5255050224 method=org.slf4j.helpers.MessageFormatter.deeplyAppendParameter(Ljava/lang/StringBuffer;Ljava/lang/Object;Ljava/util/Map;)V @ 1
Event: 141.403 Thread 0x00007f5244007800 Uncommon trap: reason=null_check action=make_not_entrant pc=0x00007f5255263900 method=org.slf4j.helpers.MessageFormatter.getThrowableCandidate([Ljava/lang/Object;)Ljava/lang/Throwable; @ 19

Internal exceptions (10 events):
Event: 99.455 Thread 0x00007f522c001000 Exception <a 'java/security/PrivilegedActionException'> (0x00000000f5ac0678) thrown at [/HUDSON/workspace/8-2-build-linux-amd64/jdk8u25/1514/hotspot/src/share/vm/prims/jvm.cpp, line 1312]
Event: 99.456 Thread 0x00007f522c001000 Exception <a 'java/security/PrivilegedActionException'> (0x00000000f5ac3448) thrown at [/HUDSON/workspace/8-2-build-linux-amd64/jdk8u25/1514/hotspot/src/share/vm/prims/jvm.cpp, line 1312]
Event: 99.459 Thread 0x00007f522c001000 Exception <a 'java/security/PrivilegedActionException'> (0x00000000f5acb4b8) thrown at [/HUDSON/workspace/8-2-build-linux-amd64/jdk8u25/1514/hotspot/src/share/vm/prims/jvm.cpp, line 1312]
Event: 99.460 Thread 0x00007f522c001000 Exception <a 'java/security/PrivilegedActionException'> (0x00000000f5acd900) thrown at [/HUDSON/workspace/8-2-build-linux-amd64/jdk8u25/1514/hotspot/src/share/vm/prims/jvm.cpp, line 1312]
Event: 141.402 Thread 0x00007f5244007800 Implicit null exception at 0x00007f525523d717 to 0x00007f525523fd19
Event: 141.402 Thread 0x00007f5244007800 Implicit null exception at 0x00007f525504fb76 to 0x00007f525505020d
Event: 141.403 Thread 0x00007f5244007800 Implicit null exception at 0x00007f525526171a to 0x00007f52552638f1
Event: 144.804 Thread 0x00007f521c12f000 Exception <a 'java/net/SocketException'> (0x00000000f6a7cc30) thrown at [/HUDSON/workspace/8-2-build-linux-amd64/jdk8u25/1514/hotspot/src/share/vm/prims/jni.cpp, line 716]
Event: 144.947 Thread 0x00007f5244007800 Exception <a 'java/net/ConnectException'> (0x00000000f6a93f60) thrown at [/HUDSON/workspace/8-2-build-linux-amd64/jdk8u25/1514/hotspot/src/share/vm/prims/jni.cpp, line 716]
Event: 201.106 Thread 0x00007f5244007800 Exception <a 'java/security/PrivilegedActionException'> (0x00000000f7e86d50) thrown at [/HUDSON/workspace/8-2-build-linux-amd64/jdk8u25/1514/hotspot/src/share/vm/prims/jvm.cpp, line 1312]

Events (10 events):
Event: 198.152 Thread 0x00007f5264131800 flushing nmethod 0x00007f5254c5ba50
Event: 199.346 Thread 0x00007f5264131800 flushing nmethod 0x00007f5254cb5310
Event: 199.346 Thread 0x00007f5264131800 flushing nmethod 0x00007f5254cbe390
Event: 199.911 Thread 0x00007f5264131800 flushing nmethod 0x00007f5254d855d0
Event: 199.911 Thread 0x00007f5264131800 flushing nmethod 0x00007f5254d87e50
Event: 200.151 Thread 0x00007f5264131800 flushing nmethod 0x00007f5254de7850
Event: 200.151 Thread 0x00007f5264131800 flushing nmethod 0x00007f5254e12390
Event: 200.791 Thread 0x00007f526412e800 flushing nmethod 0x00007f5254ec4d50
Event: 201.106 loading class org/bitcoinj/core/InventoryItem$Type
Event: 201.106 loading class org/bitcoinj/core/InventoryItem$Type done


Dynamic libraries:
00400000-00401000 r-xp 00000000 08:02 11797142                           /usr/lib/jvm/java-8-oracle/jre/bin/java
00600000-00601000 rw-p 00000000 08:02 11797142                           /usr/lib/jvm/java-8-oracle/jre/bin/java
0155a000-0157b000 rw-p 00000000 00:00 0                                  [heap]
d0a00000-d2500000 rw-p 00000000 00:00 0 
d2500000-f0380000 ---p 00000000 00:00 0 
f0380000-fa280000 rw-p 00000000 00:00 0 
fa280000-100000000 ---p 00000000 00:00 0 
100000000-1002c0000 rw-p 00000000 00:00 0 
1002c0000-140000000 ---p 00000000 00:00 0 
7f520ad0f000-7f520ad12000 ---p 00000000 00:00 0 
7f520ad12000-7f520afd0000 rw-p 00000000 00:00 0 
7f520afd0000-7f520b010000 ---p 00000000 00:00 0 
7f520b010000-7f520b210000 rw-p 00000000 00:00 0 
7f520b210000-7f520b410000 rw-p 00000000 00:00 0 
7f520b410000-7f520b494000 r-xp 00000000 08:02 14687565                   /tmp/sqlite-3.7.2-libsqlitejdbc.so
7f520b494000-7f520b694000 ---p 00084000 08:02 14687565                   /tmp/sqlite-3.7.2-libsqlitejdbc.so
7f520b694000-7f520b695000 r--p 00084000 08:02 14687565                   /tmp/sqlite-3.7.2-libsqlitejdbc.so
7f520b695000-7f520b698000 rw-p 00085000 08:02 14687565                   /tmp/sqlite-3.7.2-libsqlitejdbc.so
7f520b69d000-7f520b6a0000 ---p 00000000 00:00 0 
7f520b6a0000-7f520b79e000 rw-p 00000000 00:00 0                          [stack:6580]
7f520b79e000-7f520b79f000 ---p 00000000 00:00 0 
7f520b79f000-7f520bf9f000 rw-p 00000000 00:00 0 
7f520bf9f000-7f520bfa0000 ---p 00000000 00:00 0 
7f520bfa0000-7f520c7a0000 rw-p 00000000 00:00 0 
7f520c7a0000-7f520c7a6000 r-xp 00000000 08:02 10886392                   /usr/lib/x86_64-linux-gnu/libogg.so.0.7.1
7f520c7a6000-7f520c9a5000 ---p 00006000 08:02 10886392                   /usr/lib/x86_64-linux-gnu/libogg.so.0.7.1
7f520c9a5000-7f520c9a6000 r--p 00005000 08:02 10886392                   /usr/lib/x86_64-linux-gnu/libogg.so.0.7.1
7f520c9a6000-7f520c9a7000 rw-p 00006000 08:02 10886392                   /usr/lib/x86_64-linux-gnu/libogg.so.0.7.1
7f520c9a8000-7f520c9d3000 r-xp 00000000 08:02 10886544                   /usr/lib/x86_64-linux-gnu/libvorbis.so.0.4.5
7f520c9d3000-7f520cbd2000 ---p 0002b000 08:02 10886544                   /usr/lib/x86_64-linux-gnu/libvorbis.so.0.4.5
7f520cbd2000-7f520cbd3000 r--p 0002a000 08:02 10886544                   /usr/lib/x86_64-linux-gnu/libvorbis.so.0.4.5
7f520cbd3000-7f520cbd4000 rw-p 0002b000 08:02 10886544                   /usr/lib/x86_64-linux-gnu/libvorbis.so.0.4.5
7f520cbd8000-7f520cbe0000 r-xp 00000000 08:02 10886352                   /usr/lib/x86_64-linux-gnu/libltdl.so.7.3.0
7f520cbe0000-7f520cde0000 ---p 00008000 08:02 10886352                   /usr/lib/x86_64-linux-gnu/libltdl.so.7.3.0
7f520cde0000-7f520cde1000 r--p 00008000 08:02 10886352                   /usr/lib/x86_64-linux-gnu/libltdl.so.7.3.0
7f520cde1000-7f520cde2000 rw-p 00009000 08:02 10886352                   /usr/lib/x86_64-linux-gnu/libltdl.so.7.3.0
7f520cde8000-7f520cdf8000 r-xp 00000000 08:02 10886517                   /usr/lib/x86_64-linux-gnu/libtdb.so.1.2.9
7f520cdf8000-7f520cff7000 ---p 00010000 08:02 10886517                   /usr/lib/x86_64-linux-gnu/libtdb.so.1.2.9
7f520cff7000-7f520cff8000 r--p 0000f000 08:02 10886517                   /usr/lib/x86_64-linux-gnu/libtdb.so.1.2.9
7f520cff8000-7f520cff9000 rw-p 00010000 08:02 10886517                   /usr/lib/x86_64-linux-gnu/libtdb.so.1.2.9
7f520d000000-7f520d007000 r-xp 00000000 08:02 10886548                   /usr/lib/x86_64-linux-gnu/libvorbisfile.so.3.3.4
7f520d007000-7f520d206000 ---p 00007000 08:02 10886548                   /usr/lib/x86_64-linux-gnu/libvorbisfile.so.3.3.4
7f520d206000-7f520d207000 r--p 00006000 08:02 10886548                   /usr/lib/x86_64-linux-gnu/libvorbisfile.so.3.3.4
7f520d207000-7f520d208000 rw-p 00007000 08:02 10886548                   /usr/lib/x86_64-linux-gnu/libvorbisfile.so.3.3.4
7f520d208000-7f520d217000 r-xp 00000000 08:02 10886057                   /usr/lib/x86_64-linux-gnu/libcanberra.so.0.2.5
7f520d217000-7f520d416000 ---p 0000f000 08:02 10886057                   /usr/lib/x86_64-linux-gnu/libcanberra.so.0.2.5
7f520d416000-7f520d417000 r--p 0000e000 08:02 10886057                   /usr/lib/x86_64-linux-gnu/libcanberra.so.0.2.5
7f520d417000-7f520d418000 rw-p 0000f000 08:02 10886057                   /usr/lib/x86_64-linux-gnu/libcanberra.so.0.2.5
7f520d418000-7f520d41c000 r-xp 00000000 08:02 10886053                   /usr/lib/x86_64-linux-gnu/libcanberra-gtk.so.0.1.8
7f520d41c000-7f520d61b000 ---p 00004000 08:02 10886053                   /usr/lib/x86_64-linux-gnu/libcanberra-gtk.so.0.1.8
7f520d61b000-7f520d61c000 r--p 00003000 08:02 10886053                   /usr/lib/x86_64-linux-gnu/libcanberra-gtk.so.0.1.8
7f520d61c000-7f520d61d000 rw-p 00004000 08:02 10886053                   /usr/lib/x86_64-linux-gnu/libcanberra-gtk.so.0.1.8
7f520d620000-7f520d64f000 r-xp 00000000 08:02 11013966                   /usr/lib/x86_64-linux-gnu/gtk-2.0/2.10.0/engines/libmurrine.so
7f520d64f000-7f520d84f000 ---p 0002f000 08:02 11013966                   /usr/lib/x86_64-linux-gnu/gtk-2.0/2.10.0/engines/libmurrine.so
7f520d84f000-7f520d850000 r--p 0002f000 08:02 11013966                   /usr/lib/x86_64-linux-gnu/gtk-2.0/2.10.0/engines/libmurrine.so
7f520d850000-7f520d851000 rw-p 00030000 08:02 11013966                   /usr/lib/x86_64-linux-gnu/gtk-2.0/2.10.0/engines/libmurrine.so
7f520d856000-7f520d857000 ---p 00000000 00:00 0 
7f520d857000-7f520e057000 rw-p 00000000 00:00 0                          [stack:6516]
7f520e057000-7f520e058000 ---p 00000000 00:00 0 
7f520e058000-7f520e858000 rw-p 00000000 00:00 0                          [stack:6515]
7f520e858000-7f520e93a000 r-xp 00000000 08:02 10886507                   /usr/lib/x86_64-linux-gnu/libstdc++.so.6.0.16
7f520e93a000-7f520eb39000 ---p 000e2000 08:02 10886507                   /usr/lib/x86_64-linux-gnu/libstdc++.so.6.0.16
7f520eb39000-7f520eb41000 r--p 000e1000 08:02 10886507                   /usr/lib/x86_64-linux-gnu/libstdc++.so.6.0.16
7f520eb41000-7f520eb43000 rw-p 000e9000 08:02 10886507                   /usr/lib/x86_64-linux-gnu/libstdc++.so.6.0.16
7f520eb43000-7f520eb58000 rw-p 00000000 00:00 0 
7f520eb68000-7f520eb6d000 r-xp 00000000 08:02 11013985                   /usr/lib/x86_64-linux-gnu/gtk-2.0/modules/libcanberra-gtk-module.so
7f520eb6d000-7f520ed6c000 ---p 00005000 08:02 11013985                   /usr/lib/x86_64-linux-gnu/gtk-2.0/modules/libcanberra-gtk-module.so
7f520ed6c000-7f520ed6d000 r--p 00004000 08:02 11013985                   /usr/lib/x86_64-linux-gnu/gtk-2.0/modules/libcanberra-gtk-module.so
7f520ed6d000-7f520ed6e000 rw-p 00005000 08:02 11013985                   /usr/lib/x86_64-linux-gnu/gtk-2.0/modules/libcanberra-gtk-module.so
7f520ed70000-7f520ed80000 r-xp 00000000 08:02 11013837                   /usr/lib/x86_64-linux-gnu/gio/modules/libgioremote-volume-monitor.so
7f520ed80000-7f520ef7f000 ---p 00010000 08:02 11013837                   /usr/lib/x86_64-linux-gnu/gio/modules/libgioremote-volume-monitor.so
7f520ef7f000-7f520ef80000 r--p 0000f000 08:02 11013837                   /usr/lib/x86_64-linux-gnu/gio/modules/libgioremote-volume-monitor.so
7f520ef80000-7f520ef81000 rw-p 00010000 08:02 11013837                   /usr/lib/x86_64-linux-gnu/gio/modules/libgioremote-volume-monitor.so
7f520ef88000-7f520ef8f000 r-xp 00000000 08:02 11013833                   /usr/lib/x86_64-linux-gnu/gio/modules/libdconfsettings.so
7f520ef8f000-7f520f18e000 ---p 00007000 08:02 11013833                   /usr/lib/x86_64-linux-gnu/gio/modules/libdconfsettings.so
7f520f18e000-7f520f18f000 r--p 00006000 08:02 11013833                   /usr/lib/x86_64-linux-gnu/gio/modules/libdconfsettings.so
7f520f18f000-7f520f190000 rw-p 00007000 08:02 11013833                   /usr/lib/x86_64-linux-gnu/gio/modules/libdconfsettings.so
7f520f190000-7f520f19c000 r-xp 00000000 08:02 8650872                    /lib/x86_64-linux-gnu/libudev.so.0.13.0
7f520f19c000-7f520f39b000 ---p 0000c000 08:02 8650872                    /lib/x86_64-linux-gnu/libudev.so.0.13.0
7f520f39b000-7f520f39c000 r--p 0000b000 08:02 8650872                    /lib/x86_64-linux-gnu/libudev.so.0.13.0
7f520f39c000-7f520f39d000 rw-p 0000c000 08:02 8650872                    /lib/x86_64-linux-gnu/libudev.so.0.13.0
7f520f3a0000-7f520f3e2000 r-xp 00000000 08:02 8650817                    /lib/x86_64-linux-gnu/libdbus-1.so.3.5.8
7f520f3e2000-7f520f5e2000 ---p 00042000 08:02 8650817                    /lib/x86_64-linux-gnu/libdbus-1.so.3.5.8
7f520f5e2000-7f520f5e3000 r--p 00042000 08:02 8650817                    /lib/x86_64-linux-gnu/libdbus-1.so.3.5.8
7f520f5e3000-7f520f5e4000 rw-p 00043000 08:02 8650817                    /lib/x86_64-linux-gnu/libdbus-1.so.3.5.8
7f520f5e8000-7f520f5fe000 r-xp 00000000 08:02 11014031                   /usr/lib/x86_64-linux-gnu/gvfs/libgvfscommon.so
7f520f5fe000-7f520f7fd000 ---p 00016000 08:02 11014031                   /usr/lib/x86_64-linux-gnu/gvfs/libgvfscommon.so
7f520f7fd000-7f520f7fe000 r--p 00015000 08:02 11014031                   /usr/lib/x86_64-linux-gnu/gvfs/libgvfscommon.so
7f520f7fe000-7f520f7ff000 rw-p 00016000 08:02 11014031                   /usr/lib/x86_64-linux-gnu/gvfs/libgvfscommon.so
7f520f800000-7f520f828000 r-xp 00000000 08:02 11013838                   /usr/lib/x86_64-linux-gnu/gio/modules/libgvfsdbus.so
7f520f828000-7f520fa27000 ---p 00028000 08:02 11013838                   /usr/lib/x86_64-linux-gnu/gio/modules/libgvfsdbus.so
7f520fa27000-7f520fa28000 r--p 00027000 08:02 11013838                   /usr/lib/x86_64-linux-gnu/gio/modules/libgvfsdbus.so
7f520fa28000-7f520fa29000 rw-p 00028000 08:02 11013838                   /usr/lib/x86_64-linux-gnu/gio/modules/libgvfsdbus.so
7f520fa30000-7f520fa40000 r-xp 00000000 08:02 10881862                   /usr/lib/liboverlay-scrollbar-0.2.so.0.0.16
7f520fa40000-7f520fc3f000 ---p 00010000 08:02 10881862                   /usr/lib/liboverlay-scrollbar-0.2.so.0.0.16
7f520fc3f000-7f520fc40000 r--p 0000f000 08:02 10881862                   /usr/lib/liboverlay-scrollbar-0.2.so.0.0.16
7f520fc40000-7f520fc41000 rw-p 00010000 08:02 10881862                   /usr/lib/liboverlay-scrollbar-0.2.so.0.0.16
7f520fc48000-7f520fc49000 r-xp 00000000 08:02 10880555                   /usr/lib/x86_64-linux-gnu/libgthread-2.0.so.0.3200.4
7f520fc49000-7f520fe48000 ---p 00001000 08:02 10880555                   /usr/lib/x86_64-linux-gnu/libgthread-2.0.so.0.3200.4
7f520fe48000-7f520fe49000 r--p 00000000 08:02 10880555                   /usr/lib/x86_64-linux-gnu/libgthread-2.0.so.0.3200.4
7f520fe49000-7f520fe4a000 rw-p 00001000 08:02 10880555                   /usr/lib/x86_64-linux-gnu/libgthread-2.0.so.0.3200.4
7f520fe50000-7f520fe8c000 r-xp 00000000 08:02 8654414                    /lib/x86_64-linux-gnu/libpcre.so.3.12.1
7f520fe8c000-7f521008b000 ---p 0003c000 08:02 8654414                    /lib/x86_64-linux-gnu/libpcre.so.3.12.1
7f521008b000-7f521008c000 r--p 0003b000 08:02 8654414                    /lib/x86_64-linux-gnu/libpcre.so.3.12.1
7f521008c000-7f521008d000 rw-p 0003c000 08:02 8654414                    /lib/x86_64-linux-gnu/libpcre.so.3.12.1
7f5210090000-7f5210097000 r-xp 00000000 08:02 10886136                   /usr/lib/x86_64-linux-gnu/libffi.so.6.0.0
7f5210097000-7f5210296000 ---p 00007000 08:02 10886136                   /usr/lib/x86_64-linux-gnu/libffi.so.6.0.0
7f5210296000-7f5210297000 r--p 00006000 08:02 10886136                   /usr/lib/x86_64-linux-gnu/libffi.so.6.0.0
7f5210297000-7f5210298000 rw-p 00007000 08:02 10886136                   /usr/lib/x86_64-linux-gnu/libffi.so.6.0.0
7f5210298000-7f52102bf000 r-xp 00000000 08:02 8654359                    /lib/x86_64-linux-gnu/libexpat.so.1.5.2
7f52102bf000-7f52104bf000 ---p 00027000 08:02 8654359                    /lib/x86_64-linux-gnu/libexpat.so.1.5.2
7f52104bf000-7f52104c1000 r--p 00027000 08:02 8654359                    /lib/x86_64-linux-gnu/libexpat.so.1.5.2
7f52104c1000-7f52104c2000 rw-p 00029000 08:02 8654359                    /lib/x86_64-linux-gnu/libexpat.so.1.5.2
7f52104c8000-7f52104e5000 r-xp 00000000 08:02 8654429                    /lib/x86_64-linux-gnu/libselinux.so.1
7f52104e5000-7f52106e4000 ---p 0001d000 08:02 8654429                    /lib/x86_64-linux-gnu/libselinux.so.1
7f52106e4000-7f52106e5000 r--p 0001c000 08:02 8654429                    /lib/x86_64-linux-gnu/libselinux.so.1
7f52106e5000-7f52106e6000 rw-p 0001d000 08:02 8654429                    /lib/x86_64-linux-gnu/libselinux.so.1
7f52106e6000-7f52106e7000 rw-p 00000000 00:00 0 
7f52106e8000-7f52106eb000 r-xp 00000000 08:02 10879353                   /usr/lib/x86_64-linux-gnu/libgmodule-2.0.so.0.3200.4
7f52106eb000-7f52108ea000 ---p 00003000 08:02 10879353                   /usr/lib/x86_64-linux-gnu/libgmodule-2.0.so.0.3200.4
7f52108ea000-7f52108eb000 r--p 00002000 08:02 10879353                   /usr/lib/x86_64-linux-gnu/libgmodule-2.0.so.0.3200.4
7f52108eb000-7f52108ec000 rw-p 00003000 08:02 10879353                   /usr/lib/x86_64-linux-gnu/libgmodule-2.0.so.0.3200.4
7f52108f0000-7f5210906000 r-xp 00000000 08:02 8654452                    /lib/x86_64-linux-gnu/libz.so.1.2.3.4
7f5210906000-7f5210b05000 ---p 00016000 08:02 8654452                    /lib/x86_64-linux-gnu/libz.so.1.2.3.4
7f5210b05000-7f5210b06000 r--p 00015000 08:02 8654452                    /lib/x86_64-linux-gnu/libz.so.1.2.3.4
7f5210b06000-7f5210b07000 rw-p 00016000 08:02 8654452                    /lib/x86_64-linux-gnu/libz.so.1.2.3.4
7f5210b08000-7f5210b10000 r-xp 00000000 08:02 10886567                   /usr/lib/x86_64-linux-gnu/libxcb-render.so.0.0.0
7f5210b10000-7f5210d10000 ---p 00008000 08:02 10886567                   /usr/lib/x86_64-linux-gnu/libxcb-render.so.0.0.0
7f5210d10000-7f5210d11000 r--p 00008000 08:02 10886567                   /usr/lib/x86_64-linux-gnu/libxcb-render.so.0.0.0
7f5210d11000-7f5210d12000 rw-p 00009000 08:02 10886567                   /usr/lib/x86_64-linux-gnu/libxcb-render.so.0.0.0
7f5210d18000-7f5210d1a000 r-xp 00000000 08:02 10886571                   /usr/lib/x86_64-linux-gnu/libxcb-shm.so.0.0.0
7f5210d1a000-7f5210f19000 ---p 00002000 08:02 10886571                   /usr/lib/x86_64-linux-gnu/libxcb-shm.so.0.0.0
7f5210f19000-7f5210f1a000 r--p 00001000 08:02 10886571                   /usr/lib/x86_64-linux-gnu/libxcb-shm.so.0.0.0
7f5210f1a000-7f5210f1b000 rw-p 00002000 08:02 10886571                   /usr/lib/x86_64-linux-gnu/libxcb-shm.so.0.0.0
7f5210f20000-7f5210f46000 r-xp 00000000 08:02 8654418                    /lib/x86_64-linux-gnu/libpng12.so.0.46.0
7f5210f46000-7f5211146000 ---p 00026000 08:02 8654418                    /lib/x86_64-linux-gnu/libpng12.so.0.46.0
7f5211146000-7f5211147000 r--p 00026000 08:02 8654418                    /lib/x86_64-linux-gnu/libpng12.so.0.46.0
7f5211147000-7f5211148000 rw-p 00027000 08:02 8654418                    /lib/x86_64-linux-gnu/libpng12.so.0.46.0
7f5211148000-7f52111d8000 r-xp 00000000 08:02 10880223                   /usr/lib/x86_64-linux-gnu/libpixman-1.so.0.30.2
7f52111d8000-7f52113d7000 ---p 00090000 08:02 10880223                   /usr/lib/x86_64-linux-gnu/libpixman-1.so.0.30.2
7f52113d7000-7f52113de000 r--p 0008f000 08:02 10880223                   /usr/lib/x86_64-linux-gnu/libpixman-1.so.0.30.2
7f52113de000-7f52113df000 rw-p 00096000 08:02 10880223                   /usr/lib/x86_64-linux-gnu/libpixman-1.so.0.30.2
7f52113e0000-7f5211476000 r-xp 00000000 08:02 10886146                   /usr/lib/x86_64-linux-gnu/libfreetype.so.6.8.0
7f5211476000-7f5211675000 ---p 00096000 08:02 10886146                   /usr/lib/x86_64-linux-gnu/libfreetype.so.6.8.0
7f5211675000-7f521167b000 r--p 00095000 08:02 10886146                   /usr/lib/x86_64-linux-gnu/libfreetype.so.6.8.0
7f521167b000-7f521167c000 rw-p 0009b000 08:02 10886146                   /usr/lib/x86_64-linux-gnu/libfreetype.so.6.8.0
7f5211680000-7f5211682000 r-xp 00000000 08:02 10885961                   /usr/lib/x86_64-linux-gnu/libXdamage.so.1.1.0
7f5211682000-7f5211881000 ---p 00002000 08:02 10885961                   /usr/lib/x86_64-linux-gnu/libXdamage.so.1.1.0
7f5211881000-7f5211882000 r--p 00001000 08:02 10885961                   /usr/lib/x86_64-linux-gnu/libXdamage.so.1.1.0
7f5211882000-7f5211883000 rw-p 00002000 08:02 10885961                   /usr/lib/x86_64-linux-gnu/libXdamage.so.1.1.0
7f5211888000-7f521188a000 r-xp 00000000 08:02 10885957                   /usr/lib/x86_64-linux-gnu/libXcomposite.so.1.0.0
7f521188a000-7f5211a89000 ---p 00002000 08:02 10885957                   /usr/lib/x86_64-linux-gnu/libXcomposite.so.1.0.0
7f5211a89000-7f5211a8a000 r--p 00001000 08:02 10885957                   /usr/lib/x86_64-linux-gnu/libXcomposite.so.1.0.0
7f5211a8a000-7f5211a8b000 rw-p 00002000 08:02 10885957                   /usr/lib/x86_64-linux-gnu/libXcomposite.so.1.0.0
7f5211a90000-7f5211a97000 r-xp 00000000 08:02 10885983                   /usr/lib/x86_64-linux-gnu/libXrandr.so.2.2.0
7f5211a97000-7f5211c96000 ---p 00007000 08:02 10885983                   /usr/lib/x86_64-linux-gnu/libXrandr.so.2.2.0
7f5211c96000-7f5211c97000 r--p 00006000 08:02 10885983                   /usr/lib/x86_64-linux-gnu/libXrandr.so.2.2.0
7f5211c97000-7f5211c98000 rw-p 00007000 08:02 10885983                   /usr/lib/x86_64-linux-gnu/libXrandr.so.2.2.0
7f5211c98000-7f5211c9a000 r-xp 00000000 08:02 10885973                   /usr/lib/x86_64-linux-gnu/libXinerama.so.1.0.0
7f5211c9a000-7f5211e99000 ---p 00002000 08:02 10885973                   /usr/lib/x86_64-linux-gnu/libXinerama.so.1.0.0
7f5211e99000-7f5211e9a000 r--p 00001000 08:02 10885973                   /usr/lib/x86_64-linux-gnu/libXinerama.so.1.0.0
7f5211e9a000-7f5211e9b000 rw-p 00002000 08:02 10885973                   /usr/lib/x86_64-linux-gnu/libXinerama.so.1.0.0
7f5211ea0000-7f5211f92000 r-xp 00000000 08:02 8654346                    /lib/x86_64-linux-gnu/libglib-2.0.so.0.3200.4
7f5211f92000-7f5212192000 ---p 000f2000 08:02 8654346                    /lib/x86_64-linux-gnu/libglib-2.0.so.0.3200.4
7f5212192000-7f5212193000 r--p 000f2000 08:02 8654346                    /lib/x86_64-linux-gnu/libglib-2.0.so.0.3200.4
7f5212193000-7f5212194000 rw-p 000f3000 08:02 8654346                    /lib/x86_64-linux-gnu/libglib-2.0.so.0.3200.4
7f5212194000-7f5212195000 rw-p 00000000 00:00 0 
7f5212198000-7f52121e5000 r-xp 00000000 08:02 10880557                   /usr/lib/x86_64-linux-gnu/libgobject-2.0.so.0.3200.4
7f52121e5000-7f52123e5000 ---p 0004d000 08:02 10880557                   /usr/lib/x86_64-linux-gnu/libgobject-2.0.so.0.3200.4
7f52123e5000-7f52123e6000 r--p 0004d000 08:02 10880557                   /usr/lib/x86_64-linux-gnu/libgobject-2.0.so.0.3200.4
7f52123e6000-7f52123e7000 rw-p 0004e000 08:02 10880557                   /usr/lib/x86_64-linux-gnu/libgobject-2.0.so.0.3200.4
7f52123e8000-7f521241c000 r-xp 00000000 08:02 10886138                   /usr/lib/x86_64-linux-gnu/libfontconfig.so.1.4.4
7f521241c000-7f521261c000 ---p 00034000 08:02 10886138                   /usr/lib/x86_64-linux-gnu/libfontconfig.so.1.4.4
7f521261c000-7f521261d000 r--p 00034000 08:02 10886138                   /usr/lib/x86_64-linux-gnu/libfontconfig.so.1.4.4
7f521261d000-7f521261e000 rw-p 00035000 08:02 10886138                   /usr/lib/x86_64-linux-gnu/libfontconfig.so.1.4.4
7f5212620000-7f5212666000 r-xp 00000000 08:02 10886404                   /usr/lib/x86_64-linux-gnu/libpango-1.0.so.0.3000.0
7f5212666000-7f5212866000 ---p 00046000 08:02 10886404                   /usr/lib/x86_64-linux-gnu/libpango-1.0.so.0.3000.0
7f5212866000-7f5212868000 r--p 00046000 08:02 10886404                   /usr/lib/x86_64-linux-gnu/libpango-1.0.so.0.3000.0
7f5212868000-7f5212869000 rw-p 00048000 08:02 10886404                   /usr/lib/x86_64-linux-gnu/libpango-1.0.so.0.3000.0
7f5212870000-7f5212899000 r-xp 00000000 08:02 10886408                   /usr/lib/x86_64-linux-gnu/libpangoft2-1.0.so.0.3000.0
7f5212899000-7f5212a98000 ---p 00029000 08:02 10886408                   /usr/lib/x86_64-linux-gnu/libpangoft2-1.0.so.0.3000.0
7f5212a98000-7f5212a99000 r--p 00028000 08:02 10886408                   /usr/lib/x86_64-linux-gnu/libpangoft2-1.0.so.0.3000.0
7f5212a99000-7f5212a9a000 rw-p 00029000 08:02 10886408                   /usr/lib/x86_64-linux-gnu/libpangoft2-1.0.so.0.3000.0
7f5212aa0000-7f5212be8000 r-xp 00000000 08:02 10880556                   /usr/lib/x86_64-linux-gnu/libgio-2.0.so.0.3200.4
7f5212be8000-7f5212de7000 ---p 00148000 08:02 10880556                   /usr/lib/x86_64-linux-gnu/libgio-2.0.so.0.3200.4
7f5212de7000-7f5212deb000 r--p 00147000 08:02 10880556                   /usr/lib/x86_64-linux-gnu/libgio-2.0.so.0.3200.4
7f5212deb000-7f5212ded000 rw-p 0014b000 08:02 10880556                   /usr/lib/x86_64-linux-gnu/libgio-2.0.so.0.3200.4
7f5212ded000-7f5212def000 rw-p 00000000 00:00 0 
7f5212df0000-7f5212e0e000 r-xp 00000000 08:02 10880593                   /usr/lib/x86_64-linux-gnu/libgdk_pixbuf-2.0.so.0.2600.1
7f5212e0e000-7f521300e000 ---p 0001e000 08:02 10880593                   /usr/lib/x86_64-linux-gnu/libgdk_pixbuf-2.0.so.0.2600.1
7f521300e000-7f521300f000 r--p 0001e000 08:02 10880593                   /usr/lib/x86_64-linux-gnu/libgdk_pixbuf-2.0.so.0.2600.1
7f521300f000-7f5213010000 rw-p 0001f000 08:02 10880593                   /usr/lib/x86_64-linux-gnu/libgdk_pixbuf-2.0.so.0.2600.1
7f5213010000-7f52130c9000 r-xp 00000000 08:02 10886049                   /usr/lib/x86_64-linux-gnu/libcairo.so.2.11000.2
7f52130c9000-7f52132c8000 ---p 000b9000 08:02 10886049                   /usr/lib/x86_64-linux-gnu/libcairo.so.2.11000.2
7f52132c8000-7f52132ca000 r--p 000b8000 08:02 10886049                   /usr/lib/x86_64-linux-gnu/libcairo.so.2.11000.2
7f52132ca000-7f52132cb000 rw-p 000ba000 08:02 10886049                   /usr/lib/x86_64-linux-gnu/libcairo.so.2.11000.2
7f52132cb000-7f52132ce000 rw-p 00000000 00:00 0 
7f52132d0000-7f52132f0000 r-xp 00000000 08:02 10879311                   /usr/lib/x86_64-linux-gnu/libatk-1.0.so.0.20609.1
7f52132f0000-7f52134f0000 ---p 00020000 08:02 10879311                   /usr/lib/x86_64-linux-gnu/libatk-1.0.so.0.20609.1
7f52134f0000-7f52134f2000 r--p 00020000 08:02 10879311                   /usr/lib/x86_64-linux-gnu/libatk-1.0.so.0.20609.1
7f52134f2000-7f52134f3000 rw-p 00022000 08:02 10879311                   /usr/lib/x86_64-linux-gnu/libatk-1.0.so.0.20609.1
7f52134f8000-7f5213503000 r-xp 00000000 08:02 10886406                   /usr/lib/x86_64-linux-gnu/libpangocairo-1.0.so.0.3000.0
7f5213503000-7f5213702000 ---p 0000b000 08:02 10886406                   /usr/lib/x86_64-linux-gnu/libpangocairo-1.0.so.0.3000.0
7f5213702000-7f5213703000 r--p 0000a000 08:02 10886406                   /usr/lib/x86_64-linux-gnu/libpangocairo-1.0.so.0.3000.0
7f5213703000-7f5213704000 rw-p 0000b000 08:02 10886406                   /usr/lib/x86_64-linux-gnu/libpangocairo-1.0.so.0.3000.0
7f5213708000-7f52137b5000 r-xp 00000000 08:02 10880596                   /usr/lib/x86_64-linux-gnu/libgdk-x11-2.0.so.0.2400.10
7f52137b5000-7f52139b4000 ---p 000ad000 08:02 10880596                   /usr/lib/x86_64-linux-gnu/libgdk-x11-2.0.so.0.2400.10
7f52139b4000-7f52139b8000 r--p 000ac000 08:02 10880596                   /usr/lib/x86_64-linux-gnu/libgdk-x11-2.0.so.0.2400.10
7f52139b8000-7f52139ba000 rw-p 000b0000 08:02 10880596                   /usr/lib/x86_64-linux-gnu/libgdk-x11-2.0.so.0.2400.10
7f52139c0000-7f5213dee000 r-xp 00000000 08:02 10880598                   /usr/lib/x86_64-linux-gnu/libgtk-x11-2.0.so.0.2400.10
7f5213dee000-7f5213fed000 ---p 0042e000 08:02 10880598                   /usr/lib/x86_64-linux-gnu/libgtk-x11-2.0.so.0.2400.10
7f5213fed000-7f5213ff4000 r--p 0042d000 08:02 10880598                   /usr/lib/x86_64-linux-gnu/libgtk-x11-2.0.so.0.2400.10
7f5213ff4000-7f5213ff8000 rw-p 00434000 08:02 10880598                   /usr/lib/x86_64-linux-gnu/libgtk-x11-2.0.so.0.2400.10
7f5213ff8000-7f5213ffa000 rw-p 00000000 00:00 0 
7f5214000000-7f5214114000 rw-p 00000000 00:00 0 
7f5214114000-7f5218000000 ---p 00000000 00:00 0 
7f5218000000-7f5218106000 rw-p 00000000 00:00 0 
7f5218106000-7f521c000000 ---p 00000000 00:00 0 
7f521c000000-7f521c45a000 rw-p 00000000 00:00 0 
7f521c45a000-7f5220000000 ---p 00000000 00:00 0 
7f5220000000-7f52200a4000 rw-p 00000000 00:00 0 
7f52200a4000-7f5224000000 ---p 00000000 00:00 0 
7f5224037000-7f522403a000 ---p 00000000 00:00 0 
7f522403a000-7f5224138000 rw-p 00000000 00:00 0                          [stack:6579]
7f5224138000-7f5224154000 r--s 00000000 08:02 11010226                   /usr/share/mime/mime.cache
7f5224158000-7f522415d000 r-xp 00000000 08:02 10879297                   /usr/lib/x86_64-linux-gnu/libXfixes.so.3.1.0
7f522415d000-7f522435c000 ---p 00005000 08:02 10879297                   /usr/lib/x86_64-linux-gnu/libXfixes.so.3.1.0
7f522435c000-7f522435d000 r--p 00004000 08:02 10879297                   /usr/lib/x86_64-linux-gnu/libXfixes.so.3.1.0
7f522435d000-7f522435e000 rw-p 00005000 08:02 10879297                   /usr/lib/x86_64-linux-gnu/libXfixes.so.3.1.0
7f5224360000-7f5224369000 r-xp 00000000 08:02 10885959                   /usr/lib/x86_64-linux-gnu/libXcursor.so.1.0.2
7f5224369000-7f5224568000 ---p 00009000 08:02 10885959                   /usr/lib/x86_64-linux-gnu/libXcursor.so.1.0.2
7f5224568000-7f5224569000 r--p 00008000 08:02 10885959                   /usr/lib/x86_64-linux-gnu/libXcursor.so.1.0.2
7f5224569000-7f522456a000 rw-p 00009000 08:02 10885959                   /usr/lib/x86_64-linux-gnu/libXcursor.so.1.0.2
7f5224570000-7f52245d4000 r-xp 00000000 08:02 13899048                   /usr/lib/jvm/java-8-oracle/jre/lib/amd64/libfontmanager.so
7f52245d4000-7f52247d4000 ---p 00064000 08:02 13899048                   /usr/lib/jvm/java-8-oracle/jre/lib/amd64/libfontmanager.so
7f52247d4000-7f52247d8000 rw-p 00064000 08:02 13899048                   /usr/lib/jvm/java-8-oracle/jre/lib/amd64/libfontmanager.so
7f52247d8000-7f52247e9000 rw-p 00000000 00:00 0 
7f52247ed000-7f52247f0000 ---p 00000000 00:00 0 
7f52247f0000-7f52248ee000 rw-p 00000000 00:00 0                          [stack:6513]
7f52248ee000-7f52248f1000 ---p 00000000 00:00 0 
7f52248f1000-7f52249ef000 rw-p 00000000 00:00 0                          [stack:6514]
7f52249ef000-7f52249f2000 ---p 00000000 00:00 0 
7f52249f2000-7f5224af0000 rw-p 00000000 00:00 0                          [stack:6512]
7f5224af7000-7f5224cf7000 rw-p 00000000 00:00 0 
7f5224cf7000-7f5224cfa000 ---p 00000000 00:00 0 
7f5224cfa000-7f5224df8000 rw-p 00000000 00:00 0                          [stack:6505]
7f5224df8000-7f5224e95000 rw-s 00000000 08:02 9049711                    /home/tyler/.bitmerchant-wallet/bitmerchant-wallet.spvchain
7f5224e98000-7f5224e9d000 r-xp 00000000 08:02 10885963                   /usr/lib/x86_64-linux-gnu/libXdmcp.so.6.0.0
7f5224e9d000-7f522509c000 ---p 00005000 08:02 10885963                   /usr/lib/x86_64-linux-gnu/libXdmcp.so.6.0.0
7f522509c000-7f522509d000 r--p 00004000 08:02 10885963                   /usr/lib/x86_64-linux-gnu/libXdmcp.so.6.0.0
7f522509d000-7f522509e000 rw-p 00005000 08:02 10885963                   /usr/lib/x86_64-linux-gnu/libXdmcp.so.6.0.0
7f52250a0000-7f52250a2000 r-xp 00000000 08:02 10885952                   /usr/lib/x86_64-linux-gnu/libXau.so.6.0.0
7f52250a2000-7f52252a1000 ---p 00002000 08:02 10885952                   /usr/lib/x86_64-linux-gnu/libXau.so.6.0.0
7f52252a1000-7f52252a2000 r--p 00001000 08:02 10885952                   /usr/lib/x86_64-linux-gnu/libXau.so.6.0.0
7f52252a2000-7f52252a3000 rw-p 00002000 08:02 10885952                   /usr/lib/x86_64-linux-gnu/libXau.so.6.0.0
7f52252a8000-7f52252c5000 r-xp 00000000 08:02 10886575                   /usr/lib/x86_64-linux-gnu/libxcb.so.1.1.0
7f52252c5000-7f52254c4000 ---p 0001d000 08:02 10886575                   /usr/lib/x86_64-linux-gnu/libxcb.so.1.1.0
7f52254c4000-7f52254c5000 r--p 0001c000 08:02 10886575                   /usr/lib/x86_64-linux-gnu/libxcb.so.1.1.0
7f52254c5000-7f52254c6000 rw-p 0001d000 08:02 10886575                   /usr/lib/x86_64-linux-gnu/libxcb.so.1.1.0
7f52254c8000-7f52254d7000 r-xp 00000000 08:02 10880227                   /usr/lib/x86_64-linux-gnu/libXi.so.6.1.0
7f52254d7000-7f52256d6000 ---p 0000f000 08:02 10880227                   /usr/lib/x86_64-linux-gnu/libXi.so.6.1.0
7f52256d6000-7f52256d7000 r--p 0000e000 08:02 10880227                   /usr/lib/x86_64-linux-gnu/libXi.so.6.1.0
7f52256d7000-7f52256d8000 rw-p 0000f000 08:02 10880227                   /usr/lib/x86_64-linux-gnu/libXi.so.6.1.0
7f52256d8000-7f52256dd000 r-xp 00000000 08:02 10885991                   /usr/lib/x86_64-linux-gnu/libXtst.so.6.1.0
7f52256dd000-7f52258dc000 ---p 00005000 08:02 10885991                   /usr/lib/x86_64-linux-gnu/libXtst.so.6.1.0
7f52258dc000-7f52258dd000 r--p 00004000 08:02 10885991                   /usr/lib/x86_64-linux-gnu/libXtst.so.6.1.0
7f52258dd000-7f52258de000 rw-p 00005000 08:02 10885991                   /usr/lib/x86_64-linux-gnu/libXtst.so.6.1.0
7f52258e0000-7f52258e9000 r-xp 00000000 08:02 10885985                   /usr/lib/x86_64-linux-gnu/libXrender.so.1.3.0
7f52258e9000-7f5225ae8000 ---p 00009000 08:02 10885985                   /usr/lib/x86_64-linux-gnu/libXrender.so.1.3.0
7f5225ae8000-7f5225ae9000 r--p 00008000 08:02 10885985                   /usr/lib/x86_64-linux-gnu/libXrender.so.1.3.0
7f5225ae9000-7f5225aea000 rw-p 00009000 08:02 10885985                   /usr/lib/x86_64-linux-gnu/libXrender.so.1.3.0
7f5225af0000-7f5225c20000 r-xp 00000000 08:02 10880585                   /usr/lib/x86_64-linux-gnu/libX11.so.6.3.0
7f5225c20000-7f5225e20000 ---p 00130000 08:02 10880585                   /usr/lib/x86_64-linux-gnu/libX11.so.6.3.0
7f5225e20000-7f5225e21000 r--p 00130000 08:02 10880585                   /usr/lib/x86_64-linux-gnu/libX11.so.6.3.0
7f5225e21000-7f5225e25000 rw-p 00131000 08:02 10880585                   /usr/lib/x86_64-linux-gnu/libX11.so.6.3.0
7f5225e28000-7f5225e38000 r-xp 00000000 08:02 10885965                   /usr/lib/x86_64-linux-gnu/libXext.so.6.4.0
7f5225e38000-7f5226037000 ---p 00010000 08:02 10885965                   /usr/lib/x86_64-linux-gnu/libXext.so.6.4.0
7f5226037000-7f5226038000 r--p 0000f000 08:02 10885965                   /usr/lib/x86_64-linux-gnu/libXext.so.6.4.0
7f5226038000-7f5226039000 rw-p 00010000 08:02 10885965                   /usr/lib/x86_64-linux-gnu/libXext.so.6.4.0
7f5226040000-7f5226094000 r-xp 00000000 08:02 13899100                   /usr/lib/jvm/java-8-oracle/jre/lib/amd64/libawt_xawt.so
7f5226094000-7f5226294000 ---p 00054000 08:02 13899100                   /usr/lib/jvm/java-8-oracle/jre/lib/amd64/libawt_xawt.so
7f5226294000-7f5226298000 rw-p 00054000 08:02 13899100                   /usr/lib/jvm/java-8-oracle/jre/lib/amd64/libawt_xawt.so
7f5226298000-7f5226299000 rw-p 00000000 00:00 0 
7f52262a0000-7f5226342000 r-xp 00000000 08:02 13899078                   /usr/lib/jvm/java-8-oracle/jre/lib/amd64/libawt.so
7f5226342000-7f5226542000 ---p 000a2000 08:02 13899078                   /usr/lib/jvm/java-8-oracle/jre/lib/amd64/libawt.so
7f5226542000-7f522654e000 rw-p 000a2000 08:02 13899078                   /usr/lib/jvm/java-8-oracle/jre/lib/amd64/libawt.so
7f522654e000-7f5226572000 rw-p 00000000 00:00 0 
7f5226577000-7f5226777000 rw-p 00000000 00:00 0 
7f5226777000-7f522677a000 ---p 00000000 00:00 0 
7f522677a000-7f5226878000 rw-p 00000000 00:00 0                          [stack:6504]
7f5226878000-7f5226889000 r-xp 00000000 08:02 13899060                   /usr/lib/jvm/java-8-oracle/jre/lib/amd64/libnio.so
7f5226889000-7f5226a88000 ---p 00011000 08:02 13899060                   /usr/lib/jvm/java-8-oracle/jre/lib/amd64/libnio.so
7f5226a88000-7f5226a89000 rw-p 00010000 08:02 13899060                   /usr/lib/jvm/java-8-oracle/jre/lib/amd64/libnio.so
7f5226a90000-7f5226c90000 rw-p 00000000 00:00 0 
7f5226c90000-7f5226ca5000 r-xp 00000000 08:02 8654362                    /lib/x86_64-linux-gnu/libgcc_s.so.1
7f5226ca5000-7f5226ea4000 ---p 00015000 08:02 8654362                    /lib/x86_64-linux-gnu/libgcc_s.so.1
7f5226ea4000-7f5226ea5000 r--p 00014000 08:02 8654362                    /lib/x86_64-linux-gnu/libgcc_s.so.1
7f5226ea5000-7f5226ea6000 rw-p 00015000 08:02 8654362                    /lib/x86_64-linux-gnu/libgcc_s.so.1
7f5226ea7000-7f5226eaa000 ---p 00000000 00:00 0 
7f5226eaa000-7f5226fa8000 rw-p 00000000 00:00 0                          [stack:6503]
7f5226fa8000-7f5226fab000 ---p 00000000 00:00 0 
7f5226fab000-7f52270a9000 rw-p 00000000 00:00 0                          [stack:6502]
7f52270a9000-7f52270ac000 ---p 00000000 00:00 0 
7f52270ac000-7f52271aa000 rw-p 00000000 00:00 0                          [stack:6501]
7f52271aa000-7f52271ad000 ---p 00000000 00:00 0 
7f52271ad000-7f52272ab000 rw-p 00000000 00:00 0                          [stack:6500]
7f52272ab000-7f52272ae000 ---p 00000000 00:00 0 
7f52272ae000-7f52273ac000 rw-p 00000000 00:00 0 
7f52273ac000-7f52273af000 ---p 00000000 00:00 0 
7f52273af000-7f52274ad000 rw-p 00000000 00:00 0 
7f52274ad000-7f52274b0000 ---p 00000000 00:00 0 
7f52274b0000-7f52275ae000 rw-p 00000000 00:00 0                          [stack:6497]
7f52275ae000-7f52275b1000 ---p 00000000 00:00 0 
7f52275b1000-7f52276af000 rw-p 00000000 00:00 0                          [stack:6496]
7f52276af000-7f52276b2000 ---p 00000000 00:00 0 
7f52276b2000-7f52277b0000 rw-p 00000000 00:00 0                          [stack:6495]
7f52277b0000-7f52277e2000 r-xp 00000000 08:02 13899065                   /usr/lib/jvm/java-8-oracle/jre/lib/amd64/libsunec.so
7f52277e2000-7f52279e1000 ---p 00032000 08:02 13899065                   /usr/lib/jvm/java-8-oracle/jre/lib/amd64/libsunec.so
7f52279e1000-7f52279e7000 rw-p 00031000 08:02 13899065                   /usr/lib/jvm/java-8-oracle/jre/lib/amd64/libsunec.so
7f52279e7000-7f52279f7000 rw-p 00000000 00:00 0 
7f52279fc000-7f52279ff000 ---p 00000000 00:00 0 
7f52279ff000-7f5227afd000 rw-p 00000000 00:00 0                          [stack:6494]
7f5227afd000-7f5227b00000 ---p 00000000 00:00 0 
7f5227b00000-7f5227dfe000 rw-p 00000000 00:00 0                          [stack:6493]
7f5227dfe000-7f5227e01000 ---p 00000000 00:00 0 
7f5227e01000-7f5227eff000 rw-p 00000000 00:00 0                          [stack:6492]
7f5227eff000-7f5227f02000 ---p 00000000 00:00 0 
7f5227f02000-7f5228000000 rw-p 00000000 00:00 0                          [stack:6506]
7f5228000000-7f522814a000 rw-p 00000000 00:00 0 
7f522814a000-7f522c000000 ---p 00000000 00:00 0 
7f522c000000-7f522c082000 rw-p 00000000 00:00 0 
7f522c082000-7f5230000000 ---p 00000000 00:00 0 
7f5230000000-7f52317b3000 rw-p 00000000 00:00 0 
7f52317b3000-7f5234000000 ---p 00000000 00:00 0 
7f5234000000-7f5234544000 rw-p 00000000 00:00 0 
7f5234544000-7f5238000000 ---p 00000000 00:00 0 
7f5238000000-7f5238021000 rw-p 00000000 00:00 0 
7f5238021000-7f523c000000 ---p 00000000 00:00 0 
7f523c000000-7f523c021000 rw-p 00000000 00:00 0 
7f523c021000-7f5240000000 ---p 00000000 00:00 0 
7f5240000000-7f5240087000 rw-p 00000000 00:00 0 
7f5240087000-7f5244000000 ---p 00000000 00:00 0 
7f5244000000-7f5244041000 rw-p 00000000 00:00 0 
7f5244041000-7f5248000000 ---p 00000000 00:00 0 
7f5248000000-7f5248040000 rw-p 00000000 00:00 0 
7f5248040000-7f524c000000 ---p 00000000 00:00 0 
7f524c00c000-7f524c01f000 r--s 00344000 08:02 12190112                   /usr/lib/jvm/java-8-oracle/jre/lib/resources.jar
7f524c01f000-7f524c022000 ---p 00000000 00:00 0 
7f524c022000-7f524c120000 rw-p 00000000 00:00 0                          [stack:6578]
7f524c120000-7f524c138000 r-xp 00000000 08:02 8655886                    /lib/x86_64-linux-gnu/libresolv-2.15.so
7f524c138000-7f524c338000 ---p 00018000 08:02 8655886                    /lib/x86_64-linux-gnu/libresolv-2.15.so
7f524c338000-7f524c339000 r--p 00018000 08:02 8655886                    /lib/x86_64-linux-gnu/libresolv-2.15.so
7f524c339000-7f524c33a000 rw-p 00019000 08:02 8655886                    /lib/x86_64-linux-gnu/libresolv-2.15.so
7f524c33a000-7f524c33c000 rw-p 00000000 00:00 0 
7f524c340000-7f524c347000 r-xp 00000000 08:02 8655898                    /lib/x86_64-linux-gnu/libnss_dns-2.15.so
7f524c347000-7f524c546000 ---p 00007000 08:02 8655898                    /lib/x86_64-linux-gnu/libnss_dns-2.15.so
7f524c546000-7f524c547000 r--p 00006000 08:02 8655898                    /lib/x86_64-linux-gnu/libnss_dns-2.15.so
7f524c547000-7f524c548000 rw-p 00007000 08:02 8655898                    /lib/x86_64-linux-gnu/libnss_dns-2.15.so
7f524c548000-7f524c54a000 r-xp 00000000 08:02 8650805                    /lib/libnss_mdns4_minimal.so.2
7f524c54a000-7f524c749000 ---p 00002000 08:02 8650805                    /lib/libnss_mdns4_minimal.so.2
7f524c749000-7f524c74a000 r--p 00001000 08:02 8650805                    /lib/libnss_mdns4_minimal.so.2
7f524c74a000-7f524c74b000 rw-p 00002000 08:02 8650805                    /lib/libnss_mdns4_minimal.so.2
7f524c750000-7f524c766000 r-xp 00000000 08:02 13899066                   /usr/lib/jvm/java-8-oracle/jre/lib/amd64/libnet.so
7f524c766000-7f524c966000 ---p 00016000 08:02 13899066                   /usr/lib/jvm/java-8-oracle/jre/lib/amd64/libnet.so
7f524c966000-7f524c967000 rw-p 00016000 08:02 13899066                   /usr/lib/jvm/java-8-oracle/jre/lib/amd64/libnet.so
7f524c96b000-7f524ca67000 r--s 01483000 08:02 7999179                    /home/tyler/git/bitmerchant-wallet/target/bitmerchant-wallet-shaded.jar
7f524ca6b000-7f524ca6c000 ---p 00000000 00:00 0 
7f524ca6c000-7f524cb6c000 rw-p 00000000 00:00 0                          [stack:6489]
7f524cb6c000-7f524cb6f000 ---p 00000000 00:00 0 
7f524cb6f000-7f524cc6d000 rw-p 00000000 00:00 0                          [stack:6488]
7f524cc6d000-7f524cc70000 ---p 00000000 00:00 0 
7f524cc70000-7f524cd6e000 rw-p 00000000 00:00 0                          [stack:6487]
7f524cd6e000-7f524cd71000 ---p 00000000 00:00 0 
7f524cd71000-7f524ce6f000 rw-p 00000000 00:00 0                          [stack:6486]
7f524ce6f000-7f524ce72000 ---p 00000000 00:00 0 
7f524ce72000-7f524cf70000 rw-p 00000000 00:00 0                          [stack:6485]
7f524cf70000-7f524d36e000 r--p 00000000 08:02 10883108                   /usr/lib/locale/locale-archive
7f524d36f000-7f524d372000 ---p 00000000 00:00 0 
7f524d372000-7f524d470000 rw-p 00000000 00:00 0                          [stack:6484]
7f524d470000-7f524d473000 ---p 00000000 00:00 0 
7f524d473000-7f524d571000 rw-p 00000000 00:00 0                          [stack:6483]
7f524d571000-7f524d572000 ---p 00000000 00:00 0 
7f524d572000-7f524de7a000 rw-p 00000000 00:00 0                          [stack:6482]
7f524de7a000-7f524e050000 r--s 03caa000 08:02 12190137                   /usr/lib/jvm/java-8-oracle/jre/lib/rt.jar
7f524e050000-7f5250000000 rw-p 00000000 00:00 0 
7f5250000000-7f5250021000 rw-p 00000000 00:00 0 
7f5250021000-7f5254000000 ---p 00000000 00:00 0 
7f5254018000-7f525401b000 r--p 00000000 08:02 7875240                    /home/tyler/.config/dconf/user
7f5254020000-7f5254021000 r--s 00000000 08:02 7879442                    /home/tyler/.cache/dconf/user
7f5254028000-7f5254045000 r--p 00000000 08:02 11544217                   /usr/share/glib-2.0/schemas/gschemas.compiled
7f5254047000-7f525404c000 r--s 0003f000 08:02 13899138                   /usr/lib/jvm/java-8-oracle/jre/lib/ext/sunjce_provider.jar
7f5254051000-7f5254052000 r--s 00009000 08:02 13899139                   /usr/lib/jvm/java-8-oracle/jre/lib/ext/sunec.jar
7f5254052000-7f5254055000 r--s 0003a000 08:02 13899134                   /usr/lib/jvm/java-8-oracle/jre/lib/ext/sunpkcs11.jar
7f5254056000-7f5254060000 r--s 00116000 08:02 13899140                   /usr/lib/jvm/java-8-oracle/jre/lib/ext/localedata.jar
7f5254063000-7f525407f000 r--s 00393000 08:02 13899136                   /usr/lib/jvm/java-8-oracle/jre/lib/ext/cldrdata.jar
7f5254085000-7f5254301000 rw-p 00000000 00:00 0 
7f5254301000-7f5254302000 ---p 00000000 00:00 0 
7f5254302000-7f5254402000 rw-p 00000000 00:00 0                          [stack:6481]
7f5254402000-7f5254403000 ---p 00000000 00:00 0 
7f5254403000-7f5254511000 rw-p 00000000 00:00 0                          [stack:6480]
7f5254511000-7f5254600000 ---p 00000000 00:00 0 
7f5254600000-7f525462b000 rw-p 00000000 00:00 0 
7f525462b000-7f52549c0000 ---p 00000000 00:00 0 
7f52549c0000-7f5255450000 rwxp 00000000 00:00 0 
7f5255450000-7f52639c0000 ---p 00000000 00:00 0 
7f52639c0000-7f52639da000 r-xp 00000000 08:02 13899088                   /usr/lib/jvm/java-8-oracle/jre/lib/amd64/libzip.so
7f52639da000-7f5263bda000 ---p 0001a000 08:02 13899088                   /usr/lib/jvm/java-8-oracle/jre/lib/amd64/libzip.so
7f5263bda000-7f5263bdb000 rw-p 0001a000 08:02 13899088                   /usr/lib/jvm/java-8-oracle/jre/lib/amd64/libzip.so
7f5263be0000-7f5263bec000 r-xp 00000000 08:02 8655884                    /lib/x86_64-linux-gnu/libnss_files-2.15.so
7f5263bec000-7f5263deb000 ---p 0000c000 08:02 8655884                    /lib/x86_64-linux-gnu/libnss_files-2.15.so
7f5263deb000-7f5263dec000 r--p 0000b000 08:02 8655884                    /lib/x86_64-linux-gnu/libnss_files-2.15.so
7f5263dec000-7f5263ded000 rw-p 0000c000 08:02 8655884                    /lib/x86_64-linux-gnu/libnss_files-2.15.so
7f5263df0000-7f5263dfa000 r-xp 00000000 08:02 8655891                    /lib/x86_64-linux-gnu/libnss_nis-2.15.so
7f5263dfa000-7f5263ffa000 ---p 0000a000 08:02 8655891                    /lib/x86_64-linux-gnu/libnss_nis-2.15.so
7f5263ffa000-7f5263ffb000 r--p 0000a000 08:02 8655891                    /lib/x86_64-linux-gnu/libnss_nis-2.15.so
7f5263ffb000-7f5263ffc000 rw-p 0000b000 08:02 8655891                    /lib/x86_64-linux-gnu/libnss_nis-2.15.so
7f5264000000-7f526448c000 rw-p 00000000 00:00 0 
7f526448c000-7f5268000000 ---p 00000000 00:00 0 
7f5268005000-7f5268062000 rw-p 00000000 00:00 0 
7f5268062000-7f5268150000 ---p 00000000 00:00 0 
7f5268150000-7f52681a1000 rw-p 00000000 00:00 0 
7f52681a1000-7f52681cf000 ---p 00000000 00:00 0 
7f52681cf000-7f52681d0000 rw-p 00000000 00:00 0 
7f52681d0000-7f52681e7000 r-xp 00000000 08:02 8655883                    /lib/x86_64-linux-gnu/libnsl-2.15.so
7f52681e7000-7f52683e6000 ---p 00017000 08:02 8655883                    /lib/x86_64-linux-gnu/libnsl-2.15.so
7f52683e6000-7f52683e7000 r--p 00016000 08:02 8655883                    /lib/x86_64-linux-gnu/libnsl-2.15.so
7f52683e7000-7f52683e8000 rw-p 00017000 08:02 8655883                    /lib/x86_64-linux-gnu/libnsl-2.15.so
7f52683e8000-7f52683ea000 rw-p 00000000 00:00 0 
7f52683f0000-7f52683f8000 r-xp 00000000 08:02 8655890                    /lib/x86_64-linux-gnu/libnss_compat-2.15.so
7f52683f8000-7f52685f7000 ---p 00008000 08:02 8655890                    /lib/x86_64-linux-gnu/libnss_compat-2.15.so
7f52685f7000-7f52685f8000 r--p 00007000 08:02 8655890                    /lib/x86_64-linux-gnu/libnss_compat-2.15.so
7f52685f8000-7f52685f9000 rw-p 00008000 08:02 8655890                    /lib/x86_64-linux-gnu/libnss_compat-2.15.so
7f5268600000-7f526862a000 r-xp 00000000 08:02 13899083                   /usr/lib/jvm/java-8-oracle/jre/lib/amd64/libjava.so
7f526862a000-7f526882a000 ---p 0002a000 08:02 13899083                   /usr/lib/jvm/java-8-oracle/jre/lib/amd64/libjava.so
7f526882a000-7f526882c000 rw-p 0002a000 08:02 13899083                   /usr/lib/jvm/java-8-oracle/jre/lib/amd64/libjava.so
7f5268830000-7f526883d000 r-xp 00000000 08:02 13899059                   /usr/lib/jvm/java-8-oracle/jre/lib/amd64/libverify.so
7f526883d000-7f5268a3d000 ---p 0000d000 08:02 13899059                   /usr/lib/jvm/java-8-oracle/jre/lib/amd64/libverify.so
7f5268a3d000-7f5268a3f000 rw-p 0000d000 08:02 13899059                   /usr/lib/jvm/java-8-oracle/jre/lib/amd64/libverify.so
7f5268a40000-7f5268a47000 r-xp 00000000 08:02 8655881                    /lib/x86_64-linux-gnu/librt-2.15.so
7f5268a47000-7f5268c46000 ---p 00007000 08:02 8655881                    /lib/x86_64-linux-gnu/librt-2.15.so
7f5268c46000-7f5268c47000 r--p 00006000 08:02 8655881                    /lib/x86_64-linux-gnu/librt-2.15.so
7f5268c47000-7f5268c48000 rw-p 00007000 08:02 8655881                    /lib/x86_64-linux-gnu/librt-2.15.so
7f5268c48000-7f5268d43000 r-xp 00000000 08:02 8655888                    /lib/x86_64-linux-gnu/libm-2.15.so
7f5268d43000-7f5268f42000 ---p 000fb000 08:02 8655888                    /lib/x86_64-linux-gnu/libm-2.15.so
7f5268f42000-7f5268f43000 r--p 000fa000 08:02 8655888                    /lib/x86_64-linux-gnu/libm-2.15.so
7f5268f43000-7f5268f44000 rw-p 000fb000 08:02 8655888                    /lib/x86_64-linux-gnu/libm-2.15.so
7f5268f48000-7f5269bb5000 r-xp 00000000 08:02 13899106                   /usr/lib/jvm/java-8-oracle/jre/lib/amd64/server/libjvm.so
7f5269bb5000-7f5269db4000 ---p 00c6d000 08:02 13899106                   /usr/lib/jvm/java-8-oracle/jre/lib/amd64/server/libjvm.so
7f5269db4000-7f5269e8a000 rw-p 00c6c000 08:02 13899106                   /usr/lib/jvm/java-8-oracle/jre/lib/amd64/server/libjvm.so
7f5269e8a000-7f5269ecd000 rw-p 00000000 00:00 0 
7f5269ed0000-7f526a085000 r-xp 00000000 08:02 8655885                    /lib/x86_64-linux-gnu/libc-2.15.so
7f526a085000-7f526a284000 ---p 001b5000 08:02 8655885                    /lib/x86_64-linux-gnu/libc-2.15.so
7f526a284000-7f526a288000 r--p 001b4000 08:02 8655885                    /lib/x86_64-linux-gnu/libc-2.15.so
7f526a288000-7f526a28a000 rw-p 001b8000 08:02 8655885                    /lib/x86_64-linux-gnu/libc-2.15.so
7f526a28a000-7f526a28f000 rw-p 00000000 00:00 0 
7f526a290000-7f526a292000 r-xp 00000000 08:02 8655899                    /lib/x86_64-linux-gnu/libdl-2.15.so
7f526a292000-7f526a492000 ---p 00002000 08:02 8655899                    /lib/x86_64-linux-gnu/libdl-2.15.so
7f526a492000-7f526a493000 r--p 00002000 08:02 8655899                    /lib/x86_64-linux-gnu/libdl-2.15.so
7f526a493000-7f526a494000 rw-p 00003000 08:02 8655899                    /lib/x86_64-linux-gnu/libdl-2.15.so
7f526a498000-7f526a4ad000 r-xp 00000000 08:02 13899108                   /usr/lib/jvm/java-8-oracle/jre/lib/amd64/jli/libjli.so
7f526a4ad000-7f526a6ac000 ---p 00015000 08:02 13899108                   /usr/lib/jvm/java-8-oracle/jre/lib/amd64/jli/libjli.so
7f526a6ac000-7f526a6ad000 rw-p 00014000 08:02 13899108                   /usr/lib/jvm/java-8-oracle/jre/lib/amd64/jli/libjli.so
7f526a6b0000-7f526a6c8000 r-xp 00000000 08:02 8655879                    /lib/x86_64-linux-gnu/libpthread-2.15.so
7f526a6c8000-7f526a8c7000 ---p 00018000 08:02 8655879                    /lib/x86_64-linux-gnu/libpthread-2.15.so
7f526a8c7000-7f526a8c8000 r--p 00017000 08:02 8655879                    /lib/x86_64-linux-gnu/libpthread-2.15.so
7f526a8c8000-7f526a8c9000 rw-p 00018000 08:02 8655879                    /lib/x86_64-linux-gnu/libpthread-2.15.so
7f526a8c9000-7f526a8cd000 rw-p 00000000 00:00 0 
7f526a8d0000-7f526a8f2000 r-xp 00000000 08:02 8655878                    /lib/x86_64-linux-gnu/ld-2.15.so
7f526a8f2000-7f526a8f4000 r--s 0001a000 08:02 12190124                   /usr/lib/jvm/java-8-oracle/jre/lib/jce.jar
7f526a8fa000-7f526a8fb000 rw-p 00000000 00:00 0 
7f526a8fb000-7f526a8ff000 r--s 00093000 08:02 12190145                   /usr/lib/jvm/java-8-oracle/jre/lib/jsse.jar
7f526a8ff000-7f526a9e0000 rw-p 00000000 00:00 0 
7f526a9e0000-7f526a9e8000 rw-s 00000000 08:02 15599426                   /tmp/hsperfdata_tyler/6478
7f526a9e8000-7f526a9ea000 rw-p 00000000 00:00 0 
7f526a9ea000-7f526a9eb000 r--p 00000000 00:00 0 
7f526a9eb000-7f526a9ee000 ---p 00000000 00:00 0 
7f526a9ee000-7f526aaf2000 rw-p 00000000 00:00 0                          [stack:6479]
7f526aaf2000-7f526aaf3000 r--p 00022000 08:02 8655878                    /lib/x86_64-linux-gnu/ld-2.15.so
7f526aaf3000-7f526aaf5000 rw-p 00023000 08:02 8655878                    /lib/x86_64-linux-gnu/ld-2.15.so
7fff3eb91000-7fff3ebb2000 rw-p 00000000 00:00 0                          [stack]
7fff3ebf0000-7fff3ebf2000 r-xp 00000000 00:00 0                          [vdso]
ffffffffff600000-ffffffffff601000 r-xp 00000000 00:00 0                  [vsyscall]

VM Arguments:
java_command: target/bitmerchant-wallet-shaded.jar
java_class_path (initial): target/bitmerchant-wallet-shaded.jar
Launcher Type: SUN_STANDARD

Environment Variables:
PATH=/usr/lib/lightdm/lightdm:/usr/local/sbin:/usr/local/bin:/usr/sbin:/usr/bin:/sbin:/bin:/usr/games:/home/tyler/.rvm/bin:/home/tyler/.rvm/bin
SHELL=/bin/bash
DISPLAY=:0

Signal Handlers:
SIGSEGV: [libjvm.so+0xa79a80], sa_mask[0]=11111111011111111101111111111110, sa_flags=SA_RESTART|SA_SIGINFO
SIGBUS: [libjvm.so+0xa79a80], sa_mask[0]=11111111011111111101111111111110, sa_flags=SA_RESTART|SA_SIGINFO
SIGFPE: [libjvm.so+0x8e24e0], sa_mask[0]=11111111011111111101111111111110, sa_flags=SA_RESTART|SA_SIGINFO
SIGPIPE: SIG_IGN, sa_mask[0]=00000000000010000000000000000000, sa_flags=SA_RESTART
SIGXFSZ: [libjvm.so+0x8e24e0], sa_mask[0]=11111111011111111101111111111110, sa_flags=SA_RESTART|SA_SIGINFO
SIGILL: [libjvm.so+0x8e24e0], sa_mask[0]=11111111011111111101111111111110, sa_flags=SA_RESTART|SA_SIGINFO
SIGUSR1: SIG_DFL, sa_mask[0]=00000000000000000000000000000000, sa_flags=none
SIGUSR2: [libjvm.so+0x8e3d10], sa_mask[0]=00000000000000000000000000000000, sa_flags=SA_RESTART|SA_SIGINFO
SIGHUP: SIG_IGN, sa_mask[0]=00000000000000000000000000000000, sa_flags=none
SIGINT: SIG_IGN, sa_mask[0]=00000000000000000000000000000000, sa_flags=none
SIGTERM: [libjvm.so+0x8e50d0], sa_mask[0]=11111111011111111101111111111110, sa_flags=SA_RESTART|SA_SIGINFO
SIGQUIT: [libjvm.so+0x8e50d0], sa_mask[0]=11111111011111111101111111111110, sa_flags=SA_RESTART|SA_SIGINFO


---------------  S Y S T E M  ---------------

OS:DISTRIB_ID="elementary OS"
DISTRIB_RELEASE=0.2.1
DISTRIB_CODENAME=luna
DISTRIB_DESCRIPTION="elementary OS Luna"

uname:Linux 3.11.0-26-generic #45~precise1-Ubuntu SMP Tue Jul 15 04:02:35 UTC 2014 x86_64
libc:glibc 2.15 NPTL 2.15 
rlimit: STACK 8192k, CORE 0k, NPROC 24027, NOFILE 4096, AS infinity
load average:1.69 2.11 1.80

/proc/meminfo:
MemTotal:        3102324 kB
MemFree:          116808 kB
Buffers:           78784 kB
Cached:           222680 kB
SwapCached:        66808 kB
Active:          1666776 kB
Inactive:         732584 kB
Active(anon):    1533820 kB
Inactive(anon):   597940 kB
Active(file):     132956 kB
Inactive(file):   134644 kB
Unevictable:         256 kB
Mlocked:             256 kB
SwapTotal:       1535996 kB
SwapFree:        1163896 kB
Dirty:              2764 kB
Writeback:             0 kB
AnonPages:       2058500 kB
Mapped:           215744 kB
Shmem:             33668 kB
Slab:             299044 kB
SReclaimable:     266160 kB
SUnreclaim:        32884 kB
KernelStack:        5072 kB
PageTables:        47592 kB
NFS_Unstable:          0 kB
Bounce:                0 kB
WritebackTmp:          0 kB
CommitLimit:     3087156 kB
Committed_AS:    8184940 kB
VmallocTotal:   34359738367 kB
VmallocUsed:      103876 kB
VmallocChunk:   34359626292 kB
HardwareCorrupted:     0 kB
AnonHugePages:         0 kB
HugePages_Total:       0
HugePages_Free:        0
HugePages_Rsvd:        0
HugePages_Surp:        0
Hugepagesize:       2048 kB
DirectMap4k:      107664 kB
DirectMap2M:     3194880 kB
DirectMap1G:           0 kB


CPU:total 2 (2 cores per cpu, 1 threads per core) family 21 model 19 stepping 1, cmov, cx8, fxsr, mmx, sse, sse2, sse3, ssse3, sse4.1, sse4.2, popcnt, avx, aes, clmul, mmxext, 3dnowpref, lzcnt, sse4a, tsc, tscinvbit, tscinv, bmi1

/proc/cpuinfo:
processor	: 0
vendor_id	: AuthenticAMD
cpu family	: 21
model		: 19
model name	: AMD A6-5350M APU with Radeon(tm) HD Graphics
stepping	: 1
microcode	: 0x6001119
cpu MHz		: 2900.000
cache size	: 1024 KB
physical id	: 0
siblings	: 2
core id		: 0
cpu cores	: 1
apicid		: 16
initial apicid	: 0
fpu		: yes
fpu_exception	: yes
cpuid level	: 13
wp		: yes
flags		: fpu vme de pse tsc msr pae mce cx8 apic sep mtrr pge mca cmov pat pse36 clflush mmx fxsr sse sse2 ht syscall nx mmxext fxsr_opt pdpe1gb rdtscp lm constant_tsc rep_good nopl nonstop_tsc extd_apicid aperfmperf pni pclmulqdq monitor ssse3 fma cx16 sse4_1 sse4_2 popcnt aes xsave avx f16c lahf_lm cmp_legacy svm extapic cr8_legacy abm sse4a misalignsse 3dnowprefetch osvw ibs xop skinit wdt lwp fma4 tce nodeid_msr tbm topoext perfctr_core perfctr_nb arat cpb hw_pstate npt lbrv svm_lock nrip_save tsc_scale vmcb_clean flushbyasid decodeassists pausefilter pfthreshold bmi1
bogomips	: 5789.12
TLB size	: 1536 4K pages
clflush size	: 64
cache_alignment	: 64
address sizes	: 48 bits physical, 48 bits virtual
power management: ts ttp tm 100mhzsteps hwpstate cpb eff_freq_ro

processor	: 1
vendor_id	: AuthenticAMD
cpu family	: 21
model		: 19
model name	: AMD A6-5350M APU with Radeon(tm) HD Graphics   
stepping	: 1
microcode	: 0x6001119
cpu MHz		: 2900.000
cache size	: 1024 KB
physical id	: 0
siblings	: 2
core id		: 1
cpu cores	: 1
apicid		: 17
initial apicid	: 1
fpu		: yes
fpu_exception	: yes
cpuid level	: 13
wp		: yes
flags		: fpu vme de pse tsc msr pae mce cx8 apic sep mtrr pge mca cmov pat pse36 clflush mmx fxsr sse sse2 ht syscall nx mmxext fxsr_opt pdpe1gb rdtscp lm constant_tsc rep_good nopl nonstop_tsc extd_apicid aperfmperf pni pclmulqdq monitor ssse3 fma cx16 sse4_1 sse4_2 popcnt aes xsave avx f16c lahf_lm cmp_legacy svm extapic cr8_legacy abm sse4a misalignsse 3dnowprefetch osvw ibs xop skinit wdt lwp fma4 tce nodeid_msr tbm topoext perfctr_core perfctr_nb arat cpb hw_pstate npt lbrv svm_lock nrip_save tsc_scale vmcb_clean flushbyasid decodeassists pausefilter pfthreshold bmi1
bogomips	: 5789.12
TLB size	: 1536 4K pages
clflush size	: 64
cache_alignment	: 64
address sizes	: 48 bits physical, 48 bits virtual
power management: ts ttp tm 100mhzsteps hwpstate cpb eff_freq_ro



Memory: 4k page, physical 3102324k(116808k free), swap 1535996k(1163896k free)

vm_info: Java HotSpot(TM) 64-Bit Server VM (25.25-b02) for linux-amd64 JRE (1.8.0_25-b17), built on Sep 17 2014 17:32:11 by "java_re" with gcc 4.3.0 20080428 (Red Hat 4.3.0-8)

time: Thu Jan 22 09:06:14 2015
elapsed time: 201 seconds (0d 0h 3m 21s)

