#
# A fatal error has been detected by the Java Runtime Environment:
#
#  SIGBUS (0x7) at pc=0x00007fa352da17d2, pid=15538, tid=140337887409920
#
# JRE version: Java(TM) SE Runtime Environment (8.0_25-b17) (build 1.8.0_25-b17)
# Java VM: Java HotSpot(TM) 64-Bit Server VM (25.25-b02 mixed mode linux-amd64 compressed oops)
# Problematic frame:
# C  [libzip.so+0x117d2]  newEntry+0x62
#
# Failed to write core dump. Core dumps have been disabled. To enable core dumping, try "ulimit -c unlimited" before starting Java again
#
# If you would like to submit a bug report, please visit:
#   http://bugreport.sun.com/bugreport/crash.jsp
# The crash happened outside the Java Virtual Machine in native code.
# See problematic frame for where to report the bug.
#

---------------  T H R E A D  ---------------

Current thread (0x00007fa30c01a800):  JavaThread "CircuitCreationTask worker-2" daemon [_thread_in_native, id=15643, stack(0x00007fa2f5dd7000,0x00007fa2f5ed8000)]

siginfo: si_signo: 7 (SIGBUS), si_code: 2 (BUS_ADRERR), si_addr: 0x00007fa33c0c253c

Registers:
RAX=0x00007fa3200071d0, RBX=0x00007fa34c1595f0, RCX=0x0000000000001221, RDX=0x00007fa320000020
RSP=0x00007fa2f5ed4070, RBP=0x00007fa2f5ed40c0, RSI=0x00007fa3200071c0, RDI=0x0000000000000003
R8 =0x0000000000000003, R9 =0x00000000ffffffef, R10=0x65704f2f73746975, R11=0x0000000000000001
R12=0x00007fa33c0c251f, R13=0x00007fa3200071d0, R14=0x0000000011102163, R15=0x00007fa34c165ce0
RIP=0x00007fa352da17d2, EFLAGS=0x0000000000010202, CSGSFS=0x0000000000000033, ERR=0x0000000000000004
  TRAPNO=0x000000000000000e

Top of Stack: (sp=0x00007fa2f5ed4070)
0x00007fa2f5ed4070:   00007fa2f5ed61d4 00007fa300000000
0x00007fa2f5ed4080:   00000001000007a8 00007fa3549ec97e
0x00007fa2f5ed4090:   00007fa3200071d0 00007fa34c1595f0
0x00007fa2f5ed40a0:   00007fa30c021370 00007fa34c165ce0
0x00007fa2f5ed40b0:   0000000011102163 0000000000000035
0x00007fa2f5ed40c0:   00007fa2f5ed4120 00007fa352da1f2f
0x00007fa2f5ed40d0:   00007fa30c01a800 01007fa2f5ed44e0
0x00007fa2f5ed40e0:   00007fa2f5ed4140 00007fa2f5ed4176
0x00007fa2f5ed40f0:   00007fa2f5ed4174 00007fa2f5ed4140
0x00007fa2f5ed4100:   0000000000000035 00007fa30c01a9e8
0x00007fa2f5ed4110:   00007fa2f5ed4598 0000000000000001
0x00007fa2f5ed4120:   00007fa2f5ed4580 00007fa352d93d30
0x00007fa2f5ed4130:   000000000000003d 00007fa34c165ce0
0x00007fa2f5ed4140:   676275732f6d6f63 63726f2f68706172
0x00007fa2f5ed4150:   637269632f646968 65704f2f73746975
0x00007fa2f5ed4160:   727453746978456e 2e6b7361546d6165
0x00007fa2f5ed4170:   0000007373616c63 00007fa318011a18
0x00007fa2f5ed4180:   00007fa2f5ed6190 00007fa2f5ed6194
0x00007fa2f5ed4190:   00007fa2f661c4c0 0000000100082ab8
0x00007fa2f5ed41a0:   00000000f66280e8 0000000000000000
0x00007fa2f5ed41b0:   0000000000000000 0000000000000000
0x00007fa2f5ed41c0:   00007fa2f5ed6120 00007fa200000000
0x00007fa2f5ed41d0:   00000001f65dbf40 0000000000000000
0x00007fa2f5ed41e0:   0000000100000000 0000000000000000
0x00007fa2f5ed41f0:   00007fa2f661ac80 00007fa35514be0e
0x00007fa2f5ed4200:   00007fa2f5ed48a0 00007fa2f5ed4890
0x00007fa2f5ed4210:   00007fa2f5ed4a00 00007fa30c01a800
0x00007fa2f5ed4220:   0000000000000000 00007fa35511877c
0x00007fa2f5ed4230:   00007fa30c016430 00000000f5741e08
0x00007fa2f5ed4240:   00000000f5741e28 00000000f5741e78
0x00007fa2f5ed4250:   00000000f5741f08 00007fa300000010
0x00007fa2f5ed4260:   00007fa2f5ed6090 0000000000000000 

Instructions: (pc=0x00007fa352da17d2)
0x00007fa352da17b2:   00 48 c7 40 28 00 00 00 00 41 80 7f 30 00 0f 84
0x00007fa352da17c2:   8a 02 00 00 4c 8b 63 08 4d 2b 67 28 4d 03 67 18
0x00007fa352da17d2:   41 0f b6 5c 24 1d 41 0f b6 44 24 1c c1 e3 08 09
0x00007fa352da17e2:   c3 41 0f b6 44 24 1e 88 45 bd 41 0f b6 54 24 20 

Register to memory mapping:

RAX=0x00007fa3200071d0 is an unknown value
RBX=0x00007fa34c1595f0 is an unknown value
RCX=0x0000000000001221 is an unknown value
RDX=0x00007fa320000020 is an unknown value
RSP=0x00007fa2f5ed4070 is pointing into the stack for thread: 0x00007fa30c01a800
RBP=0x00007fa2f5ed40c0 is pointing into the stack for thread: 0x00007fa30c01a800
RSI=0x00007fa3200071c0 is an unknown value
RDI=0x0000000000000003 is an unknown value
R8 =0x0000000000000003 is an unknown value
R9 =0x00000000ffffffef is an unallocated location in the heap
R10=0x65704f2f73746975 is an unknown value
R11=0x0000000000000001 is an unknown value
R12=0x00007fa33c0c251f is an unknown value
R13=0x00007fa3200071d0 is an unknown value
R14=0x0000000011102163 is an unknown value
R15=0x00007fa34c165ce0 is an unknown value


Stack: [0x00007fa2f5dd7000,0x00007fa2f5ed8000],  sp=0x00007fa2f5ed4070,  free space=1012k
Native frames: (J=compiled Java code, j=interpreted, Vv=VM code, C=native code)
C  [libzip.so+0x117d2]  newEntry+0x62
C  [libzip.so+0x11f2f]  ZIP_GetEntry2+0xff
C  [libzip.so+0x3d30]  Java_java_util_zip_ZipFile_getEntry+0xf0
J 213  java.util.zip.ZipFile.getEntry(J[BZ)J (0 bytes) @ 0x00007fa33d172c8e [0x00007fa33d172bc0+0xce]
J 287 C1 java.util.zip.ZipFile.getEntry(Ljava/lang/String;)Ljava/util/zip/ZipEntry; (86 bytes) @ 0x00007fa33d199e8c [0x00007fa33d199c20+0x26c]
J 580 C1 java.util.jar.JarFile.getEntry(Ljava/lang/String;)Ljava/util/zip/ZipEntry; (22 bytes) @ 0x00007fa33d2477e4 [0x00007fa33d247760+0x84]
J 576 C2 sun.misc.URLClassPath$JarLoader.getResource(Ljava/lang/String;Z)Lsun/misc/Resource; (85 bytes) @ 0x00007fa33d2508c8 [0x00007fa33d2507a0+0x128]
J 152 C1 sun.misc.URLClassPath.getResource(Ljava/lang/String;Z)Lsun/misc/Resource; (74 bytes) @ 0x00007fa33d1554dc [0x00007fa33d1553a0+0x13c]
J 277 C1 java.net.URLClassLoader$1.run()Ljava/lang/Class; (73 bytes) @ 0x00007fa33d19352c [0x00007fa33d193320+0x20c]
J 276 C1 java.net.URLClassLoader$1.run()Ljava/lang/Object; (5 bytes) @ 0x00007fa33d192f8c [0x00007fa33d192f00+0x8c]
v  ~StubRoutines::call_stub
V  [libjvm.so+0x664086]  JavaCalls::call_helper(JavaValue*, methodHandle*, JavaCallArguments*, Thread*)+0x1056
V  [libjvm.so+0x6f8fec]  JVM_DoPrivileged+0x27c
J 275  java.security.AccessController.doPrivileged(Ljava/security/PrivilegedExceptionAction;Ljava/security/AccessControlContext;)Ljava/lang/Object; (0 bytes) @ 0x00007fa33d191ed5 [0x00007fa33d191e00+0xd5]
J 226 C1 java.net.URLClassLoader.findClass(Ljava/lang/String;)Ljava/lang/Class; (29 bytes) @ 0x00007fa33d17cfa4 [0x00007fa33d17ce20+0x184]
J 180 C1 java.lang.ClassLoader.loadClass(Ljava/lang/String;Z)Ljava/lang/Class; (122 bytes) @ 0x00007fa33d15db5c [0x00007fa33d15d200+0x95c]
J 207 C1 sun.misc.Launcher$AppClassLoader.loadClass(Ljava/lang/String;Z)Ljava/lang/Class; (40 bytes) @ 0x00007fa33d171f6c [0x00007fa33d171b40+0x42c]
J 206 C1 java.lang.ClassLoader.loadClass(Ljava/lang/String;)Ljava/lang/Class; (7 bytes) @ 0x00007fa33d1711c4 [0x00007fa33d1710c0+0x104]
v  ~StubRoutines::call_stub
V  [libjvm.so+0x664086]  JavaCalls::call_helper(JavaValue*, methodHandle*, JavaCallArguments*, Thread*)+0x1056
V  [libjvm.so+0x664591]  JavaCalls::call_virtual(JavaValue*, KlassHandle, Symbol*, Symbol*, JavaCallArguments*, Thread*)+0x321
V  [libjvm.so+0x6649e6]  JavaCalls::call_virtual(JavaValue*, Handle, KlassHandle, Symbol*, Symbol*, Handle, Thread*)+0x56
V  [libjvm.so+0x9f51b0]  SystemDictionary::load_instance_class(Symbol*, Handle, Thread*)+0x3c0
V  [libjvm.so+0x9f421c]  SystemDictionary::resolve_instance_class_or_null(Symbol*, Handle, Handle, Thread*)+0x7cc
V  [libjvm.so+0x9f55d3]  SystemDictionary::resolve_or_fail(Symbol*, Handle, Handle, bool, Thread*)+0x33
V  [libjvm.so+0x4dc768]  ConstantPool::klass_at_impl(constantPoolHandle, int, Thread*)+0x158
V  [libjvm.so+0x658371]  InterpreterRuntime::_new(JavaThread*, ConstantPool*, int)+0x71
j  com.subgraph.orchid.circuits.CircuitCreationTask.launchExitStreamTask(Lcom/subgraph/orchid/ExitCircuit;Lcom/subgraph/orchid/circuits/StreamExitRequest;)V+0
j  com.subgraph.orchid.circuits.CircuitCreationTask.circuitOpenedHandler(Lcom/subgraph/orchid/Circuit;)V+74
j  com.subgraph.orchid.circuits.CircuitCreationTask.access$100(Lcom/subgraph/orchid/circuits/CircuitCreationTask;Lcom/subgraph/orchid/Circuit;)V+2
j  com.subgraph.orchid.circuits.CircuitCreationTask$3.circuitBuildCompleted(Lcom/subgraph/orchid/Circuit;)V+30
j  com.subgraph.orchid.circuits.CircuitCreationRequest.circuitBuildCompleted(Lcom/subgraph/orchid/Circuit;)V+12
j  com.subgraph.orchid.circuits.CircuitBuildTask.buildCircuit(Lcom/subgraph/orchid/Router;)V+74
j  com.subgraph.orchid.circuits.CircuitBuildTask.run()V+76
j  java.util.concurrent.ThreadPoolExecutor.runWorker(Ljava/util/concurrent/ThreadPoolExecutor$Worker;)V+95
j  java.util.concurrent.ThreadPoolExecutor$Worker.run()V+5
j  java.lang.Thread.run()V+11
v  ~StubRoutines::call_stub
V  [libjvm.so+0x664086]  JavaCalls::call_helper(JavaValue*, methodHandle*, JavaCallArguments*, Thread*)+0x1056
V  [libjvm.so+0x664591]  JavaCalls::call_virtual(JavaValue*, KlassHandle, Symbol*, Symbol*, JavaCallArguments*, Thread*)+0x321
V  [libjvm.so+0x664a37]  JavaCalls::call_virtual(JavaValue*, Handle, KlassHandle, Symbol*, Symbol*, Thread*)+0x47
V  [libjvm.so+0x6dee3e]  thread_entry(JavaThread*, Thread*)+0x7e
V  [libjvm.so+0xa29e8f]  JavaThread::thread_main_inner()+0xdf
V  [libjvm.so+0xa29fbc]  JavaThread::run()+0x11c
V  [libjvm.so+0x8e7d48]  java_start(Thread*)+0x108
C  [libpthread.so.0+0x7e9a]  start_thread+0xda

Java frames: (J=compiled Java code, j=interpreted, Vv=VM code)
J 213  java.util.zip.ZipFile.getEntry(J[BZ)J (0 bytes) @ 0x00007fa33d172c18 [0x00007fa33d172bc0+0x58]
J 287 C1 java.util.zip.ZipFile.getEntry(Ljava/lang/String;)Ljava/util/zip/ZipEntry; (86 bytes) @ 0x00007fa33d199e8c [0x00007fa33d199c20+0x26c]
J 580 C1 java.util.jar.JarFile.getEntry(Ljava/lang/String;)Ljava/util/zip/ZipEntry; (22 bytes) @ 0x00007fa33d2477e4 [0x00007fa33d247760+0x84]
J 576 C2 sun.misc.URLClassPath$JarLoader.getResource(Ljava/lang/String;Z)Lsun/misc/Resource; (85 bytes) @ 0x00007fa33d2508c8 [0x00007fa33d2507a0+0x128]
J 152 C1 sun.misc.URLClassPath.getResource(Ljava/lang/String;Z)Lsun/misc/Resource; (74 bytes) @ 0x00007fa33d1554dc [0x00007fa33d1553a0+0x13c]
J 277 C1 java.net.URLClassLoader$1.run()Ljava/lang/Class; (73 bytes) @ 0x00007fa33d19352c [0x00007fa33d193320+0x20c]
J 276 C1 java.net.URLClassLoader$1.run()Ljava/lang/Object; (5 bytes) @ 0x00007fa33d192f8c [0x00007fa33d192f00+0x8c]
v  ~StubRoutines::call_stub
J 275  java.security.AccessController.doPrivileged(Ljava/security/PrivilegedExceptionAction;Ljava/security/AccessControlContext;)Ljava/lang/Object; (0 bytes) @ 0x00007fa33d191e63 [0x00007fa33d191e00+0x63]
J 226 C1 java.net.URLClassLoader.findClass(Ljava/lang/String;)Ljava/lang/Class; (29 bytes) @ 0x00007fa33d17cfa4 [0x00007fa33d17ce20+0x184]
J 180 C1 java.lang.ClassLoader.loadClass(Ljava/lang/String;Z)Ljava/lang/Class; (122 bytes) @ 0x00007fa33d15db5c [0x00007fa33d15d200+0x95c]
J 207 C1 sun.misc.Launcher$AppClassLoader.loadClass(Ljava/lang/String;Z)Ljava/lang/Class; (40 bytes) @ 0x00007fa33d171f6c [0x00007fa33d171b40+0x42c]
J 206 C1 java.lang.ClassLoader.loadClass(Ljava/lang/String;)Ljava/lang/Class; (7 bytes) @ 0x00007fa33d1711c4 [0x00007fa33d1710c0+0x104]
v  ~StubRoutines::call_stub
j  com.subgraph.orchid.circuits.CircuitCreationTask.launchExitStreamTask(Lcom/subgraph/orchid/ExitCircuit;Lcom/subgraph/orchid/circuits/StreamExitRequest;)V+0
j  com.subgraph.orchid.circuits.CircuitCreationTask.circuitOpenedHandler(Lcom/subgraph/orchid/Circuit;)V+74
j  com.subgraph.orchid.circuits.CircuitCreationTask.access$100(Lcom/subgraph/orchid/circuits/CircuitCreationTask;Lcom/subgraph/orchid/Circuit;)V+2
j  com.subgraph.orchid.circuits.CircuitCreationTask$3.circuitBuildCompleted(Lcom/subgraph/orchid/Circuit;)V+30
j  com.subgraph.orchid.circuits.CircuitCreationRequest.circuitBuildCompleted(Lcom/subgraph/orchid/Circuit;)V+12
j  com.subgraph.orchid.circuits.CircuitBuildTask.buildCircuit(Lcom/subgraph/orchid/Router;)V+74
j  com.subgraph.orchid.circuits.CircuitBuildTask.run()V+76
j  java.util.concurrent.ThreadPoolExecutor.runWorker(Ljava/util/concurrent/ThreadPoolExecutor$Worker;)V+95
j  java.util.concurrent.ThreadPoolExecutor$Worker.run()V+5
j  java.lang.Thread.run()V+11
v  ~StubRoutines::call_stub

---------------  P R O C E S S  ---------------

Java Threads: ( => current thread )
  0x00007fa300036000 JavaThread "BlockingClient network thread for testnet-seed.alexykot.me/198.50.229.255:18333" daemon [_thread_blocked, id=15773, stack(0x00007fa2f46c0000,0x00007fa2f47c1000)]
  0x00007fa3000d6000 JavaThread "BlockingClient network thread for /176.58.115.213:18333" daemon [_thread_blocked, id=15772, stack(0x00007fa2f44be000,0x00007fa2f45bf000)]
  0x00007fa300059800 JavaThread "BlockingClient network thread for testnet-seed.alexykot.me/74.84.136.136:18333" daemon [_thread_blocked, id=15771, stack(0x00007fa2f3bb5000,0x00007fa2f3cb6000)]
  0x00007fa3000c3800 JavaThread "BlockingClient network thread for testnet-seed.bitcoin.schildbach.de/2a01:4f8:160:7003:0:0:0:2:18333" daemon [_thread_blocked, id=15770, stack(0x00007fa2f3fb9000,0x00007fa2f40ba000)]
  0x00007fa3000c0000 JavaThread "BlockingClient network thread for testnet-seed.alexykot.me/88.198.20.152:18333" daemon [_thread_blocked, id=15769, stack(0x00007fa2f57d1000,0x00007fa2f58d2000)]
  0x00007fa3000c5800 JavaThread "BlockingClient network thread for testnet-seed.bitcoin.schildbach.de/192.241.197.62:18333" daemon [_thread_blocked, id=15768, stack(0x00007fa2f43bd000,0x00007fa2f44be000)]
  0x00007fa300038000 JavaThread "BlockingClient network thread for testnet-seed.bitcoin.schildbach.de/2a01:4f8:200:416e:0:0:0:2:18333" daemon [_thread_blocked, id=15767, stack(0x00007fa2f3db7000,0x00007fa2f3eb8000)]
  0x00007fa3000c1800 JavaThread "BlockingClient network thread for testnet-seed.alexykot.me/109.74.204.133:18333" daemon [_thread_blocked, id=15766, stack(0x00007fa2f3eb8000,0x00007fa2f3fb9000)]
  0x00007fa30004b800 JavaThread "BlockingClient network thread for /104.131.126.235:18333" daemon [_thread_blocked, id=15765, stack(0x00007fa2f50ca000,0x00007fa2f51cb000)]
  0x00007fa300034800 JavaThread "BlockingClient network thread for /37.59.98.41:18333" daemon [_thread_blocked, id=15764, stack(0x00007fa2f33ad000,0x00007fa2f34ae000)]
  0x00007fa3000cd000 JavaThread "BlockingClient network thread for /162.243.132.6:18333" daemon [_thread_blocked, id=15763, stack(0x00007fa2f35af000,0x00007fa2f36b0000)]
  0x00007fa3000bb800 JavaThread "AbstractTimeoutHandler timeouts" daemon [_thread_blocked, id=15762, stack(0x00007fa2f34ae000,0x00007fa2f35af000)]
  0x00007fa30c01f800 JavaThread "Thread-24" daemon [_thread_in_native, id=15667, stack(0x00007fa2f47c1000,0x00007fa2f48c2000)]
  0x00007fa308055800 JavaThread "Thread-26" daemon [_thread_in_native, id=15666, stack(0x00007fa2f48c2000,0x00007fa2f49c3000)]
  0x000000000184d800 JavaThread "Thread-23" daemon [_thread_in_native, id=15665, stack(0x00007fa2f49c3000,0x00007fa2f4ac4000)]
  0x00007fa33800e800 JavaThread "Thread-20" daemon [_thread_in_native, id=15664, stack(0x00007fa2f4ac4000,0x00007fa2f4bc5000)]
  0x00007fa3000b9800 JavaThread "Thread-27" daemon [_thread_in_native, id=15663, stack(0x00007fa2f4bc5000,0x00007fa2f4cc6000)]
  0x00007fa31002a000 JavaThread "Thread-29" daemon [_thread_in_native, id=15662, stack(0x00007fa2f4cc6000,0x00007fa2f4dc7000)]
  0x00007fa304009000 JavaThread "Thread-25" daemon [_thread_in_native, id=15660, stack(0x00007fa2f4dc7000,0x00007fa2f4ec8000)]
  0x00007fa31408a000 JavaThread "Thread-28" daemon [_thread_in_native, id=15659, stack(0x00007fa2f4ec8000,0x00007fa2f4fc9000)]
  0x00007fa34c2cf000 JavaThread "Thread-21" daemon [_thread_in_native, id=15658, stack(0x00007fa2f4fc9000,0x00007fa2f50ca000)]
  0x00007fa318469000 JavaThread "Thread-19" daemon [_thread_in_native, id=15646, stack(0x00007fa2f5ad4000,0x00007fa2f5bd5000)]
  0x00007fa31c096800 JavaThread "Thread-18" daemon [_thread_in_native, id=15645, stack(0x00007fa2f5bd5000,0x00007fa2f5cd6000)]
  0x00007fa30c01d800 JavaThread "CircuitCreationTask worker-3" daemon [_thread_blocked, id=15644, stack(0x00007fa2f5cd6000,0x00007fa2f5dd7000)]
=>0x00007fa30c01a800 JavaThread "CircuitCreationTask worker-2" daemon [_thread_in_native, id=15643, stack(0x00007fa2f5dd7000,0x00007fa2f5ed8000)]
  0x00007fa30c013000 JavaThread "CircuitCreationTask worker-1" daemon [_thread_blocked, id=15641, stack(0x00007fa2f62e8000,0x00007fa2f63e9000)]
  0x00007fa30c017000 JavaThread "CircuitCreationTask worker-0" daemon [_thread_blocked, id=15640, stack(0x00007fa2f63e9000,0x00007fa2f64ea000)]
  0x00007fa308176000 JavaThread "qtp704896645-37" [_thread_blocked, id=15637, stack(0x00007fa324eec000,0x00007fa324fed000)]
  0x00007fa30c01c000 JavaThread "qtp704896645-36" [_thread_blocked, id=15636, stack(0x00007fa2f69e8000,0x00007fa2f6ae9000)]
  0x00007fa308030800 JavaThread "qtp704896645-35" [_thread_blocked, id=15635, stack(0x00007fa2f6ae9000,0x00007fa2f6bea000)]
  0x00007fa30c010800 JavaThread "qtp704896645-34" [_thread_blocked, id=15634, stack(0x00007fa2f6bea000,0x00007fa2f6ceb000)]
  0x00007fa3000b8000 JavaThread "CircuitManager worker-0" daemon [_thread_blocked, id=15633, stack(0x00007fa2f6ceb000,0x00007fa2f6dec000)]
  0x00007fa3000b7800 JavaThread "Thread-13" daemon [_thread_blocked, id=15632, stack(0x00007fa327afb000,0x00007fa327bfc000)]
  0x00007fa3081fa800 JavaThread "PeerGroup Thread" daemon [_thread_blocked, id=15628, stack(0x00007fa2f6dec000,0x00007fa2f6eed000)]
  0x00007fa3081da800 JavaThread "pool-5-thread-1" [_thread_blocked, id=15625, stack(0x00007fa2f6eed000,0x00007fa2f6fee000)]
  0x00007fa3081d0800 JavaThread "DescriptorCache rebuild worker-0" daemon [_thread_blocked, id=15622, stack(0x00007fa2f71ee000,0x00007fa2f72ef000)]
  0x00007fa3081cf800 JavaThread "DescriptorCache rebuild worker-0" daemon [_thread_blocked, id=15621, stack(0x00007fa2f72ef000,0x00007fa2f73f0000)]
  0x0000000001843000 JavaThread "Scheduler-492621635" [_thread_blocked, id=15619, stack(0x00007fa2f748d000,0x00007fa2f758e000)]
  0x00007fa34c009800 JavaThread "DestroyJavaVM" [_thread_blocked, id=15539, stack(0x00007fa355bde000,0x00007fa355cdf000)]
  0x00007fa34c385800 JavaThread "AWT-XAWT" daemon [_thread_in_native, id=15564, stack(0x00007fa32429f000,0x00007fa3243a0000)]
  0x00007fa34c362800 JavaThread "Java2D Disposer" daemon [_thread_blocked, id=15563, stack(0x00007fa3247cf000,0x00007fa3248d0000)]
  0x00007fa30008a000 JavaThread "HashSessionScavenger-0" daemon [_thread_blocked, id=15562, stack(0x00007fa324ae8000,0x00007fa324be9000)]
  0x00007fa300086000 JavaThread "qtp704896645-21" [_thread_blocked, id=15561, stack(0x00007fa324be9000,0x00007fa324cea000)]
  0x00007fa300084000 JavaThread "qtp704896645-20" [_thread_blocked, id=15560, stack(0x00007fa324cea000,0x00007fa324deb000)]
  0x00007fa300082000 JavaThread "qtp704896645-19" [_thread_blocked, id=15559, stack(0x00007fa324deb000,0x00007fa324eec000)]
  0x00007fa30007e000 JavaThread "qtp704896645-17-acceptor-0-ServerConnector@46ccde8e{HTTP/1.1}{0.0.0.0:4567}" [_thread_in_native, id=15557, stack(0x00007fa324fed000,0x00007fa3250ee000)]
  0x00007fa30007c000 JavaThread "qtp704896645-16" [_thread_blocked, id=15556, stack(0x00007fa3250ee000,0x00007fa3251ef000)]
  0x00007fa30007a800 JavaThread "qtp704896645-15-selector-1" [_thread_in_native, id=15555, stack(0x00007fa3251ef000,0x00007fa3252f0000)]
  0x00007fa300074800 JavaThread "qtp704896645-14-selector-0" [_thread_in_native, id=15554, stack(0x00007fa325507000,0x00007fa325608000)]
  0x00007fa300066000 JavaThread "DateCache" daemon [_thread_blocked, id=15553, stack(0x00007fa325887000,0x00007fa325988000)]
  0x00007fa34c2f8800 JavaThread "Thread-1" [_thread_blocked, id=15552, stack(0x00007fa3278f9000,0x00007fa3279fa000)]
  0x00007fa308047000 JavaThread "bitcoinj user thread" daemon [_thread_blocked, id=15551, stack(0x00007fa3279fa000,0x00007fa327afb000)]
  0x00007fa34c136800 JavaThread "Service Thread" daemon [_thread_blocked, id=15548, stack(0x00007fa327cfd000,0x00007fa327dfe000)]
  0x00007fa34c131800 JavaThread "C1 CompilerThread1" daemon [_thread_blocked, id=15547, stack(0x00007fa327dfe000,0x00007fa327eff000)]
  0x00007fa34c12e800 JavaThread "C2 CompilerThread0" daemon [_thread_blocked, id=15546, stack(0x00007fa327eff000,0x00007fa328000000)]
  0x00007fa34c12c800 JavaThread "Signal Dispatcher" daemon [_thread_blocked, id=15545, stack(0x00007fa33c0f7000,0x00007fa33c1f8000)]
  0x00007fa34c0ff000 JavaThread "Finalizer" daemon [_thread_blocked, id=15544, stack(0x00007fa33c5f6000,0x00007fa33c6f7000)]
  0x00007fa34c0fd000 JavaThread "Reference Handler" daemon [_thread_blocked, id=15543, stack(0x00007fa33c6f7000,0x00007fa33c7f8000)]

Other Threads:
  0x00007fa34c0f6000 VMThread [stack: 0x00007fa33c7f8000,0x00007fa33c8f9000] [id=15542]
  0x00007fa34c13b000 WatcherThread [stack: 0x00007fa327bfc000,0x00007fa327cfd000] [id=15549]

VM state:not at safepoint (normal execution)

VM Mutex/Monitor currently owned by a thread: None

Heap:
 PSYoungGen      total 173568K, used 95967K [0x00000000f0380000, 0x00000000fdb80000, 0x0000000100000000)
  eden space 163328K, 52% used [0x00000000f0380000,0x00000000f575d958,0x00000000fa300000)
  from space 10240K, 98% used [0x00000000fd180000,0x00000000fdb5a500,0x00000000fdb80000)
  to   space 16384K, 0% used [0x00000000fbb80000,0x00000000fbb80000,0x00000000fcb80000)
 ParOldGen       total 53760K, used 26502K [0x00000000d0a00000, 0x00000000d3e80000, 0x00000000f0380000)
  object space 53760K, 49% used [0x00000000d0a00000,0x00000000d23e18e8,0x00000000d3e80000)
 Metaspace       used 20161K, capacity 20366K, committed 20608K, reserved 1067008K
  class space    used 2330K, capacity 2401K, committed 2432K, reserved 1048576K

Card table byte_map: [0x00007fa352854000,0x00007fa3529d0000] byte_map_base: 0x00007fa3521cf000

Marking Bits: (ParMarkBitMap*) 0x00007fa3550a22c0
 Begin Bits: [0x00007fa350da5000, 0x00007fa35197d000)
 End Bits:   [0x00007fa35197d000, 0x00007fa352555000)

Polling page: 0x00007fa355cf1000

CodeCache: size=245760Kb used=6611Kb max_used=6664Kb free=239148Kb
 bounds [0x00007fa33d000000, 0x00007fa33d6a0000, 0x00007fa34c000000]
 total_blobs=2751 nmethods=2231 adapters=435
 compilation: enabled

Compilation events (10 events):
Event: 36.362 Thread 0x00007fa34c12e800 nmethod 2635 0x00007fa33d682390 code [0x00007fa33d682580, 0x00007fa33d682a48]
Event: 36.525 Thread 0x00007fa34c12e800 2637  s    4       java.security.Provider::getService (92 bytes)
Event: 36.678 Thread 0x00007fa34c12e800 nmethod 2637 0x00007fa33d26b790 code [0x00007fa33d26b9e0, 0x00007fa33d26ca00]
Event: 36.897 Thread 0x00007fa34c131800 2639       1       com.subgraph.orchid.circuits.cells.RelayCellImpl::getRelayCommand (5 bytes)
Event: 36.898 Thread 0x00007fa34c131800 nmethod 2639 0x00007fa33d26e210 code [0x00007fa33d26e360, 0x00007fa33d26e470]
Event: 36.903 Thread 0x00007fa34c12e800 2638       4       java.lang.Integer::valueOf (32 bytes)
Event: 36.905 Thread 0x00007fa34c12e800 nmethod 2638 0x00007fa33d5caa90 code [0x00007fa33d5cabe0, 0x00007fa33d5cac98]
Event: 36.921 Thread 0x00007fa34c131800 2641   !   3       java.security.Provider$Service::hasKeyAttributes (186 bytes)
Event: 36.925 Thread 0x00007fa34c131800 nmethod 2641 0x00007fa33d267a50 code [0x00007fa33d267de0, 0x00007fa33d269f78]
Event: 36.925 Thread 0x00007fa34c131800 2640       3       java.security.Provider$Service::supportsParameter (147 bytes)

GC Heap History (10 events):
Event: 6.712 GC heap before
{Heap before GC invocations=5 (full 0):
 PSYoungGen      total 51200K, used 51193K [0x00000000f0380000, 0x00000000f3780000, 0x0000000100000000)
  eden space 49152K, 100% used [0x00000000f0380000,0x00000000f3380000,0x00000000f3380000)
  from space 2048K, 99% used [0x00000000f3580000,0x00000000f377e670,0x00000000f3780000)
  to   space 2048K, 0% used [0x00000000f3380000,0x00000000f3380000,0x00000000f3580000)
 ParOldGen       total 32768K, used 11238K [0x00000000d0a00000, 0x00000000d2a00000, 0x00000000f0380000)
  object space 32768K, 34% used [0x00000000d0a00000,0x00000000d14f9948,0x00000000d2a00000)
 Metaspace       used 17570K, capacity 17722K, committed 18048K, reserved 1064960K
  class space    used 2051K, capacity 2105K, committed 2176K, reserved 1048576K
Event: 6.737 GC heap after
Heap after GC invocations=5 (full 0):
 PSYoungGen      total 51200K, used 2032K [0x00000000f0380000, 0x00000000f7180000, 0x0000000100000000)
  eden space 49152K, 0% used [0x00000000f0380000,0x00000000f0380000,0x00000000f3380000)
  from space 2048K, 99% used [0x00000000f3380000,0x00000000f357c0b0,0x00000000f3580000)
  to   space 7168K, 0% used [0x00000000f6a80000,0x00000000f6a80000,0x00000000f7180000)
 ParOldGen       total 32768K, used 14846K [0x00000000d0a00000, 0x00000000d2a00000, 0x00000000f0380000)
  object space 32768K, 45% used [0x00000000d0a00000,0x00000000d187fb78,0x00000000d2a00000)
 Metaspace       used 17570K, capacity 17722K, committed 18048K, reserved 1064960K
  class space    used 2051K, capacity 2105K, committed 2176K, reserved 1048576K
}
Event: 7.182 GC heap before
{Heap before GC invocations=6 (full 0):
 PSYoungGen      total 51200K, used 48329K [0x00000000f0380000, 0x00000000f7180000, 0x0000000100000000)
  eden space 49152K, 94% used [0x00000000f0380000,0x00000000f30b64c0,0x00000000f3380000)
  from space 2048K, 99% used [0x00000000f3380000,0x00000000f357c0b0,0x00000000f3580000)
  to   space 7168K, 0% used [0x00000000f6a80000,0x00000000f6a80000,0x00000000f7180000)
 ParOldGen       total 32768K, used 14846K [0x00000000d0a00000, 0x00000000d2a00000, 0x00000000f0380000)
  object space 32768K, 45% used [0x00000000d0a00000,0x00000000d187fb78,0x00000000d2a00000)
 Metaspace       used 17582K, capacity 17722K, committed 18048K, reserved 1064960K
  class space    used 2051K, capacity 2105K, committed 2176K, reserved 1048576K
Event: 7.230 GC heap after
Heap after GC invocations=6 (full 0):
 PSYoungGen      total 104448K, used 7152K [0x00000000f0380000, 0x00000000f7380000, 0x0000000100000000)
  eden space 97280K, 0% used [0x00000000f0380000,0x00000000f0380000,0x00000000f6280000)
  from space 7168K, 99% used [0x00000000f6a80000,0x00000000f717c080,0x00000000f7180000)
  to   space 8192K, 0% used [0x00000000f6280000,0x00000000f6280000,0x00000000f6a80000)
 ParOldGen       total 32768K, used 15342K [0x00000000d0a00000, 0x00000000d2a00000, 0x00000000f0380000)
  object space 32768K, 46% used [0x00000000d0a00000,0x00000000d18fbb78,0x00000000d2a00000)
 Metaspace       used 17582K, capacity 17722K, committed 18048K, reserved 1064960K
  class space    used 2051K, capacity 2105K, committed 2176K, reserved 1048576K
}
Event: 8.107 GC heap before
{Heap before GC invocations=7 (full 0):
 PSYoungGen      total 104448K, used 104432K [0x00000000f0380000, 0x00000000f7380000, 0x0000000100000000)
  eden space 97280K, 100% used [0x00000000f0380000,0x00000000f6280000,0x00000000f6280000)
  from space 7168K, 99% used [0x00000000f6a80000,0x00000000f717c080,0x00000000f7180000)
  to   space 8192K, 0% used [0x00000000f6280000,0x00000000f6280000,0x00000000f6a80000)
 ParOldGen       total 32768K, used 15342K [0x00000000d0a00000, 0x00000000d2a00000, 0x00000000f0380000)
  object space 32768K, 46% used [0x00000000d0a00000,0x00000000d18fbb78,0x00000000d2a00000)
 Metaspace       used 18268K, capacity 18458K, committed 18944K, reserved 1067008K
  class space    used 2133K, capacity 2201K, committed 2304K, reserved 1048576K
Event: 8.192 GC heap after
Heap after GC invocations=7 (full 0):
 PSYoungGen      total 105472K, used 8163K [0x00000000f0380000, 0x00000000fe180000, 0x0000000100000000)
  eden space 97280K, 0% used [0x00000000f0380000,0x00000000f0380000,0x00000000f6280000)
  from space 8192K, 99% used [0x00000000f6280000,0x00000000f6a78e80,0x00000000f6a80000)
  to   space 16384K, 0% used [0x00000000fd180000,0x00000000fd180000,0x00000000fe180000)
 ParOldGen       total 32768K, used 28875K [0x00000000d0a00000, 0x00000000d2a00000, 0x00000000f0380000)
  object space 32768K, 88% used [0x00000000d0a00000,0x00000000d2632d00,0x00000000d2a00000)
 Metaspace       used 18268K, capacity 18458K, committed 18944K, reserved 1067008K
  class space    used 2133K, capacity 2201K, committed 2304K, reserved 1048576K
}
Event: 8.192 GC heap before
{Heap before GC invocations=8 (full 1):
 PSYoungGen      total 105472K, used 8163K [0x00000000f0380000, 0x00000000fe180000, 0x0000000100000000)
  eden space 97280K, 0% used [0x00000000f0380000,0x00000000f0380000,0x00000000f6280000)
  from space 8192K, 99% used [0x00000000f6280000,0x00000000f6a78e80,0x00000000f6a80000)
  to   space 16384K, 0% used [0x00000000fd180000,0x00000000fd180000,0x00000000fe180000)
 ParOldGen       total 32768K, used 28875K [0x00000000d0a00000, 0x00000000d2a00000, 0x00000000f0380000)
  object space 32768K, 88% used [0x00000000d0a00000,0x00000000d2632d00,0x00000000d2a00000)
 Metaspace       used 18268K, capacity 18458K, committed 18944K, reserved 1067008K
  class space    used 2133K, capacity 2201K, committed 2304K, reserved 1048576K
Event: 8.441 GC heap after
Heap after GC invocations=8 (full 1):
 PSYoungGen      total 105472K, used 0K [0x00000000f0380000, 0x00000000fe180000, 0x0000000100000000)
  eden space 97280K, 0% used [0x00000000f0380000,0x00000000f0380000,0x00000000f6280000)
  from space 8192K, 0% used [0x00000000f6280000,0x00000000f6280000,0x00000000f6a80000)
  to   space 16384K, 0% used [0x00000000fd180000,0x00000000fd180000,0x00000000fe180000)
 ParOldGen       total 53760K, used 26494K [0x00000000d0a00000, 0x00000000d3e80000, 0x00000000f0380000)
  object space 53760K, 49% used [0x00000000d0a00000,0x00000000d23df8e8,0x00000000d3e80000)
 Metaspace       used 18266K, capacity 18456K, committed 18944K, reserved 1067008K
  class space    used 2132K, capacity 2200K, committed 2304K, reserved 1048576K
}
Event: 8.745 GC heap before
{Heap before GC invocations=9 (full 1):
 PSYoungGen      total 105472K, used 97280K [0x00000000f0380000, 0x00000000fe180000, 0x0000000100000000)
  eden space 97280K, 100% used [0x00000000f0380000,0x00000000f6280000,0x00000000f6280000)
  from space 8192K, 0% used [0x00000000f6280000,0x00000000f6280000,0x00000000f6a80000)
  to   space 16384K, 0% used [0x00000000fd180000,0x00000000fd180000,0x00000000fe180000)
 ParOldGen       total 53760K, used 26494K [0x00000000d0a00000, 0x00000000d3e80000, 0x00000000f0380000)
  object space 53760K, 49% used [0x00000000d0a00000,0x00000000d23df8e8,0x00000000d3e80000)
 Metaspace       used 18267K, capacity 18456K, committed 18944K, reserved 1067008K
  class space    used 2132K, capacity 2200K, committed 2304K, reserved 1048576K
Event: 8.800 GC heap after
Heap after GC invocations=9 (full 1):
 PSYoungGen      total 173568K, used 10089K [0x00000000f0380000, 0x00000000fdb80000, 0x0000000100000000)
  eden space 163328K, 0% used [0x00000000f0380000,0x00000000f0380000,0x00000000fa300000)
  from space 10240K, 98% used [0x00000000fd180000,0x00000000fdb5a500,0x00000000fdb80000)
  to   space 16384K, 0% used [0x00000000fbb80000,0x00000000fbb80000,0x00000000fcb80000)
 ParOldGen       total 53760K, used 26502K [0x00000000d0a00000, 0x00000000d3e80000, 0x00000000f0380000)
  object space 53760K, 49% used [0x00000000d0a00000,0x00000000d23e18e8,0x00000000d3e80000)
 Metaspace       used 18267K, capacity 18456K, committed 18944K, reserved 1067008K
  class space    used 2132K, capacity 2200K, committed 2304K, reserved 1048576K
}

Deoptimization events (10 events):
Event: 9.142 Thread 0x00007fa3000b8000 Uncommon trap: reason=bimorphic action=maybe_recompile pc=0x00007fa33d50ade4 method=java.util.HashMap.putVal(ILjava/lang/Object;Ljava/lang/Object;ZZ)Ljava/lang/Object; @ 91
Event: 9.354 Thread 0x00007fa30c017000 Uncommon trap: reason=unreached action=reinterpret pc=0x00007fa33d3a0e40 method=java.util.Arrays.equals([B[B)Z @ 12
Event: 10.535 Thread 0x00007fa30c017000 Uncommon trap: reason=bimorphic action=maybe_recompile pc=0x00007fa33d43a4c0 method=sun.security.provider.DigestBase.engineUpdate([BII)V @ 128
Event: 10.535 Thread 0x00007fa30c017000 Uncommon trap: reason=bimorphic action=maybe_recompile pc=0x00007fa33d43a4c0 method=sun.security.provider.DigestBase.engineUpdate([BII)V @ 128
Event: 10.801 Thread 0x00007fa30c013000 Uncommon trap: reason=bimorphic action=maybe_recompile pc=0x00007fa33d43a4c0 method=sun.security.provider.DigestBase.engineUpdate([BII)V @ 128
Event: 10.801 Thread 0x00007fa30c013000 Uncommon trap: reason=bimorphic action=maybe_recompile pc=0x00007fa33d43a4c0 method=sun.security.provider.DigestBase.engineUpdate([BII)V @ 128
Event: 11.241 Thread 0x00007fa30c010800 Uncommon trap: reason=unreached action=reinterpret pc=0x00007fa33d229ae4 method=java.lang.AbstractStringBuilder.append(Ljava/lang/String;)Ljava/lang/AbstractStringBuilder; @ 1
Event: 12.262 Thread 0x00007fa3081fa800 Uncommon trap: reason=class_check action=maybe_recompile pc=0x00007fa33d59f194 method=java.util.AbstractCollection.toArray([Ljava/lang/Object;)[Ljava/lang/Object; @ 1
Event: 12.267 Thread 0x00007fa3081fa800 Uncommon trap: reason=class_check action=maybe_recompile pc=0x00007fa33d59f194 method=java.util.AbstractCollection.toArray([Ljava/lang/Object;)[Ljava/lang/Object; @ 1
Event: 35.738 Thread 0x00007fa3081fa800 Uncommon trap: reason=unreached action=reinterpret pc=0x00007fa33d1877c0 method=java.lang.Class.arrayContentsEq([Ljava/lang/Object;[Ljava/lang/Object;)Z @ 57

Internal exceptions (10 events):
Event: 35.713 Thread 0x00007fa3081fa800 Exception <a 'java/security/PrivilegedActionException'> (0x00000000f5121c50) thrown at [/HUDSON/workspace/8-2-build-linux-amd64/jdk8u25/1514/hotspot/src/share/vm/prims/jvm.cpp, line 1312]
Event: 35.724 Thread 0x00007fa3081fa800 Exception <a 'java/security/PrivilegedActionException'> (0x00000000f5124b88) thrown at [/HUDSON/workspace/8-2-build-linux-amd64/jdk8u25/1514/hotspot/src/share/vm/prims/jvm.cpp, line 1312]
Event: 35.725 Thread 0x00007fa3081fa800 Exception <a 'java/security/PrivilegedActionException'> (0x00000000f5127ab0) thrown at [/HUDSON/workspace/8-2-build-linux-amd64/jdk8u25/1514/hotspot/src/share/vm/prims/jvm.cpp, line 1312]
Event: 35.725 Thread 0x00007fa3081fa800 Exception <a 'java/security/PrivilegedActionException'> (0x00000000f512a088) thrown at [/HUDSON/workspace/8-2-build-linux-amd64/jdk8u25/1514/hotspot/src/share/vm/prims/jvm.cpp, line 1312]
Event: 35.726 Thread 0x00007fa3081fa800 Exception <a 'java/security/PrivilegedActionException'> (0x00000000f512ebb8) thrown at [/HUDSON/workspace/8-2-build-linux-amd64/jdk8u25/1514/hotspot/src/share/vm/prims/jvm.cpp, line 1312]
Event: 35.727 Thread 0x00007fa3081fa800 Exception <a 'java/security/PrivilegedActionException'> (0x00000000f5130a48) thrown at [/HUDSON/workspace/8-2-build-linux-amd64/jdk8u25/1514/hotspot/src/share/vm/prims/jvm.cpp, line 1312]
Event: 35.758 Thread 0x00007fa3000cd000 Exception <a 'java/security/PrivilegedActionException'> (0x00000000f5150ef8) thrown at [/HUDSON/workspace/8-2-build-linux-amd64/jdk8u25/1514/hotspot/src/share/vm/prims/jvm.cpp, line 1312]
Event: 35.785 Thread 0x00007fa3000cd000 Exception <a 'java/security/PrivilegedActionException'> (0x00000000f51569f0) thrown at [/HUDSON/workspace/8-2-build-linux-amd64/jdk8u25/1514/hotspot/src/share/vm/prims/jvm.cpp, line 1312]
Event: 36.048 Thread 0x00007fa3000b8000 Exception <a 'java/security/PrivilegedActionException'> (0x00000000f50969a8) thrown at [/HUDSON/workspace/8-2-build-linux-amd64/jdk8u25/1514/hotspot/src/share/vm/prims/jvm.cpp, line 1312]
Event: 36.925 Thread 0x00007fa30c01a800 Exception <a 'java/security/PrivilegedActionException'> (0x00000000f5741de0) thrown at [/HUDSON/workspace/8-2-build-linux-amd64/jdk8u25/1514/hotspot/src/share/vm/prims/jvm.cpp, line 1312]

Events (10 events):
Event: 36.060 Thread 0x00007fa3000b8000 DEOPT PACKING pc=0x00007fa33d621741 sp=0x00007fa2f6dea070
Event: 36.060 Thread 0x00007fa3000b8000 DEOPT UNPACKING pc=0x00007fa33d046f73 sp=0x00007fa2f6de9e38 mode 0
Event: 36.070 Thread 0x00007fa3000b8000 DEOPT PACKING pc=0x00007fa33d5d3b09 sp=0x00007fa2f6de9f60
Event: 36.070 Thread 0x00007fa3000b8000 DEOPT UNPACKING pc=0x00007fa33d046f73 sp=0x00007fa2f6de9cb0 mode 0
Event: 36.070 loading class java/util/ArrayList$1
Event: 36.070 loading class java/util/ArrayList$1 done
Event: 36.505 Executing VM operation: RevokeBias
Event: 36.505 Executing VM operation: RevokeBias done
Event: 36.921 loading class com/subgraph/orchid/circuits/OpenExitStreamTask
Event: 36.925 loading class com/subgraph/orchid/circuits/OpenExitStreamTask done


Dynamic libraries:
00400000-00401000 r-xp 00000000 08:02 11797142                           /usr/lib/jvm/java-8-oracle/jre/bin/java
00600000-00601000 rw-p 00000000 08:02 11797142                           /usr/lib/jvm/java-8-oracle/jre/bin/java
0183c000-0185d000 rw-p 00000000 00:00 0                                  [heap]
d0a00000-d3e80000 rw-p 00000000 00:00 0 
d3e80000-f0380000 ---p 00000000 00:00 0 
f0380000-fdb80000 rw-p 00000000 00:00 0 
fdb80000-100000000 ---p 00000000 00:00 0 
100000000-100260000 rw-p 00000000 00:00 0 
100260000-140000000 ---p 00000000 00:00 0 
7fa2f33ad000-7fa2f33b0000 ---p 00000000 00:00 0 
7fa2f33b0000-7fa2f34ae000 rw-p 00000000 00:00 0                          [stack:15764]
7fa2f34ae000-7fa2f34b1000 ---p 00000000 00:00 0 
7fa2f34b1000-7fa2f35af000 rw-p 00000000 00:00 0                          [stack:15762]
7fa2f35af000-7fa2f35b2000 ---p 00000000 00:00 0 
7fa2f35b2000-7fa2f36b0000 rw-p 00000000 00:00 0                          [stack:15763]
7fa2f36b0000-7fa2f36b3000 ---p 00000000 00:00 0 
7fa2f36b3000-7fa2f37b1000 rw-p 00000000 00:00 0 
7fa2f37b1000-7fa2f37b4000 ---p 00000000 00:00 0 
7fa2f37b4000-7fa2f38b2000 rw-p 00000000 00:00 0 
7fa2f38b2000-7fa2f38b5000 ---p 00000000 00:00 0 
7fa2f38b5000-7fa2f39b3000 rw-p 00000000 00:00 0 
7fa2f39b3000-7fa2f39b6000 ---p 00000000 00:00 0 
7fa2f39b6000-7fa2f3ab4000 rw-p 00000000 00:00 0 
7fa2f3ab4000-7fa2f3ab7000 ---p 00000000 00:00 0 
7fa2f3ab7000-7fa2f3bb5000 rw-p 00000000 00:00 0 
7fa2f3bb5000-7fa2f3bb8000 ---p 00000000 00:00 0 
7fa2f3bb8000-7fa2f3cb6000 rw-p 00000000 00:00 0                          [stack:15771]
7fa2f3cb6000-7fa2f3cb9000 ---p 00000000 00:00 0 
7fa2f3cb9000-7fa2f3db7000 rw-p 00000000 00:00 0 
7fa2f3db7000-7fa2f3dba000 ---p 00000000 00:00 0 
7fa2f3dba000-7fa2f3eb8000 rw-p 00000000 00:00 0                          [stack:15767]
7fa2f3eb8000-7fa2f3ebb000 ---p 00000000 00:00 0 
7fa2f3ebb000-7fa2f3fb9000 rw-p 00000000 00:00 0                          [stack:15766]
7fa2f3fb9000-7fa2f3fbc000 ---p 00000000 00:00 0 
7fa2f3fbc000-7fa2f40ba000 rw-p 00000000 00:00 0                          [stack:15770]
7fa2f40ba000-7fa2f40bd000 ---p 00000000 00:00 0 
7fa2f40bd000-7fa2f41bb000 rw-p 00000000 00:00 0 
7fa2f41bb000-7fa2f41be000 ---p 00000000 00:00 0 
7fa2f41be000-7fa2f42bc000 rw-p 00000000 00:00 0 
7fa2f42bc000-7fa2f42bf000 ---p 00000000 00:00 0 
7fa2f42bf000-7fa2f43bd000 rw-p 00000000 00:00 0 
7fa2f43bd000-7fa2f43c0000 ---p 00000000 00:00 0 
7fa2f43c0000-7fa2f44be000 rw-p 00000000 00:00 0                          [stack:15768]
7fa2f44be000-7fa2f44c1000 ---p 00000000 00:00 0 
7fa2f44c1000-7fa2f45bf000 rw-p 00000000 00:00 0                          [stack:15772]
7fa2f45bf000-7fa2f45c2000 ---p 00000000 00:00 0 
7fa2f45c2000-7fa2f46c0000 rw-p 00000000 00:00 0 
7fa2f46c0000-7fa2f46c3000 ---p 00000000 00:00 0 
7fa2f46c3000-7fa2f47c1000 rw-p 00000000 00:00 0                          [stack:15773]
7fa2f47c1000-7fa2f47c4000 ---p 00000000 00:00 0 
7fa2f47c4000-7fa2f48c2000 rw-p 00000000 00:00 0                          [stack:15667]
7fa2f48c2000-7fa2f48c5000 ---p 00000000 00:00 0 
7fa2f48c5000-7fa2f49c3000 rw-p 00000000 00:00 0                          [stack:15666]
7fa2f49c3000-7fa2f49c6000 ---p 00000000 00:00 0 
7fa2f49c6000-7fa2f4ac4000 rw-p 00000000 00:00 0                          [stack:15665]
7fa2f4ac4000-7fa2f4ac7000 ---p 00000000 00:00 0 
7fa2f4ac7000-7fa2f4bc5000 rw-p 00000000 00:00 0                          [stack:15664]
7fa2f4bc5000-7fa2f4bc8000 ---p 00000000 00:00 0 
7fa2f4bc8000-7fa2f4cc6000 rw-p 00000000 00:00 0                          [stack:15663]
7fa2f4cc6000-7fa2f4cc9000 ---p 00000000 00:00 0 
7fa2f4cc9000-7fa2f4dc7000 rw-p 00000000 00:00 0                          [stack:15662]
7fa2f4dc7000-7fa2f4dca000 ---p 00000000 00:00 0 
7fa2f4dca000-7fa2f4ec8000 rw-p 00000000 00:00 0                          [stack:15660]
7fa2f4ec8000-7fa2f4ecb000 ---p 00000000 00:00 0 
7fa2f4ecb000-7fa2f4fc9000 rw-p 00000000 00:00 0                          [stack:15659]
7fa2f4fc9000-7fa2f4fcc000 ---p 00000000 00:00 0 
7fa2f4fcc000-7fa2f50ca000 rw-p 00000000 00:00 0                          [stack:15658]
7fa2f50ca000-7fa2f50cd000 ---p 00000000 00:00 0 
7fa2f50cd000-7fa2f51cb000 rw-p 00000000 00:00 0                          [stack:15765]
7fa2f51cb000-7fa2f51ce000 ---p 00000000 00:00 0 
7fa2f51ce000-7fa2f52cc000 rw-p 00000000 00:00 0 
7fa2f52cc000-7fa2f52cf000 ---p 00000000 00:00 0 
7fa2f52cf000-7fa2f53cd000 rw-p 00000000 00:00 0 
7fa2f53cd000-7fa2f53d0000 ---p 00000000 00:00 0 
7fa2f53d0000-7fa2f54ce000 rw-p 00000000 00:00 0 
7fa2f54ce000-7fa2f54d1000 ---p 00000000 00:00 0 
7fa2f54d1000-7fa2f55cf000 rw-p 00000000 00:00 0 
7fa2f55cf000-7fa2f55d2000 ---p 00000000 00:00 0 
7fa2f55d2000-7fa2f56d0000 rw-p 00000000 00:00 0 
7fa2f56d0000-7fa2f56d3000 ---p 00000000 00:00 0 
7fa2f56d3000-7fa2f57d1000 rw-p 00000000 00:00 0 
7fa2f57d1000-7fa2f57d4000 ---p 00000000 00:00 0 
7fa2f57d4000-7fa2f58d2000 rw-p 00000000 00:00 0                          [stack:15769]
7fa2f58d2000-7fa2f58d5000 ---p 00000000 00:00 0 
7fa2f58d5000-7fa2f59d3000 rw-p 00000000 00:00 0 
7fa2f59d3000-7fa2f59d6000 ---p 00000000 00:00 0 
7fa2f59d6000-7fa2f5ad4000 rw-p 00000000 00:00 0 
7fa2f5ad4000-7fa2f5ad7000 ---p 00000000 00:00 0 
7fa2f5ad7000-7fa2f5bd5000 rw-p 00000000 00:00 0                          [stack:15646]
7fa2f5bd5000-7fa2f5bd8000 ---p 00000000 00:00 0 
7fa2f5bd8000-7fa2f5cd6000 rw-p 00000000 00:00 0                          [stack:15645]
7fa2f5cd6000-7fa2f5cd9000 ---p 00000000 00:00 0 
7fa2f5cd9000-7fa2f5dd7000 rw-p 00000000 00:00 0                          [stack:15644]
7fa2f5dd7000-7fa2f5dda000 ---p 00000000 00:00 0 
7fa2f5dda000-7fa2f5ed8000 rw-p 00000000 00:00 0                          [stack:15643]
7fa2f5ed8000-7fa2f5edf000 r-xp 00000000 08:02 8655898                    /lib/x86_64-linux-gnu/libnss_dns-2.15.so
7fa2f5edf000-7fa2f60de000 ---p 00007000 08:02 8655898                    /lib/x86_64-linux-gnu/libnss_dns-2.15.so
7fa2f60de000-7fa2f60df000 r--p 00006000 08:02 8655898                    /lib/x86_64-linux-gnu/libnss_dns-2.15.so
7fa2f60df000-7fa2f60e0000 rw-p 00007000 08:02 8655898                    /lib/x86_64-linux-gnu/libnss_dns-2.15.so
7fa2f60e0000-7fa2f60e2000 r-xp 00000000 08:02 8650805                    /lib/libnss_mdns4_minimal.so.2
7fa2f60e2000-7fa2f62e1000 ---p 00002000 08:02 8650805                    /lib/libnss_mdns4_minimal.so.2
7fa2f62e1000-7fa2f62e2000 r--p 00001000 08:02 8650805                    /lib/libnss_mdns4_minimal.so.2
7fa2f62e2000-7fa2f62e3000 rw-p 00002000 08:02 8650805                    /lib/libnss_mdns4_minimal.so.2
7fa2f62e8000-7fa2f62eb000 ---p 00000000 00:00 0 
7fa2f62eb000-7fa2f63e9000 rw-p 00000000 00:00 0                          [stack:15641]
7fa2f63e9000-7fa2f63ec000 ---p 00000000 00:00 0 
7fa2f63ec000-7fa2f66aa000 rw-p 00000000 00:00 0                          [stack:15640]
7fa2f66aa000-7fa2f66ea000 ---p 00000000 00:00 0 
7fa2f66ea000-7fa2f69e8000 rw-p 00000000 00:00 0 
7fa2f69e8000-7fa2f69eb000 ---p 00000000 00:00 0 
7fa2f69eb000-7fa2f6ae9000 rw-p 00000000 00:00 0                          [stack:15636]
7fa2f6ae9000-7fa2f6aec000 ---p 00000000 00:00 0 
7fa2f6aec000-7fa2f6bea000 rw-p 00000000 00:00 0                          [stack:15635]
7fa2f6bea000-7fa2f6bed000 ---p 00000000 00:00 0 
7fa2f6bed000-7fa2f6ceb000 rw-p 00000000 00:00 0                          [stack:15634]
7fa2f6ceb000-7fa2f6cee000 ---p 00000000 00:00 0 
7fa2f6cee000-7fa2f6dec000 rw-p 00000000 00:00 0                          [stack:15633]
7fa2f6dec000-7fa2f6def000 ---p 00000000 00:00 0 
7fa2f6def000-7fa2f6eed000 rw-p 00000000 00:00 0                          [stack:15628]
7fa2f6eed000-7fa2f6ef0000 ---p 00000000 00:00 0 
7fa2f6ef0000-7fa2f71ee000 rw-p 00000000 00:00 0                          [stack:15625]
7fa2f71ee000-7fa2f71f1000 ---p 00000000 00:00 0 
7fa2f71f1000-7fa2f72ef000 rw-p 00000000 00:00 0                          [stack:15622]
7fa2f72ef000-7fa2f72f2000 ---p 00000000 00:00 0 
7fa2f72f2000-7fa2f73f0000 rw-p 00000000 00:00 0                          [stack:15621]
7fa2f73f0000-7fa2f748d000 rw-s 00000000 08:02 9049711                    /home/tyler/.bitmerchant-wallet/bitmerchant-wallet.spvchain
7fa2f748d000-7fa2f7490000 ---p 00000000 00:00 0 
7fa2f7490000-7fa2f778e000 rw-p 00000000 00:00 0                          [stack:15619]
7fa2f7f8f000-7fa2f7f90000 ---p 00000000 00:00 0 
7fa2f7f90000-7fa2f8790000 rw-p 00000000 00:00 0 
7fa2f8790000-7fa2f8796000 r-xp 00000000 08:02 10886392                   /usr/lib/x86_64-linux-gnu/libogg.so.0.7.1
7fa2f8796000-7fa2f8995000 ---p 00006000 08:02 10886392                   /usr/lib/x86_64-linux-gnu/libogg.so.0.7.1
7fa2f8995000-7fa2f8996000 r--p 00005000 08:02 10886392                   /usr/lib/x86_64-linux-gnu/libogg.so.0.7.1
7fa2f8996000-7fa2f8997000 rw-p 00006000 08:02 10886392                   /usr/lib/x86_64-linux-gnu/libogg.so.0.7.1
7fa2f8998000-7fa2f89c3000 r-xp 00000000 08:02 10886544                   /usr/lib/x86_64-linux-gnu/libvorbis.so.0.4.5
7fa2f89c3000-7fa2f8bc2000 ---p 0002b000 08:02 10886544                   /usr/lib/x86_64-linux-gnu/libvorbis.so.0.4.5
7fa2f8bc2000-7fa2f8bc3000 r--p 0002a000 08:02 10886544                   /usr/lib/x86_64-linux-gnu/libvorbis.so.0.4.5
7fa2f8bc3000-7fa2f8bc4000 rw-p 0002b000 08:02 10886544                   /usr/lib/x86_64-linux-gnu/libvorbis.so.0.4.5
7fa2f8bc8000-7fa2f8bd0000 r-xp 00000000 08:02 10886352                   /usr/lib/x86_64-linux-gnu/libltdl.so.7.3.0
7fa2f8bd0000-7fa2f8dd0000 ---p 00008000 08:02 10886352                   /usr/lib/x86_64-linux-gnu/libltdl.so.7.3.0
7fa2f8dd0000-7fa2f8dd1000 r--p 00008000 08:02 10886352                   /usr/lib/x86_64-linux-gnu/libltdl.so.7.3.0
7fa2f8dd1000-7fa2f8dd2000 rw-p 00009000 08:02 10886352                   /usr/lib/x86_64-linux-gnu/libltdl.so.7.3.0
7fa2f8dd8000-7fa2f8de8000 r-xp 00000000 08:02 10886517                   /usr/lib/x86_64-linux-gnu/libtdb.so.1.2.9
7fa2f8de8000-7fa2f8fe7000 ---p 00010000 08:02 10886517                   /usr/lib/x86_64-linux-gnu/libtdb.so.1.2.9
7fa2f8fe7000-7fa2f8fe8000 r--p 0000f000 08:02 10886517                   /usr/lib/x86_64-linux-gnu/libtdb.so.1.2.9
7fa2f8fe8000-7fa2f8fe9000 rw-p 00010000 08:02 10886517                   /usr/lib/x86_64-linux-gnu/libtdb.so.1.2.9
7fa2f8ff0000-7fa2f8ff7000 r-xp 00000000 08:02 10886548                   /usr/lib/x86_64-linux-gnu/libvorbisfile.so.3.3.4
7fa2f8ff7000-7fa2f91f6000 ---p 00007000 08:02 10886548                   /usr/lib/x86_64-linux-gnu/libvorbisfile.so.3.3.4
7fa2f91f6000-7fa2f91f7000 r--p 00006000 08:02 10886548                   /usr/lib/x86_64-linux-gnu/libvorbisfile.so.3.3.4
7fa2f91f7000-7fa2f91f8000 rw-p 00007000 08:02 10886548                   /usr/lib/x86_64-linux-gnu/libvorbisfile.so.3.3.4
7fa2f91f8000-7fa2f9207000 r-xp 00000000 08:02 10886057                   /usr/lib/x86_64-linux-gnu/libcanberra.so.0.2.5
7fa2f9207000-7fa2f9406000 ---p 0000f000 08:02 10886057                   /usr/lib/x86_64-linux-gnu/libcanberra.so.0.2.5
7fa2f9406000-7fa2f9407000 r--p 0000e000 08:02 10886057                   /usr/lib/x86_64-linux-gnu/libcanberra.so.0.2.5
7fa2f9407000-7fa2f9408000 rw-p 0000f000 08:02 10886057                   /usr/lib/x86_64-linux-gnu/libcanberra.so.0.2.5
7fa2f9408000-7fa2f940c000 r-xp 00000000 08:02 10886053                   /usr/lib/x86_64-linux-gnu/libcanberra-gtk.so.0.1.8
7fa2f940c000-7fa2f960b000 ---p 00004000 08:02 10886053                   /usr/lib/x86_64-linux-gnu/libcanberra-gtk.so.0.1.8
7fa2f960b000-7fa2f960c000 r--p 00003000 08:02 10886053                   /usr/lib/x86_64-linux-gnu/libcanberra-gtk.so.0.1.8
7fa2f960c000-7fa2f960d000 rw-p 00004000 08:02 10886053                   /usr/lib/x86_64-linux-gnu/libcanberra-gtk.so.0.1.8
7fa2f960f000-7fa2f9610000 ---p 00000000 00:00 0 
7fa2f9610000-7fa2f9e10000 rw-p 00000000 00:00 0                          [stack:15566]
7fa2f9e10000-7fa2f9e3f000 r-xp 00000000 08:02 11013966                   /usr/lib/x86_64-linux-gnu/gtk-2.0/2.10.0/engines/libmurrine.so
7fa2f9e3f000-7fa2fa03f000 ---p 0002f000 08:02 11013966                   /usr/lib/x86_64-linux-gnu/gtk-2.0/2.10.0/engines/libmurrine.so
7fa2fa03f000-7fa2fa040000 r--p 0002f000 08:02 11013966                   /usr/lib/x86_64-linux-gnu/gtk-2.0/2.10.0/engines/libmurrine.so
7fa2fa040000-7fa2fa041000 rw-p 00030000 08:02 11013966                   /usr/lib/x86_64-linux-gnu/gtk-2.0/2.10.0/engines/libmurrine.so
7fa2fa047000-7fa2fa048000 ---p 00000000 00:00 0 
7fa2fa048000-7fa2fa848000 rw-p 00000000 00:00 0                          [stack:15565]
7fa2fa848000-7fa2fa92a000 r-xp 00000000 08:02 10886507                   /usr/lib/x86_64-linux-gnu/libstdc++.so.6.0.16
7fa2fa92a000-7fa2fab29000 ---p 000e2000 08:02 10886507                   /usr/lib/x86_64-linux-gnu/libstdc++.so.6.0.16
7fa2fab29000-7fa2fab31000 r--p 000e1000 08:02 10886507                   /usr/lib/x86_64-linux-gnu/libstdc++.so.6.0.16
7fa2fab31000-7fa2fab33000 rw-p 000e9000 08:02 10886507                   /usr/lib/x86_64-linux-gnu/libstdc++.so.6.0.16
7fa2fab33000-7fa2fab48000 rw-p 00000000 00:00 0 
7fa2fab58000-7fa2fab5d000 r-xp 00000000 08:02 11013985                   /usr/lib/x86_64-linux-gnu/gtk-2.0/modules/libcanberra-gtk-module.so
7fa2fab5d000-7fa2fad5c000 ---p 00005000 08:02 11013985                   /usr/lib/x86_64-linux-gnu/gtk-2.0/modules/libcanberra-gtk-module.so
7fa2fad5c000-7fa2fad5d000 r--p 00004000 08:02 11013985                   /usr/lib/x86_64-linux-gnu/gtk-2.0/modules/libcanberra-gtk-module.so
7fa2fad5d000-7fa2fad5e000 rw-p 00005000 08:02 11013985                   /usr/lib/x86_64-linux-gnu/gtk-2.0/modules/libcanberra-gtk-module.so
7fa2fad60000-7fa2fad70000 r-xp 00000000 08:02 11013837                   /usr/lib/x86_64-linux-gnu/gio/modules/libgioremote-volume-monitor.so
7fa2fad70000-7fa2faf6f000 ---p 00010000 08:02 11013837                   /usr/lib/x86_64-linux-gnu/gio/modules/libgioremote-volume-monitor.so
7fa2faf6f000-7fa2faf70000 r--p 0000f000 08:02 11013837                   /usr/lib/x86_64-linux-gnu/gio/modules/libgioremote-volume-monitor.so
7fa2faf70000-7fa2faf71000 rw-p 00010000 08:02 11013837                   /usr/lib/x86_64-linux-gnu/gio/modules/libgioremote-volume-monitor.so
7fa2faf78000-7fa2faf7f000 r-xp 00000000 08:02 11013833                   /usr/lib/x86_64-linux-gnu/gio/modules/libdconfsettings.so
7fa2faf7f000-7fa2fb17e000 ---p 00007000 08:02 11013833                   /usr/lib/x86_64-linux-gnu/gio/modules/libdconfsettings.so
7fa2fb17e000-7fa2fb17f000 r--p 00006000 08:02 11013833                   /usr/lib/x86_64-linux-gnu/gio/modules/libdconfsettings.so
7fa2fb17f000-7fa2fb180000 rw-p 00007000 08:02 11013833                   /usr/lib/x86_64-linux-gnu/gio/modules/libdconfsettings.so
7fa2fb180000-7fa2fb18c000 r-xp 00000000 08:02 8650872                    /lib/x86_64-linux-gnu/libudev.so.0.13.0
7fa2fb18c000-7fa2fb38b000 ---p 0000c000 08:02 8650872                    /lib/x86_64-linux-gnu/libudev.so.0.13.0
7fa2fb38b000-7fa2fb38c000 r--p 0000b000 08:02 8650872                    /lib/x86_64-linux-gnu/libudev.so.0.13.0
7fa2fb38c000-7fa2fb38d000 rw-p 0000c000 08:02 8650872                    /lib/x86_64-linux-gnu/libudev.so.0.13.0
7fa2fb390000-7fa2fb3d2000 r-xp 00000000 08:02 8650817                    /lib/x86_64-linux-gnu/libdbus-1.so.3.5.8
7fa2fb3d2000-7fa2fb5d2000 ---p 00042000 08:02 8650817                    /lib/x86_64-linux-gnu/libdbus-1.so.3.5.8
7fa2fb5d2000-7fa2fb5d3000 r--p 00042000 08:02 8650817                    /lib/x86_64-linux-gnu/libdbus-1.so.3.5.8
7fa2fb5d3000-7fa2fb5d4000 rw-p 00043000 08:02 8650817                    /lib/x86_64-linux-gnu/libdbus-1.so.3.5.8
7fa2fb5d8000-7fa2fb5ee000 r-xp 00000000 08:02 11014031                   /usr/lib/x86_64-linux-gnu/gvfs/libgvfscommon.so
7fa2fb5ee000-7fa2fb7ed000 ---p 00016000 08:02 11014031                   /usr/lib/x86_64-linux-gnu/gvfs/libgvfscommon.so
7fa2fb7ed000-7fa2fb7ee000 r--p 00015000 08:02 11014031                   /usr/lib/x86_64-linux-gnu/gvfs/libgvfscommon.so
7fa2fb7ee000-7fa2fb7ef000 rw-p 00016000 08:02 11014031                   /usr/lib/x86_64-linux-gnu/gvfs/libgvfscommon.so
7fa2fb7f0000-7fa2fb818000 r-xp 00000000 08:02 11013838                   /usr/lib/x86_64-linux-gnu/gio/modules/libgvfsdbus.so
7fa2fb818000-7fa2fba17000 ---p 00028000 08:02 11013838                   /usr/lib/x86_64-linux-gnu/gio/modules/libgvfsdbus.so
7fa2fba17000-7fa2fba18000 r--p 00027000 08:02 11013838                   /usr/lib/x86_64-linux-gnu/gio/modules/libgvfsdbus.so
7fa2fba18000-7fa2fba19000 rw-p 00028000 08:02 11013838                   /usr/lib/x86_64-linux-gnu/gio/modules/libgvfsdbus.so
7fa2fba20000-7fa2fba30000 r-xp 00000000 08:02 10881862                   /usr/lib/liboverlay-scrollbar-0.2.so.0.0.16
7fa2fba30000-7fa2fbc2f000 ---p 00010000 08:02 10881862                   /usr/lib/liboverlay-scrollbar-0.2.so.0.0.16
7fa2fbc2f000-7fa2fbc30000 r--p 0000f000 08:02 10881862                   /usr/lib/liboverlay-scrollbar-0.2.so.0.0.16
7fa2fbc30000-7fa2fbc31000 rw-p 00010000 08:02 10881862                   /usr/lib/liboverlay-scrollbar-0.2.so.0.0.16
7fa2fbc38000-7fa2fbc39000 r-xp 00000000 08:02 10880555                   /usr/lib/x86_64-linux-gnu/libgthread-2.0.so.0.3200.4
7fa2fbc39000-7fa2fbe38000 ---p 00001000 08:02 10880555                   /usr/lib/x86_64-linux-gnu/libgthread-2.0.so.0.3200.4
7fa2fbe38000-7fa2fbe39000 r--p 00000000 08:02 10880555                   /usr/lib/x86_64-linux-gnu/libgthread-2.0.so.0.3200.4
7fa2fbe39000-7fa2fbe3a000 rw-p 00001000 08:02 10880555                   /usr/lib/x86_64-linux-gnu/libgthread-2.0.so.0.3200.4
7fa2fbe40000-7fa2fbe7c000 r-xp 00000000 08:02 8654414                    /lib/x86_64-linux-gnu/libpcre.so.3.12.1
7fa2fbe7c000-7fa2fc07b000 ---p 0003c000 08:02 8654414                    /lib/x86_64-linux-gnu/libpcre.so.3.12.1
7fa2fc07b000-7fa2fc07c000 r--p 0003b000 08:02 8654414                    /lib/x86_64-linux-gnu/libpcre.so.3.12.1
7fa2fc07c000-7fa2fc07d000 rw-p 0003c000 08:02 8654414                    /lib/x86_64-linux-gnu/libpcre.so.3.12.1
7fa2fc080000-7fa2fc087000 r-xp 00000000 08:02 10886136                   /usr/lib/x86_64-linux-gnu/libffi.so.6.0.0
7fa2fc087000-7fa2fc286000 ---p 00007000 08:02 10886136                   /usr/lib/x86_64-linux-gnu/libffi.so.6.0.0
7fa2fc286000-7fa2fc287000 r--p 00006000 08:02 10886136                   /usr/lib/x86_64-linux-gnu/libffi.so.6.0.0
7fa2fc287000-7fa2fc288000 rw-p 00007000 08:02 10886136                   /usr/lib/x86_64-linux-gnu/libffi.so.6.0.0
7fa2fc288000-7fa2fc2af000 r-xp 00000000 08:02 8654359                    /lib/x86_64-linux-gnu/libexpat.so.1.5.2
7fa2fc2af000-7fa2fc4af000 ---p 00027000 08:02 8654359                    /lib/x86_64-linux-gnu/libexpat.so.1.5.2
7fa2fc4af000-7fa2fc4b1000 r--p 00027000 08:02 8654359                    /lib/x86_64-linux-gnu/libexpat.so.1.5.2
7fa2fc4b1000-7fa2fc4b2000 rw-p 00029000 08:02 8654359                    /lib/x86_64-linux-gnu/libexpat.so.1.5.2
7fa2fc4b8000-7fa2fc4d0000 r-xp 00000000 08:02 8655886                    /lib/x86_64-linux-gnu/libresolv-2.15.so
7fa2fc4d0000-7fa2fc6d0000 ---p 00018000 08:02 8655886                    /lib/x86_64-linux-gnu/libresolv-2.15.so
7fa2fc6d0000-7fa2fc6d1000 r--p 00018000 08:02 8655886                    /lib/x86_64-linux-gnu/libresolv-2.15.so
7fa2fc6d1000-7fa2fc6d2000 rw-p 00019000 08:02 8655886                    /lib/x86_64-linux-gnu/libresolv-2.15.so
7fa2fc6d2000-7fa2fc6d4000 rw-p 00000000 00:00 0 
7fa2fc6d8000-7fa2fc6f5000 r-xp 00000000 08:02 8654429                    /lib/x86_64-linux-gnu/libselinux.so.1
7fa2fc6f5000-7fa2fc8f4000 ---p 0001d000 08:02 8654429                    /lib/x86_64-linux-gnu/libselinux.so.1
7fa2fc8f4000-7fa2fc8f5000 r--p 0001c000 08:02 8654429                    /lib/x86_64-linux-gnu/libselinux.so.1
7fa2fc8f5000-7fa2fc8f6000 rw-p 0001d000 08:02 8654429                    /lib/x86_64-linux-gnu/libselinux.so.1
7fa2fc8f6000-7fa2fc8f7000 rw-p 00000000 00:00 0 
7fa2fc8f8000-7fa2fc8fb000 r-xp 00000000 08:02 10879353                   /usr/lib/x86_64-linux-gnu/libgmodule-2.0.so.0.3200.4
7fa2fc8fb000-7fa2fcafa000 ---p 00003000 08:02 10879353                   /usr/lib/x86_64-linux-gnu/libgmodule-2.0.so.0.3200.4
7fa2fcafa000-7fa2fcafb000 r--p 00002000 08:02 10879353                   /usr/lib/x86_64-linux-gnu/libgmodule-2.0.so.0.3200.4
7fa2fcafb000-7fa2fcafc000 rw-p 00003000 08:02 10879353                   /usr/lib/x86_64-linux-gnu/libgmodule-2.0.so.0.3200.4
7fa2fcb00000-7fa2fcb16000 r-xp 00000000 08:02 8654452                    /lib/x86_64-linux-gnu/libz.so.1.2.3.4
7fa2fcb16000-7fa2fcd15000 ---p 00016000 08:02 8654452                    /lib/x86_64-linux-gnu/libz.so.1.2.3.4
7fa2fcd15000-7fa2fcd16000 r--p 00015000 08:02 8654452                    /lib/x86_64-linux-gnu/libz.so.1.2.3.4
7fa2fcd16000-7fa2fcd17000 rw-p 00016000 08:02 8654452                    /lib/x86_64-linux-gnu/libz.so.1.2.3.4
7fa2fcd18000-7fa2fcd20000 r-xp 00000000 08:02 10886567                   /usr/lib/x86_64-linux-gnu/libxcb-render.so.0.0.0
7fa2fcd20000-7fa2fcf20000 ---p 00008000 08:02 10886567                   /usr/lib/x86_64-linux-gnu/libxcb-render.so.0.0.0
7fa2fcf20000-7fa2fcf21000 r--p 00008000 08:02 10886567                   /usr/lib/x86_64-linux-gnu/libxcb-render.so.0.0.0
7fa2fcf21000-7fa2fcf22000 rw-p 00009000 08:02 10886567                   /usr/lib/x86_64-linux-gnu/libxcb-render.so.0.0.0
7fa2fcf28000-7fa2fcf2a000 r-xp 00000000 08:02 10886571                   /usr/lib/x86_64-linux-gnu/libxcb-shm.so.0.0.0
7fa2fcf2a000-7fa2fd129000 ---p 00002000 08:02 10886571                   /usr/lib/x86_64-linux-gnu/libxcb-shm.so.0.0.0
7fa2fd129000-7fa2fd12a000 r--p 00001000 08:02 10886571                   /usr/lib/x86_64-linux-gnu/libxcb-shm.so.0.0.0
7fa2fd12a000-7fa2fd12b000 rw-p 00002000 08:02 10886571                   /usr/lib/x86_64-linux-gnu/libxcb-shm.so.0.0.0
7fa2fd130000-7fa2fd156000 r-xp 00000000 08:02 8654418                    /lib/x86_64-linux-gnu/libpng12.so.0.46.0
7fa2fd156000-7fa2fd356000 ---p 00026000 08:02 8654418                    /lib/x86_64-linux-gnu/libpng12.so.0.46.0
7fa2fd356000-7fa2fd357000 r--p 00026000 08:02 8654418                    /lib/x86_64-linux-gnu/libpng12.so.0.46.0
7fa2fd357000-7fa2fd358000 rw-p 00027000 08:02 8654418                    /lib/x86_64-linux-gnu/libpng12.so.0.46.0
7fa2fd358000-7fa2fd3e8000 r-xp 00000000 08:02 10880223                   /usr/lib/x86_64-linux-gnu/libpixman-1.so.0.30.2
7fa2fd3e8000-7fa2fd5e7000 ---p 00090000 08:02 10880223                   /usr/lib/x86_64-linux-gnu/libpixman-1.so.0.30.2
7fa2fd5e7000-7fa2fd5ee000 r--p 0008f000 08:02 10880223                   /usr/lib/x86_64-linux-gnu/libpixman-1.so.0.30.2
7fa2fd5ee000-7fa2fd5ef000 rw-p 00096000 08:02 10880223                   /usr/lib/x86_64-linux-gnu/libpixman-1.so.0.30.2
7fa2fd5f0000-7fa2fd686000 r-xp 00000000 08:02 10886146                   /usr/lib/x86_64-linux-gnu/libfreetype.so.6.8.0
7fa2fd686000-7fa2fd885000 ---p 00096000 08:02 10886146                   /usr/lib/x86_64-linux-gnu/libfreetype.so.6.8.0
7fa2fd885000-7fa2fd88b000 r--p 00095000 08:02 10886146                   /usr/lib/x86_64-linux-gnu/libfreetype.so.6.8.0
7fa2fd88b000-7fa2fd88c000 rw-p 0009b000 08:02 10886146                   /usr/lib/x86_64-linux-gnu/libfreetype.so.6.8.0
7fa2fd890000-7fa2fd892000 r-xp 00000000 08:02 10885961                   /usr/lib/x86_64-linux-gnu/libXdamage.so.1.1.0
7fa2fd892000-7fa2fda91000 ---p 00002000 08:02 10885961                   /usr/lib/x86_64-linux-gnu/libXdamage.so.1.1.0
7fa2fda91000-7fa2fda92000 r--p 00001000 08:02 10885961                   /usr/lib/x86_64-linux-gnu/libXdamage.so.1.1.0
7fa2fda92000-7fa2fda93000 rw-p 00002000 08:02 10885961                   /usr/lib/x86_64-linux-gnu/libXdamage.so.1.1.0
7fa2fda98000-7fa2fda9a000 r-xp 00000000 08:02 10885957                   /usr/lib/x86_64-linux-gnu/libXcomposite.so.1.0.0
7fa2fda9a000-7fa2fdc99000 ---p 00002000 08:02 10885957                   /usr/lib/x86_64-linux-gnu/libXcomposite.so.1.0.0
7fa2fdc99000-7fa2fdc9a000 r--p 00001000 08:02 10885957                   /usr/lib/x86_64-linux-gnu/libXcomposite.so.1.0.0
7fa2fdc9a000-7fa2fdc9b000 rw-p 00002000 08:02 10885957                   /usr/lib/x86_64-linux-gnu/libXcomposite.so.1.0.0
7fa2fdca0000-7fa2fdca7000 r-xp 00000000 08:02 10885983                   /usr/lib/x86_64-linux-gnu/libXrandr.so.2.2.0
7fa2fdca7000-7fa2fdea6000 ---p 00007000 08:02 10885983                   /usr/lib/x86_64-linux-gnu/libXrandr.so.2.2.0
7fa2fdea6000-7fa2fdea7000 r--p 00006000 08:02 10885983                   /usr/lib/x86_64-linux-gnu/libXrandr.so.2.2.0
7fa2fdea7000-7fa2fdea8000 rw-p 00007000 08:02 10885983                   /usr/lib/x86_64-linux-gnu/libXrandr.so.2.2.0
7fa2fdea8000-7fa2fdeaa000 r-xp 00000000 08:02 10885973                   /usr/lib/x86_64-linux-gnu/libXinerama.so.1.0.0
7fa2fdeaa000-7fa2fe0a9000 ---p 00002000 08:02 10885973                   /usr/lib/x86_64-linux-gnu/libXinerama.so.1.0.0
7fa2fe0a9000-7fa2fe0aa000 r--p 00001000 08:02 10885973                   /usr/lib/x86_64-linux-gnu/libXinerama.so.1.0.0
7fa2fe0aa000-7fa2fe0ab000 rw-p 00002000 08:02 10885973                   /usr/lib/x86_64-linux-gnu/libXinerama.so.1.0.0
7fa2fe0b0000-7fa2fe1a2000 r-xp 00000000 08:02 8654346                    /lib/x86_64-linux-gnu/libglib-2.0.so.0.3200.4
7fa2fe1a2000-7fa2fe3a2000 ---p 000f2000 08:02 8654346                    /lib/x86_64-linux-gnu/libglib-2.0.so.0.3200.4
7fa2fe3a2000-7fa2fe3a3000 r--p 000f2000 08:02 8654346                    /lib/x86_64-linux-gnu/libglib-2.0.so.0.3200.4
7fa2fe3a3000-7fa2fe3a4000 rw-p 000f3000 08:02 8654346                    /lib/x86_64-linux-gnu/libglib-2.0.so.0.3200.4
7fa2fe3a4000-7fa2fe3a5000 rw-p 00000000 00:00 0 
7fa2fe3a8000-7fa2fe3f5000 r-xp 00000000 08:02 10880557                   /usr/lib/x86_64-linux-gnu/libgobject-2.0.so.0.3200.4
7fa2fe3f5000-7fa2fe5f5000 ---p 0004d000 08:02 10880557                   /usr/lib/x86_64-linux-gnu/libgobject-2.0.so.0.3200.4
7fa2fe5f5000-7fa2fe5f6000 r--p 0004d000 08:02 10880557                   /usr/lib/x86_64-linux-gnu/libgobject-2.0.so.0.3200.4
7fa2fe5f6000-7fa2fe5f7000 rw-p 0004e000 08:02 10880557                   /usr/lib/x86_64-linux-gnu/libgobject-2.0.so.0.3200.4
7fa2fe5f8000-7fa2fe62c000 r-xp 00000000 08:02 10886138                   /usr/lib/x86_64-linux-gnu/libfontconfig.so.1.4.4
7fa2fe62c000-7fa2fe82c000 ---p 00034000 08:02 10886138                   /usr/lib/x86_64-linux-gnu/libfontconfig.so.1.4.4
7fa2fe82c000-7fa2fe82d000 r--p 00034000 08:02 10886138                   /usr/lib/x86_64-linux-gnu/libfontconfig.so.1.4.4
7fa2fe82d000-7fa2fe82e000 rw-p 00035000 08:02 10886138                   /usr/lib/x86_64-linux-gnu/libfontconfig.so.1.4.4
7fa2fe830000-7fa2fe876000 r-xp 00000000 08:02 10886404                   /usr/lib/x86_64-linux-gnu/libpango-1.0.so.0.3000.0
7fa2fe876000-7fa2fea76000 ---p 00046000 08:02 10886404                   /usr/lib/x86_64-linux-gnu/libpango-1.0.so.0.3000.0
7fa2fea76000-7fa2fea78000 r--p 00046000 08:02 10886404                   /usr/lib/x86_64-linux-gnu/libpango-1.0.so.0.3000.0
7fa2fea78000-7fa2fea79000 rw-p 00048000 08:02 10886404                   /usr/lib/x86_64-linux-gnu/libpango-1.0.so.0.3000.0
7fa2fea80000-7fa2feaa9000 r-xp 00000000 08:02 10886408                   /usr/lib/x86_64-linux-gnu/libpangoft2-1.0.so.0.3000.0
7fa2feaa9000-7fa2feca8000 ---p 00029000 08:02 10886408                   /usr/lib/x86_64-linux-gnu/libpangoft2-1.0.so.0.3000.0
7fa2feca8000-7fa2feca9000 r--p 00028000 08:02 10886408                   /usr/lib/x86_64-linux-gnu/libpangoft2-1.0.so.0.3000.0
7fa2feca9000-7fa2fecaa000 rw-p 00029000 08:02 10886408                   /usr/lib/x86_64-linux-gnu/libpangoft2-1.0.so.0.3000.0
7fa2fecb0000-7fa2fedf8000 r-xp 00000000 08:02 10880556                   /usr/lib/x86_64-linux-gnu/libgio-2.0.so.0.3200.4
7fa2fedf8000-7fa2feff7000 ---p 00148000 08:02 10880556                   /usr/lib/x86_64-linux-gnu/libgio-2.0.so.0.3200.4
7fa2feff7000-7fa2feffb000 r--p 00147000 08:02 10880556                   /usr/lib/x86_64-linux-gnu/libgio-2.0.so.0.3200.4
7fa2feffb000-7fa2feffd000 rw-p 0014b000 08:02 10880556                   /usr/lib/x86_64-linux-gnu/libgio-2.0.so.0.3200.4
7fa2feffd000-7fa2fefff000 rw-p 00000000 00:00 0 
7fa2ff000000-7fa2ff01e000 r-xp 00000000 08:02 10880593                   /usr/lib/x86_64-linux-gnu/libgdk_pixbuf-2.0.so.0.2600.1
7fa2ff01e000-7fa2ff21e000 ---p 0001e000 08:02 10880593                   /usr/lib/x86_64-linux-gnu/libgdk_pixbuf-2.0.so.0.2600.1
7fa2ff21e000-7fa2ff21f000 r--p 0001e000 08:02 10880593                   /usr/lib/x86_64-linux-gnu/libgdk_pixbuf-2.0.so.0.2600.1
7fa2ff21f000-7fa2ff220000 rw-p 0001f000 08:02 10880593                   /usr/lib/x86_64-linux-gnu/libgdk_pixbuf-2.0.so.0.2600.1
7fa2ff220000-7fa2ff2d9000 r-xp 00000000 08:02 10886049                   /usr/lib/x86_64-linux-gnu/libcairo.so.2.11000.2
7fa2ff2d9000-7fa2ff4d8000 ---p 000b9000 08:02 10886049                   /usr/lib/x86_64-linux-gnu/libcairo.so.2.11000.2
7fa2ff4d8000-7fa2ff4da000 r--p 000b8000 08:02 10886049                   /usr/lib/x86_64-linux-gnu/libcairo.so.2.11000.2
7fa2ff4da000-7fa2ff4db000 rw-p 000ba000 08:02 10886049                   /usr/lib/x86_64-linux-gnu/libcairo.so.2.11000.2
7fa2ff4db000-7fa2ff4de000 rw-p 00000000 00:00 0 
7fa2ff4e0000-7fa2ff500000 r-xp 00000000 08:02 10879311                   /usr/lib/x86_64-linux-gnu/libatk-1.0.so.0.20609.1
7fa2ff500000-7fa2ff700000 ---p 00020000 08:02 10879311                   /usr/lib/x86_64-linux-gnu/libatk-1.0.so.0.20609.1
7fa2ff700000-7fa2ff702000 r--p 00020000 08:02 10879311                   /usr/lib/x86_64-linux-gnu/libatk-1.0.so.0.20609.1
7fa2ff702000-7fa2ff703000 rw-p 00022000 08:02 10879311                   /usr/lib/x86_64-linux-gnu/libatk-1.0.so.0.20609.1
7fa2ff708000-7fa2ff7b5000 r-xp 00000000 08:02 10880596                   /usr/lib/x86_64-linux-gnu/libgdk-x11-2.0.so.0.2400.10
7fa2ff7b5000-7fa2ff9b4000 ---p 000ad000 08:02 10880596                   /usr/lib/x86_64-linux-gnu/libgdk-x11-2.0.so.0.2400.10
7fa2ff9b4000-7fa2ff9b8000 r--p 000ac000 08:02 10880596                   /usr/lib/x86_64-linux-gnu/libgdk-x11-2.0.so.0.2400.10
7fa2ff9b8000-7fa2ff9ba000 rw-p 000b0000 08:02 10880596                   /usr/lib/x86_64-linux-gnu/libgdk-x11-2.0.so.0.2400.10
7fa2ff9c0000-7fa2ffdee000 r-xp 00000000 08:02 10880598                   /usr/lib/x86_64-linux-gnu/libgtk-x11-2.0.so.0.2400.10
7fa2ffdee000-7fa2fffed000 ---p 0042e000 08:02 10880598                   /usr/lib/x86_64-linux-gnu/libgtk-x11-2.0.so.0.2400.10
7fa2fffed000-7fa2ffff4000 r--p 0042d000 08:02 10880598                   /usr/lib/x86_64-linux-gnu/libgtk-x11-2.0.so.0.2400.10
7fa2ffff4000-7fa2ffff8000 rw-p 00434000 08:02 10880598                   /usr/lib/x86_64-linux-gnu/libgtk-x11-2.0.so.0.2400.10
7fa2ffff8000-7fa2ffffa000 rw-p 00000000 00:00 0 
7fa300000000-7fa3001b8000 rw-p 00000000 00:00 0 
7fa3001b8000-7fa304000000 ---p 00000000 00:00 0 
7fa304000000-7fa304021000 rw-p 00000000 00:00 0 
7fa304021000-7fa308000000 ---p 00000000 00:00 0 
7fa308000000-7fa3084f1000 rw-p 00000000 00:00 0 
7fa3084f1000-7fa30c000000 ---p 00000000 00:00 0 
7fa30c000000-7fa30c03c000 rw-p 00000000 00:00 0 
7fa30c03c000-7fa310000000 ---p 00000000 00:00 0 
7fa310000000-7fa310057000 rw-p 00000000 00:00 0 
7fa310057000-7fa314000000 ---p 00000000 00:00 0 
7fa314000000-7fa314095000 rw-p 00000000 00:00 0 
7fa314095000-7fa318000000 ---p 00000000 00:00 0 
7fa318000000-7fa3187b6000 rw-p 00000000 00:00 0 
7fa3187b6000-7fa31c000000 ---p 00000000 00:00 0 
7fa31c000000-7fa31c656000 rw-p 00000000 00:00 0 
7fa31c656000-7fa320000000 ---p 00000000 00:00 0 
7fa320000000-7fa320293000 rw-p 00000000 00:00 0 
7fa320293000-7fa324000000 ---p 00000000 00:00 0 
7fa324050000-7fa32406c000 r--s 00000000 08:02 11010226                   /usr/share/mime/mime.cache
7fa324070000-7fa32408e000 r--p 00000000 08:02 11536647                   /usr/share/glib-2.0/schemas/gschemas.compiled
7fa324090000-7fa32409b000 r-xp 00000000 08:02 10886406                   /usr/lib/x86_64-linux-gnu/libpangocairo-1.0.so.0.3000.0
7fa32409b000-7fa32429a000 ---p 0000b000 08:02 10886406                   /usr/lib/x86_64-linux-gnu/libpangocairo-1.0.so.0.3000.0
7fa32429a000-7fa32429b000 r--p 0000a000 08:02 10886406                   /usr/lib/x86_64-linux-gnu/libpangocairo-1.0.so.0.3000.0
7fa32429b000-7fa32429c000 rw-p 0000b000 08:02 10886406                   /usr/lib/x86_64-linux-gnu/libpangocairo-1.0.so.0.3000.0
7fa32429f000-7fa3242a2000 ---p 00000000 00:00 0 
7fa3242a2000-7fa3243a0000 rw-p 00000000 00:00 0                          [stack:15564]
7fa3243a0000-7fa3243a5000 r-xp 00000000 08:02 10879297                   /usr/lib/x86_64-linux-gnu/libXfixes.so.3.1.0
7fa3243a5000-7fa3245a4000 ---p 00005000 08:02 10879297                   /usr/lib/x86_64-linux-gnu/libXfixes.so.3.1.0
7fa3245a4000-7fa3245a5000 r--p 00004000 08:02 10879297                   /usr/lib/x86_64-linux-gnu/libXfixes.so.3.1.0
7fa3245a5000-7fa3245a6000 rw-p 00005000 08:02 10879297                   /usr/lib/x86_64-linux-gnu/libXfixes.so.3.1.0
7fa3245a8000-7fa3245b1000 r-xp 00000000 08:02 10885959                   /usr/lib/x86_64-linux-gnu/libXcursor.so.1.0.2
7fa3245b1000-7fa3247b0000 ---p 00009000 08:02 10885959                   /usr/lib/x86_64-linux-gnu/libXcursor.so.1.0.2
7fa3247b0000-7fa3247b1000 r--p 00008000 08:02 10885959                   /usr/lib/x86_64-linux-gnu/libXcursor.so.1.0.2
7fa3247b1000-7fa3247b2000 rw-p 00009000 08:02 10885959                   /usr/lib/x86_64-linux-gnu/libXcursor.so.1.0.2
7fa3247cf000-7fa3247d2000 ---p 00000000 00:00 0 
7fa3247d2000-7fa3248d0000 rw-p 00000000 00:00 0                          [stack:15563]
7fa3248d0000-7fa3248e1000 r-xp 00000000 08:02 13899060                   /usr/lib/jvm/java-8-oracle/jre/lib/amd64/libnio.so
7fa3248e1000-7fa324ae0000 ---p 00011000 08:02 13899060                   /usr/lib/jvm/java-8-oracle/jre/lib/amd64/libnio.so
7fa324ae0000-7fa324ae1000 rw-p 00010000 08:02 13899060                   /usr/lib/jvm/java-8-oracle/jre/lib/amd64/libnio.so
7fa324ae8000-7fa324aeb000 ---p 00000000 00:00 0 
7fa324aeb000-7fa324be9000 rw-p 00000000 00:00 0                          [stack:15562]
7fa324be9000-7fa324bec000 ---p 00000000 00:00 0 
7fa324bec000-7fa324cea000 rw-p 00000000 00:00 0                          [stack:15561]
7fa324cea000-7fa324ced000 ---p 00000000 00:00 0 
7fa324ced000-7fa324deb000 rw-p 00000000 00:00 0                          [stack:15560]
7fa324deb000-7fa324dee000 ---p 00000000 00:00 0 
7fa324dee000-7fa324eec000 rw-p 00000000 00:00 0                          [stack:15559]
7fa324eec000-7fa324eef000 ---p 00000000 00:00 0 
7fa324eef000-7fa324fed000 rw-p 00000000 00:00 0                          [stack:15637]
7fa324fed000-7fa324ff0000 ---p 00000000 00:00 0 
7fa324ff0000-7fa3250ee000 rw-p 00000000 00:00 0                          [stack:15557]
7fa3250ee000-7fa3250f1000 ---p 00000000 00:00 0 
7fa3250f1000-7fa3251ef000 rw-p 00000000 00:00 0                          [stack:15556]
7fa3251ef000-7fa3251f2000 ---p 00000000 00:00 0 
7fa3251f2000-7fa3252f0000 rw-p 00000000 00:00 0                          [stack:15555]
7fa3252f0000-7fa325306000 r-xp 00000000 08:02 13899066                   /usr/lib/jvm/java-8-oracle/jre/lib/amd64/libnet.so
7fa325306000-7fa325506000 ---p 00016000 08:02 13899066                   /usr/lib/jvm/java-8-oracle/jre/lib/amd64/libnet.so
7fa325506000-7fa325507000 rw-p 00016000 08:02 13899066                   /usr/lib/jvm/java-8-oracle/jre/lib/amd64/libnet.so
7fa325507000-7fa32550a000 ---p 00000000 00:00 0 
7fa32550a000-7fa325608000 rw-p 00000000 00:00 0                          [stack:15554]
7fa325608000-7fa32566c000 r-xp 00000000 08:02 13899048                   /usr/lib/jvm/java-8-oracle/jre/lib/amd64/libfontmanager.so
7fa32566c000-7fa32586c000 ---p 00064000 08:02 13899048                   /usr/lib/jvm/java-8-oracle/jre/lib/amd64/libfontmanager.so
7fa32586c000-7fa325870000 rw-p 00064000 08:02 13899048                   /usr/lib/jvm/java-8-oracle/jre/lib/amd64/libfontmanager.so
7fa325870000-7fa325881000 rw-p 00000000 00:00 0 
7fa325887000-7fa32588a000 ---p 00000000 00:00 0 
7fa32588a000-7fa325b88000 rw-p 00000000 00:00 0                          [stack:15553]
7fa325b88000-7fa325b8d000 r-xp 00000000 08:02 10885963                   /usr/lib/x86_64-linux-gnu/libXdmcp.so.6.0.0
7fa325b8d000-7fa325d8c000 ---p 00005000 08:02 10885963                   /usr/lib/x86_64-linux-gnu/libXdmcp.so.6.0.0
7fa325d8c000-7fa325d8d000 r--p 00004000 08:02 10885963                   /usr/lib/x86_64-linux-gnu/libXdmcp.so.6.0.0
7fa325d8d000-7fa325d8e000 rw-p 00005000 08:02 10885963                   /usr/lib/x86_64-linux-gnu/libXdmcp.so.6.0.0
7fa325d90000-7fa325d92000 r-xp 00000000 08:02 10885952                   /usr/lib/x86_64-linux-gnu/libXau.so.6.0.0
7fa325d92000-7fa325f91000 ---p 00002000 08:02 10885952                   /usr/lib/x86_64-linux-gnu/libXau.so.6.0.0
7fa325f91000-7fa325f92000 r--p 00001000 08:02 10885952                   /usr/lib/x86_64-linux-gnu/libXau.so.6.0.0
7fa325f92000-7fa325f93000 rw-p 00002000 08:02 10885952                   /usr/lib/x86_64-linux-gnu/libXau.so.6.0.0
7fa325f98000-7fa325fb5000 r-xp 00000000 08:02 10886575                   /usr/lib/x86_64-linux-gnu/libxcb.so.1.1.0
7fa325fb5000-7fa3261b4000 ---p 0001d000 08:02 10886575                   /usr/lib/x86_64-linux-gnu/libxcb.so.1.1.0
7fa3261b4000-7fa3261b5000 r--p 0001c000 08:02 10886575                   /usr/lib/x86_64-linux-gnu/libxcb.so.1.1.0
7fa3261b5000-7fa3261b6000 rw-p 0001d000 08:02 10886575                   /usr/lib/x86_64-linux-gnu/libxcb.so.1.1.0
7fa3261b8000-7fa3261c7000 r-xp 00000000 08:02 10880227                   /usr/lib/x86_64-linux-gnu/libXi.so.6.1.0
7fa3261c7000-7fa3263c6000 ---p 0000f000 08:02 10880227                   /usr/lib/x86_64-linux-gnu/libXi.so.6.1.0
7fa3263c6000-7fa3263c7000 r--p 0000e000 08:02 10880227                   /usr/lib/x86_64-linux-gnu/libXi.so.6.1.0
7fa3263c7000-7fa3263c8000 rw-p 0000f000 08:02 10880227                   /usr/lib/x86_64-linux-gnu/libXi.so.6.1.0
7fa3263c8000-7fa3263cd000 r-xp 00000000 08:02 10885991                   /usr/lib/x86_64-linux-gnu/libXtst.so.6.1.0
7fa3263cd000-7fa3265cc000 ---p 00005000 08:02 10885991                   /usr/lib/x86_64-linux-gnu/libXtst.so.6.1.0
7fa3265cc000-7fa3265cd000 r--p 00004000 08:02 10885991                   /usr/lib/x86_64-linux-gnu/libXtst.so.6.1.0
7fa3265cd000-7fa3265ce000 rw-p 00005000 08:02 10885991                   /usr/lib/x86_64-linux-gnu/libXtst.so.6.1.0
7fa3265d0000-7fa3265d9000 r-xp 00000000 08:02 10885985                   /usr/lib/x86_64-linux-gnu/libXrender.so.1.3.0
7fa3265d9000-7fa3267d8000 ---p 00009000 08:02 10885985                   /usr/lib/x86_64-linux-gnu/libXrender.so.1.3.0
7fa3267d8000-7fa3267d9000 r--p 00008000 08:02 10885985                   /usr/lib/x86_64-linux-gnu/libXrender.so.1.3.0
7fa3267d9000-7fa3267da000 rw-p 00009000 08:02 10885985                   /usr/lib/x86_64-linux-gnu/libXrender.so.1.3.0
7fa3267df000-7fa3267e4000 r--s 0003f000 08:02 13899138                   /usr/lib/jvm/java-8-oracle/jre/lib/ext/sunjce_provider.jar
7fa3267e8000-7fa326918000 r-xp 00000000 08:02 10880585                   /usr/lib/x86_64-linux-gnu/libX11.so.6.3.0
7fa326918000-7fa326b18000 ---p 00130000 08:02 10880585                   /usr/lib/x86_64-linux-gnu/libX11.so.6.3.0
7fa326b18000-7fa326b19000 r--p 00130000 08:02 10880585                   /usr/lib/x86_64-linux-gnu/libX11.so.6.3.0
7fa326b19000-7fa326b1d000 rw-p 00131000 08:02 10880585                   /usr/lib/x86_64-linux-gnu/libX11.so.6.3.0
7fa326b20000-7fa326b30000 r-xp 00000000 08:02 10885965                   /usr/lib/x86_64-linux-gnu/libXext.so.6.4.0
7fa326b30000-7fa326d2f000 ---p 00010000 08:02 10885965                   /usr/lib/x86_64-linux-gnu/libXext.so.6.4.0
7fa326d2f000-7fa326d30000 r--p 0000f000 08:02 10885965                   /usr/lib/x86_64-linux-gnu/libXext.so.6.4.0
7fa326d30000-7fa326d31000 rw-p 00010000 08:02 10885965                   /usr/lib/x86_64-linux-gnu/libXext.so.6.4.0
7fa326d38000-7fa326d8c000 r-xp 00000000 08:02 13899100                   /usr/lib/jvm/java-8-oracle/jre/lib/amd64/libawt_xawt.so
7fa326d8c000-7fa326f8c000 ---p 00054000 08:02 13899100                   /usr/lib/jvm/java-8-oracle/jre/lib/amd64/libawt_xawt.so
7fa326f8c000-7fa326f90000 rw-p 00054000 08:02 13899100                   /usr/lib/jvm/java-8-oracle/jre/lib/amd64/libawt_xawt.so
7fa326f90000-7fa326f91000 rw-p 00000000 00:00 0 
7fa326f98000-7fa32703a000 r-xp 00000000 08:02 13899078                   /usr/lib/jvm/java-8-oracle/jre/lib/amd64/libawt.so
7fa32703a000-7fa32723a000 ---p 000a2000 08:02 13899078                   /usr/lib/jvm/java-8-oracle/jre/lib/amd64/libawt.so
7fa32723a000-7fa327246000 rw-p 000a2000 08:02 13899078                   /usr/lib/jvm/java-8-oracle/jre/lib/amd64/libawt.so
7fa327246000-7fa32726a000 rw-p 00000000 00:00 0 
7fa327270000-7fa327285000 r-xp 00000000 08:02 8654362                    /lib/x86_64-linux-gnu/libgcc_s.so.1
7fa327285000-7fa327484000 ---p 00015000 08:02 8654362                    /lib/x86_64-linux-gnu/libgcc_s.so.1
7fa327484000-7fa327485000 r--p 00014000 08:02 8654362                    /lib/x86_64-linux-gnu/libgcc_s.so.1
7fa327485000-7fa327486000 rw-p 00015000 08:02 8654362                    /lib/x86_64-linux-gnu/libgcc_s.so.1
7fa327490000-7fa327493000 r--p 00000000 08:02 7876674                    /home/tyler/.config/dconf/user
7fa327498000-7fa327499000 r--s 00000000 08:02 7879442                    /home/tyler/.cache/dconf/user
7fa3274a0000-7fa3274d2000 r-xp 00000000 08:02 13899065                   /usr/lib/jvm/java-8-oracle/jre/lib/amd64/libsunec.so
7fa3274d2000-7fa3276d1000 ---p 00032000 08:02 13899065                   /usr/lib/jvm/java-8-oracle/jre/lib/amd64/libsunec.so
7fa3276d1000-7fa3276d7000 rw-p 00031000 08:02 13899065                   /usr/lib/jvm/java-8-oracle/jre/lib/amd64/libsunec.so
7fa3276d7000-7fa3276e7000 rw-p 00000000 00:00 0 
7fa3276ea000-7fa3278ea000 rw-p 00000000 00:00 0 
7fa3278ea000-7fa3278ed000 r--s 0003a000 08:02 13899134                   /usr/lib/jvm/java-8-oracle/jre/lib/ext/sunpkcs11.jar
7fa3278f2000-7fa3278f4000 r--s 0001a000 08:02 12190124                   /usr/lib/jvm/java-8-oracle/jre/lib/jce.jar
7fa3278f9000-7fa3278fc000 ---p 00000000 00:00 0 
7fa3278fc000-7fa3279fa000 rw-p 00000000 00:00 0                          [stack:15552]
7fa3279fa000-7fa3279fd000 ---p 00000000 00:00 0 
7fa3279fd000-7fa327afb000 rw-p 00000000 00:00 0                          [stack:15551]
7fa327afb000-7fa327afe000 ---p 00000000 00:00 0 
7fa327afe000-7fa327bfc000 rw-p 00000000 00:00 0                          [stack:15632]
7fa327bfc000-7fa327bfd000 ---p 00000000 00:00 0 
7fa327bfd000-7fa327cfd000 rw-p 00000000 00:00 0                          [stack:15549]
7fa327cfd000-7fa327d00000 ---p 00000000 00:00 0 
7fa327d00000-7fa327dfe000 rw-p 00000000 00:00 0                          [stack:15548]
7fa327dfe000-7fa327e01000 ---p 00000000 00:00 0 
7fa327e01000-7fa327eff000 rw-p 00000000 00:00 0                          [stack:15547]
7fa327eff000-7fa327f02000 ---p 00000000 00:00 0 
7fa327f02000-7fa328000000 rw-p 00000000 00:00 0                          [stack:15546]
7fa328000000-7fa328021000 rw-p 00000000 00:00 0 
7fa328021000-7fa32c000000 ---p 00000000 00:00 0 
7fa32c000000-7fa32c021000 rw-p 00000000 00:00 0 
7fa32c021000-7fa330000000 ---p 00000000 00:00 0 
7fa330000000-7fa330022000 rw-p 00000000 00:00 0 
7fa330022000-7fa334000000 ---p 00000000 00:00 0 
7fa334000000-7fa33410b000 rw-p 00000000 00:00 0 
7fa33410b000-7fa338000000 ---p 00000000 00:00 0 
7fa338000000-7fa338021000 rw-p 00000000 00:00 0 
7fa338021000-7fa33c000000 ---p 00000000 00:00 0 
7fa33c006000-7fa33c010000 r--s 00116000 08:02 13899140                   /usr/lib/jvm/java-8-oracle/jre/lib/ext/localedata.jar
7fa33c013000-7fa33c02f000 r--s 00393000 08:02 13899136                   /usr/lib/jvm/java-8-oracle/jre/lib/ext/cldrdata.jar
7fa33c035000-7fa33c0f4000 r--s 00cd5000 08:02 7999179                    /home/tyler/git/bitmerchant-wallet/target/bitmerchant-wallet-shaded.jar
7fa33c0f7000-7fa33c0fa000 ---p 00000000 00:00 0 
7fa33c0fa000-7fa33c1f8000 rw-p 00000000 00:00 0                          [stack:15545]
7fa33c1f8000-7fa33c5f6000 r--p 00000000 08:02 10883108                   /usr/lib/locale/locale-archive
7fa33c5f6000-7fa33c5f9000 ---p 00000000 00:00 0 
7fa33c5f9000-7fa33c6f7000 rw-p 00000000 00:00 0                          [stack:15544]
7fa33c6f7000-7fa33c6fa000 ---p 00000000 00:00 0 
7fa33c6fa000-7fa33c7f8000 rw-p 00000000 00:00 0                          [stack:15543]
7fa33c7f8000-7fa33c7f9000 ---p 00000000 00:00 0 
7fa33c7f9000-7fa33d000000 rw-p 00000000 00:00 0                          [stack:15542]
7fa33d000000-7fa33d6a0000 rwxp 00000000 00:00 0 
7fa33d6a0000-7fa34c000000 ---p 00000000 00:00 0 
7fa34c000000-7fa34c464000 rw-p 00000000 00:00 0 
7fa34c464000-7fa350000000 ---p 00000000 00:00 0 
7fa350001000-7fa350252000 rw-p 00000000 00:00 0 
7fa350252000-7fa350428000 r--s 03caa000 08:02 12190137                   /usr/lib/jvm/java-8-oracle/jre/lib/rt.jar
7fa35042a000-7fa352555000 rw-p 00000000 00:00 0 
7fa352555000-7fa352556000 ---p 00000000 00:00 0 
7fa352556000-7fa352656000 rw-p 00000000 00:00 0                          [stack:15541]
7fa352656000-7fa352657000 ---p 00000000 00:00 0 
7fa352657000-7fa352772000 rw-p 00000000 00:00 0                          [stack:15540]
7fa352772000-7fa352854000 ---p 00000000 00:00 0 
7fa352854000-7fa35286f000 rw-p 00000000 00:00 0 
7fa35286f000-7fa352950000 ---p 00000000 00:00 0 
7fa352950000-7fa3529bd000 rw-p 00000000 00:00 0 
7fa3529bd000-7fa3529cf000 ---p 00000000 00:00 0 
7fa3529cf000-7fa3529eb000 rw-p 00000000 00:00 0 
7fa3529eb000-7fa352d90000 ---p 00000000 00:00 0 
7fa352d90000-7fa352daa000 r-xp 00000000 08:02 13899088                   /usr/lib/jvm/java-8-oracle/jre/lib/amd64/libzip.so
7fa352daa000-7fa352faa000 ---p 0001a000 08:02 13899088                   /usr/lib/jvm/java-8-oracle/jre/lib/amd64/libzip.so
7fa352faa000-7fa352fab000 rw-p 0001a000 08:02 13899088                   /usr/lib/jvm/java-8-oracle/jre/lib/amd64/libzip.so
7fa352fb0000-7fa352fbc000 r-xp 00000000 08:02 8655884                    /lib/x86_64-linux-gnu/libnss_files-2.15.so
7fa352fbc000-7fa3531bb000 ---p 0000c000 08:02 8655884                    /lib/x86_64-linux-gnu/libnss_files-2.15.so
7fa3531bb000-7fa3531bc000 r--p 0000b000 08:02 8655884                    /lib/x86_64-linux-gnu/libnss_files-2.15.so
7fa3531bc000-7fa3531bd000 rw-p 0000c000 08:02 8655884                    /lib/x86_64-linux-gnu/libnss_files-2.15.so
7fa3531c0000-7fa3531ca000 r-xp 00000000 08:02 8655891                    /lib/x86_64-linux-gnu/libnss_nis-2.15.so
7fa3531ca000-7fa3533ca000 ---p 0000a000 08:02 8655891                    /lib/x86_64-linux-gnu/libnss_nis-2.15.so
7fa3533ca000-7fa3533cb000 r--p 0000a000 08:02 8655891                    /lib/x86_64-linux-gnu/libnss_nis-2.15.so
7fa3533cb000-7fa3533cc000 rw-p 0000b000 08:02 8655891                    /lib/x86_64-linux-gnu/libnss_nis-2.15.so
7fa3533d0000-7fa3533e7000 r-xp 00000000 08:02 8655883                    /lib/x86_64-linux-gnu/libnsl-2.15.so
7fa3533e7000-7fa3535e6000 ---p 00017000 08:02 8655883                    /lib/x86_64-linux-gnu/libnsl-2.15.so
7fa3535e6000-7fa3535e7000 r--p 00016000 08:02 8655883                    /lib/x86_64-linux-gnu/libnsl-2.15.so
7fa3535e7000-7fa3535e8000 rw-p 00017000 08:02 8655883                    /lib/x86_64-linux-gnu/libnsl-2.15.so
7fa3535e8000-7fa3535ea000 rw-p 00000000 00:00 0 
7fa3535f0000-7fa3535f8000 r-xp 00000000 08:02 8655890                    /lib/x86_64-linux-gnu/libnss_compat-2.15.so
7fa3535f8000-7fa3537f7000 ---p 00008000 08:02 8655890                    /lib/x86_64-linux-gnu/libnss_compat-2.15.so
7fa3537f7000-7fa3537f8000 r--p 00007000 08:02 8655890                    /lib/x86_64-linux-gnu/libnss_compat-2.15.so
7fa3537f8000-7fa3537f9000 rw-p 00008000 08:02 8655890                    /lib/x86_64-linux-gnu/libnss_compat-2.15.so
7fa353800000-7fa35382a000 r-xp 00000000 08:02 13899083                   /usr/lib/jvm/java-8-oracle/jre/lib/amd64/libjava.so
7fa35382a000-7fa353a2a000 ---p 0002a000 08:02 13899083                   /usr/lib/jvm/java-8-oracle/jre/lib/amd64/libjava.so
7fa353a2a000-7fa353a2c000 rw-p 0002a000 08:02 13899083                   /usr/lib/jvm/java-8-oracle/jre/lib/amd64/libjava.so
7fa353a30000-7fa353a3d000 r-xp 00000000 08:02 13899059                   /usr/lib/jvm/java-8-oracle/jre/lib/amd64/libverify.so
7fa353a3d000-7fa353c3d000 ---p 0000d000 08:02 13899059                   /usr/lib/jvm/java-8-oracle/jre/lib/amd64/libverify.so
7fa353c3d000-7fa353c3f000 rw-p 0000d000 08:02 13899059                   /usr/lib/jvm/java-8-oracle/jre/lib/amd64/libverify.so
7fa353c40000-7fa353c47000 r-xp 00000000 08:02 8655881                    /lib/x86_64-linux-gnu/librt-2.15.so
7fa353c47000-7fa353e46000 ---p 00007000 08:02 8655881                    /lib/x86_64-linux-gnu/librt-2.15.so
7fa353e46000-7fa353e47000 r--p 00006000 08:02 8655881                    /lib/x86_64-linux-gnu/librt-2.15.so
7fa353e47000-7fa353e48000 rw-p 00007000 08:02 8655881                    /lib/x86_64-linux-gnu/librt-2.15.so
7fa353e48000-7fa353f43000 r-xp 00000000 08:02 8655888                    /lib/x86_64-linux-gnu/libm-2.15.so
7fa353f43000-7fa354142000 ---p 000fb000 08:02 8655888                    /lib/x86_64-linux-gnu/libm-2.15.so
7fa354142000-7fa354143000 r--p 000fa000 08:02 8655888                    /lib/x86_64-linux-gnu/libm-2.15.so
7fa354143000-7fa354144000 rw-p 000fb000 08:02 8655888                    /lib/x86_64-linux-gnu/libm-2.15.so
7fa354148000-7fa354db5000 r-xp 00000000 08:02 13899106                   /usr/lib/jvm/java-8-oracle/jre/lib/amd64/server/libjvm.so
7fa354db5000-7fa354fb4000 ---p 00c6d000 08:02 13899106                   /usr/lib/jvm/java-8-oracle/jre/lib/amd64/server/libjvm.so
7fa354fb4000-7fa35508a000 rw-p 00c6c000 08:02 13899106                   /usr/lib/jvm/java-8-oracle/jre/lib/amd64/server/libjvm.so
7fa35508a000-7fa3550cd000 rw-p 00000000 00:00 0 
7fa3550d0000-7fa355285000 r-xp 00000000 08:02 8655885                    /lib/x86_64-linux-gnu/libc-2.15.so
7fa355285000-7fa355484000 ---p 001b5000 08:02 8655885                    /lib/x86_64-linux-gnu/libc-2.15.so
7fa355484000-7fa355488000 r--p 001b4000 08:02 8655885                    /lib/x86_64-linux-gnu/libc-2.15.so
7fa355488000-7fa35548a000 rw-p 001b8000 08:02 8655885                    /lib/x86_64-linux-gnu/libc-2.15.so
7fa35548a000-7fa35548f000 rw-p 00000000 00:00 0 
7fa355490000-7fa355492000 r-xp 00000000 08:02 8655899                    /lib/x86_64-linux-gnu/libdl-2.15.so
7fa355492000-7fa355692000 ---p 00002000 08:02 8655899                    /lib/x86_64-linux-gnu/libdl-2.15.so
7fa355692000-7fa355693000 r--p 00002000 08:02 8655899                    /lib/x86_64-linux-gnu/libdl-2.15.so
7fa355693000-7fa355694000 rw-p 00003000 08:02 8655899                    /lib/x86_64-linux-gnu/libdl-2.15.so
7fa355698000-7fa3556ad000 r-xp 00000000 08:02 13899108                   /usr/lib/jvm/java-8-oracle/jre/lib/amd64/jli/libjli.so
7fa3556ad000-7fa3558ac000 ---p 00015000 08:02 13899108                   /usr/lib/jvm/java-8-oracle/jre/lib/amd64/jli/libjli.so
7fa3558ac000-7fa3558ad000 rw-p 00014000 08:02 13899108                   /usr/lib/jvm/java-8-oracle/jre/lib/amd64/jli/libjli.so
7fa3558b0000-7fa3558c8000 r-xp 00000000 08:02 8655879                    /lib/x86_64-linux-gnu/libpthread-2.15.so
7fa3558c8000-7fa355ac7000 ---p 00018000 08:02 8655879                    /lib/x86_64-linux-gnu/libpthread-2.15.so
7fa355ac7000-7fa355ac8000 r--p 00017000 08:02 8655879                    /lib/x86_64-linux-gnu/libpthread-2.15.so
7fa355ac8000-7fa355ac9000 rw-p 00018000 08:02 8655879                    /lib/x86_64-linux-gnu/libpthread-2.15.so
7fa355ac9000-7fa355acd000 rw-p 00000000 00:00 0 
7fa355ad0000-7fa355af2000 r-xp 00000000 08:02 8655878                    /lib/x86_64-linux-gnu/ld-2.15.so
7fa355af3000-7fa355af7000 r--s 00093000 08:02 12190145                   /usr/lib/jvm/java-8-oracle/jre/lib/jsse.jar
7fa355afe000-7fa355bde000 rw-p 00000000 00:00 0 
7fa355bde000-7fa355be1000 ---p 00000000 00:00 0 
7fa355be1000-7fa355ce0000 rw-p 00000000 00:00 0                          [stack:15539]
7fa355ce1000-7fa355ce2000 r--s 00009000 08:02 13899139                   /usr/lib/jvm/java-8-oracle/jre/lib/ext/sunec.jar
7fa355ce5000-7fa355ce8000 rw-p 00000000 00:00 0 
7fa355ce8000-7fa355cf0000 rw-s 00000000 08:02 15599431                   /tmp/hsperfdata_tyler/15538
7fa355cf0000-7fa355cf1000 rw-p 00000000 00:00 0 
7fa355cf1000-7fa355cf2000 r--p 00000000 00:00 0 
7fa355cf2000-7fa355cf3000 r--p 00022000 08:02 8655878                    /lib/x86_64-linux-gnu/ld-2.15.so
7fa355cf3000-7fa355cf5000 rw-p 00023000 08:02 8655878                    /lib/x86_64-linux-gnu/ld-2.15.so
7fa355cf5000-7fa355cfa000 rw-p 00000000 00:00 0 
7fff0a259000-7fff0a27a000 rw-p 00000000 00:00 0                          [stack]
7fff0a400000-7fff0a402000 r-xp 00000000 00:00 0                          [vdso]
ffffffffff600000-ffffffffff601000 r-xp 00000000 00:00 0                  [vsyscall]

VM Arguments:
java_command: target/bitmerchant-wallet-shaded.jar
java_class_path (initial): target/bitmerchant-wallet-shaded.jar
Launcher Type: SUN_STANDARD

Environment Variables:
PATH=/usr/lib/lightdm/lightdm:/usr/local/sbin:/usr/local/bin:/usr/sbin:/usr/bin:/sbin:/bin:/usr/games:/home/tyler/.rvm/bin:/home/tyler/.rvm/bin
SHELL=/bin/bash
DISPLAY=:0

Signal Handlers:
SIGSEGV: [libjvm.so+0xa79a80], sa_mask[0]=11111111011111111101111111111110, sa_flags=SA_RESTART|SA_SIGINFO
SIGBUS: [libjvm.so+0xa79a80], sa_mask[0]=11111111011111111101111111111110, sa_flags=SA_RESTART|SA_SIGINFO
SIGFPE: [libjvm.so+0x8e24e0], sa_mask[0]=11111111011111111101111111111110, sa_flags=SA_RESTART|SA_SIGINFO
SIGPIPE: SIG_IGN, sa_mask[0]=00000000000010000000000000000000, sa_flags=SA_RESTART
SIGXFSZ: [libjvm.so+0x8e24e0], sa_mask[0]=11111111011111111101111111111110, sa_flags=SA_RESTART|SA_SIGINFO
SIGILL: [libjvm.so+0x8e24e0], sa_mask[0]=11111111011111111101111111111110, sa_flags=SA_RESTART|SA_SIGINFO
SIGUSR1: SIG_DFL, sa_mask[0]=00000000000000000000000000000000, sa_flags=none
SIGUSR2: [libjvm.so+0x8e3d10], sa_mask[0]=00000000000000000000000000000000, sa_flags=SA_RESTART|SA_SIGINFO
SIGHUP: SIG_IGN, sa_mask[0]=00000000000000000000000000000000, sa_flags=none
SIGINT: SIG_IGN, sa_mask[0]=00000000000000000000000000000000, sa_flags=none
SIGTERM: [libjvm.so+0x8e50d0], sa_mask[0]=11111111011111111101111111111110, sa_flags=SA_RESTART|SA_SIGINFO
SIGQUIT: [libjvm.so+0x8e50d0], sa_mask[0]=11111111011111111101111111111110, sa_flags=SA_RESTART|SA_SIGINFO


---------------  S Y S T E M  ---------------

OS:DISTRIB_ID="elementary OS"
DISTRIB_RELEASE=0.2.1
DISTRIB_CODENAME=luna
DISTRIB_DESCRIPTION="elementary OS Luna"

uname:Linux 3.11.0-26-generic #45~precise1-Ubuntu SMP Tue Jul 15 04:02:35 UTC 2014 x86_64
libc:glibc 2.15 NPTL 2.15 
rlimit: STACK 8192k, CORE 0k, NPROC 24027, NOFILE 4096, AS infinity
load average:2.84 1.98 1.52

/proc/meminfo:
MemTotal:        3102324 kB
MemFree:          297996 kB
Buffers:            5440 kB
Cached:           234192 kB
SwapCached:        48696 kB
Active:          1737104 kB
Inactive:         641588 kB
Active(anon):    1565820 kB
Inactive(anon):   576916 kB
Active(file):     171284 kB
Inactive(file):    64672 kB
Unevictable:         312 kB
Mlocked:             312 kB
SwapTotal:       1535996 kB
SwapFree:        1057320 kB
Dirty:              4844 kB
Writeback:             0 kB
AnonPages:       2114188 kB
Mapped:           188644 kB
Shmem:              3588 kB
Slab:              95212 kB
SReclaimable:      58952 kB
SUnreclaim:        36260 kB
KernelStack:        5832 kB
PageTables:        51424 kB
NFS_Unstable:          0 kB
Bounce:                0 kB
WritebackTmp:          0 kB
CommitLimit:     3087156 kB
Committed_AS:   14879132 kB
VmallocTotal:   34359738367 kB
VmallocUsed:      104404 kB
VmallocChunk:   34359584968 kB
HardwareCorrupted:     0 kB
AnonHugePages:         0 kB
HugePages_Total:       0
HugePages_Free:        0
HugePages_Rsvd:        0
HugePages_Surp:        0
Hugepagesize:       2048 kB
DirectMap4k:     1379472 kB
DirectMap2M:     1923072 kB
DirectMap1G:           0 kB


CPU:total 2 (2 cores per cpu, 1 threads per core) family 21 model 19 stepping 1, cmov, cx8, fxsr, mmx, sse, sse2, sse3, ssse3, sse4.1, sse4.2, popcnt, avx, aes, clmul, mmxext, 3dnowpref, lzcnt, sse4a, tsc, tscinvbit, tscinv, bmi1

/proc/cpuinfo:
processor	: 0
vendor_id	: AuthenticAMD
cpu family	: 21
model		: 19
model name	: AMD A6-5350M APU with Radeon(tm) HD Graphics
stepping	: 1
microcode	: 0x6001119
cpu MHz		: 2900.000
cache size	: 1024 KB
physical id	: 0
siblings	: 2
core id		: 0
cpu cores	: 1
apicid		: 16
initial apicid	: 0
fpu		: yes
fpu_exception	: yes
cpuid level	: 13
wp		: yes
flags		: fpu vme de pse tsc msr pae mce cx8 apic sep mtrr pge mca cmov pat pse36 clflush mmx fxsr sse sse2 ht syscall nx mmxext fxsr_opt pdpe1gb rdtscp lm constant_tsc rep_good nopl nonstop_tsc extd_apicid aperfmperf pni pclmulqdq monitor ssse3 fma cx16 sse4_1 sse4_2 popcnt aes xsave avx f16c lahf_lm cmp_legacy svm extapic cr8_legacy abm sse4a misalignsse 3dnowprefetch osvw ibs xop skinit wdt lwp fma4 tce nodeid_msr tbm topoext perfctr_core perfctr_nb arat cpb hw_pstate npt lbrv svm_lock nrip_save tsc_scale vmcb_clean flushbyasid decodeassists pausefilter pfthreshold bmi1
bogomips	: 5789.45
TLB size	: 1536 4K pages
clflush size	: 64
cache_alignment	: 64
address sizes	: 48 bits physical, 48 bits virtual
power management: ts ttp tm 100mhzsteps hwpstate cpb eff_freq_ro

processor	: 1
vendor_id	: AuthenticAMD
cpu family	: 21
model		: 19
model name	: AMD A6-5350M APU with Radeon(tm) HD Graphics   
stepping	: 1
microcode	: 0x6001119
cpu MHz		: 2900.000
cache size	: 1024 KB
physical id	: 0
siblings	: 2
core id		: 1
cpu cores	: 1
apicid		: 17
initial apicid	: 1
fpu		: yes
fpu_exception	: yes
cpuid level	: 13
wp		: yes
flags		: fpu vme de pse tsc msr pae mce cx8 apic sep mtrr pge mca cmov pat pse36 clflush mmx fxsr sse sse2 ht syscall nx mmxext fxsr_opt pdpe1gb rdtscp lm constant_tsc rep_good nopl nonstop_tsc extd_apicid aperfmperf pni pclmulqdq monitor ssse3 fma cx16 sse4_1 sse4_2 popcnt aes xsave avx f16c lahf_lm cmp_legacy svm extapic cr8_legacy abm sse4a misalignsse 3dnowprefetch osvw ibs xop skinit wdt lwp fma4 tce nodeid_msr tbm topoext perfctr_core perfctr_nb arat cpb hw_pstate npt lbrv svm_lock nrip_save tsc_scale vmcb_clean flushbyasid decodeassists pausefilter pfthreshold bmi1
bogomips	: 5789.45
TLB size	: 1536 4K pages
clflush size	: 64
cache_alignment	: 64
address sizes	: 48 bits physical, 48 bits virtual
power management: ts ttp tm 100mhzsteps hwpstate cpb eff_freq_ro



Memory: 4k page, physical 3102324k(297996k free), swap 1535996k(1057320k free)

vm_info: Java HotSpot(TM) 64-Bit Server VM (25.25-b02) for linux-amd64 JRE (1.8.0_25-b17), built on Sep 17 2014 17:32:11 by "java_re" with gcc 4.3.0 20080428 (Red Hat 4.3.0-8)

time: Mon Jan  5 19:02:26 2015
elapsed time: 37 seconds (0d 0h 0m 37s)

