#
# A fatal error has been detected by the Java Runtime Environment:
#
#  SIGBUS (0x7) at pc=0x00007f0d3cf697d2, pid=2106, tid=139694369138432
#
# JRE version: Java(TM) SE Runtime Environment (8.0_25-b17) (build 1.8.0_25-b17)
# Java VM: Java HotSpot(TM) 64-Bit Server VM (25.25-b02 mixed mode linux-amd64 compressed oops)
# Problematic frame:
# C  [libzip.so+0x117d2]  newEntry+0x62
#
# Failed to write core dump. Core dumps have been disabled. To enable core dumping, try "ulimit -c unlimited" before starting Java again
#
# If you would like to submit a bug report, please visit:
#   http://bugreport.sun.com/bugreport/crash.jsp
# The crash happened outside the Java Virtual Machine in native code.
# See problematic frame for where to report the bug.
#

---------------  T H R E A D  ---------------

Current thread (0x000000000106f000):  JavaThread "Thread-13" daemon [_thread_in_native, id=2169, stack(0x00007f0d212fe000,0x00007f0d213ff000)]

siginfo: si_signo: 7 (SIGBUS), si_code: 2 (BUS_ADRERR), si_addr: 0x00007f0d280b9336

Registers:
RAX=0x00007f0cf01a21e0, RBX=0x00007f0d3815e540, RCX=0x000000000000005a, RDX=0x00007f0cf0000020
RSP=0x00007f0d213fb3a0, RBP=0x00007f0d213fb3f0, RSI=0x0000000000000048, RDI=0x0000000000000003
R8 =0x0000000000000005, R9 =0x00007f0d213fb470, R10=0x00007f0d291728d8, R11=0x676275732f6d6f63
R12=0x00007f0d280b9319, R13=0x00007f0cf01a21e0, R14=0x0000000086437f55, R15=0x00007f0d38176f80
RIP=0x00007f0d3cf697d2, EFLAGS=0x0000000000010202, CSGSFS=0x0000000000000033, ERR=0x0000000000000004
  TRAPNO=0x000000000000000e

Top of Stack: (sp=0x00007f0d213fb3a0)
0x00007f0d213fb3a0:   000000af00000578 00007f0d00000000
0x00007f0d213fb3b0:   00000001000007a8 00007f0d3ebb497e
0x00007f0d213fb3c0:   00007f0cf01a21e0 00007f0d3815e540
0x00007f0d213fb3d0:   00007f0d002097d0 00007f0d38176f80
0x00007f0d213fb3e0:   0000000086437f55 000000000000005a
0x00007f0d213fb3f0:   00007f0d213fb450 00007f0d3cf69f2f
0x00007f0d213fb400:   000000000106f000 01007f0dedfa6498
0x00007f0d213fb410:   00007f0d213fb470 00007f0d213fb4cb
0x00007f0d213fb420:   00007f0d213fb4c9 00007f0d213fb470
0x00007f0d213fb430:   000000000000005a 000000000106f1e8
0x00007f0d213fb440:   00007f0d213fb8c8 0000000000000001
0x00007f0d213fb450:   00007f0d213fb8b0 00007f0d3cf5bd30
0x00007f0d213fb460:   0000000000000062 00007f0d38176f80
0x00007f0d213fb470:   676275732f6d6f63 63726f2f68706172
0x00007f0d213fb480:   657269642f646968 6f642f79726f7463
0x00007f0d213fb490:   726564616f6c6e77 6f7463657269442f
0x00007f0d213fb4a0:   6f6c6e776f447972 44246b7361546461
0x00007f0d213fb4b0:   4364616f6c6e776f 7375736e65736e6f
0x00007f0d213fb4c0:   616c632e6b736154 00000000e2007373
0x00007f0d213fb4d0:   00000000213fb6e0 0000000000000000
0x00007f0d213fb4e0:   0000000000000000 0000000000000000
0x00007f0d213fb4f0:   0000000028ace620 00007f0d00000000
0x00007f0d213fb500:   00007f0d28b2a388 0000000000000000
0x00007f0d213fb510:   01007f0d00000000 0000000000000000
0x00007f0d213fb520:   00007f0de2f241f8 00007f0d3f313e0e
0x00007f0d213fb530:   00007f0d213fbbd0 00007f0d213fbbc0
0x00007f0d213fb540:   00007f0d213fbd00 000000000106f000
0x00007f0d213fb550:   0000000000000000 00007f0d3f2e077c
0x00007f0d213fb560:   00007f0d38322da0 00000000f0abcce8
0x00007f0d213fb570:   00000000f0abcd08 00000000f0abcd58
0x00007f0d213fb580:   00000000f0abcde8 00007f0d00000009
0x00007f0d213fb590:   00007f0d213fb5e0 0000000000000000 

Instructions: (pc=0x00007f0d3cf697d2)
0x00007f0d3cf697b2:   00 48 c7 40 28 00 00 00 00 41 80 7f 30 00 0f 84
0x00007f0d3cf697c2:   8a 02 00 00 4c 8b 63 08 4d 2b 67 28 4d 03 67 18
0x00007f0d3cf697d2:   41 0f b6 5c 24 1d 41 0f b6 44 24 1c c1 e3 08 09
0x00007f0d3cf697e2:   c3 41 0f b6 44 24 1e 88 45 bd 41 0f b6 54 24 20 

Register to memory mapping:

RAX=0x00007f0cf01a21e0 is an unknown value
RBX=0x00007f0d3815e540 is an unknown value
RCX=0x000000000000005a is an unknown value
RDX=0x00007f0cf0000020 is an unknown value
RSP=0x00007f0d213fb3a0 is pointing into the stack for thread: 0x000000000106f000
RBP=0x00007f0d213fb3f0 is pointing into the stack for thread: 0x000000000106f000
RSI=0x0000000000000048 is an unknown value
RDI=0x0000000000000003 is an unknown value
R8 =0x0000000000000005 is an unknown value
R9 =0x00007f0d213fb470 is pointing into the stack for thread: 0x000000000106f000
R10=0x00007f0d291728d8 is at entry_point+88 in (nmethod*)0x00007f0d29172710
R11=0x676275732f6d6f63 is an unknown value
R12=0x00007f0d280b9319 is an unknown value
R13=0x00007f0cf01a21e0 is an unknown value
R14=0x0000000086437f55 is an unknown value
R15=0x00007f0d38176f80 is an unknown value


Stack: [0x00007f0d212fe000,0x00007f0d213ff000],  sp=0x00007f0d213fb3a0,  free space=1012k
Native frames: (J=compiled Java code, j=interpreted, Vv=VM code, C=native code)
C  [libzip.so+0x117d2]  newEntry+0x62
C  [libzip.so+0x11f2f]  ZIP_GetEntry2+0xff
C  [libzip.so+0x3d30]  Java_java_util_zip_ZipFile_getEntry+0xf0
J 219  java.util.zip.ZipFile.getEntry(J[BZ)J (0 bytes) @ 0x00007f0d2917294e [0x00007f0d29172880+0xce]
J 260 C1 java.util.zip.ZipFile.getEntry(Ljava/lang/String;)Ljava/util/zip/ZipEntry; (86 bytes) @ 0x00007f0d2919150c [0x00007f0d291912a0+0x26c]
J 495 C1 java.util.jar.JarFile.getEntry(Ljava/lang/String;)Ljava/util/zip/ZipEntry; (22 bytes) @ 0x00007f0d29228124 [0x00007f0d292280a0+0x84]
J 496 C2 sun.misc.URLClassPath$JarLoader.getResource(Ljava/lang/String;Z)Lsun/misc/Resource; (85 bytes) @ 0x00007f0d29237e48 [0x00007f0d29237d20+0x128]
J 173 C1 sun.misc.URLClassPath.getResource(Ljava/lang/String;Z)Lsun/misc/Resource; (74 bytes) @ 0x00007f0d2915a45c [0x00007f0d2915a320+0x13c]
J 374 C1 java.net.URLClassLoader$1.run()Ljava/lang/Class; (73 bytes) @ 0x00007f0d291ca6dc [0x00007f0d291ca4e0+0x1fc]
J 373 C1 java.net.URLClassLoader$1.run()Ljava/lang/Object; (5 bytes) @ 0x00007f0d291c647c [0x00007f0d291c6400+0x7c]
v  ~StubRoutines::call_stub
V  [libjvm.so+0x664086]  JavaCalls::call_helper(JavaValue*, methodHandle*, JavaCallArguments*, Thread*)+0x1056
V  [libjvm.so+0x6f8fec]  JVM_DoPrivileged+0x27c
J 372  java.security.AccessController.doPrivileged(Ljava/security/PrivilegedExceptionAction;Ljava/security/AccessControlContext;)Ljava/lang/Object; (0 bytes) @ 0x00007f0d291c6855 [0x00007f0d291c6780+0xd5]
J 228 C1 java.net.URLClassLoader.findClass(Ljava/lang/String;)Ljava/lang/Class; (29 bytes) @ 0x00007f0d2917a9a4 [0x00007f0d2917a820+0x184]
J 140 C1 java.lang.ClassLoader.loadClass(Ljava/lang/String;Z)Ljava/lang/Class; (122 bytes) @ 0x00007f0d2914a51c [0x00007f0d29149bc0+0x95c]
J 214 C1 sun.misc.Launcher$AppClassLoader.loadClass(Ljava/lang/String;Z)Ljava/lang/Class; (40 bytes) @ 0x00007f0d29171f2c [0x00007f0d29171b00+0x42c]
J 213 C1 java.lang.ClassLoader.loadClass(Ljava/lang/String;)Ljava/lang/Class; (7 bytes) @ 0x00007f0d291717c4 [0x00007f0d291716c0+0x104]
v  ~StubRoutines::call_stub
V  [libjvm.so+0x664086]  JavaCalls::call_helper(JavaValue*, methodHandle*, JavaCallArguments*, Thread*)+0x1056
V  [libjvm.so+0x664591]  JavaCalls::call_virtual(JavaValue*, KlassHandle, Symbol*, Symbol*, JavaCallArguments*, Thread*)+0x321
V  [libjvm.so+0x6649e6]  JavaCalls::call_virtual(JavaValue*, Handle, KlassHandle, Symbol*, Symbol*, Handle, Thread*)+0x56
V  [libjvm.so+0x9f51b0]  SystemDictionary::load_instance_class(Symbol*, Handle, Thread*)+0x3c0
V  [libjvm.so+0x9f421c]  SystemDictionary::resolve_instance_class_or_null(Symbol*, Handle, Handle, Thread*)+0x7cc
V  [libjvm.so+0x9f55d3]  SystemDictionary::resolve_or_fail(Symbol*, Handle, Handle, bool, Thread*)+0x33
V  [libjvm.so+0x4dc768]  ConstantPool::klass_at_impl(constantPoolHandle, int, Thread*)+0x158
V  [libjvm.so+0x658371]  InterpreterRuntime::_new(JavaThread*, ConstantPool*, int)+0x71
j  com.subgraph.orchid.directory.downloader.DirectoryDownloadTask.checkConsensus()V+24
j  com.subgraph.orchid.directory.downloader.DirectoryDownloadTask.run()V+43
j  java.lang.Thread.run()V+11
v  ~StubRoutines::call_stub
V  [libjvm.so+0x664086]  JavaCalls::call_helper(JavaValue*, methodHandle*, JavaCallArguments*, Thread*)+0x1056
V  [libjvm.so+0x664591]  JavaCalls::call_virtual(JavaValue*, KlassHandle, Symbol*, Symbol*, JavaCallArguments*, Thread*)+0x321
V  [libjvm.so+0x664a37]  JavaCalls::call_virtual(JavaValue*, Handle, KlassHandle, Symbol*, Symbol*, Thread*)+0x47
V  [libjvm.so+0x6dee3e]  thread_entry(JavaThread*, Thread*)+0x7e
V  [libjvm.so+0xa29e8f]  JavaThread::thread_main_inner()+0xdf
V  [libjvm.so+0xa29fbc]  JavaThread::run()+0x11c
V  [libjvm.so+0x8e7d48]  java_start(Thread*)+0x108
C  [libpthread.so.0+0x7e9a]  start_thread+0xda

Java frames: (J=compiled Java code, j=interpreted, Vv=VM code)
J 219  java.util.zip.ZipFile.getEntry(J[BZ)J (0 bytes) @ 0x00007f0d291728d8 [0x00007f0d29172880+0x58]
J 260 C1 java.util.zip.ZipFile.getEntry(Ljava/lang/String;)Ljava/util/zip/ZipEntry; (86 bytes) @ 0x00007f0d2919150c [0x00007f0d291912a0+0x26c]
J 495 C1 java.util.jar.JarFile.getEntry(Ljava/lang/String;)Ljava/util/zip/ZipEntry; (22 bytes) @ 0x00007f0d29228124 [0x00007f0d292280a0+0x84]
J 496 C2 sun.misc.URLClassPath$JarLoader.getResource(Ljava/lang/String;Z)Lsun/misc/Resource; (85 bytes) @ 0x00007f0d29237e48 [0x00007f0d29237d20+0x128]
J 173 C1 sun.misc.URLClassPath.getResource(Ljava/lang/String;Z)Lsun/misc/Resource; (74 bytes) @ 0x00007f0d2915a45c [0x00007f0d2915a320+0x13c]
J 374 C1 java.net.URLClassLoader$1.run()Ljava/lang/Class; (73 bytes) @ 0x00007f0d291ca6dc [0x00007f0d291ca4e0+0x1fc]
J 373 C1 java.net.URLClassLoader$1.run()Ljava/lang/Object; (5 bytes) @ 0x00007f0d291c647c [0x00007f0d291c6400+0x7c]
v  ~StubRoutines::call_stub
J 372  java.security.AccessController.doPrivileged(Ljava/security/PrivilegedExceptionAction;Ljava/security/AccessControlContext;)Ljava/lang/Object; (0 bytes) @ 0x00007f0d291c67e3 [0x00007f0d291c6780+0x63]
J 228 C1 java.net.URLClassLoader.findClass(Ljava/lang/String;)Ljava/lang/Class; (29 bytes) @ 0x00007f0d2917a9a4 [0x00007f0d2917a820+0x184]
J 140 C1 java.lang.ClassLoader.loadClass(Ljava/lang/String;Z)Ljava/lang/Class; (122 bytes) @ 0x00007f0d2914a51c [0x00007f0d29149bc0+0x95c]
J 214 C1 sun.misc.Launcher$AppClassLoader.loadClass(Ljava/lang/String;Z)Ljava/lang/Class; (40 bytes) @ 0x00007f0d29171f2c [0x00007f0d29171b00+0x42c]
J 213 C1 java.lang.ClassLoader.loadClass(Ljava/lang/String;)Ljava/lang/Class; (7 bytes) @ 0x00007f0d291717c4 [0x00007f0d291716c0+0x104]
v  ~StubRoutines::call_stub
j  com.subgraph.orchid.directory.downloader.DirectoryDownloadTask.checkConsensus()V+24
j  com.subgraph.orchid.directory.downloader.DirectoryDownloadTask.run()V+43
j  java.lang.Thread.run()V+11
v  ~StubRoutines::call_stub

---------------  P R O C E S S  ---------------

Java Threads: ( => current thread )
  0x0000000001085800 JavaThread "BlockingClient network thread for testnet-seed.alexykot.me/198.46.158.134:18333" daemon [_thread_blocked, id=2427, stack(0x00007f0cdc628000,0x00007f0cdc729000)]
  0x0000000001080000 JavaThread "BlockingClient network thread for testnet-seed.bitcoin.petertodd.org/104.131.126.235:18333" daemon [_thread_blocked, id=2426, stack(0x00007f0cdd436000,0x00007f0cdd537000)]
  0x0000000001089000 JavaThread "BlockingClient network thread for /73.168.27.59:18333" daemon [_thread_blocked, id=2425, stack(0x00007f0cdc92b000,0x00007f0cdca2c000)]
  0x000000000107e800 JavaThread "BlockingClient network thread for testnet-seed.alexykot.me/54.85.175.110:18333" daemon [_thread_blocked, id=2424, stack(0x00007f0cddf41000,0x00007f0cde042000)]
  0x00000000010c3000 JavaThread "BlockingClient network thread for /86.152.35.52:18333" daemon [_thread_blocked, id=2423, stack(0x00007f0cde244000,0x00007f0cde345000)]
  0x000000000108a800 JavaThread "BlockingClient network thread for testnet-seed.bitcoin.schildbach.de/54.72.131.178:18333" daemon [_thread_blocked, id=2362, stack(0x00007f0cdcc2e000,0x00007f0cdcd2f000)]
  0x00007f0cfc04a000 JavaThread "CircuitCreationTask worker-12" daemon [_thread_blocked, id=2361, stack(0x00007f0cdd032000,0x00007f0cdd133000)]
  0x00007f0cfc048800 JavaThread "CircuitCreationTask worker-11" daemon [_thread_blocked, id=2360, stack(0x00007f0cdd83a000,0x00007f0cdd93b000)]
  0x00007f0cfc047800 JavaThread "CircuitCreationTask worker-10" daemon [_thread_blocked, id=2359, stack(0x00007f0cdd133000,0x00007f0cdd234000)]
  0x00007f0cfc046000 JavaThread "CircuitCreationTask worker-9" daemon [_thread_blocked, id=2358, stack(0x00007f0cdd93b000,0x00007f0cdda3c000)]
  0x00007f0cfc045000 JavaThread "CircuitCreationTask worker-8" daemon [_thread_blocked, id=2357, stack(0x00007f0cddd3f000,0x00007f0cdde40000)]
  0x00007f0cfc042800 JavaThread "CircuitCreationTask worker-6" daemon [_thread_blocked, id=2355, stack(0x00007f0cde345000,0x00007f0cde446000)]
  0x00007f0cf8007800 JavaThread "Thread-38" daemon [_thread_in_native, id=2351, stack(0x00007f0cdcf31000,0x00007f0cdd032000)]
  0x000000000109e800 JavaThread "BlockingClient network thread for /50.67.177.247:18333" daemon [_thread_blocked, id=2350, stack(0x00007f0cddc3e000,0x00007f0cddd3f000)]
  0x00000000010bb800 JavaThread "BlockingClient network thread for testnet-seed.alexykot.me/173.175.6.198:18333" daemon [_thread_blocked, id=2349, stack(0x00007f0cdcd2f000,0x00007f0cdce30000)]
  0x0000000001093800 JavaThread "BlockingClient network thread for testnet-seed.bitcoin.schildbach.de/195.154.69.36:18333" daemon [_thread_blocked, id=2348, stack(0x00007f0cdda3c000,0x00007f0cddb3d000)]
  0x0000000001097000 JavaThread "BlockingClient network thread for testnet-seed.alexykot.me/93.93.135.12:18333" daemon [_thread_blocked, id=2344, stack(0x00007f0cdd739000,0x00007f0cdd83a000)]
  0x000000000107a000 JavaThread "BlockingClient network thread for /91.196.170.110:18333" daemon [_thread_blocked, id=2343, stack(0x00007f0cde143000,0x00007f0cde244000)]
  0x0000000001095800 JavaThread "BlockingClient network thread for /188.122.92.134:18333" daemon [_thread_blocked, id=2341, stack(0x00007f0cdf053000,0x00007f0cdf154000)]
  0x000000000108f000 JavaThread "BlockingClient network thread for /54.86.25.25:18333" daemon [_thread_blocked, id=2340, stack(0x00007f0cdca2c000,0x00007f0cdcb2d000)]
  0x00000000010ba000 JavaThread "AbstractTimeoutHandler timeouts" daemon [_thread_blocked, id=2339, stack(0x00007f0cdce30000,0x00007f0cdcf31000)]
  0x00007f0d10008000 JavaThread "Thread-17" daemon [_thread_in_native, id=2300, stack(0x00007f0cde446000,0x00007f0cde547000)]
  0x00007f0d2400e800 JavaThread "Thread-20" daemon [_thread_in_native, id=2299, stack(0x00007f0cde547000,0x00007f0cde648000)]
  0x00007f0cf009b800 JavaThread "Thread-25" daemon [_thread_in_native, id=2298, stack(0x00007f0cde648000,0x00007f0cde749000)]
  0x00007f0d14002000 JavaThread "Thread-16" daemon [_thread_in_native, id=2289, stack(0x00007f0cde749000,0x00007f0cde84a000)]
  0x00007f0d1c00b800 JavaThread "Thread-19" daemon [_thread_in_native, id=2287, stack(0x00007f0cde84a000,0x00007f0cde94b000)]
  0x000000000108c800 JavaThread "Thread-22" daemon [_thread_in_native, id=2283, stack(0x00007f0cde94b000,0x00007f0cdea4c000)]
  0x00007f0ce80ac800 JavaThread "Thread-23" daemon [_thread_in_native, id=2282, stack(0x00007f0cdea4c000,0x00007f0cdeb4d000)]
  0x00007f0d18043000 JavaThread "Thread-18" daemon [_thread_in_native, id=2281, stack(0x00007f0cdeb4d000,0x00007f0cdec4e000)]
  0x00007f0d383b0800 JavaThread "Thread-21" daemon [_thread_in_native, id=2280, stack(0x00007f0cdec4e000,0x00007f0cded4f000)]
  0x00007f0cf400c800 JavaThread "Thread-24" daemon [_thread_in_native, id=2278, stack(0x00007f0cded4f000,0x00007f0cdee50000)]
  0x00007f0cfc03a000 JavaThread "Thread-14" daemon [_thread_in_native, id=2252, stack(0x00007f0cdfa5d000,0x00007f0cdfb5e000)]
  0x00007f0d04013800 JavaThread "Thread-15" daemon [_thread_in_native, id=2237, stack(0x00007f0cdfb5e000,0x00007f0cdfc5f000)]
  0x00007f0ce80aa800 JavaThread "CircuitCreationTask worker-3" daemon [_thread_blocked, id=2228, stack(0x00007f0cdfc5f000,0x00007f0cdfd60000)]
  0x00007f0ce80a6800 JavaThread "CircuitCreationTask worker-1" daemon [_thread_blocked, id=2224, stack(0x00007f0cdfe61000,0x00007f0cdff62000)]
  0x00007f0ce8087800 JavaThread "Scheduler-1273197785" [_thread_blocked, id=2204, stack(0x00007f0ce0263000,0x00007f0ce0364000)]
  0x00007f0d38009800 JavaThread "DestroyJavaVM" [_thread_blocked, id=2107, stack(0x00007f0d3fda4000,0x00007f0d3fea5000)]
  0x000000000106f800 JavaThread "CircuitManager worker-0" daemon [_thread_blocked, id=2170, stack(0x00007f0ce1b6f000,0x00007f0ce1c70000)]
=>0x000000000106f000 JavaThread "Thread-13" daemon [_thread_in_native, id=2169, stack(0x00007f0d212fe000,0x00007f0d213ff000)]
  0x00007f0cf0180800 JavaThread "PeerGroup Thread" daemon [_thread_blocked, id=2168, stack(0x00007f0ce26df000,0x00007f0ce27e0000)]
  0x00007f0cf015f000 JavaThread "pool-5-thread-1" [_thread_blocked, id=2167, stack(0x00007f0ce454e000,0x00007f0ce464f000)]
  0x00007f0cf0155800 JavaThread "DescriptorCache rebuild worker-0" daemon [_thread_blocked, id=2165, stack(0x00007f0ce464f000,0x00007f0ce4750000)]
  0x00007f0cf0155000 JavaThread "DescriptorCache rebuild worker-0" daemon [_thread_blocked, id=2164, stack(0x00007f0d213ff000,0x00007f0d21500000)]
  0x00007f0d383bd800 JavaThread "AWT-XAWT" daemon [_thread_in_native, id=2156, stack(0x00007f0ceda9f000,0x00007f0cedba0000)]
  0x00007f0d3831a800 JavaThread "Java2D Disposer" daemon [_thread_blocked, id=2155, stack(0x00007f0cee1b7000,0x00007f0cee2b8000)]
  0x00007f0ce805e000 JavaThread "HashSessionScavenger-0" daemon [_thread_blocked, id=2154, stack(0x00007f0cef1df000,0x00007f0cef2e0000)]
  0x00007f0ce805a000 JavaThread "qtp786778522-22" [_thread_blocked, id=2153, stack(0x00007f0cef6f1000,0x00007f0cef7f2000)]
  0x00007f0ce8058000 JavaThread "qtp786778522-21" [_thread_blocked, id=2151, stack(0x00007f0cef7f2000,0x00007f0cef8f3000)]
  0x00007f0ce8056800 JavaThread "qtp786778522-20" [_thread_blocked, id=2141, stack(0x00007f0cef8f3000,0x00007f0cef9f4000)]
  0x00007f0ce8055000 JavaThread "qtp786778522-19" [_thread_blocked, id=2139, stack(0x00007f0cef9f4000,0x00007f0cefaf5000)]
  0x00007f0ce8053000 JavaThread "qtp786778522-18" [_thread_blocked, id=2136, stack(0x00007f0cefaf5000,0x00007f0cefbf6000)]
  0x00007f0ce8051800 JavaThread "qtp786778522-17-acceptor-0-ServerConnector@6ab86107{HTTP/1.1}{0.0.0.0:4567}" [_thread_in_native, id=2135, stack(0x00007f0cefbf6000,0x00007f0cefcf7000)]
  0x00007f0ce804f800 JavaThread "qtp786778522-16-selector-1" [_thread_in_native, id=2132, stack(0x00007f0cefcf7000,0x00007f0cefdf8000)]
  0x00007f0ce804b800 JavaThread "qtp786778522-15-selector-0" [_thread_in_native, id=2131, stack(0x00007f0d20067000,0x00007f0d20168000)]
  0x00007f0ce8044800 JavaThread "DateCache" daemon [_thread_blocked, id=2130, stack(0x00007f0d206af000,0x00007f0d207b0000)]
  0x00007f0d38349000 JavaThread "Thread-1" [_thread_blocked, id=2129, stack(0x00007f0d20efc000,0x00007f0d20ffd000)]
  0x00007f0cf002f000 JavaThread "bitcoinj user thread" daemon [_thread_blocked, id=2128, stack(0x00007f0d211fd000,0x00007f0d212fe000)]
  0x00007f0d38136800 JavaThread "Service Thread" daemon [_thread_blocked, id=2120, stack(0x00007f0d21e4c000,0x00007f0d21f4d000)]
  0x00007f0d38131800 JavaThread "C1 CompilerThread1" daemon [_thread_blocked, id=2119, stack(0x00007f0d21f4d000,0x00007f0d2204e000)]
  0x00007f0d3812e800 JavaThread "C2 CompilerThread0" daemon [_thread_blocked, id=2115, stack(0x00007f0d2204e000,0x00007f0d2214f000)]
  0x00007f0d3812c800 JavaThread "Signal Dispatcher" daemon [_thread_blocked, id=2114, stack(0x00007f0d2214f000,0x00007f0d22250000)]
  0x00007f0d380ff000 JavaThread "Finalizer" daemon [_thread_blocked, id=2112, stack(0x00007f0d2264e000,0x00007f0d2274f000)]
  0x00007f0d380fd000 JavaThread "Reference Handler" daemon [_thread_blocked, id=2111, stack(0x00007f0d2274f000,0x00007f0d22850000)]

Other Threads:
  0x00007f0d380f6000 VMThread [stack: 0x00007f0d280f9000,0x00007f0d281fa000] [id=2110]
  0x00007f0d3813b000 WatcherThread [stack: 0x00007f0d21d4b000,0x00007f0d21e4c000] [id=2123]

VM state:not at safepoint (normal execution)

VM Mutex/Monitor currently owned by a thread: None

Heap:
 PSYoungGen      total 206336K, used 128114K [0x00000000f0380000, 0x00000000fe380000, 0x0000000100000000)
  eden space 187392K, 66% used [0x00000000f0380000,0x00000000f7cc3750,0x00000000fba80000)
  from space 18944K, 20% used [0x00000000fcc00000,0x00000000fcfd9118,0x00000000fde80000)
  to   space 17920K, 0% used [0x00000000fba80000,0x00000000fba80000,0x00000000fcc00000)
 ParOldGen       total 88064K, used 55625K [0x00000000d0a00000, 0x00000000d6000000, 0x00000000f0380000)
  object space 88064K, 63% used [0x00000000d0a00000,0x00000000d4052410,0x00000000d6000000)
 Metaspace       used 20736K, capacity 20942K, committed 21120K, reserved 1069056K
  class space    used 2340K, capacity 2403K, committed 2432K, reserved 1048576K

Card table byte_map: [0x00007f0d3ca1c000,0x00007f0d3cb98000] byte_map_base: 0x00007f0d3c397000

Marking Bits: (ParMarkBitMap*) 0x00007f0d3f26a2c0
 Begin Bits: [0x00007f0d22850000, 0x00007f0d23428000)
 End Bits:   [0x00007f0d23428000, 0x00007f0d24000000)

Polling page: 0x00007f0d3feb9000

CodeCache: size=245760Kb used=8898Kb max_used=8952Kb free=236861Kb
 bounds [0x00007f0d29000000, 0x00007f0d298d0000, 0x00007f0d38000000]
 total_blobs=3359 nmethods=2838 adapters=436
 compilation: enabled

Compilation events (10 events):
Event: 227.647 Thread 0x00007f0d38131800 3457       3       java.nio.ByteBuffer::wrap (8 bytes)
Event: 227.648 Thread 0x00007f0d38131800 nmethod 3457 0x00007f0d298ba690 code [0x00007f0d298ba820, 0x00007f0d298bab98]
Event: 228.094 Thread 0x00007f0d38131800 3458       3       org.bitcoinj.core.Utils::uint32ToByteStreamLE (52 bytes)
Event: 228.095 Thread 0x00007f0d38131800 nmethod 3458 0x00007f0d298b9f50 code [0x00007f0d298ba0e0, 0x00007f0d298ba578]
Event: 228.096 Thread 0x00007f0d38131800 3459       3       java.lang.Integer::toUnsignedString0 (46 bytes)
Event: 228.096 Thread 0x00007f0d38131800 nmethod 3459 0x00007f0d298b9750 code [0x00007f0d298b98e0, 0x00007f0d298b9d38]
Event: 228.474 Thread 0x00007f0d38131800 3460   !   3       java.util.concurrent.FutureTask::runAndReset (128 bytes)
Event: 228.475 Thread 0x00007f0d38131800 nmethod 3460 0x00007f0d298b8950 code [0x00007f0d298b8b40, 0x00007f0d298b9458]
Event: 229.474 Thread 0x00007f0d3812e800 3461       4       java.lang.reflect.Constructor::newInstance (87 bytes)
Event: 229.479 Thread 0x00007f0d3812e800 nmethod 3461 0x00007f0d298b54d0 code [0x00007f0d298b5660, 0x00007f0d298b5888]

GC Heap History (10 events):
Event: 13.106 GC heap before
{Heap before GC invocations=10 (full 1):
 PSYoungGen      total 100352K, used 12799K [0x00000000f0380000, 0x00000000fad80000, 0x0000000100000000)
  eden space 87552K, 0% used [0x00000000f0380000,0x00000000f0380000,0x00000000f5900000)
  from space 12800K, 99% used [0x00000000f5900000,0x00000000f657fe80,0x00000000f6580000)
  to   space 16896K, 0% used [0x00000000f9d00000,0x00000000f9d00000,0x00000000fad80000)
 ParOldGen       total 32768K, used 27726K [0x00000000d0a00000, 0x00000000d2a00000, 0x00000000f0380000)
  object space 32768K, 84% used [0x00000000d0a00000,0x00000000d2513b28,0x00000000d2a00000)
 Metaspace       used 18200K, capacity 18400K, committed 18688K, reserved 1064960K
  class space    used 2125K, capacity 2204K, committed 2304K, reserved 1048576K
Event: 13.476 GC heap after
Heap after GC invocations=10 (full 1):
 PSYoungGen      total 100352K, used 0K [0x00000000f0380000, 0x00000000fad80000, 0x0000000100000000)
  eden space 87552K, 0% used [0x00000000f0380000,0x00000000f0380000,0x00000000f5900000)
  from space 12800K, 0% used [0x00000000f5900000,0x00000000f5900000,0x00000000f6580000)
  to   space 16896K, 0% used [0x00000000f9d00000,0x00000000f9d00000,0x00000000fad80000)
 ParOldGen       total 52224K, used 29476K [0x00000000d0a00000, 0x00000000d3d00000, 0x00000000f0380000)
  object space 52224K, 56% used [0x00000000d0a00000,0x00000000d26c9318,0x00000000d3d00000)
 Metaspace       used 18198K, capacity 18398K, committed 18688K, reserved 1064960K
  class space    used 2125K, capacity 2203K, committed 2304K, reserved 1048576K
}
Event: 13.761 GC heap before
{Heap before GC invocations=11 (full 1):
 PSYoungGen      total 100352K, used 87552K [0x00000000f0380000, 0x00000000fad80000, 0x0000000100000000)
  eden space 87552K, 100% used [0x00000000f0380000,0x00000000f5900000,0x00000000f5900000)
  from space 12800K, 0% used [0x00000000f5900000,0x00000000f5900000,0x00000000f6580000)
  to   space 16896K, 0% used [0x00000000f9d00000,0x00000000f9d00000,0x00000000fad80000)
 ParOldGen       total 52224K, used 29476K [0x00000000d0a00000, 0x00000000d3d00000, 0x00000000f0380000)
  object space 52224K, 56% used [0x00000000d0a00000,0x00000000d26c9318,0x00000000d3d00000)
 Metaspace       used 18198K, capacity 18398K, committed 18688K, reserved 1064960K
  class space    used 2125K, capacity 2203K, committed 2304K, reserved 1048576K
Event: 13.793 GC heap after
Heap after GC invocations=11 (full 1):
 PSYoungGen      total 136192K, used 10230K [0x00000000f0380000, 0x00000000fa700000, 0x0000000100000000)
  eden space 125952K, 0% used [0x00000000f0380000,0x00000000f0380000,0x00000000f7e80000)
  from space 10240K, 99% used [0x00000000f9d00000,0x00000000fa6fdba8,0x00000000fa700000)
  to   space 16896K, 0% used [0x00000000f8600000,0x00000000f8600000,0x00000000f9680000)
 ParOldGen       total 52224K, used 29476K [0x00000000d0a00000, 0x00000000d3d00000, 0x00000000f0380000)
  object space 52224K, 56% used [0x00000000d0a00000,0x00000000d26c9318,0x00000000d3d00000)
 Metaspace       used 18198K, capacity 18398K, committed 18688K, reserved 1064960K
  class space    used 2125K, capacity 2203K, committed 2304K, reserved 1048576K
}
Event: 14.191 GC heap before
{Heap before GC invocations=12 (full 1):
 PSYoungGen      total 136192K, used 136182K [0x00000000f0380000, 0x00000000fa700000, 0x0000000100000000)
  eden space 125952K, 100% used [0x00000000f0380000,0x00000000f7e80000,0x00000000f7e80000)
  from space 10240K, 99% used [0x00000000f9d00000,0x00000000fa6fdba8,0x00000000fa700000)
  to   space 16896K, 0% used [0x00000000f8600000,0x00000000f8600000,0x00000000f9680000)
 ParOldGen       total 52224K, used 29476K [0x00000000d0a00000, 0x00000000d3d00000, 0x00000000f0380000)
  object space 52224K, 56% used [0x00000000d0a00000,0x00000000d26c9318,0x00000000d3d00000)
 Metaspace       used 18200K, capacity 18398K, committed 18688K, reserved 1064960K
  class space    used 2125K, capacity 2203K, committed 2304K, reserved 1048576K
Event: 14.295 GC heap after
Heap after GC invocations=12 (full 1):
 PSYoungGen      total 150528K, used 15186K [0x00000000f0380000, 0x00000000fde80000, 0x0000000100000000)
  eden space 133632K, 0% used [0x00000000f0380000,0x00000000f0380000,0x00000000f8600000)
  from space 16896K, 89% used [0x00000000f8600000,0x00000000f94d4970,0x00000000f9680000)
  to   space 18944K, 0% used [0x00000000fcc00000,0x00000000fcc00000,0x00000000fde80000)
 ParOldGen       total 52224K, used 39956K [0x00000000d0a00000, 0x00000000d3d00000, 0x00000000f0380000)
  object space 52224K, 76% used [0x00000000d0a00000,0x00000000d3105318,0x00000000d3d00000)
 Metaspace       used 18200K, capacity 18398K, committed 18688K, reserved 1064960K
  class space    used 2125K, capacity 2203K, committed 2304K, reserved 1048576K
}
Event: 71.690 GC heap before
{Heap before GC invocations=13 (full 1):
 PSYoungGen      total 150528K, used 148818K [0x00000000f0380000, 0x00000000fde80000, 0x0000000100000000)
  eden space 133632K, 100% used [0x00000000f0380000,0x00000000f8600000,0x00000000f8600000)
  from space 16896K, 89% used [0x00000000f8600000,0x00000000f94d4970,0x00000000f9680000)
  to   space 18944K, 0% used [0x00000000fcc00000,0x00000000fcc00000,0x00000000fde80000)
 ParOldGen       total 52224K, used 39956K [0x00000000d0a00000, 0x00000000d3d00000, 0x00000000f0380000)
  object space 52224K, 76% used [0x00000000d0a00000,0x00000000d3105318,0x00000000d3d00000)
 Metaspace       used 20362K, capacity 20564K, committed 20864K, reserved 1067008K
  class space    used 2336K, capacity 2404K, committed 2432K, reserved 1048576K
Event: 71.810 GC heap after
Heap after GC invocations=13 (full 1):
 PSYoungGen      total 206336K, used 7133K [0x00000000f0380000, 0x00000000fe380000, 0x0000000100000000)
  eden space 187392K, 0% used [0x00000000f0380000,0x00000000f0380000,0x00000000fba80000)
  from space 18944K, 37% used [0x00000000fcc00000,0x00000000fd2f7718,0x00000000fde80000)
  to   space 17920K, 0% used [0x00000000fba80000,0x00000000fba80000,0x00000000fcc00000)
 ParOldGen       total 55808K, used 55644K [0x00000000d0a00000, 0x00000000d4080000, 0x00000000f0380000)
  object space 55808K, 99% used [0x00000000d0a00000,0x00000000d4057008,0x00000000d4080000)
 Metaspace       used 20362K, capacity 20564K, committed 20864K, reserved 1067008K
  class space    used 2336K, capacity 2404K, committed 2432K, reserved 1048576K
}
Event: 71.810 GC heap before
{Heap before GC invocations=14 (full 2):
 PSYoungGen      total 206336K, used 7133K [0x00000000f0380000, 0x00000000fe380000, 0x0000000100000000)
  eden space 187392K, 0% used [0x00000000f0380000,0x00000000f0380000,0x00000000fba80000)
  from space 18944K, 37% used [0x00000000fcc00000,0x00000000fd2f7718,0x00000000fde80000)
  to   space 17920K, 0% used [0x00000000fba80000,0x00000000fba80000,0x00000000fcc00000)
 ParOldGen       total 55808K, used 55644K [0x00000000d0a00000, 0x00000000d4080000, 0x00000000f0380000)
  object space 55808K, 99% used [0x00000000d0a00000,0x00000000d4057008,0x00000000d4080000)
 Metaspace       used 20362K, capacity 20564K, committed 20864K, reserved 1067008K
  class space    used 2336K, capacity 2404K, committed 2432K, reserved 1048576K
Event: 72.385 GC heap after
Heap after GC invocations=14 (full 2):
 PSYoungGen      total 206336K, used 3940K [0x00000000f0380000, 0x00000000fe380000, 0x0000000100000000)
  eden space 187392K, 0% used [0x00000000f0380000,0x00000000f0380000,0x00000000fba80000)
  from space 18944K, 20% used [0x00000000fcc00000,0x00000000fcfd9118,0x00000000fde80000)
  to   space 17920K, 0% used [0x00000000fba80000,0x00000000fba80000,0x00000000fcc00000)
 ParOldGen       total 88064K, used 55625K [0x00000000d0a00000, 0x00000000d6000000, 0x00000000f0380000)
  object space 88064K, 63% used [0x00000000d0a00000,0x00000000d4052410,0x00000000d6000000)
 Metaspace       used 20359K, capacity 20558K, committed 20864K, reserved 1067008K
  class space    used 2336K, capacity 2403K, committed 2432K, reserved 1048576K
}

Deoptimization events (10 events):
Event: 11.969 Thread 0x00007f0ce8053000 Uncommon trap: reason=unreached action=reinterpret pc=0x00007f0d29403008 method=java.lang.ThreadLocal$ThreadLocalMap.getEntry(Ljava/lang/ThreadLocal;)Ljava/lang/ThreadLocal$ThreadLocalMap$Entry; @ 29
Event: 14.468 Thread 0x000000000106f000 Uncommon trap: reason=unreached action=reinterpret pc=0x00007f0d295eccac method=java.text.DigitList.getStringBuffer()Ljava/lang/StringBuffer; @ 4
Event: 16.799 Thread 0x00007f0ce80a9000 Uncommon trap: reason=bimorphic action=maybe_recompile pc=0x00007f0d29496c00 method=sun.security.provider.DigestBase.engineUpdate([BII)V @ 128
Event: 16.799 Thread 0x00007f0ce80a9000 Uncommon trap: reason=bimorphic action=maybe_recompile pc=0x00007f0d29496c00 method=sun.security.provider.DigestBase.engineUpdate([BII)V @ 128
Event: 17.424 Thread 0x00007f0ce80a3000 Uncommon trap: reason=bimorphic action=maybe_recompile pc=0x00007f0d29496c00 method=sun.security.provider.DigestBase.engineUpdate([BII)V @ 128
Event: 17.424 Thread 0x00007f0ce80a3000 Uncommon trap: reason=bimorphic action=maybe_recompile pc=0x00007f0d29496c00 method=sun.security.provider.DigestBase.engineUpdate([BII)V @ 128
Event: 18.843 Thread 0x00007f0cf0180800 Uncommon trap: reason=class_check action=maybe_recompile pc=0x00007f0d295bb154 method=java.util.AbstractCollection.toArray([Ljava/lang/Object;)[Ljava/lang/Object; @ 1
Event: 18.844 Thread 0x00007f0cf0180800 Uncommon trap: reason=class_check action=maybe_recompile pc=0x00007f0d295bb154 method=java.util.AbstractCollection.toArray([Ljava/lang/Object;)[Ljava/lang/Object; @ 1
Event: 50.743 Thread 0x0000000001097000 Uncommon trap: reason=unloaded action=reinterpret pc=0x00007f0d2952e988 method=java.nio.Buffer.nextGetIndex()I @ 11
Event: 114.906 Thread 0x00007f0cfc04a000 Uncommon trap: reason=predicate action=maybe_recompile pc=0x00007f0d297bd428 method=com.subgraph.orchid.crypto.Curve25519.square([II[II)V @ 72

Internal exceptions (10 events):
Event: 70.842 Thread 0x00007f0ce8056800 Exception <a 'java/security/PrivilegedActionException'> (0x00000000f6206660) thrown at [/HUDSON/workspace/8-2-build-linux-amd64/jdk8u25/1514/hotspot/src/share/vm/prims/jvm.cpp, line 1312]
Event: 70.842 Thread 0x00007f0ce8056800 Exception <a 'java/security/PrivilegedActionException'> (0x00000000f62089e8) thrown at [/HUDSON/workspace/8-2-build-linux-amd64/jdk8u25/1514/hotspot/src/share/vm/prims/jvm.cpp, line 1312]
Event: 70.843 Thread 0x00007f0ce8056800 Exception <a 'java/security/PrivilegedActionException'> (0x00000000f620ac28) thrown at [/HUDSON/workspace/8-2-build-linux-amd64/jdk8u25/1514/hotspot/src/share/vm/prims/jvm.cpp, line 1312]
Event: 79.685 Thread 0x00007f0cfc04a000 Exception <a 'java/security/PrivilegedActionException'> (0x00000000f155b700) thrown at [/HUDSON/workspace/8-2-build-linux-amd64/jdk8u25/1514/hotspot/src/share/vm/prims/jvm.cpp, line 1312]
Event: 79.686 Thread 0x00007f0cfc04a000 Exception <a 'java/security/PrivilegedActionException'> (0x00000000f155eb00) thrown at [/HUDSON/workspace/8-2-build-linux-amd64/jdk8u25/1514/hotspot/src/share/vm/prims/jvm.cpp, line 1312]
Event: 79.686 Thread 0x00007f0cfc04a000 Exception <a 'java/security/PrivilegedActionException'> (0x00000000f15610e8) thrown at [/HUDSON/workspace/8-2-build-linux-amd64/jdk8u25/1514/hotspot/src/share/vm/prims/jvm.cpp, line 1312]
Event: 79.686 Thread 0x00007f0cfc04a000 Exception <a 'java/security/PrivilegedActionException'> (0x00000000f15636d0) thrown at [/HUDSON/workspace/8-2-build-linux-amd64/jdk8u25/1514/hotspot/src/share/vm/prims/jvm.cpp, line 1312]
Event: 79.686 Thread 0x00007f0cfc04a000 Exception <a 'java/security/PrivilegedActionException'> (0x00000000f1565cb8) thrown at [/HUDSON/workspace/8-2-build-linux-amd64/jdk8u25/1514/hotspot/src/share/vm/prims/jvm.cpp, line 1312]
Event: 79.687 Thread 0x00007f0cfc04a000 Exception <a 'java/security/PrivilegedActionException'> (0x00000000f15682a0) thrown at [/HUDSON/workspace/8-2-build-linux-amd64/jdk8u25/1514/hotspot/src/share/vm/prims/jvm.cpp, line 1312]
Event: 229.690 Thread 0x000000000106f000 Exception <a 'java/security/PrivilegedActionException'> (0x00000000f0abccc0) thrown at [/HUDSON/workspace/8-2-build-linux-amd64/jdk8u25/1514/hotspot/src/share/vm/prims/jvm.cpp, line 1312]

Events (10 events):
Event: 227.722 Thread 0x0000000001089000 Thread exited: 0x0000000001089000
Event: 228.094 Executing VM operation: RevokeBias
Event: 228.094 Executing VM operation: RevokeBias done
Event: 228.095 Executing VM operation: RevokeBias
Event: 228.096 Executing VM operation: RevokeBias done
Event: 228.098 Executing VM operation: RevokeBias
Event: 228.098 Executing VM operation: RevokeBias done
Event: 228.098 Thread 0x00000000010c3000 Thread exited: 0x00000000010c3000
Event: 229.690 loading class com/subgraph/orchid/directory/downloader/DirectoryDownloadTask$DownloadConsensusTask
Event: 229.690 loading class com/subgraph/orchid/directory/downloader/DirectoryDownloadTask$DownloadConsensusTask done


Dynamic libraries:
00400000-00401000 r-xp 00000000 08:02 11797142                           /usr/lib/jvm/java-8-oracle/jre/bin/java
00600000-00601000 rw-p 00000000 08:02 11797142                           /usr/lib/jvm/java-8-oracle/jre/bin/java
01063000-011f9000 rw-p 00000000 00:00 0                                  [heap]
d0a00000-d6000000 rw-p 00000000 00:00 0 
d6000000-f0380000 ---p 00000000 00:00 0 
f0380000-fe380000 rw-p 00000000 00:00 0 
fe380000-100000000 ---p 00000000 00:00 0 
100000000-100260000 rw-p 00000000 00:00 0 
100260000-140000000 ---p 00000000 00:00 0 
7f0cdc628000-7f0cdc62b000 ---p 00000000 00:00 0 
7f0cdc62b000-7f0cdc729000 rw-p 00000000 00:00 0                          [stack:2427]
7f0cdc729000-7f0cdc72c000 ---p 00000000 00:00 0 
7f0cdc72c000-7f0cdc82a000 rw-p 00000000 00:00 0 
7f0cdc82a000-7f0cdc82d000 ---p 00000000 00:00 0 
7f0cdc82d000-7f0cdc92b000 rw-p 00000000 00:00 0 
7f0cdc92b000-7f0cdc92e000 ---p 00000000 00:00 0 
7f0cdc92e000-7f0cdca2c000 rw-p 00000000 00:00 0                          [stack:2425]
7f0cdca2c000-7f0cdca2f000 ---p 00000000 00:00 0 
7f0cdca2f000-7f0cdcb2d000 rw-p 00000000 00:00 0                          [stack:2340]
7f0cdcb2d000-7f0cdcb30000 ---p 00000000 00:00 0 
7f0cdcb30000-7f0cdcc2e000 rw-p 00000000 00:00 0 
7f0cdcc2e000-7f0cdcc31000 ---p 00000000 00:00 0 
7f0cdcc31000-7f0cdcd2f000 rw-p 00000000 00:00 0                          [stack:2362]
7f0cdcd2f000-7f0cdcd32000 ---p 00000000 00:00 0 
7f0cdcd32000-7f0cdce30000 rw-p 00000000 00:00 0                          [stack:2349]
7f0cdce30000-7f0cdce33000 ---p 00000000 00:00 0 
7f0cdce33000-7f0cdcf31000 rw-p 00000000 00:00 0                          [stack:2339]
7f0cdcf31000-7f0cdcf34000 ---p 00000000 00:00 0 
7f0cdcf34000-7f0cdd032000 rw-p 00000000 00:00 0                          [stack:2351]
7f0cdd032000-7f0cdd035000 ---p 00000000 00:00 0 
7f0cdd035000-7f0cdd133000 rw-p 00000000 00:00 0                          [stack:2361]
7f0cdd133000-7f0cdd136000 ---p 00000000 00:00 0 
7f0cdd136000-7f0cdd234000 rw-p 00000000 00:00 0                          [stack:2359]
7f0cdd234000-7f0cdd237000 ---p 00000000 00:00 0 
7f0cdd237000-7f0cdd335000 rw-p 00000000 00:00 0 
7f0cdd335000-7f0cdd338000 ---p 00000000 00:00 0 
7f0cdd338000-7f0cdd436000 rw-p 00000000 00:00 0 
7f0cdd436000-7f0cdd439000 ---p 00000000 00:00 0 
7f0cdd439000-7f0cdd537000 rw-p 00000000 00:00 0                          [stack:2426]
7f0cdd537000-7f0cdd53a000 ---p 00000000 00:00 0 
7f0cdd53a000-7f0cdd638000 rw-p 00000000 00:00 0 
7f0cdd638000-7f0cdd63b000 ---p 00000000 00:00 0 
7f0cdd63b000-7f0cdd739000 rw-p 00000000 00:00 0 
7f0cdd739000-7f0cdd73c000 ---p 00000000 00:00 0 
7f0cdd73c000-7f0cdd83a000 rw-p 00000000 00:00 0                          [stack:2344]
7f0cdd83a000-7f0cdd83d000 ---p 00000000 00:00 0 
7f0cdd83d000-7f0cdd93b000 rw-p 00000000 00:00 0                          [stack:2360]
7f0cdd93b000-7f0cdd93e000 ---p 00000000 00:00 0 
7f0cdd93e000-7f0cdda3c000 rw-p 00000000 00:00 0                          [stack:2358]
7f0cdda3c000-7f0cdda3f000 ---p 00000000 00:00 0 
7f0cdda3f000-7f0cddb3d000 rw-p 00000000 00:00 0                          [stack:2348]
7f0cddb3d000-7f0cddb40000 ---p 00000000 00:00 0 
7f0cddb40000-7f0cddc3e000 rw-p 00000000 00:00 0 
7f0cddc3e000-7f0cddc41000 ---p 00000000 00:00 0 
7f0cddc41000-7f0cddd3f000 rw-p 00000000 00:00 0                          [stack:2350]
7f0cddd3f000-7f0cddd42000 ---p 00000000 00:00 0 
7f0cddd42000-7f0cdde40000 rw-p 00000000 00:00 0                          [stack:2357]
7f0cdde40000-7f0cdde43000 ---p 00000000 00:00 0 
7f0cdde43000-7f0cddf41000 rw-p 00000000 00:00 0 
7f0cddf41000-7f0cddf44000 ---p 00000000 00:00 0 
7f0cddf44000-7f0cde042000 rw-p 00000000 00:00 0                          [stack:2424]
7f0cde042000-7f0cde045000 ---p 00000000 00:00 0 
7f0cde045000-7f0cde143000 rw-p 00000000 00:00 0 
7f0cde143000-7f0cde146000 ---p 00000000 00:00 0 
7f0cde146000-7f0cde244000 rw-p 00000000 00:00 0                          [stack:2343]
7f0cde244000-7f0cde247000 ---p 00000000 00:00 0 
7f0cde247000-7f0cde345000 rw-p 00000000 00:00 0                          [stack:2423]
7f0cde345000-7f0cde348000 ---p 00000000 00:00 0 
7f0cde348000-7f0cde446000 rw-p 00000000 00:00 0                          [stack:2355]
7f0cde446000-7f0cde449000 ---p 00000000 00:00 0 
7f0cde449000-7f0cde547000 rw-p 00000000 00:00 0                          [stack:2300]
7f0cde547000-7f0cde54a000 ---p 00000000 00:00 0 
7f0cde54a000-7f0cde648000 rw-p 00000000 00:00 0                          [stack:2299]
7f0cde648000-7f0cde64b000 ---p 00000000 00:00 0 
7f0cde64b000-7f0cde749000 rw-p 00000000 00:00 0                          [stack:2298]
7f0cde749000-7f0cde74c000 ---p 00000000 00:00 0 
7f0cde74c000-7f0cde84a000 rw-p 00000000 00:00 0                          [stack:2289]
7f0cde84a000-7f0cde84d000 ---p 00000000 00:00 0 
7f0cde84d000-7f0cde94b000 rw-p 00000000 00:00 0                          [stack:2287]
7f0cde94b000-7f0cde94e000 ---p 00000000 00:00 0 
7f0cde94e000-7f0cdea4c000 rw-p 00000000 00:00 0                          [stack:2283]
7f0cdea4c000-7f0cdea4f000 ---p 00000000 00:00 0 
7f0cdea4f000-7f0cdeb4d000 rw-p 00000000 00:00 0                          [stack:2282]
7f0cdeb4d000-7f0cdeb50000 ---p 00000000 00:00 0 
7f0cdeb50000-7f0cdec4e000 rw-p 00000000 00:00 0                          [stack:2281]
7f0cdec4e000-7f0cdec51000 ---p 00000000 00:00 0 
7f0cdec51000-7f0cded4f000 rw-p 00000000 00:00 0                          [stack:2280]
7f0cded4f000-7f0cded52000 ---p 00000000 00:00 0 
7f0cded52000-7f0cdee50000 rw-p 00000000 00:00 0                          [stack:2278]
7f0cdee50000-7f0cdee52000 r-xp 00000000 08:02 8650804                    /lib/libnss_mdns4.so.2
7f0cdee52000-7f0cdf051000 ---p 00002000 08:02 8650804                    /lib/libnss_mdns4.so.2
7f0cdf051000-7f0cdf052000 r--p 00001000 08:02 8650804                    /lib/libnss_mdns4.so.2
7f0cdf052000-7f0cdf053000 rw-p 00002000 08:02 8650804                    /lib/libnss_mdns4.so.2
7f0cdf053000-7f0cdf056000 ---p 00000000 00:00 0 
7f0cdf056000-7f0cdf154000 rw-p 00000000 00:00 0                          [stack:2341]
7f0cdf154000-7f0cdf157000 ---p 00000000 00:00 0 
7f0cdf157000-7f0cdf255000 rw-p 00000000 00:00 0 
7f0cdf255000-7f0cdf258000 ---p 00000000 00:00 0 
7f0cdf258000-7f0cdf356000 rw-p 00000000 00:00 0 
7f0cdf356000-7f0cdf359000 ---p 00000000 00:00 0 
7f0cdf359000-7f0cdf457000 rw-p 00000000 00:00 0 
7f0cdf558000-7f0cdf55b000 ---p 00000000 00:00 0 
7f0cdf55b000-7f0cdf659000 rw-p 00000000 00:00 0 
7f0cdf659000-7f0cdf65c000 ---p 00000000 00:00 0 
7f0cdf65c000-7f0cdf75a000 rw-p 00000000 00:00 0 
7f0cdf75a000-7f0cdf75d000 ---p 00000000 00:00 0 
7f0cdf75d000-7f0cdf85b000 rw-p 00000000 00:00 0 
7f0cdf85b000-7f0cdf85e000 ---p 00000000 00:00 0 
7f0cdf85e000-7f0cdf95c000 rw-p 00000000 00:00 0 
7f0cdf95c000-7f0cdf95f000 ---p 00000000 00:00 0 
7f0cdf95f000-7f0cdfa5d000 rw-p 00000000 00:00 0 
7f0cdfa5d000-7f0cdfa60000 ---p 00000000 00:00 0 
7f0cdfa60000-7f0cdfb5e000 rw-p 00000000 00:00 0                          [stack:2252]
7f0cdfb5e000-7f0cdfb61000 ---p 00000000 00:00 0 
7f0cdfb61000-7f0cdfc5f000 rw-p 00000000 00:00 0                          [stack:2237]
7f0cdfc5f000-7f0cdfc62000 ---p 00000000 00:00 0 
7f0cdfc62000-7f0cdfd60000 rw-p 00000000 00:00 0                          [stack:2228]
7f0cdfd60000-7f0cdfd63000 ---p 00000000 00:00 0 
7f0cdfd63000-7f0cdfe61000 rw-p 00000000 00:00 0 
7f0cdfe61000-7f0cdfe64000 ---p 00000000 00:00 0 
7f0cdfe64000-7f0cdff62000 rw-p 00000000 00:00 0                          [stack:2224]
7f0cdff62000-7f0cdff65000 ---p 00000000 00:00 0 
7f0cdff65000-7f0ce0263000 rw-p 00000000 00:00 0 
7f0ce0263000-7f0ce0266000 ---p 00000000 00:00 0 
7f0ce0266000-7f0ce0364000 rw-p 00000000 00:00 0                          [stack:2204]
7f0ce196f000-7f0ce19af000 rw-p 00000000 00:00 0 
7f0ce19af000-7f0ce1b6f000 ---p 00000000 00:00 0 
7f0ce1b6f000-7f0ce1b72000 ---p 00000000 00:00 0 
7f0ce1b72000-7f0ce1c70000 rw-p 00000000 00:00 0                          [stack:2170]
7f0ce1c70000-7f0ce1c76000 r-xp 00000000 08:02 10886392                   /usr/lib/x86_64-linux-gnu/libogg.so.0.7.1
7f0ce1c76000-7f0ce1e75000 ---p 00006000 08:02 10886392                   /usr/lib/x86_64-linux-gnu/libogg.so.0.7.1
7f0ce1e75000-7f0ce1e76000 r--p 00005000 08:02 10886392                   /usr/lib/x86_64-linux-gnu/libogg.so.0.7.1
7f0ce1e76000-7f0ce1e77000 rw-p 00006000 08:02 10886392                   /usr/lib/x86_64-linux-gnu/libogg.so.0.7.1
7f0ce1e78000-7f0ce1ea3000 r-xp 00000000 08:02 10886544                   /usr/lib/x86_64-linux-gnu/libvorbis.so.0.4.5
7f0ce1ea3000-7f0ce20a2000 ---p 0002b000 08:02 10886544                   /usr/lib/x86_64-linux-gnu/libvorbis.so.0.4.5
7f0ce20a2000-7f0ce20a3000 r--p 0002a000 08:02 10886544                   /usr/lib/x86_64-linux-gnu/libvorbis.so.0.4.5
7f0ce20a3000-7f0ce20a4000 rw-p 0002b000 08:02 10886544                   /usr/lib/x86_64-linux-gnu/libvorbis.so.0.4.5
7f0ce20a8000-7f0ce20b0000 r-xp 00000000 08:02 10886352                   /usr/lib/x86_64-linux-gnu/libltdl.so.7.3.0
7f0ce20b0000-7f0ce22b0000 ---p 00008000 08:02 10886352                   /usr/lib/x86_64-linux-gnu/libltdl.so.7.3.0
7f0ce22b0000-7f0ce22b1000 r--p 00008000 08:02 10886352                   /usr/lib/x86_64-linux-gnu/libltdl.so.7.3.0
7f0ce22b1000-7f0ce22b2000 rw-p 00009000 08:02 10886352                   /usr/lib/x86_64-linux-gnu/libltdl.so.7.3.0
7f0ce22b8000-7f0ce22c8000 r-xp 00000000 08:02 10886517                   /usr/lib/x86_64-linux-gnu/libtdb.so.1.2.9
7f0ce22c8000-7f0ce24c7000 ---p 00010000 08:02 10886517                   /usr/lib/x86_64-linux-gnu/libtdb.so.1.2.9
7f0ce24c7000-7f0ce24c8000 r--p 0000f000 08:02 10886517                   /usr/lib/x86_64-linux-gnu/libtdb.so.1.2.9
7f0ce24c8000-7f0ce24c9000 rw-p 00010000 08:02 10886517                   /usr/lib/x86_64-linux-gnu/libtdb.so.1.2.9
7f0ce24d0000-7f0ce24d7000 r-xp 00000000 08:02 10886548                   /usr/lib/x86_64-linux-gnu/libvorbisfile.so.3.3.4
7f0ce24d7000-7f0ce26d6000 ---p 00007000 08:02 10886548                   /usr/lib/x86_64-linux-gnu/libvorbisfile.so.3.3.4
7f0ce26d6000-7f0ce26d7000 r--p 00006000 08:02 10886548                   /usr/lib/x86_64-linux-gnu/libvorbisfile.so.3.3.4
7f0ce26d7000-7f0ce26d8000 rw-p 00007000 08:02 10886548                   /usr/lib/x86_64-linux-gnu/libvorbisfile.so.3.3.4
7f0ce26df000-7f0ce26e2000 ---p 00000000 00:00 0 
7f0ce26e2000-7f0ce27e0000 rw-p 00000000 00:00 0                          [stack:2168]
7f0ce27e0000-7f0ce27ef000 r-xp 00000000 08:02 10886057                   /usr/lib/x86_64-linux-gnu/libcanberra.so.0.2.5
7f0ce27ef000-7f0ce29ee000 ---p 0000f000 08:02 10886057                   /usr/lib/x86_64-linux-gnu/libcanberra.so.0.2.5
7f0ce29ee000-7f0ce29ef000 r--p 0000e000 08:02 10886057                   /usr/lib/x86_64-linux-gnu/libcanberra.so.0.2.5
7f0ce29ef000-7f0ce29f0000 rw-p 0000f000 08:02 10886057                   /usr/lib/x86_64-linux-gnu/libcanberra.so.0.2.5
7f0ce29f0000-7f0ce29f4000 r-xp 00000000 08:02 10886053                   /usr/lib/x86_64-linux-gnu/libcanberra-gtk.so.0.1.8
7f0ce29f4000-7f0ce2bf3000 ---p 00004000 08:02 10886053                   /usr/lib/x86_64-linux-gnu/libcanberra-gtk.so.0.1.8
7f0ce2bf3000-7f0ce2bf4000 r--p 00003000 08:02 10886053                   /usr/lib/x86_64-linux-gnu/libcanberra-gtk.so.0.1.8
7f0ce2bf4000-7f0ce2bf5000 rw-p 00004000 08:02 10886053                   /usr/lib/x86_64-linux-gnu/libcanberra-gtk.so.0.1.8
7f0ce2bf8000-7f0ce2bfd000 r-xp 00000000 08:02 11013985                   /usr/lib/x86_64-linux-gnu/gtk-2.0/modules/libcanberra-gtk-module.so
7f0ce2bfd000-7f0ce2dfc000 ---p 00005000 08:02 11013985                   /usr/lib/x86_64-linux-gnu/gtk-2.0/modules/libcanberra-gtk-module.so
7f0ce2dfc000-7f0ce2dfd000 r--p 00004000 08:02 11013985                   /usr/lib/x86_64-linux-gnu/gtk-2.0/modules/libcanberra-gtk-module.so
7f0ce2dfd000-7f0ce2dfe000 rw-p 00005000 08:02 11013985                   /usr/lib/x86_64-linux-gnu/gtk-2.0/modules/libcanberra-gtk-module.so
7f0ce2e00000-7f0ce3000000 rw-p 00000000 00:00 0 
7f0ce3000000-7f0ce302f000 r-xp 00000000 08:02 11013966                   /usr/lib/x86_64-linux-gnu/gtk-2.0/2.10.0/engines/libmurrine.so
7f0ce302f000-7f0ce322f000 ---p 0002f000 08:02 11013966                   /usr/lib/x86_64-linux-gnu/gtk-2.0/2.10.0/engines/libmurrine.so
7f0ce322f000-7f0ce3230000 r--p 0002f000 08:02 11013966                   /usr/lib/x86_64-linux-gnu/gtk-2.0/2.10.0/engines/libmurrine.so
7f0ce3230000-7f0ce3231000 rw-p 00030000 08:02 11013966                   /usr/lib/x86_64-linux-gnu/gtk-2.0/2.10.0/engines/libmurrine.so
7f0ce3236000-7f0ce3237000 ---p 00000000 00:00 0 
7f0ce3237000-7f0ce3a37000 rw-p 00000000 00:00 0                          [stack:2166]
7f0ce3a37000-7f0ce3a38000 ---p 00000000 00:00 0 
7f0ce3a38000-7f0ce4238000 rw-p 00000000 00:00 0                          [stack:2163]
7f0ce4238000-7f0ce431a000 r-xp 00000000 08:02 10886507                   /usr/lib/x86_64-linux-gnu/libstdc++.so.6.0.16
7f0ce431a000-7f0ce4519000 ---p 000e2000 08:02 10886507                   /usr/lib/x86_64-linux-gnu/libstdc++.so.6.0.16
7f0ce4519000-7f0ce4521000 r--p 000e1000 08:02 10886507                   /usr/lib/x86_64-linux-gnu/libstdc++.so.6.0.16
7f0ce4521000-7f0ce4523000 rw-p 000e9000 08:02 10886507                   /usr/lib/x86_64-linux-gnu/libstdc++.so.6.0.16
7f0ce4523000-7f0ce4538000 rw-p 00000000 00:00 0 
7f0ce454e000-7f0ce4551000 ---p 00000000 00:00 0 
7f0ce4551000-7f0ce464f000 rw-p 00000000 00:00 0                          [stack:2167]
7f0ce464f000-7f0ce4652000 ---p 00000000 00:00 0 
7f0ce4652000-7f0ce4750000 rw-p 00000000 00:00 0                          [stack:2165]
7f0ce4750000-7f0ce4760000 r-xp 00000000 08:02 11013837                   /usr/lib/x86_64-linux-gnu/gio/modules/libgioremote-volume-monitor.so
7f0ce4760000-7f0ce495f000 ---p 00010000 08:02 11013837                   /usr/lib/x86_64-linux-gnu/gio/modules/libgioremote-volume-monitor.so
7f0ce495f000-7f0ce4960000 r--p 0000f000 08:02 11013837                   /usr/lib/x86_64-linux-gnu/gio/modules/libgioremote-volume-monitor.so
7f0ce4960000-7f0ce4961000 rw-p 00010000 08:02 11013837                   /usr/lib/x86_64-linux-gnu/gio/modules/libgioremote-volume-monitor.so
7f0ce4968000-7f0ce496f000 r-xp 00000000 08:02 11013833                   /usr/lib/x86_64-linux-gnu/gio/modules/libdconfsettings.so
7f0ce496f000-7f0ce4b6e000 ---p 00007000 08:02 11013833                   /usr/lib/x86_64-linux-gnu/gio/modules/libdconfsettings.so
7f0ce4b6e000-7f0ce4b6f000 r--p 00006000 08:02 11013833                   /usr/lib/x86_64-linux-gnu/gio/modules/libdconfsettings.so
7f0ce4b6f000-7f0ce4b70000 rw-p 00007000 08:02 11013833                   /usr/lib/x86_64-linux-gnu/gio/modules/libdconfsettings.so
7f0ce4b70000-7f0ce4b7c000 r-xp 00000000 08:02 8650872                    /lib/x86_64-linux-gnu/libudev.so.0.13.0
7f0ce4b7c000-7f0ce4d7b000 ---p 0000c000 08:02 8650872                    /lib/x86_64-linux-gnu/libudev.so.0.13.0
7f0ce4d7b000-7f0ce4d7c000 r--p 0000b000 08:02 8650872                    /lib/x86_64-linux-gnu/libudev.so.0.13.0
7f0ce4d7c000-7f0ce4d7d000 rw-p 0000c000 08:02 8650872                    /lib/x86_64-linux-gnu/libudev.so.0.13.0
7f0ce4d80000-7f0ce4dc2000 r-xp 00000000 08:02 8650817                    /lib/x86_64-linux-gnu/libdbus-1.so.3.5.8
7f0ce4dc2000-7f0ce4fc2000 ---p 00042000 08:02 8650817                    /lib/x86_64-linux-gnu/libdbus-1.so.3.5.8
7f0ce4fc2000-7f0ce4fc3000 r--p 00042000 08:02 8650817                    /lib/x86_64-linux-gnu/libdbus-1.so.3.5.8
7f0ce4fc3000-7f0ce4fc4000 rw-p 00043000 08:02 8650817                    /lib/x86_64-linux-gnu/libdbus-1.so.3.5.8
7f0ce4fc8000-7f0ce4fde000 r-xp 00000000 08:02 11014031                   /usr/lib/x86_64-linux-gnu/gvfs/libgvfscommon.so
7f0ce4fde000-7f0ce51dd000 ---p 00016000 08:02 11014031                   /usr/lib/x86_64-linux-gnu/gvfs/libgvfscommon.so
7f0ce51dd000-7f0ce51de000 r--p 00015000 08:02 11014031                   /usr/lib/x86_64-linux-gnu/gvfs/libgvfscommon.so
7f0ce51de000-7f0ce51df000 rw-p 00016000 08:02 11014031                   /usr/lib/x86_64-linux-gnu/gvfs/libgvfscommon.so
7f0ce51e0000-7f0ce5208000 r-xp 00000000 08:02 11013838                   /usr/lib/x86_64-linux-gnu/gio/modules/libgvfsdbus.so
7f0ce5208000-7f0ce5407000 ---p 00028000 08:02 11013838                   /usr/lib/x86_64-linux-gnu/gio/modules/libgvfsdbus.so
7f0ce5407000-7f0ce5408000 r--p 00027000 08:02 11013838                   /usr/lib/x86_64-linux-gnu/gio/modules/libgvfsdbus.so
7f0ce5408000-7f0ce5409000 rw-p 00028000 08:02 11013838                   /usr/lib/x86_64-linux-gnu/gio/modules/libgvfsdbus.so
7f0ce5410000-7f0ce5420000 r-xp 00000000 08:02 10881862                   /usr/lib/liboverlay-scrollbar-0.2.so.0.0.16
7f0ce5420000-7f0ce561f000 ---p 00010000 08:02 10881862                   /usr/lib/liboverlay-scrollbar-0.2.so.0.0.16
7f0ce561f000-7f0ce5620000 r--p 0000f000 08:02 10881862                   /usr/lib/liboverlay-scrollbar-0.2.so.0.0.16
7f0ce5620000-7f0ce5621000 rw-p 00010000 08:02 10881862                   /usr/lib/liboverlay-scrollbar-0.2.so.0.0.16
7f0ce5628000-7f0ce5629000 r-xp 00000000 08:02 10880555                   /usr/lib/x86_64-linux-gnu/libgthread-2.0.so.0.3200.4
7f0ce5629000-7f0ce5828000 ---p 00001000 08:02 10880555                   /usr/lib/x86_64-linux-gnu/libgthread-2.0.so.0.3200.4
7f0ce5828000-7f0ce5829000 r--p 00000000 08:02 10880555                   /usr/lib/x86_64-linux-gnu/libgthread-2.0.so.0.3200.4
7f0ce5829000-7f0ce582a000 rw-p 00001000 08:02 10880555                   /usr/lib/x86_64-linux-gnu/libgthread-2.0.so.0.3200.4
7f0ce5830000-7f0ce586c000 r-xp 00000000 08:02 8654414                    /lib/x86_64-linux-gnu/libpcre.so.3.12.1
7f0ce586c000-7f0ce5a6b000 ---p 0003c000 08:02 8654414                    /lib/x86_64-linux-gnu/libpcre.so.3.12.1
7f0ce5a6b000-7f0ce5a6c000 r--p 0003b000 08:02 8654414                    /lib/x86_64-linux-gnu/libpcre.so.3.12.1
7f0ce5a6c000-7f0ce5a6d000 rw-p 0003c000 08:02 8654414                    /lib/x86_64-linux-gnu/libpcre.so.3.12.1
7f0ce5a70000-7f0ce5a77000 r-xp 00000000 08:02 10886136                   /usr/lib/x86_64-linux-gnu/libffi.so.6.0.0
7f0ce5a77000-7f0ce5c76000 ---p 00007000 08:02 10886136                   /usr/lib/x86_64-linux-gnu/libffi.so.6.0.0
7f0ce5c76000-7f0ce5c77000 r--p 00006000 08:02 10886136                   /usr/lib/x86_64-linux-gnu/libffi.so.6.0.0
7f0ce5c77000-7f0ce5c78000 rw-p 00007000 08:02 10886136                   /usr/lib/x86_64-linux-gnu/libffi.so.6.0.0
7f0ce5c78000-7f0ce5c9f000 r-xp 00000000 08:02 8654359                    /lib/x86_64-linux-gnu/libexpat.so.1.5.2
7f0ce5c9f000-7f0ce5e9f000 ---p 00027000 08:02 8654359                    /lib/x86_64-linux-gnu/libexpat.so.1.5.2
7f0ce5e9f000-7f0ce5ea1000 r--p 00027000 08:02 8654359                    /lib/x86_64-linux-gnu/libexpat.so.1.5.2
7f0ce5ea1000-7f0ce5ea2000 rw-p 00029000 08:02 8654359                    /lib/x86_64-linux-gnu/libexpat.so.1.5.2
7f0ce5ea8000-7f0ce5ec5000 r-xp 00000000 08:02 8654429                    /lib/x86_64-linux-gnu/libselinux.so.1
7f0ce5ec5000-7f0ce60c4000 ---p 0001d000 08:02 8654429                    /lib/x86_64-linux-gnu/libselinux.so.1
7f0ce60c4000-7f0ce60c5000 r--p 0001c000 08:02 8654429                    /lib/x86_64-linux-gnu/libselinux.so.1
7f0ce60c5000-7f0ce60c6000 rw-p 0001d000 08:02 8654429                    /lib/x86_64-linux-gnu/libselinux.so.1
7f0ce60c6000-7f0ce60c7000 rw-p 00000000 00:00 0 
7f0ce60c8000-7f0ce60cb000 r-xp 00000000 08:02 10879353                   /usr/lib/x86_64-linux-gnu/libgmodule-2.0.so.0.3200.4
7f0ce60cb000-7f0ce62ca000 ---p 00003000 08:02 10879353                   /usr/lib/x86_64-linux-gnu/libgmodule-2.0.so.0.3200.4
7f0ce62ca000-7f0ce62cb000 r--p 00002000 08:02 10879353                   /usr/lib/x86_64-linux-gnu/libgmodule-2.0.so.0.3200.4
7f0ce62cb000-7f0ce62cc000 rw-p 00003000 08:02 10879353                   /usr/lib/x86_64-linux-gnu/libgmodule-2.0.so.0.3200.4
7f0ce62d0000-7f0ce62e6000 r-xp 00000000 08:02 8654452                    /lib/x86_64-linux-gnu/libz.so.1.2.3.4
7f0ce62e6000-7f0ce64e5000 ---p 00016000 08:02 8654452                    /lib/x86_64-linux-gnu/libz.so.1.2.3.4
7f0ce64e5000-7f0ce64e6000 r--p 00015000 08:02 8654452                    /lib/x86_64-linux-gnu/libz.so.1.2.3.4
7f0ce64e6000-7f0ce64e7000 rw-p 00016000 08:02 8654452                    /lib/x86_64-linux-gnu/libz.so.1.2.3.4
7f0ce64e8000-7f0ce64f0000 r-xp 00000000 08:02 10886567                   /usr/lib/x86_64-linux-gnu/libxcb-render.so.0.0.0
7f0ce64f0000-7f0ce66f0000 ---p 00008000 08:02 10886567                   /usr/lib/x86_64-linux-gnu/libxcb-render.so.0.0.0
7f0ce66f0000-7f0ce66f1000 r--p 00008000 08:02 10886567                   /usr/lib/x86_64-linux-gnu/libxcb-render.so.0.0.0
7f0ce66f1000-7f0ce66f2000 rw-p 00009000 08:02 10886567                   /usr/lib/x86_64-linux-gnu/libxcb-render.so.0.0.0
7f0ce66f8000-7f0ce66fa000 r-xp 00000000 08:02 10886571                   /usr/lib/x86_64-linux-gnu/libxcb-shm.so.0.0.0
7f0ce66fa000-7f0ce68f9000 ---p 00002000 08:02 10886571                   /usr/lib/x86_64-linux-gnu/libxcb-shm.so.0.0.0
7f0ce68f9000-7f0ce68fa000 r--p 00001000 08:02 10886571                   /usr/lib/x86_64-linux-gnu/libxcb-shm.so.0.0.0
7f0ce68fa000-7f0ce68fb000 rw-p 00002000 08:02 10886571                   /usr/lib/x86_64-linux-gnu/libxcb-shm.so.0.0.0
7f0ce6900000-7f0ce6926000 r-xp 00000000 08:02 8654418                    /lib/x86_64-linux-gnu/libpng12.so.0.46.0
7f0ce6926000-7f0ce6b26000 ---p 00026000 08:02 8654418                    /lib/x86_64-linux-gnu/libpng12.so.0.46.0
7f0ce6b26000-7f0ce6b27000 r--p 00026000 08:02 8654418                    /lib/x86_64-linux-gnu/libpng12.so.0.46.0
7f0ce6b27000-7f0ce6b28000 rw-p 00027000 08:02 8654418                    /lib/x86_64-linux-gnu/libpng12.so.0.46.0
7f0ce6b28000-7f0ce6bb8000 r-xp 00000000 08:02 10880223                   /usr/lib/x86_64-linux-gnu/libpixman-1.so.0.30.2
7f0ce6bb8000-7f0ce6db7000 ---p 00090000 08:02 10880223                   /usr/lib/x86_64-linux-gnu/libpixman-1.so.0.30.2
7f0ce6db7000-7f0ce6dbe000 r--p 0008f000 08:02 10880223                   /usr/lib/x86_64-linux-gnu/libpixman-1.so.0.30.2
7f0ce6dbe000-7f0ce6dbf000 rw-p 00096000 08:02 10880223                   /usr/lib/x86_64-linux-gnu/libpixman-1.so.0.30.2
7f0ce6dc0000-7f0ce6e56000 r-xp 00000000 08:02 10886146                   /usr/lib/x86_64-linux-gnu/libfreetype.so.6.8.0
7f0ce6e56000-7f0ce7055000 ---p 00096000 08:02 10886146                   /usr/lib/x86_64-linux-gnu/libfreetype.so.6.8.0
7f0ce7055000-7f0ce705b000 r--p 00095000 08:02 10886146                   /usr/lib/x86_64-linux-gnu/libfreetype.so.6.8.0
7f0ce705b000-7f0ce705c000 rw-p 0009b000 08:02 10886146                   /usr/lib/x86_64-linux-gnu/libfreetype.so.6.8.0
7f0ce7060000-7f0ce7062000 r-xp 00000000 08:02 10885961                   /usr/lib/x86_64-linux-gnu/libXdamage.so.1.1.0
7f0ce7062000-7f0ce7261000 ---p 00002000 08:02 10885961                   /usr/lib/x86_64-linux-gnu/libXdamage.so.1.1.0
7f0ce7261000-7f0ce7262000 r--p 00001000 08:02 10885961                   /usr/lib/x86_64-linux-gnu/libXdamage.so.1.1.0
7f0ce7262000-7f0ce7263000 rw-p 00002000 08:02 10885961                   /usr/lib/x86_64-linux-gnu/libXdamage.so.1.1.0
7f0ce7268000-7f0ce726a000 r-xp 00000000 08:02 10885957                   /usr/lib/x86_64-linux-gnu/libXcomposite.so.1.0.0
7f0ce726a000-7f0ce7469000 ---p 00002000 08:02 10885957                   /usr/lib/x86_64-linux-gnu/libXcomposite.so.1.0.0
7f0ce7469000-7f0ce746a000 r--p 00001000 08:02 10885957                   /usr/lib/x86_64-linux-gnu/libXcomposite.so.1.0.0
7f0ce746a000-7f0ce746b000 rw-p 00002000 08:02 10885957                   /usr/lib/x86_64-linux-gnu/libXcomposite.so.1.0.0
7f0ce7470000-7f0ce7477000 r-xp 00000000 08:02 10885983                   /usr/lib/x86_64-linux-gnu/libXrandr.so.2.2.0
7f0ce7477000-7f0ce7676000 ---p 00007000 08:02 10885983                   /usr/lib/x86_64-linux-gnu/libXrandr.so.2.2.0
7f0ce7676000-7f0ce7677000 r--p 00006000 08:02 10885983                   /usr/lib/x86_64-linux-gnu/libXrandr.so.2.2.0
7f0ce7677000-7f0ce7678000 rw-p 00007000 08:02 10885983                   /usr/lib/x86_64-linux-gnu/libXrandr.so.2.2.0
7f0ce7678000-7f0ce767a000 r-xp 00000000 08:02 10885973                   /usr/lib/x86_64-linux-gnu/libXinerama.so.1.0.0
7f0ce767a000-7f0ce7879000 ---p 00002000 08:02 10885973                   /usr/lib/x86_64-linux-gnu/libXinerama.so.1.0.0
7f0ce7879000-7f0ce787a000 r--p 00001000 08:02 10885973                   /usr/lib/x86_64-linux-gnu/libXinerama.so.1.0.0
7f0ce787a000-7f0ce787b000 rw-p 00002000 08:02 10885973                   /usr/lib/x86_64-linux-gnu/libXinerama.so.1.0.0
7f0ce7880000-7f0ce7972000 r-xp 00000000 08:02 8654346                    /lib/x86_64-linux-gnu/libglib-2.0.so.0.3200.4
7f0ce7972000-7f0ce7b72000 ---p 000f2000 08:02 8654346                    /lib/x86_64-linux-gnu/libglib-2.0.so.0.3200.4
7f0ce7b72000-7f0ce7b73000 r--p 000f2000 08:02 8654346                    /lib/x86_64-linux-gnu/libglib-2.0.so.0.3200.4
7f0ce7b73000-7f0ce7b74000 rw-p 000f3000 08:02 8654346                    /lib/x86_64-linux-gnu/libglib-2.0.so.0.3200.4
7f0ce7b74000-7f0ce7b75000 rw-p 00000000 00:00 0 
7f0ce7b78000-7f0ce7bc5000 r-xp 00000000 08:02 10880557                   /usr/lib/x86_64-linux-gnu/libgobject-2.0.so.0.3200.4
7f0ce7bc5000-7f0ce7dc5000 ---p 0004d000 08:02 10880557                   /usr/lib/x86_64-linux-gnu/libgobject-2.0.so.0.3200.4
7f0ce7dc5000-7f0ce7dc6000 r--p 0004d000 08:02 10880557                   /usr/lib/x86_64-linux-gnu/libgobject-2.0.so.0.3200.4
7f0ce7dc6000-7f0ce7dc7000 rw-p 0004e000 08:02 10880557                   /usr/lib/x86_64-linux-gnu/libgobject-2.0.so.0.3200.4
7f0ce7dc8000-7f0ce7dfc000 r-xp 00000000 08:02 10886138                   /usr/lib/x86_64-linux-gnu/libfontconfig.so.1.4.4
7f0ce7dfc000-7f0ce7ffc000 ---p 00034000 08:02 10886138                   /usr/lib/x86_64-linux-gnu/libfontconfig.so.1.4.4
7f0ce7ffc000-7f0ce7ffd000 r--p 00034000 08:02 10886138                   /usr/lib/x86_64-linux-gnu/libfontconfig.so.1.4.4
7f0ce7ffd000-7f0ce7ffe000 rw-p 00035000 08:02 10886138                   /usr/lib/x86_64-linux-gnu/libfontconfig.so.1.4.4
7f0ce8000000-7f0ce80b4000 rw-p 00000000 00:00 0 
7f0ce80b4000-7f0cec000000 ---p 00000000 00:00 0 
7f0cec020000-7f0cec0bd000 rw-s 00000000 08:02 9049711                    /home/tyler/.bitmerchant-wallet/bitmerchant-wallet.spvchain
7f0cec0c0000-7f0cec106000 r-xp 00000000 08:02 10886404                   /usr/lib/x86_64-linux-gnu/libpango-1.0.so.0.3000.0
7f0cec106000-7f0cec306000 ---p 00046000 08:02 10886404                   /usr/lib/x86_64-linux-gnu/libpango-1.0.so.0.3000.0
7f0cec306000-7f0cec308000 r--p 00046000 08:02 10886404                   /usr/lib/x86_64-linux-gnu/libpango-1.0.so.0.3000.0
7f0cec308000-7f0cec309000 rw-p 00048000 08:02 10886404                   /usr/lib/x86_64-linux-gnu/libpango-1.0.so.0.3000.0
7f0cec310000-7f0cec339000 r-xp 00000000 08:02 10886408                   /usr/lib/x86_64-linux-gnu/libpangoft2-1.0.so.0.3000.0
7f0cec339000-7f0cec538000 ---p 00029000 08:02 10886408                   /usr/lib/x86_64-linux-gnu/libpangoft2-1.0.so.0.3000.0
7f0cec538000-7f0cec539000 r--p 00028000 08:02 10886408                   /usr/lib/x86_64-linux-gnu/libpangoft2-1.0.so.0.3000.0
7f0cec539000-7f0cec53a000 rw-p 00029000 08:02 10886408                   /usr/lib/x86_64-linux-gnu/libpangoft2-1.0.so.0.3000.0
7f0cec540000-7f0cec688000 r-xp 00000000 08:02 10880556                   /usr/lib/x86_64-linux-gnu/libgio-2.0.so.0.3200.4
7f0cec688000-7f0cec887000 ---p 00148000 08:02 10880556                   /usr/lib/x86_64-linux-gnu/libgio-2.0.so.0.3200.4
7f0cec887000-7f0cec88b000 r--p 00147000 08:02 10880556                   /usr/lib/x86_64-linux-gnu/libgio-2.0.so.0.3200.4
7f0cec88b000-7f0cec88d000 rw-p 0014b000 08:02 10880556                   /usr/lib/x86_64-linux-gnu/libgio-2.0.so.0.3200.4
7f0cec88d000-7f0cec88f000 rw-p 00000000 00:00 0 
7f0cec890000-7f0cec8ae000 r-xp 00000000 08:02 10880593                   /usr/lib/x86_64-linux-gnu/libgdk_pixbuf-2.0.so.0.2600.1
7f0cec8ae000-7f0cecaae000 ---p 0001e000 08:02 10880593                   /usr/lib/x86_64-linux-gnu/libgdk_pixbuf-2.0.so.0.2600.1
7f0cecaae000-7f0cecaaf000 r--p 0001e000 08:02 10880593                   /usr/lib/x86_64-linux-gnu/libgdk_pixbuf-2.0.so.0.2600.1
7f0cecaaf000-7f0cecab0000 rw-p 0001f000 08:02 10880593                   /usr/lib/x86_64-linux-gnu/libgdk_pixbuf-2.0.so.0.2600.1
7f0cecab0000-7f0cecb69000 r-xp 00000000 08:02 10886049                   /usr/lib/x86_64-linux-gnu/libcairo.so.2.11000.2
7f0cecb69000-7f0cecd68000 ---p 000b9000 08:02 10886049                   /usr/lib/x86_64-linux-gnu/libcairo.so.2.11000.2
7f0cecd68000-7f0cecd6a000 r--p 000b8000 08:02 10886049                   /usr/lib/x86_64-linux-gnu/libcairo.so.2.11000.2
7f0cecd6a000-7f0cecd6b000 rw-p 000ba000 08:02 10886049                   /usr/lib/x86_64-linux-gnu/libcairo.so.2.11000.2
7f0cecd6b000-7f0cecd6e000 rw-p 00000000 00:00 0 
7f0cecd70000-7f0cecd90000 r-xp 00000000 08:02 10879311                   /usr/lib/x86_64-linux-gnu/libatk-1.0.so.0.20609.1
7f0cecd90000-7f0cecf90000 ---p 00020000 08:02 10879311                   /usr/lib/x86_64-linux-gnu/libatk-1.0.so.0.20609.1
7f0cecf90000-7f0cecf92000 r--p 00020000 08:02 10879311                   /usr/lib/x86_64-linux-gnu/libatk-1.0.so.0.20609.1
7f0cecf92000-7f0cecf93000 rw-p 00022000 08:02 10879311                   /usr/lib/x86_64-linux-gnu/libatk-1.0.so.0.20609.1
7f0cecf98000-7f0cecfa3000 r-xp 00000000 08:02 10886406                   /usr/lib/x86_64-linux-gnu/libpangocairo-1.0.so.0.3000.0
7f0cecfa3000-7f0ced1a2000 ---p 0000b000 08:02 10886406                   /usr/lib/x86_64-linux-gnu/libpangocairo-1.0.so.0.3000.0
7f0ced1a2000-7f0ced1a3000 r--p 0000a000 08:02 10886406                   /usr/lib/x86_64-linux-gnu/libpangocairo-1.0.so.0.3000.0
7f0ced1a3000-7f0ced1a4000 rw-p 0000b000 08:02 10886406                   /usr/lib/x86_64-linux-gnu/libpangocairo-1.0.so.0.3000.0
7f0ced1a8000-7f0ced255000 r-xp 00000000 08:02 10880596                   /usr/lib/x86_64-linux-gnu/libgdk-x11-2.0.so.0.2400.10
7f0ced255000-7f0ced454000 ---p 000ad000 08:02 10880596                   /usr/lib/x86_64-linux-gnu/libgdk-x11-2.0.so.0.2400.10
7f0ced454000-7f0ced458000 r--p 000ac000 08:02 10880596                   /usr/lib/x86_64-linux-gnu/libgdk-x11-2.0.so.0.2400.10
7f0ced458000-7f0ced45a000 rw-p 000b0000 08:02 10880596                   /usr/lib/x86_64-linux-gnu/libgdk-x11-2.0.so.0.2400.10
7f0ced460000-7f0ced88e000 r-xp 00000000 08:02 10880598                   /usr/lib/x86_64-linux-gnu/libgtk-x11-2.0.so.0.2400.10
7f0ced88e000-7f0ceda8d000 ---p 0042e000 08:02 10880598                   /usr/lib/x86_64-linux-gnu/libgtk-x11-2.0.so.0.2400.10
7f0ceda8d000-7f0ceda94000 r--p 0042d000 08:02 10880598                   /usr/lib/x86_64-linux-gnu/libgtk-x11-2.0.so.0.2400.10
7f0ceda94000-7f0ceda98000 rw-p 00434000 08:02 10880598                   /usr/lib/x86_64-linux-gnu/libgtk-x11-2.0.so.0.2400.10
7f0ceda98000-7f0ceda9a000 rw-p 00000000 00:00 0 
7f0ceda9f000-7f0cedaa2000 ---p 00000000 00:00 0 
7f0cedaa2000-7f0cedba0000 rw-p 00000000 00:00 0                          [stack:2156]
7f0cedba0000-7f0cedba5000 r-xp 00000000 08:02 10879297                   /usr/lib/x86_64-linux-gnu/libXfixes.so.3.1.0
7f0cedba5000-7f0cedda4000 ---p 00005000 08:02 10879297                   /usr/lib/x86_64-linux-gnu/libXfixes.so.3.1.0
7f0cedda4000-7f0cedda5000 r--p 00004000 08:02 10879297                   /usr/lib/x86_64-linux-gnu/libXfixes.so.3.1.0
7f0cedda5000-7f0cedda6000 rw-p 00005000 08:02 10879297                   /usr/lib/x86_64-linux-gnu/libXfixes.so.3.1.0
7f0cedda8000-7f0cedfa8000 rw-p 00000000 00:00 0 
7f0cedfa8000-7f0cedfb1000 r-xp 00000000 08:02 10885959                   /usr/lib/x86_64-linux-gnu/libXcursor.so.1.0.2
7f0cedfb1000-7f0cee1b0000 ---p 00009000 08:02 10885959                   /usr/lib/x86_64-linux-gnu/libXcursor.so.1.0.2
7f0cee1b0000-7f0cee1b1000 r--p 00008000 08:02 10885959                   /usr/lib/x86_64-linux-gnu/libXcursor.so.1.0.2
7f0cee1b1000-7f0cee1b2000 rw-p 00009000 08:02 10885959                   /usr/lib/x86_64-linux-gnu/libXcursor.so.1.0.2
7f0cee1b7000-7f0cee1ba000 ---p 00000000 00:00 0 
7f0cee1ba000-7f0cee2b8000 rw-p 00000000 00:00 0                          [stack:2155]
7f0cee2b8000-7f0cee31c000 r-xp 00000000 08:02 13899048                   /usr/lib/jvm/java-8-oracle/jre/lib/amd64/libfontmanager.so
7f0cee31c000-7f0cee51c000 ---p 00064000 08:02 13899048                   /usr/lib/jvm/java-8-oracle/jre/lib/amd64/libfontmanager.so
7f0cee51c000-7f0cee520000 rw-p 00064000 08:02 13899048                   /usr/lib/jvm/java-8-oracle/jre/lib/amd64/libfontmanager.so
7f0cee520000-7f0cee531000 rw-p 00000000 00:00 0 
7f0cee538000-7f0cee549000 r-xp 00000000 08:02 13899060                   /usr/lib/jvm/java-8-oracle/jre/lib/amd64/libnio.so
7f0cee549000-7f0cee748000 ---p 00011000 08:02 13899060                   /usr/lib/jvm/java-8-oracle/jre/lib/amd64/libnio.so
7f0cee748000-7f0cee749000 rw-p 00010000 08:02 13899060                   /usr/lib/jvm/java-8-oracle/jre/lib/amd64/libnio.so
7f0cee750000-7f0cee765000 r-xp 00000000 08:02 8654362                    /lib/x86_64-linux-gnu/libgcc_s.so.1
7f0cee765000-7f0cee964000 ---p 00015000 08:02 8654362                    /lib/x86_64-linux-gnu/libgcc_s.so.1
7f0cee964000-7f0cee965000 r--p 00014000 08:02 8654362                    /lib/x86_64-linux-gnu/libgcc_s.so.1
7f0cee965000-7f0cee966000 rw-p 00015000 08:02 8654362                    /lib/x86_64-linux-gnu/libgcc_s.so.1
7f0cee968000-7f0cee99a000 r-xp 00000000 08:02 13899065                   /usr/lib/jvm/java-8-oracle/jre/lib/amd64/libsunec.so
7f0cee99a000-7f0ceeb99000 ---p 00032000 08:02 13899065                   /usr/lib/jvm/java-8-oracle/jre/lib/amd64/libsunec.so
7f0ceeb99000-7f0ceeb9f000 rw-p 00031000 08:02 13899065                   /usr/lib/jvm/java-8-oracle/jre/lib/amd64/libsunec.so
7f0ceeb9f000-7f0ceebaf000 rw-p 00000000 00:00 0 
7f0ceebb0000-7f0ceebb5000 r-xp 00000000 08:02 10885963                   /usr/lib/x86_64-linux-gnu/libXdmcp.so.6.0.0
7f0ceebb5000-7f0ceedb4000 ---p 00005000 08:02 10885963                   /usr/lib/x86_64-linux-gnu/libXdmcp.so.6.0.0
7f0ceedb4000-7f0ceedb5000 r--p 00004000 08:02 10885963                   /usr/lib/x86_64-linux-gnu/libXdmcp.so.6.0.0
7f0ceedb5000-7f0ceedb6000 rw-p 00005000 08:02 10885963                   /usr/lib/x86_64-linux-gnu/libXdmcp.so.6.0.0
7f0ceedb8000-7f0ceedba000 r-xp 00000000 08:02 10885952                   /usr/lib/x86_64-linux-gnu/libXau.so.6.0.0
7f0ceedba000-7f0ceefb9000 ---p 00002000 08:02 10885952                   /usr/lib/x86_64-linux-gnu/libXau.so.6.0.0
7f0ceefb9000-7f0ceefba000 r--p 00001000 08:02 10885952                   /usr/lib/x86_64-linux-gnu/libXau.so.6.0.0
7f0ceefba000-7f0ceefbb000 rw-p 00002000 08:02 10885952                   /usr/lib/x86_64-linux-gnu/libXau.so.6.0.0
7f0ceefc0000-7f0ceefdd000 r-xp 00000000 08:02 10886575                   /usr/lib/x86_64-linux-gnu/libxcb.so.1.1.0
7f0ceefdd000-7f0cef1dc000 ---p 0001d000 08:02 10886575                   /usr/lib/x86_64-linux-gnu/libxcb.so.1.1.0
7f0cef1dc000-7f0cef1dd000 r--p 0001c000 08:02 10886575                   /usr/lib/x86_64-linux-gnu/libxcb.so.1.1.0
7f0cef1dd000-7f0cef1de000 rw-p 0001d000 08:02 10886575                   /usr/lib/x86_64-linux-gnu/libxcb.so.1.1.0
7f0cef1df000-7f0cef1e2000 ---p 00000000 00:00 0 
7f0cef1e2000-7f0cef2e0000 rw-p 00000000 00:00 0                          [stack:2154]
7f0cef2e0000-7f0cef2ef000 r-xp 00000000 08:02 10880227                   /usr/lib/x86_64-linux-gnu/libXi.so.6.1.0
7f0cef2ef000-7f0cef4ee000 ---p 0000f000 08:02 10880227                   /usr/lib/x86_64-linux-gnu/libXi.so.6.1.0
7f0cef4ee000-7f0cef4ef000 r--p 0000e000 08:02 10880227                   /usr/lib/x86_64-linux-gnu/libXi.so.6.1.0
7f0cef4ef000-7f0cef4f0000 rw-p 0000f000 08:02 10880227                   /usr/lib/x86_64-linux-gnu/libXi.so.6.1.0
7f0cef4f1000-7f0cef6f1000 rw-p 00000000 00:00 0 
7f0cef6f1000-7f0cef6f4000 ---p 00000000 00:00 0 
7f0cef6f4000-7f0cef7f2000 rw-p 00000000 00:00 0                          [stack:2153]
7f0cef7f2000-7f0cef7f5000 ---p 00000000 00:00 0 
7f0cef7f5000-7f0cef8f3000 rw-p 00000000 00:00 0                          [stack:2151]
7f0cef8f3000-7f0cef8f6000 ---p 00000000 00:00 0 
7f0cef8f6000-7f0cef9f4000 rw-p 00000000 00:00 0                          [stack:2141]
7f0cef9f4000-7f0cef9f7000 ---p 00000000 00:00 0 
7f0cef9f7000-7f0cefaf5000 rw-p 00000000 00:00 0                          [stack:2139]
7f0cefaf5000-7f0cefaf8000 ---p 00000000 00:00 0 
7f0cefaf8000-7f0cefbf6000 rw-p 00000000 00:00 0                          [stack:2136]
7f0cefbf6000-7f0cefbf9000 ---p 00000000 00:00 0 
7f0cefbf9000-7f0cefcf7000 rw-p 00000000 00:00 0                          [stack:2135]
7f0cefcf7000-7f0cefcfa000 ---p 00000000 00:00 0 
7f0cefcfa000-7f0cefdf8000 rw-p 00000000 00:00 0                          [stack:2132]
7f0cefdf8000-7f0cefdfd000 r-xp 00000000 08:02 10885991                   /usr/lib/x86_64-linux-gnu/libXtst.so.6.1.0
7f0cefdfd000-7f0cefffc000 ---p 00005000 08:02 10885991                   /usr/lib/x86_64-linux-gnu/libXtst.so.6.1.0
7f0cefffc000-7f0cefffd000 r--p 00004000 08:02 10885991                   /usr/lib/x86_64-linux-gnu/libXtst.so.6.1.0
7f0cefffd000-7f0cefffe000 rw-p 00005000 08:02 10885991                   /usr/lib/x86_64-linux-gnu/libXtst.so.6.1.0
7f0cf0000000-7f0cf048f000 rw-p 00000000 00:00 0 
7f0cf048f000-7f0cf4000000 ---p 00000000 00:00 0 
7f0cf4000000-7f0cf4021000 rw-p 00000000 00:00 0 
7f0cf4021000-7f0cf8000000 ---p 00000000 00:00 0 
7f0cf8000000-7f0cf8038000 rw-p 00000000 00:00 0 
7f0cf8038000-7f0cfc000000 ---p 00000000 00:00 0 
7f0cfc000000-7f0cfc051000 rw-p 00000000 00:00 0 
7f0cfc051000-7f0d00000000 ---p 00000000 00:00 0 
7f0d00000000-7f0d0052e000 rw-p 00000000 00:00 0 
7f0d0052e000-7f0d04000000 ---p 00000000 00:00 0 
7f0d04000000-7f0d04021000 rw-p 00000000 00:00 0 
7f0d04021000-7f0d08000000 ---p 00000000 00:00 0 
7f0d08000000-7f0d08021000 rw-p 00000000 00:00 0 
7f0d08021000-7f0d0c000000 ---p 00000000 00:00 0 
7f0d0c000000-7f0d0edaa000 rw-p 00000000 00:00 0 
7f0d0edaa000-7f0d10000000 ---p 00000000 00:00 0 
7f0d10000000-7f0d10029000 rw-p 00000000 00:00 0 
7f0d10029000-7f0d14000000 ---p 00000000 00:00 0 
7f0d14000000-7f0d14021000 rw-p 00000000 00:00 0 
7f0d14021000-7f0d18000000 ---p 00000000 00:00 0 
7f0d18000000-7f0d18189000 rw-p 00000000 00:00 0 
7f0d18189000-7f0d1c000000 ---p 00000000 00:00 0 
7f0d1c000000-7f0d1c021000 rw-p 00000000 00:00 0 
7f0d1c021000-7f0d20000000 ---p 00000000 00:00 0 
7f0d20048000-7f0d20064000 r--s 00000000 08:02 11010226                   /usr/share/mime/mime.cache
7f0d20067000-7f0d2006a000 ---p 00000000 00:00 0 
7f0d2006a000-7f0d20168000 rw-p 00000000 00:00 0                          [stack:2131]
7f0d20168000-7f0d20171000 r-xp 00000000 08:02 10885985                   /usr/lib/x86_64-linux-gnu/libXrender.so.1.3.0
7f0d20171000-7f0d20370000 ---p 00009000 08:02 10885985                   /usr/lib/x86_64-linux-gnu/libXrender.so.1.3.0
7f0d20370000-7f0d20371000 r--p 00008000 08:02 10885985                   /usr/lib/x86_64-linux-gnu/libXrender.so.1.3.0
7f0d20371000-7f0d20372000 rw-p 00009000 08:02 10885985                   /usr/lib/x86_64-linux-gnu/libXrender.so.1.3.0
7f0d20378000-7f0d204a8000 r-xp 00000000 08:02 10880585                   /usr/lib/x86_64-linux-gnu/libX11.so.6.3.0
7f0d204a8000-7f0d206a8000 ---p 00130000 08:02 10880585                   /usr/lib/x86_64-linux-gnu/libX11.so.6.3.0
7f0d206a8000-7f0d206a9000 r--p 00130000 08:02 10880585                   /usr/lib/x86_64-linux-gnu/libX11.so.6.3.0
7f0d206a9000-7f0d206ad000 rw-p 00131000 08:02 10880585                   /usr/lib/x86_64-linux-gnu/libX11.so.6.3.0
7f0d206af000-7f0d206b2000 ---p 00000000 00:00 0 
7f0d206b2000-7f0d207b0000 rw-p 00000000 00:00 0                          [stack:2130]
7f0d207b0000-7f0d207c0000 r-xp 00000000 08:02 10885965                   /usr/lib/x86_64-linux-gnu/libXext.so.6.4.0
7f0d207c0000-7f0d209bf000 ---p 00010000 08:02 10885965                   /usr/lib/x86_64-linux-gnu/libXext.so.6.4.0
7f0d209bf000-7f0d209c0000 r--p 0000f000 08:02 10885965                   /usr/lib/x86_64-linux-gnu/libXext.so.6.4.0
7f0d209c0000-7f0d209c1000 rw-p 00010000 08:02 10885965                   /usr/lib/x86_64-linux-gnu/libXext.so.6.4.0
7f0d209c8000-7f0d20a1c000 r-xp 00000000 08:02 13899100                   /usr/lib/jvm/java-8-oracle/jre/lib/amd64/libawt_xawt.so
7f0d20a1c000-7f0d20c1c000 ---p 00054000 08:02 13899100                   /usr/lib/jvm/java-8-oracle/jre/lib/amd64/libawt_xawt.so
7f0d20c1c000-7f0d20c20000 rw-p 00054000 08:02 13899100                   /usr/lib/jvm/java-8-oracle/jre/lib/amd64/libawt_xawt.so
7f0d20c20000-7f0d20c21000 rw-p 00000000 00:00 0 
7f0d20c28000-7f0d20cca000 r-xp 00000000 08:02 13899078                   /usr/lib/jvm/java-8-oracle/jre/lib/amd64/libawt.so
7f0d20cca000-7f0d20eca000 ---p 000a2000 08:02 13899078                   /usr/lib/jvm/java-8-oracle/jre/lib/amd64/libawt.so
7f0d20eca000-7f0d20ed6000 rw-p 000a2000 08:02 13899078                   /usr/lib/jvm/java-8-oracle/jre/lib/amd64/libawt.so
7f0d20ed6000-7f0d20efa000 rw-p 00000000 00:00 0 
7f0d20efc000-7f0d20eff000 ---p 00000000 00:00 0 
7f0d20eff000-7f0d211fd000 rw-p 00000000 00:00 0                          [stack:2129]
7f0d211fd000-7f0d21200000 ---p 00000000 00:00 0 
7f0d21200000-7f0d212fe000 rw-p 00000000 00:00 0                          [stack:2128]
7f0d212fe000-7f0d21301000 ---p 00000000 00:00 0 
7f0d21301000-7f0d213ff000 rw-p 00000000 00:00 0                          [stack:2169]
7f0d213ff000-7f0d21402000 ---p 00000000 00:00 0 
7f0d21402000-7f0d21500000 rw-p 00000000 00:00 0                          [stack:2164]
7f0d21500000-7f0d21518000 r-xp 00000000 08:02 8655886                    /lib/x86_64-linux-gnu/libresolv-2.15.so
7f0d21518000-7f0d21718000 ---p 00018000 08:02 8655886                    /lib/x86_64-linux-gnu/libresolv-2.15.so
7f0d21718000-7f0d21719000 r--p 00018000 08:02 8655886                    /lib/x86_64-linux-gnu/libresolv-2.15.so
7f0d21719000-7f0d2171a000 rw-p 00019000 08:02 8655886                    /lib/x86_64-linux-gnu/libresolv-2.15.so
7f0d2171a000-7f0d2171c000 rw-p 00000000 00:00 0 
7f0d21720000-7f0d21727000 r-xp 00000000 08:02 8655898                    /lib/x86_64-linux-gnu/libnss_dns-2.15.so
7f0d21727000-7f0d21926000 ---p 00007000 08:02 8655898                    /lib/x86_64-linux-gnu/libnss_dns-2.15.so
7f0d21926000-7f0d21927000 r--p 00006000 08:02 8655898                    /lib/x86_64-linux-gnu/libnss_dns-2.15.so
7f0d21927000-7f0d21928000 rw-p 00007000 08:02 8655898                    /lib/x86_64-linux-gnu/libnss_dns-2.15.so
7f0d21928000-7f0d2192a000 r-xp 00000000 08:02 8650805                    /lib/libnss_mdns4_minimal.so.2
7f0d2192a000-7f0d21b29000 ---p 00002000 08:02 8650805                    /lib/libnss_mdns4_minimal.so.2
7f0d21b29000-7f0d21b2a000 r--p 00001000 08:02 8650805                    /lib/libnss_mdns4_minimal.so.2
7f0d21b2a000-7f0d21b2b000 rw-p 00002000 08:02 8650805                    /lib/libnss_mdns4_minimal.so.2
7f0d21b30000-7f0d21b46000 r-xp 00000000 08:02 13899066                   /usr/lib/jvm/java-8-oracle/jre/lib/amd64/libnet.so
7f0d21b46000-7f0d21d46000 ---p 00016000 08:02 13899066                   /usr/lib/jvm/java-8-oracle/jre/lib/amd64/libnet.so
7f0d21d46000-7f0d21d47000 rw-p 00016000 08:02 13899066                   /usr/lib/jvm/java-8-oracle/jre/lib/amd64/libnet.so
7f0d21d4b000-7f0d21d4c000 ---p 00000000 00:00 0 
7f0d21d4c000-7f0d21e4c000 rw-p 00000000 00:00 0                          [stack:2123]
7f0d21e4c000-7f0d21e4f000 ---p 00000000 00:00 0 
7f0d21e4f000-7f0d21f4d000 rw-p 00000000 00:00 0                          [stack:2120]
7f0d21f4d000-7f0d21f50000 ---p 00000000 00:00 0 
7f0d21f50000-7f0d2204e000 rw-p 00000000 00:00 0                          [stack:2119]
7f0d2204e000-7f0d22051000 ---p 00000000 00:00 0 
7f0d22051000-7f0d2214f000 rw-p 00000000 00:00 0                          [stack:2115]
7f0d2214f000-7f0d22152000 ---p 00000000 00:00 0 
7f0d22152000-7f0d22250000 rw-p 00000000 00:00 0                          [stack:2114]
7f0d22250000-7f0d2264e000 r--p 00000000 08:02 10883108                   /usr/lib/locale/locale-archive
7f0d2264e000-7f0d22651000 ---p 00000000 00:00 0 
7f0d22651000-7f0d2274f000 rw-p 00000000 00:00 0                          [stack:2112]
7f0d2274f000-7f0d22752000 ---p 00000000 00:00 0 
7f0d22752000-7f0d24000000 rw-p 00000000 00:00 0                          [stack:2111]
7f0d24000000-7f0d24021000 rw-p 00000000 00:00 0 
7f0d24021000-7f0d28000000 ---p 00000000 00:00 0 
7f0d2800d000-7f0d280f2000 r--s 0196d000 08:02 7999179                    /home/tyler/git/bitmerchant-wallet/target/bitmerchant-wallet-shaded.jar
7f0d280f9000-7f0d280fa000 ---p 00000000 00:00 0 
7f0d280fa000-7f0d29000000 rw-p 00000000 00:00 0                          [stack:2110]
7f0d29000000-7f0d298d0000 rwxp 00000000 00:00 0 
7f0d298d0000-7f0d38000000 ---p 00000000 00:00 0 
7f0d38000000-7f0d3849a000 rw-p 00000000 00:00 0 
7f0d3849a000-7f0d3c000000 ---p 00000000 00:00 0 
7f0d3c008000-7f0d3c00b000 r--p 00000000 08:02 7879458                    /home/tyler/.config/dconf/user
7f0d3c010000-7f0d3c02d000 r--p 00000000 08:02 11534359                   /usr/share/glib-2.0/schemas/gschemas.compiled
7f0d3c02f000-7f0d3c034000 r--s 0003f000 08:02 13899138                   /usr/lib/jvm/java-8-oracle/jre/lib/ext/sunjce_provider.jar
7f0d3c03a000-7f0d3c03d000 r--s 0003a000 08:02 13899134                   /usr/lib/jvm/java-8-oracle/jre/lib/ext/sunpkcs11.jar
7f0d3c043000-7f0d3c047000 r--s 00093000 08:02 12190145                   /usr/lib/jvm/java-8-oracle/jre/lib/jsse.jar
7f0d3c04e000-7f0d3c058000 r--s 00116000 08:02 13899140                   /usr/lib/jvm/java-8-oracle/jre/lib/ext/localedata.jar
7f0d3c05b000-7f0d3c077000 r--s 00393000 08:02 13899136                   /usr/lib/jvm/java-8-oracle/jre/lib/ext/cldrdata.jar
7f0d3c078000-7f0d3c3ca000 rw-p 00000000 00:00 0 
7f0d3c3ca000-7f0d3c5a0000 r--s 03caa000 08:02 12190137                   /usr/lib/jvm/java-8-oracle/jre/lib/rt.jar
7f0d3c5a2000-7f0d3c71d000 rw-p 00000000 00:00 0 
7f0d3c71d000-7f0d3c71e000 ---p 00000000 00:00 0 
7f0d3c71e000-7f0d3c81e000 rw-p 00000000 00:00 0                          [stack:2109]
7f0d3c81e000-7f0d3c81f000 ---p 00000000 00:00 0 
7f0d3c81f000-7f0d3c94a000 rw-p 00000000 00:00 0                          [stack:2108]
7f0d3c94a000-7f0d3ca1c000 ---p 00000000 00:00 0 
7f0d3ca1c000-7f0d3ca47000 rw-p 00000000 00:00 0 
7f0d3ca47000-7f0d3cb18000 ---p 00000000 00:00 0 
7f0d3cb18000-7f0d3cb89000 rw-p 00000000 00:00 0 
7f0d3cb89000-7f0d3cb97000 ---p 00000000 00:00 0 
7f0d3cb97000-7f0d3cbbc000 rw-p 00000000 00:00 0 
7f0d3cbbc000-7f0d3cf58000 ---p 00000000 00:00 0 
7f0d3cf58000-7f0d3cf72000 r-xp 00000000 08:02 13899088                   /usr/lib/jvm/java-8-oracle/jre/lib/amd64/libzip.so
7f0d3cf72000-7f0d3d172000 ---p 0001a000 08:02 13899088                   /usr/lib/jvm/java-8-oracle/jre/lib/amd64/libzip.so
7f0d3d172000-7f0d3d173000 rw-p 0001a000 08:02 13899088                   /usr/lib/jvm/java-8-oracle/jre/lib/amd64/libzip.so
7f0d3d178000-7f0d3d184000 r-xp 00000000 08:02 8655884                    /lib/x86_64-linux-gnu/libnss_files-2.15.so
7f0d3d184000-7f0d3d383000 ---p 0000c000 08:02 8655884                    /lib/x86_64-linux-gnu/libnss_files-2.15.so
7f0d3d383000-7f0d3d384000 r--p 0000b000 08:02 8655884                    /lib/x86_64-linux-gnu/libnss_files-2.15.so
7f0d3d384000-7f0d3d385000 rw-p 0000c000 08:02 8655884                    /lib/x86_64-linux-gnu/libnss_files-2.15.so
7f0d3d388000-7f0d3d392000 r-xp 00000000 08:02 8655891                    /lib/x86_64-linux-gnu/libnss_nis-2.15.so
7f0d3d392000-7f0d3d592000 ---p 0000a000 08:02 8655891                    /lib/x86_64-linux-gnu/libnss_nis-2.15.so
7f0d3d592000-7f0d3d593000 r--p 0000a000 08:02 8655891                    /lib/x86_64-linux-gnu/libnss_nis-2.15.so
7f0d3d593000-7f0d3d594000 rw-p 0000b000 08:02 8655891                    /lib/x86_64-linux-gnu/libnss_nis-2.15.so
7f0d3d598000-7f0d3d5af000 r-xp 00000000 08:02 8655883                    /lib/x86_64-linux-gnu/libnsl-2.15.so
7f0d3d5af000-7f0d3d7ae000 ---p 00017000 08:02 8655883                    /lib/x86_64-linux-gnu/libnsl-2.15.so
7f0d3d7ae000-7f0d3d7af000 r--p 00016000 08:02 8655883                    /lib/x86_64-linux-gnu/libnsl-2.15.so
7f0d3d7af000-7f0d3d7b0000 rw-p 00017000 08:02 8655883                    /lib/x86_64-linux-gnu/libnsl-2.15.so
7f0d3d7b0000-7f0d3d7b2000 rw-p 00000000 00:00 0 
7f0d3d7b8000-7f0d3d7c0000 r-xp 00000000 08:02 8655890                    /lib/x86_64-linux-gnu/libnss_compat-2.15.so
7f0d3d7c0000-7f0d3d9bf000 ---p 00008000 08:02 8655890                    /lib/x86_64-linux-gnu/libnss_compat-2.15.so
7f0d3d9bf000-7f0d3d9c0000 r--p 00007000 08:02 8655890                    /lib/x86_64-linux-gnu/libnss_compat-2.15.so
7f0d3d9c0000-7f0d3d9c1000 rw-p 00008000 08:02 8655890                    /lib/x86_64-linux-gnu/libnss_compat-2.15.so
7f0d3d9c8000-7f0d3d9f2000 r-xp 00000000 08:02 13899083                   /usr/lib/jvm/java-8-oracle/jre/lib/amd64/libjava.so
7f0d3d9f2000-7f0d3dbf2000 ---p 0002a000 08:02 13899083                   /usr/lib/jvm/java-8-oracle/jre/lib/amd64/libjava.so
7f0d3dbf2000-7f0d3dbf4000 rw-p 0002a000 08:02 13899083                   /usr/lib/jvm/java-8-oracle/jre/lib/amd64/libjava.so
7f0d3dbf8000-7f0d3dc05000 r-xp 00000000 08:02 13899059                   /usr/lib/jvm/java-8-oracle/jre/lib/amd64/libverify.so
7f0d3dc05000-7f0d3de05000 ---p 0000d000 08:02 13899059                   /usr/lib/jvm/java-8-oracle/jre/lib/amd64/libverify.so
7f0d3de05000-7f0d3de07000 rw-p 0000d000 08:02 13899059                   /usr/lib/jvm/java-8-oracle/jre/lib/amd64/libverify.so
7f0d3de08000-7f0d3de0f000 r-xp 00000000 08:02 8655881                    /lib/x86_64-linux-gnu/librt-2.15.so
7f0d3de0f000-7f0d3e00e000 ---p 00007000 08:02 8655881                    /lib/x86_64-linux-gnu/librt-2.15.so
7f0d3e00e000-7f0d3e00f000 r--p 00006000 08:02 8655881                    /lib/x86_64-linux-gnu/librt-2.15.so
7f0d3e00f000-7f0d3e010000 rw-p 00007000 08:02 8655881                    /lib/x86_64-linux-gnu/librt-2.15.so
7f0d3e010000-7f0d3e10b000 r-xp 00000000 08:02 8655888                    /lib/x86_64-linux-gnu/libm-2.15.so
7f0d3e10b000-7f0d3e30a000 ---p 000fb000 08:02 8655888                    /lib/x86_64-linux-gnu/libm-2.15.so
7f0d3e30a000-7f0d3e30b000 r--p 000fa000 08:02 8655888                    /lib/x86_64-linux-gnu/libm-2.15.so
7f0d3e30b000-7f0d3e30c000 rw-p 000fb000 08:02 8655888                    /lib/x86_64-linux-gnu/libm-2.15.so
7f0d3e310000-7f0d3ef7d000 r-xp 00000000 08:02 13899106                   /usr/lib/jvm/java-8-oracle/jre/lib/amd64/server/libjvm.so
7f0d3ef7d000-7f0d3f17c000 ---p 00c6d000 08:02 13899106                   /usr/lib/jvm/java-8-oracle/jre/lib/amd64/server/libjvm.so
7f0d3f17c000-7f0d3f252000 rw-p 00c6c000 08:02 13899106                   /usr/lib/jvm/java-8-oracle/jre/lib/amd64/server/libjvm.so
7f0d3f252000-7f0d3f295000 rw-p 00000000 00:00 0 
7f0d3f298000-7f0d3f44d000 r-xp 00000000 08:02 8655885                    /lib/x86_64-linux-gnu/libc-2.15.so
7f0d3f44d000-7f0d3f64c000 ---p 001b5000 08:02 8655885                    /lib/x86_64-linux-gnu/libc-2.15.so
7f0d3f64c000-7f0d3f650000 r--p 001b4000 08:02 8655885                    /lib/x86_64-linux-gnu/libc-2.15.so
7f0d3f650000-7f0d3f652000 rw-p 001b8000 08:02 8655885                    /lib/x86_64-linux-gnu/libc-2.15.so
7f0d3f652000-7f0d3f657000 rw-p 00000000 00:00 0 
7f0d3f658000-7f0d3f65a000 r-xp 00000000 08:02 8655899                    /lib/x86_64-linux-gnu/libdl-2.15.so
7f0d3f65a000-7f0d3f85a000 ---p 00002000 08:02 8655899                    /lib/x86_64-linux-gnu/libdl-2.15.so
7f0d3f85a000-7f0d3f85b000 r--p 00002000 08:02 8655899                    /lib/x86_64-linux-gnu/libdl-2.15.so
7f0d3f85b000-7f0d3f85c000 rw-p 00003000 08:02 8655899                    /lib/x86_64-linux-gnu/libdl-2.15.so
7f0d3f860000-7f0d3f875000 r-xp 00000000 08:02 13899108                   /usr/lib/jvm/java-8-oracle/jre/lib/amd64/jli/libjli.so
7f0d3f875000-7f0d3fa74000 ---p 00015000 08:02 13899108                   /usr/lib/jvm/java-8-oracle/jre/lib/amd64/jli/libjli.so
7f0d3fa74000-7f0d3fa75000 rw-p 00014000 08:02 13899108                   /usr/lib/jvm/java-8-oracle/jre/lib/amd64/jli/libjli.so
7f0d3fa78000-7f0d3fa90000 r-xp 00000000 08:02 8655879                    /lib/x86_64-linux-gnu/libpthread-2.15.so
7f0d3fa90000-7f0d3fc8f000 ---p 00018000 08:02 8655879                    /lib/x86_64-linux-gnu/libpthread-2.15.so
7f0d3fc8f000-7f0d3fc90000 r--p 00017000 08:02 8655879                    /lib/x86_64-linux-gnu/libpthread-2.15.so
7f0d3fc90000-7f0d3fc91000 rw-p 00018000 08:02 8655879                    /lib/x86_64-linux-gnu/libpthread-2.15.so
7f0d3fc91000-7f0d3fc95000 rw-p 00000000 00:00 0 
7f0d3fc98000-7f0d3fcba000 r-xp 00000000 08:02 8655878                    /lib/x86_64-linux-gnu/ld-2.15.so
7f0d3fcc0000-7f0d3fcc1000 r--s 00000000 08:02 7879465                    /home/tyler/.cache/dconf/user
7f0d3fcc2000-7f0d3fcc4000 r--s 0001a000 08:02 12190124                   /usr/lib/jvm/java-8-oracle/jre/lib/jce.jar
7f0d3fcc4000-7f0d3fda4000 rw-p 00000000 00:00 0 
7f0d3fda4000-7f0d3fda7000 ---p 00000000 00:00 0 
7f0d3fda7000-7f0d3fea8000 rw-p 00000000 00:00 0                          [stack:2107]
7f0d3fea9000-7f0d3feaa000 r--s 00009000 08:02 13899139                   /usr/lib/jvm/java-8-oracle/jre/lib/ext/sunec.jar
7f0d3fead000-7f0d3feb0000 rw-p 00000000 00:00 0 
7f0d3feb0000-7f0d3feb8000 rw-s 00000000 08:02 15599427                   /tmp/hsperfdata_tyler/2106
7f0d3feb8000-7f0d3feb9000 rw-p 00000000 00:00 0 
7f0d3feb9000-7f0d3feba000 r--p 00000000 00:00 0 
7f0d3feba000-7f0d3febb000 r--p 00022000 08:02 8655878                    /lib/x86_64-linux-gnu/ld-2.15.so
7f0d3febb000-7f0d3febd000 rw-p 00023000 08:02 8655878                    /lib/x86_64-linux-gnu/ld-2.15.so
7f0d3febd000-7f0d3fec0000 rw-p 00000000 00:00 0 
7fff36e37000-7fff36e58000 rw-p 00000000 00:00 0                          [stack]
7fff36e98000-7fff36e9a000 r-xp 00000000 00:00 0                          [vdso]
ffffffffff600000-ffffffffff601000 r-xp 00000000 00:00 0                  [vsyscall]

VM Arguments:
java_command: target/bitmerchant-wallet-shaded.jar
java_class_path (initial): target/bitmerchant-wallet-shaded.jar
Launcher Type: SUN_STANDARD

Environment Variables:
PATH=/usr/lib/lightdm/lightdm:/usr/local/sbin:/usr/local/bin:/usr/sbin:/usr/bin:/sbin:/bin:/usr/games:/home/tyler/.rvm/bin:/home/tyler/.rvm/bin
SHELL=/bin/bash
DISPLAY=:0

Signal Handlers:
SIGSEGV: [libjvm.so+0xa79a80], sa_mask[0]=11111111011111111101111111111110, sa_flags=SA_RESTART|SA_SIGINFO
SIGBUS: [libjvm.so+0xa79a80], sa_mask[0]=11111111011111111101111111111110, sa_flags=SA_RESTART|SA_SIGINFO
SIGFPE: [libjvm.so+0x8e24e0], sa_mask[0]=11111111011111111101111111111110, sa_flags=SA_RESTART|SA_SIGINFO
SIGPIPE: SIG_IGN, sa_mask[0]=00000000000010000000000000000000, sa_flags=SA_RESTART
SIGXFSZ: [libjvm.so+0x8e24e0], sa_mask[0]=11111111011111111101111111111110, sa_flags=SA_RESTART|SA_SIGINFO
SIGILL: [libjvm.so+0x8e24e0], sa_mask[0]=11111111011111111101111111111110, sa_flags=SA_RESTART|SA_SIGINFO
SIGUSR1: SIG_DFL, sa_mask[0]=00000000000000000000000000000000, sa_flags=none
SIGUSR2: [libjvm.so+0x8e3d10], sa_mask[0]=00000000000000000000000000000000, sa_flags=SA_RESTART|SA_SIGINFO
SIGHUP: SIG_IGN, sa_mask[0]=00000000000000000000000000000000, sa_flags=none
SIGINT: SIG_IGN, sa_mask[0]=00000000000000000000000000000000, sa_flags=none
SIGTERM: [libjvm.so+0x8e50d0], sa_mask[0]=11111111011111111101111111111110, sa_flags=SA_RESTART|SA_SIGINFO
SIGQUIT: [libjvm.so+0x8e50d0], sa_mask[0]=11111111011111111101111111111110, sa_flags=SA_RESTART|SA_SIGINFO


---------------  S Y S T E M  ---------------

OS:DISTRIB_ID="elementary OS"
DISTRIB_RELEASE=0.2.1
DISTRIB_CODENAME=luna
DISTRIB_DESCRIPTION="elementary OS Luna"

uname:Linux 3.11.0-26-generic #45~precise1-Ubuntu SMP Tue Jul 15 04:02:35 UTC 2014 x86_64
libc:glibc 2.15 NPTL 2.15 
rlimit: STACK 8192k, CORE 0k, NPROC 24027, NOFILE 4096, AS infinity
load average:3.90 3.33 2.96

/proc/meminfo:
MemTotal:        3102324 kB
MemFree:          137604 kB
Buffers:            1416 kB
Cached:            91892 kB
SwapCached:       117940 kB
Active:          1970880 kB
Inactive:         649872 kB
Active(anon):    1934784 kB
Inactive(anon):   607376 kB
Active(file):      36096 kB
Inactive(file):    42496 kB
Unevictable:         592 kB
Mlocked:             592 kB
SwapTotal:       1535996 kB
SwapFree:         513416 kB
Dirty:               112 kB
Writeback:             0 kB
AnonPages:       2411376 kB
Mapped:           140432 kB
Shmem:             14440 kB
Slab:              65184 kB
SReclaimable:      28996 kB
SUnreclaim:        36188 kB
KernelStack:        5944 kB
PageTables:        56548 kB
NFS_Unstable:          0 kB
Bounce:                0 kB
WritebackTmp:          0 kB
CommitLimit:     3087156 kB
Committed_AS:   11276268 kB
VmallocTotal:   34359738367 kB
VmallocUsed:      104408 kB
VmallocChunk:   34359582656 kB
HardwareCorrupted:     0 kB
AnonHugePages:         0 kB
HugePages_Total:       0
HugePages_Free:        0
HugePages_Rsvd:        0
HugePages_Surp:        0
Hugepagesize:       2048 kB
DirectMap4k:      992400 kB
DirectMap2M:     2310144 kB
DirectMap1G:           0 kB


CPU:total 2 (2 cores per cpu, 1 threads per core) family 21 model 19 stepping 1, cmov, cx8, fxsr, mmx, sse, sse2, sse3, ssse3, sse4.1, sse4.2, popcnt, avx, aes, clmul, mmxext, 3dnowpref, lzcnt, sse4a, tsc, tscinvbit, tscinv, bmi1

/proc/cpuinfo:
processor	: 0
vendor_id	: AuthenticAMD
cpu family	: 21
model		: 19
model name	: AMD A6-5350M APU with Radeon(tm) HD Graphics
stepping	: 1
microcode	: 0x6001119
cpu MHz		: 1400.000
cache size	: 1024 KB
physical id	: 0
siblings	: 2
core id		: 0
cpu cores	: 1
apicid		: 16
initial apicid	: 0
fpu		: yes
fpu_exception	: yes
cpuid level	: 13
wp		: yes
flags		: fpu vme de pse tsc msr pae mce cx8 apic sep mtrr pge mca cmov pat pse36 clflush mmx fxsr sse sse2 ht syscall nx mmxext fxsr_opt pdpe1gb rdtscp lm constant_tsc rep_good nopl nonstop_tsc extd_apicid aperfmperf pni pclmulqdq monitor ssse3 fma cx16 sse4_1 sse4_2 popcnt aes xsave avx f16c lahf_lm cmp_legacy svm extapic cr8_legacy abm sse4a misalignsse 3dnowprefetch osvw ibs xop skinit wdt lwp fma4 tce nodeid_msr tbm topoext perfctr_core perfctr_nb arat cpb hw_pstate npt lbrv svm_lock nrip_save tsc_scale vmcb_clean flushbyasid decodeassists pausefilter pfthreshold bmi1
bogomips	: 5788.97
TLB size	: 1536 4K pages
clflush size	: 64
cache_alignment	: 64
address sizes	: 48 bits physical, 48 bits virtual
power management: ts ttp tm 100mhzsteps hwpstate cpb eff_freq_ro

processor	: 1
vendor_id	: AuthenticAMD
cpu family	: 21
model		: 19
model name	: AMD A6-5350M APU with Radeon(tm) HD Graphics   
stepping	: 1
microcode	: 0x6001119
cpu MHz		: 1400.000
cache size	: 1024 KB
physical id	: 0
siblings	: 2
core id		: 1
cpu cores	: 1
apicid		: 17
initial apicid	: 1
fpu		: yes
fpu_exception	: yes
cpuid level	: 13
wp		: yes
flags		: fpu vme de pse tsc msr pae mce cx8 apic sep mtrr pge mca cmov pat pse36 clflush mmx fxsr sse sse2 ht syscall nx mmxext fxsr_opt pdpe1gb rdtscp lm constant_tsc rep_good nopl nonstop_tsc extd_apicid aperfmperf pni pclmulqdq monitor ssse3 fma cx16 sse4_1 sse4_2 popcnt aes xsave avx f16c lahf_lm cmp_legacy svm extapic cr8_legacy abm sse4a misalignsse 3dnowprefetch osvw ibs xop skinit wdt lwp fma4 tce nodeid_msr tbm topoext perfctr_core perfctr_nb arat cpb hw_pstate npt lbrv svm_lock nrip_save tsc_scale vmcb_clean flushbyasid decodeassists pausefilter pfthreshold bmi1
bogomips	: 5788.97
TLB size	: 1536 4K pages
clflush size	: 64
cache_alignment	: 64
address sizes	: 48 bits physical, 48 bits virtual
power management: ts ttp tm 100mhzsteps hwpstate cpb eff_freq_ro



Memory: 4k page, physical 3102324k(137604k free), swap 1535996k(513416k free)

vm_info: Java HotSpot(TM) 64-Bit Server VM (25.25-b02) for linux-amd64 JRE (1.8.0_25-b17), built on Sep 17 2014 17:32:11 by "java_re" with gcc 4.3.0 20080428 (Red Hat 4.3.0-8)

time: Mon Jan 12 19:26:42 2015
elapsed time: 233 seconds (0d 0h 3m 53s)

