#
# A fatal error has been detected by the Java Runtime Environment:
#
#  SIGBUS (0x7) at pc=0x00007f58245297d2, pid=11459, tid=140015002142464
#
# JRE version: Java(TM) SE Runtime Environment (8.0_25-b17) (build 1.8.0_25-b17)
# Java VM: Java HotSpot(TM) 64-Bit Server VM (25.25-b02 mixed mode linux-amd64 compressed oops)
# Problematic frame:
# C  [libzip.so+0x117d2]  newEntry+0x62
#
# Failed to write core dump. Core dumps have been disabled. To enable core dumping, try "ulimit -c unlimited" before starting Java again
#
# If you would like to submit a bug report, please visit:
#   http://bugreport.sun.com/bugreport/crash.jsp
# The crash happened outside the Java Virtual Machine in native code.
# See problematic frame for where to report the bug.
#

---------------  T H R E A D  ---------------

Current thread (0x00007f57dc11b000):  JavaThread "PeerGroup Thread" daemon [_thread_in_native, id=11504, stack(0x00007f57c8674000,0x00007f57c8775000)]

siginfo: si_signo: 7 (SIGBUS), si_code: 2 (BUS_ADRERR), si_addr: 0x00007f58093d01de

Registers:
RAX=0x00007f57d002c8a0, RBX=0x00007f582016e280, RCX=0x00007f57d0000040, RDX=0x00007f57d0000020
RSP=0x00007f57c8770db0, RBP=0x00007f57c8770e00, RSI=0x00007f57d0000038, RDI=0x0000000000000003
R8 =0x0000000000000000, R9 =0x00007f57c8770e80, R10=0x726f632f6a6e696f, R11=0x7247726565502f65
R12=0x00007f58093d01c1, R13=0x00007f57d002c8a0, R14=0x00000000cc1b6b01, R15=0x00007f58201842c0
RIP=0x00007f58245297d2, EFLAGS=0x0000000000010202, CSGSFS=0x0000000000000033, ERR=0x0000000000000004
  TRAPNO=0x000000000000000e

Top of Stack: (sp=0x00007f57c8770db0)
0x00007f57c8770db0:   000000a2dc11b000 00007f5800000000
0x00007f57c8770dc0:   00000001000007a8 00007f582617497e
0x00007f57c8770dd0:   00007f57d002c8a0 00007f582016e280
0x00007f57c8770de0:   00007f57d0037290 00007f58201842c0
0x00007f57c8770df0:   00000000cc1b6b01 0000000000000023
0x00007f57c8770e00:   00007f57c8770e60 00007f5824529f2f
0x00007f57c8770e10:   00007f57dc11b000 01000003c5dab1d0
0x00007f57c8770e20:   00007f57c8770e80 00007f57c8770ea4
0x00007f57c8770e30:   00007f57c8770ea2 00007f57c8770e80
0x00007f57c8770e40:   0000000000000023 00007f57dc11b1e8
0x00007f57c8770e50:   00007f57c87712d8 0000000000000001
0x00007f57c8770e60:   00007f57c87712c0 00007f582451bd30
0x00007f57c8770e70:   000000000000002b 00007f58201842c0
0x00007f57c8770e80:   637469622f67726f 726f632f6a6e696f
0x00007f57c8770e90:   7247726565502f65 6c632e362470756f
0x00007f57c8770ea0:   0000000000737361 00000000c5dd51e0
0x00007f57c8770eb0:   00000000c87adf10 00007f58c879bef0
0x00007f57c8770ec0:   00007f57da7e57a0 00000000cf32cf30
0x00007f57c8770ed0:   00000000c87add48 00000009cf316858
0x00007f57c8770ee0:   00000000105cc6c0 0000000000000000
0x00007f57c8770ef0:   0000000000000000 0000000000000000
0x00007f57c8770f00:   00000000c8795c20 00007f5700000000
0x00007f57c8770f10:   00007f57cf314030 0000000000000000
0x00007f57c8770f20:   0000000100000000 0000000000000000
0x00007f57c8770f30:   00000001c87add28 00007f58268d3e0e
0x00007f57c8770f40:   00007f57c87715e0 00007f57c87715d0
0x00007f57c8770f50:   00007f57c8771700 00007f57dc11b000
0x00007f57c8770f60:   0000000000000000 00007f58268a077c
0x00007f57c8770f70:   00007f57dc12ada0 00000000f782d678
0x00007f57c8770f80:   00000000f782d698 00000000f782d6e8
0x00007f57c8770f90:   00000000f782d778 00007f5800000012
0x00007f57c8770fa0:   00007f58272fdd50 0000000000000000 

Instructions: (pc=0x00007f58245297d2)
0x00007f58245297b2:   00 48 c7 40 28 00 00 00 00 41 80 7f 30 00 0f 84
0x00007f58245297c2:   8a 02 00 00 4c 8b 63 08 4d 2b 67 28 4d 03 67 18
0x00007f58245297d2:   41 0f b6 5c 24 1d 41 0f b6 44 24 1c c1 e3 08 09
0x00007f58245297e2:   c3 41 0f b6 44 24 1e 88 45 bd 41 0f b6 54 24 20 

Register to memory mapping:

RAX=0x00007f57d002c8a0 is an unknown value
RBX=0x00007f582016e280 is an unknown value
RCX=0x00007f57d0000040 is an unknown value
RDX=0x00007f57d0000020 is an unknown value
RSP=0x00007f57c8770db0 is pointing into the stack for thread: 0x00007f57dc11b000
RBP=0x00007f57c8770e00 is pointing into the stack for thread: 0x00007f57dc11b000
RSI=0x00007f57d0000038 is an unknown value
RDI=0x0000000000000003 is an unknown value
R8 =0x0000000000000000 is an unknown value
R9 =0x00007f57c8770e80 is pointing into the stack for thread: 0x00007f57dc11b000
R10=0x726f632f6a6e696f is an unknown value
R11=0x7247726565502f65 is an unknown value
R12=0x00007f58093d01c1 is an unknown value
R13=0x00007f57d002c8a0 is an unknown value
R14=0x00000000cc1b6b01 is an unknown value
R15=0x00007f58201842c0 is an unknown value


Stack: [0x00007f57c8674000,0x00007f57c8775000],  sp=0x00007f57c8770db0,  free space=1011k
Native frames: (J=compiled Java code, j=interpreted, Vv=VM code, C=native code)
C  [libzip.so+0x117d2]  newEntry+0x62
C  [libzip.so+0x11f2f]  ZIP_GetEntry2+0xff
C  [libzip.so+0x3d30]  Java_java_util_zip_ZipFile_getEntry+0xf0
J 165  java.util.zip.ZipFile.getEntry(J[BZ)J (0 bytes) @ 0x00007f581115e34e [0x00007f581115e280+0xce]
J 274 C1 java.util.zip.ZipFile.getEntry(Ljava/lang/String;)Ljava/util/zip/ZipEntry; (86 bytes) @ 0x00007f58111985cc [0x00007f5811198360+0x26c]
J 528 C1 java.util.jar.JarFile.getEntry(Ljava/lang/String;)Ljava/util/zip/ZipEntry; (22 bytes) @ 0x00007f5811262924 [0x00007f58112628a0+0x84]
J 463 C2 sun.misc.URLClassPath$JarLoader.getResource(Ljava/lang/String;Z)Lsun/misc/Resource; (85 bytes) @ 0x00007f5811231848 [0x00007f5811231720+0x128]
J 157 C1 sun.misc.URLClassPath.getResource(Ljava/lang/String;Z)Lsun/misc/Resource; (74 bytes) @ 0x00007f581115a09c [0x00007f5811159f60+0x13c]
J 266 C1 java.net.URLClassLoader$1.run()Ljava/lang/Class; (73 bytes) @ 0x00007f581119649c [0x00007f58111962a0+0x1fc]
J 234 C1 java.net.URLClassLoader$1.run()Ljava/lang/Object; (5 bytes) @ 0x00007f58111821cc [0x00007f5811182140+0x8c]
v  ~StubRoutines::call_stub
V  [libjvm.so+0x664086]  JavaCalls::call_helper(JavaValue*, methodHandle*, JavaCallArguments*, Thread*)+0x1056
V  [libjvm.so+0x6f8fec]  JVM_DoPrivileged+0x27c
J 233  java.security.AccessController.doPrivileged(Ljava/security/PrivilegedExceptionAction;Ljava/security/AccessControlContext;)Ljava/lang/Object; (0 bytes) @ 0x00007f5811181e55 [0x00007f5811181d80+0xd5]
J 232 C1 java.net.URLClassLoader.findClass(Ljava/lang/String;)Ljava/lang/Class; (29 bytes) @ 0x00007f58111816a4 [0x00007f5811181520+0x184]
J 144 C1 java.lang.ClassLoader.loadClass(Ljava/lang/String;Z)Ljava/lang/Class; (122 bytes) @ 0x00007f581114eb5c [0x00007f581114e200+0x95c]
J 228 C1 sun.misc.Launcher$AppClassLoader.loadClass(Ljava/lang/String;Z)Ljava/lang/Class; (40 bytes) @ 0x00007f581117f26c [0x00007f581117ee40+0x42c]
J 227 C1 java.lang.ClassLoader.loadClass(Ljava/lang/String;)Ljava/lang/Class; (7 bytes) @ 0x00007f581117eb04 [0x00007f581117ea00+0x104]
v  ~StubRoutines::call_stub
V  [libjvm.so+0x664086]  JavaCalls::call_helper(JavaValue*, methodHandle*, JavaCallArguments*, Thread*)+0x1056
V  [libjvm.so+0x664591]  JavaCalls::call_virtual(JavaValue*, KlassHandle, Symbol*, Symbol*, JavaCallArguments*, Thread*)+0x321
V  [libjvm.so+0x6649e6]  JavaCalls::call_virtual(JavaValue*, Handle, KlassHandle, Symbol*, Symbol*, Handle, Thread*)+0x56
V  [libjvm.so+0x9f51b0]  SystemDictionary::load_instance_class(Symbol*, Handle, Thread*)+0x3c0
V  [libjvm.so+0x9f421c]  SystemDictionary::resolve_instance_class_or_null(Symbol*, Handle, Handle, Thread*)+0x7cc
V  [libjvm.so+0x9f55d3]  SystemDictionary::resolve_or_fail(Symbol*, Handle, Handle, bool, Thread*)+0x33
V  [libjvm.so+0x4dc768]  ConstantPool::klass_at_impl(constantPoolHandle, int, Thread*)+0x158
V  [libjvm.so+0x658371]  InterpreterRuntime::_new(JavaThread*, ConstantPool*, int)+0x71
j  org.bitcoinj.core.PeerGroup.discoverPeers()I+237
j  org.bitcoinj.core.PeerGroup$5.go()V+216
j  org.bitcoinj.core.PeerGroup$5.run()V+1
j  java.util.concurrent.Executors$RunnableAdapter.call()Ljava/lang/Object;+4
j  java.util.concurrent.FutureTask.run()V+42
j  java.util.concurrent.Executors$RunnableAdapter.call()Ljava/lang/Object;+4
j  java.util.concurrent.FutureTask.run()V+42
j  java.util.concurrent.ScheduledThreadPoolExecutor$ScheduledFutureTask.access$201(Ljava/util/concurrent/ScheduledThreadPoolExecutor$ScheduledFutureTask;)V+1
j  java.util.concurrent.ScheduledThreadPoolExecutor$ScheduledFutureTask.run()V+30
j  java.util.concurrent.ThreadPoolExecutor.runWorker(Ljava/util/concurrent/ThreadPoolExecutor$Worker;)V+95
j  java.util.concurrent.ThreadPoolExecutor$Worker.run()V+5
j  java.lang.Thread.run()V+11
v  ~StubRoutines::call_stub
V  [libjvm.so+0x664086]  JavaCalls::call_helper(JavaValue*, methodHandle*, JavaCallArguments*, Thread*)+0x1056
V  [libjvm.so+0x664591]  JavaCalls::call_virtual(JavaValue*, KlassHandle, Symbol*, Symbol*, JavaCallArguments*, Thread*)+0x321
V  [libjvm.so+0x664a37]  JavaCalls::call_virtual(JavaValue*, Handle, KlassHandle, Symbol*, Symbol*, Thread*)+0x47
V  [libjvm.so+0x6dee3e]  thread_entry(JavaThread*, Thread*)+0x7e
V  [libjvm.so+0xa29e8f]  JavaThread::thread_main_inner()+0xdf
V  [libjvm.so+0xa29fbc]  JavaThread::run()+0x11c
V  [libjvm.so+0x8e7d48]  java_start(Thread*)+0x108
C  [libpthread.so.0+0x7e9a]  start_thread+0xda

Java frames: (J=compiled Java code, j=interpreted, Vv=VM code)
J 165  java.util.zip.ZipFile.getEntry(J[BZ)J (0 bytes) @ 0x00007f581115e2d8 [0x00007f581115e280+0x58]
J 274 C1 java.util.zip.ZipFile.getEntry(Ljava/lang/String;)Ljava/util/zip/ZipEntry; (86 bytes) @ 0x00007f58111985cc [0x00007f5811198360+0x26c]
J 528 C1 java.util.jar.JarFile.getEntry(Ljava/lang/String;)Ljava/util/zip/ZipEntry; (22 bytes) @ 0x00007f5811262924 [0x00007f58112628a0+0x84]
J 463 C2 sun.misc.URLClassPath$JarLoader.getResource(Ljava/lang/String;Z)Lsun/misc/Resource; (85 bytes) @ 0x00007f5811231848 [0x00007f5811231720+0x128]
J 157 C1 sun.misc.URLClassPath.getResource(Ljava/lang/String;Z)Lsun/misc/Resource; (74 bytes) @ 0x00007f581115a09c [0x00007f5811159f60+0x13c]
J 266 C1 java.net.URLClassLoader$1.run()Ljava/lang/Class; (73 bytes) @ 0x00007f581119649c [0x00007f58111962a0+0x1fc]
J 234 C1 java.net.URLClassLoader$1.run()Ljava/lang/Object; (5 bytes) @ 0x00007f58111821cc [0x00007f5811182140+0x8c]
v  ~StubRoutines::call_stub
J 233  java.security.AccessController.doPrivileged(Ljava/security/PrivilegedExceptionAction;Ljava/security/AccessControlContext;)Ljava/lang/Object; (0 bytes) @ 0x00007f5811181de3 [0x00007f5811181d80+0x63]
J 232 C1 java.net.URLClassLoader.findClass(Ljava/lang/String;)Ljava/lang/Class; (29 bytes) @ 0x00007f58111816a4 [0x00007f5811181520+0x184]
J 144 C1 java.lang.ClassLoader.loadClass(Ljava/lang/String;Z)Ljava/lang/Class; (122 bytes) @ 0x00007f581114eb5c [0x00007f581114e200+0x95c]
J 228 C1 sun.misc.Launcher$AppClassLoader.loadClass(Ljava/lang/String;Z)Ljava/lang/Class; (40 bytes) @ 0x00007f581117f26c [0x00007f581117ee40+0x42c]
J 227 C1 java.lang.ClassLoader.loadClass(Ljava/lang/String;)Ljava/lang/Class; (7 bytes) @ 0x00007f581117eb04 [0x00007f581117ea00+0x104]
v  ~StubRoutines::call_stub
j  org.bitcoinj.core.PeerGroup.discoverPeers()I+237
j  org.bitcoinj.core.PeerGroup$5.go()V+216
j  org.bitcoinj.core.PeerGroup$5.run()V+1
j  java.util.concurrent.Executors$RunnableAdapter.call()Ljava/lang/Object;+4
j  java.util.concurrent.FutureTask.run()V+42
j  java.util.concurrent.Executors$RunnableAdapter.call()Ljava/lang/Object;+4
j  java.util.concurrent.FutureTask.run()V+42
j  java.util.concurrent.ScheduledThreadPoolExecutor$ScheduledFutureTask.access$201(Ljava/util/concurrent/ScheduledThreadPoolExecutor$ScheduledFutureTask;)V+1
j  java.util.concurrent.ScheduledThreadPoolExecutor$ScheduledFutureTask.run()V+30
j  java.util.concurrent.ThreadPoolExecutor.runWorker(Ljava/util/concurrent/ThreadPoolExecutor$Worker;)V+95
j  java.util.concurrent.ThreadPoolExecutor$Worker.run()V+5
j  java.lang.Thread.run()V+11
v  ~StubRoutines::call_stub

---------------  P R O C E S S  ---------------

Java Threads: ( => current thread )
  0x00007f580c01e000 JavaThread "Thread-34" daemon [_thread_in_native, id=11685, stack(0x00007f57c588b000,0x00007f57c598c000)]
  0x00007f57d002b800 JavaThread "Thread-37" daemon [_thread_in_native, id=11681, stack(0x00007f57c598c000,0x00007f57c5a8d000)]
  0x00007f57dc1f4800 JavaThread "Thread-32" daemon [_thread_in_native, id=11680, stack(0x00007f57c5a8d000,0x00007f57c5b8e000)]
  0x00007f57e0042000 JavaThread "Thread-39" daemon [_thread_in_native, id=11678, stack(0x00007f57c5b8e000,0x00007f57c5c8f000)]
  0x00007f5800015000 JavaThread "Thread-31" daemon [_thread_in_native, id=11677, stack(0x00007f57c5c8f000,0x00007f57c5d90000)]
  0x00007f57fc007000 JavaThread "Thread-36" daemon [_thread_in_native, id=11676, stack(0x00007f57c6c9d000,0x00007f57c6d9e000)]
  0x00007f57f402d000 JavaThread "Thread-33" daemon [_thread_in_native, id=11675, stack(0x00007f57c6697000,0x00007f57c6798000)]
  0x00007f5804014800 JavaThread "Thread-35" daemon [_thread_in_native, id=11674, stack(0x00007f57c6fa0000,0x00007f57c70a1000)]
  0x00007f582028f000 JavaThread "Thread-38" daemon [_thread_in_native, id=11673, stack(0x00007f57c6a9b000,0x00007f57c6b9c000)]
  0x00007f5804013800 JavaThread "Thread-40" daemon [_thread_in_native, id=11672, stack(0x00007f57c6798000,0x00007f57c6899000)]
  0x00007f57e4002800 JavaThread "Thread-30" daemon [_thread_in_native, id=11598, stack(0x00007f57c6495000,0x00007f57c6596000)]
  0x00007f57e8061000 JavaThread "Thread-16" daemon [_thread_in_native, id=11597, stack(0x00007f57c6596000,0x00007f57c6697000)]
  0x00007f5804010800 JavaThread "Thread-22" daemon [_thread_in_native, id=11596, stack(0x00007f57c816e000,0x00007f57c826f000)]
  0x00007f57e0040000 JavaThread "Thread-14" daemon [_thread_in_native, id=11595, stack(0x00007f57c826f000,0x00007f57c8370000)]
  0x00007f57dc1eb000 JavaThread "Thread-15" daemon [_thread_in_native, id=11582, stack(0x00007f57c70a1000,0x00007f57c71a2000)]
  0x00007f57f049d800 JavaThread "qtp178455154-45" [_thread_blocked, id=11564, stack(0x00007f57c72a3000,0x00007f57c73a4000)]
  0x00007f57f4004000 JavaThread "qtp178455154-44" [_thread_blocked, id=11563, stack(0x00007f57c71a2000,0x00007f57c72a3000)]
  0x00007f57e002e800 JavaThread "qtp178455154-42" [_thread_blocked, id=11561, stack(0x00007f57c73a4000,0x00007f57c74a5000)]
  0x0000000001af8000 JavaThread "Scheduler-1429924810" [_thread_blocked, id=11551, stack(0x00007f57c74a5000,0x00007f57c75a6000)]
  0x00007f57d40c6800 JavaThread "CircuitCreationTask worker-3" daemon [_thread_blocked, id=11532, stack(0x00007f57c77a6000,0x00007f57c78a7000)]
  0x00007f57d40c5000 JavaThread "CircuitCreationTask worker-2" daemon [_thread_blocked, id=11531, stack(0x00007f57c78a7000,0x00007f57c79a8000)]
  0x00007f57d40c3000 JavaThread "CircuitCreationTask worker-1" daemon [_thread_blocked, id=11518, stack(0x00007f57c7db3000,0x00007f57c7eb4000)]
  0x00007f57d40c0800 JavaThread "CircuitCreationTask worker-0" daemon [_thread_blocked, id=11517, stack(0x00007f57c7eb4000,0x00007f57c7fb5000)]
  0x00007f57dc196800 JavaThread "DirectoryDownloadTask worker-0" daemon [_thread_blocked, id=11516, stack(0x00007f57c7fb5000,0x00007f57c80b6000)]
  0x00007f57d0004800 JavaThread "CircuitManager worker-0" daemon [_thread_blocked, id=11506, stack(0x00007f57c8573000,0x00007f57c8674000)]
  0x00007f57d0003000 JavaThread "Thread-13" daemon [_thread_blocked, id=11505, stack(0x00007f580926d000,0x00007f580936e000)]
=>0x00007f57dc11b000 JavaThread "PeerGroup Thread" daemon [_thread_in_native, id=11504, stack(0x00007f57c8674000,0x00007f57c8775000)]
  0x00007f57dc050000 JavaThread "pool-5-thread-1" [_thread_blocked, id=11503, stack(0x00007f57c8975000,0x00007f57c8a76000)]
  0x00007f57dc174000 JavaThread "DescriptorCache rebuild worker-0" daemon [_thread_blocked, id=11500, stack(0x00007f57c8a76000,0x00007f57c8b77000)]
  0x00007f57dc170000 JavaThread "DescriptorCache rebuild worker-0" daemon [_thread_blocked, id=11499, stack(0x00007f57c8b77000,0x00007f57c8c78000)]
  0x00007f5820009800 JavaThread "DestroyJavaVM" [_thread_blocked, id=11460, stack(0x00007f5827364000,0x00007f5827465000)]
  0x00007f5820358000 JavaThread "AWT-XAWT" daemon [_thread_in_native, id=11486, stack(0x00007f57d99af000,0x00007f57d9ab0000)]
  0x00007f582033b000 JavaThread "Java2D Disposer" daemon [_thread_blocked, id=11485, stack(0x00007f57d9ec7000,0x00007f57d9fc8000)]
  0x00007f57d4062800 JavaThread "HashSessionScavenger-0" daemon [_thread_blocked, id=11484, stack(0x00007f57da677000,0x00007f57da778000)]
  0x00007f57d405e800 JavaThread "qtp178455154-21" [_thread_blocked, id=11483, stack(0x00007f57da978000,0x00007f57daa79000)]
  0x00007f57d405c800 JavaThread "qtp178455154-20" [_thread_blocked, id=11482, stack(0x00007f57daa79000,0x00007f57dab7a000)]
  0x00007f57d405a800 JavaThread "qtp178455154-19" [_thread_blocked, id=11481, stack(0x00007f57dab7a000,0x00007f57dac7b000)]
  0x00007f57d4059000 JavaThread "qtp178455154-18" [_thread_blocked, id=11480, stack(0x00007f57dac7b000,0x00007f57dad7c000)]
  0x00007f57d4057000 JavaThread "qtp178455154-17" [_thread_blocked, id=11479, stack(0x00007f57dad7c000,0x00007f57dae7d000)]
  0x00007f57d4055800 JavaThread "qtp178455154-16-acceptor-0-ServerConnector@29c34146{HTTP/1.1}{0.0.0.0:4567}" [_thread_in_native, id=11478, stack(0x00007f57dae7d000,0x00007f57daf7e000)]
  0x00007f57d4053800 JavaThread "qtp178455154-15-selector-1" [_thread_in_native, id=11477, stack(0x00007f57daf7e000,0x00007f57db07f000)]
  0x00007f57d4050000 JavaThread "qtp178455154-14-selector-0" [_thread_in_native, id=11476, stack(0x00007f57db07f000,0x00007f57db180000)]
  0x00007f57d4048800 JavaThread "DateCache" daemon [_thread_blocked, id=11475, stack(0x00007f57db58f000,0x00007f57db690000)]
  0x00007f58202ed000 JavaThread "Thread-1" [_thread_blocked, id=11474, stack(0x00007f58089ef000,0x00007f5808af0000)]
  0x00007f57dc05d000 JavaThread "bitcoinj user thread" daemon [_thread_blocked, id=11473, stack(0x00007f580916c000,0x00007f580926d000)]
  0x00007f5820134800 JavaThread "Service Thread" daemon [_thread_blocked, id=11469, stack(0x00007f580953c000,0x00007f580963d000)]
  0x00007f582012f800 JavaThread "C1 CompilerThread1" daemon [_thread_blocked, id=11468, stack(0x00007f580963d000,0x00007f580973e000)]
  0x00007f582012c800 JavaThread "C2 CompilerThread0" daemon [_thread_blocked, id=11467, stack(0x00007f580973e000,0x00007f580983f000)]
  0x00007f582012a800 JavaThread "Signal Dispatcher" daemon [_thread_blocked, id=11466, stack(0x00007f580983f000,0x00007f5809940000)]
  0x00007f58200ff000 JavaThread "Finalizer" daemon [_thread_blocked, id=11465, stack(0x00007f5809d45000,0x00007f5809e46000)]
  0x00007f58200fd000 JavaThread "Reference Handler" daemon [_thread_blocked, id=11464, stack(0x00007f5809e46000,0x00007f5809f47000)]

Other Threads:
  0x00007f58200f6000 VMThread [stack: 0x00007f5809f47000,0x00007f580a048000] [id=11463]
  0x00007f5820159800 WatcherThread [stack: 0x00007f580943b000,0x00007f580953c000] [id=11470]

VM state:not at safepoint (normal execution)

VM Mutex/Monitor currently owned by a thread: None

Heap:
 PSYoungGen      total 163840K, used 135633K [0x00000000f0380000, 0x00000000ff300000, 0x0000000100000000)
  eden space 145408K, 93% used [0x00000000f0380000,0x00000000f87f4528,0x00000000f9180000)
  from space 18432K, 0% used [0x00000000f9180000,0x00000000f9180000,0x00000000fa380000)
  to   space 17408K, 0% used [0x00000000fe200000,0x00000000fe200000,0x00000000ff300000)
 ParOldGen       total 77824K, used 49039K [0x00000000d0a00000, 0x00000000d5600000, 0x00000000f0380000)
  object space 77824K, 63% used [0x00000000d0a00000,0x00000000d39e3d80,0x00000000d5600000)
 Metaspace       used 20822K, capacity 21028K, committed 21376K, reserved 1069056K
  class space    used 2357K, capacity 2406K, committed 2432K, reserved 1048576K

Card table byte_map: [0x00007f5810e84000,0x00007f5811000000] byte_map_base: 0x00007f58107ff000

Marking Bits: (ParMarkBitMap*) 0x00007f582682a2c0
 Begin Bits: [0x00007f580a850000, 0x00007f580b428000)
 End Bits:   [0x00007f580b428000, 0x00007f580c000000)

Polling page: 0x00007f5827479000

CodeCache: size=245760Kb used=8924Kb max_used=9008Kb free=236835Kb
 bounds [0x00007f5811000000, 0x00007f58118e0000, 0x00007f5820000000]
 total_blobs=3305 nmethods=2781 adapters=439
 compilation: enabled

Compilation events (10 events):
Event: 75.159 Thread 0x00007f582012f800 nmethod 3359 0x00007f581134bfd0 code [0x00007f581134c120, 0x00007f581134c210]
Event: 75.162 Thread 0x00007f582012c800 nmethod 3357 0x00007f58111ea2d0 code [0x00007f58111ea440, 0x00007f58111ea6d8]
Event: 75.162 Thread 0x00007f582012c800 3360       4       java.util.concurrent.locks.AbstractQueuedSynchronizer::release (33 bytes)
Event: 75.163 Thread 0x00007f582012f800 3361       3       java.net.Inet6Address$Inet6AddressHolder::hashCode (68 bytes)
Event: 75.164 Thread 0x00007f582012f800 nmethod 3361 0x00007f5811703ed0 code [0x00007f5811704060, 0x00007f58117043d0]
Event: 75.164 Thread 0x00007f582012f800 3363       3       java.math.BigInteger::hashCode (45 bytes)
Event: 75.164 Thread 0x00007f582012f800 nmethod 3363 0x00007f58113fe810 code [0x00007f58113fe980, 0x00007f58113febb0]
Event: 75.164 Thread 0x00007f582012f800 3362       3       java.net.Inet4Address::hashCode (8 bytes)
Event: 75.164 Thread 0x00007f582012f800 nmethod 3362 0x00007f58113fe390 code [0x00007f58113fe500, 0x00007f58113fe710]
Event: 75.166 Thread 0x00007f582012c800 nmethod 3360 0x00007f5811412a90 code [0x00007f5811412be0, 0x00007f5811412dc8]

GC Heap History (10 events):
Event: 8.104 GC heap before
{Heap before GC invocations=9 (full 0):
 PSYoungGen      total 103936K, used 103933K [0x00000000f0380000, 0x00000000f7c80000, 0x0000000100000000)
  eden space 94720K, 100% used [0x00000000f0380000,0x00000000f6000000,0x00000000f6000000)
  from space 9216K, 99% used [0x00000000f6c80000,0x00000000f757f470,0x00000000f7580000)
  to   space 12800K, 0% used [0x00000000f6000000,0x00000000f6000000,0x00000000f6c80000)
 ParOldGen       total 32768K, used 22343K [0x00000000d0a00000, 0x00000000d2a00000, 0x00000000f0380000)
  object space 32768K, 68% used [0x00000000d0a00000,0x00000000d1fd1f78,0x00000000d2a00000)
 Metaspace       used 17210K, capacity 17404K, committed 17664K, reserved 1064960K
  class space    used 2001K, capacity 2042K, committed 2048K, reserved 1048576K
Event: 8.157 GC heap after
Heap after GC invocations=9 (full 0):
 PSYoungGen      total 107520K, used 12777K [0x00000000f0380000, 0x00000000fba80000, 0x0000000100000000)
  eden space 94720K, 0% used [0x00000000f0380000,0x00000000f0380000,0x00000000f6000000)
  from space 12800K, 99% used [0x00000000f6000000,0x00000000f6c7a4f0,0x00000000f6c80000)
  to   space 17920K, 0% used [0x00000000fa900000,0x00000000fa900000,0x00000000fba80000)
 ParOldGen       total 32768K, used 29740K [0x00000000d0a00000, 0x00000000d2a00000, 0x00000000f0380000)
  object space 32768K, 90% used [0x00000000d0a00000,0x00000000d270b210,0x00000000d2a00000)
 Metaspace       used 17210K, capacity 17404K, committed 17664K, reserved 1064960K
  class space    used 2001K, capacity 2042K, committed 2048K, reserved 1048576K
}
Event: 8.157 GC heap before
{Heap before GC invocations=10 (full 1):
 PSYoungGen      total 107520K, used 12777K [0x00000000f0380000, 0x00000000fba80000, 0x0000000100000000)
  eden space 94720K, 0% used [0x00000000f0380000,0x00000000f0380000,0x00000000f6000000)
  from space 12800K, 99% used [0x00000000f6000000,0x00000000f6c7a4f0,0x00000000f6c80000)
  to   space 17920K, 0% used [0x00000000fa900000,0x00000000fa900000,0x00000000fba80000)
 ParOldGen       total 32768K, used 29740K [0x00000000d0a00000, 0x00000000d2a00000, 0x00000000f0380000)
  object space 32768K, 90% used [0x00000000d0a00000,0x00000000d270b210,0x00000000d2a00000)
 Metaspace       used 17210K, capacity 17404K, committed 17664K, reserved 1064960K
  class space    used 2001K, capacity 2042K, committed 2048K, reserved 1048576K
Event: 8.338 GC heap after
Heap after GC invocations=10 (full 1):
 PSYoungGen      total 107520K, used 991K [0x00000000f0380000, 0x00000000fba80000, 0x0000000100000000)
  eden space 94720K, 0% used [0x00000000f0380000,0x00000000f0380000,0x00000000f6000000)
  from space 12800K, 7% used [0x00000000f6000000,0x00000000f60f7d40,0x00000000f6c80000)
  to   space 17920K, 0% used [0x00000000fa900000,0x00000000fa900000,0x00000000fba80000)
 ParOldGen       total 55296K, used 32666K [0x00000000d0a00000, 0x00000000d4000000, 0x00000000f0380000)
  object space 55296K, 59% used [0x00000000d0a00000,0x00000000d29e6b88,0x00000000d4000000)
 Metaspace       used 17208K, capacity 17402K, committed 17664K, reserved 1064960K
  class space    used 2000K, capacity 2041K, committed 2048K, reserved 1048576K
}
Event: 8.501 GC heap before
{Heap before GC invocations=11 (full 1):
 PSYoungGen      total 107520K, used 95711K [0x00000000f0380000, 0x00000000fba80000, 0x0000000100000000)
  eden space 94720K, 100% used [0x00000000f0380000,0x00000000f6000000,0x00000000f6000000)
  from space 12800K, 7% used [0x00000000f6000000,0x00000000f60f7d40,0x00000000f6c80000)
  to   space 17920K, 0% used [0x00000000fa900000,0x00000000fa900000,0x00000000fba80000)
 ParOldGen       total 55296K, used 32666K [0x00000000d0a00000, 0x00000000d4000000, 0x00000000f0380000)
  object space 55296K, 59% used [0x00000000d0a00000,0x00000000d29e6b88,0x00000000d4000000)
 Metaspace       used 17209K, capacity 17402K, committed 17664K, reserved 1064960K
  class space    used 2000K, capacity 2041K, committed 2048K, reserved 1048576K
Event: 8.548 GC heap after
Heap after GC invocations=11 (full 1):
 PSYoungGen      total 155136K, used 12589K [0x00000000f0380000, 0x00000000fb580000, 0x0000000100000000)
  eden space 142336K, 0% used [0x00000000f0380000,0x00000000f0380000,0x00000000f8e80000)
  from space 12800K, 98% used [0x00000000fa900000,0x00000000fb54b760,0x00000000fb580000)
  to   space 18432K, 0% used [0x00000000f9180000,0x00000000f9180000,0x00000000fa380000)
 ParOldGen       total 55296K, used 32802K [0x00000000d0a00000, 0x00000000d4000000, 0x00000000f0380000)
  object space 55296K, 59% used [0x00000000d0a00000,0x00000000d2a08b88,0x00000000d4000000)
 Metaspace       used 17209K, capacity 17402K, committed 17664K, reserved 1064960K
  class space    used 2000K, capacity 2041K, committed 2048K, reserved 1048576K
}
Event: 19.064 GC heap before
{Heap before GC invocations=12 (full 1):
 PSYoungGen      total 155136K, used 154925K [0x00000000f0380000, 0x00000000fb580000, 0x0000000100000000)
  eden space 142336K, 100% used [0x00000000f0380000,0x00000000f8e80000,0x00000000f8e80000)
  from space 12800K, 98% used [0x00000000fa900000,0x00000000fb54b760,0x00000000fb580000)
  to   space 18432K, 0% used [0x00000000f9180000,0x00000000f9180000,0x00000000fa380000)
 ParOldGen       total 55296K, used 32802K [0x00000000d0a00000, 0x00000000d4000000, 0x00000000f0380000)
  object space 55296K, 59% used [0x00000000d0a00000,0x00000000d2a08b88,0x00000000d4000000)
 Metaspace       used 20189K, capacity 20462K, committed 20864K, reserved 1067008K
  class space    used 2325K, capacity 2397K, committed 2432K, reserved 1048576K
Event: 19.112 GC heap after
Heap after GC invocations=12 (full 1):
 PSYoungGen      total 163840K, used 7902K [0x00000000f0380000, 0x00000000ff300000, 0x0000000100000000)
  eden space 145408K, 0% used [0x00000000f0380000,0x00000000f0380000,0x00000000f9180000)
  from space 18432K, 42% used [0x00000000f9180000,0x00000000f9937bb8,0x00000000fa380000)
  to   space 17408K, 0% used [0x00000000fe200000,0x00000000fe200000,0x00000000ff300000)
 ParOldGen       total 55296K, used 45698K [0x00000000d0a00000, 0x00000000d4000000, 0x00000000f0380000)
  object space 55296K, 82% used [0x00000000d0a00000,0x00000000d36a0a80,0x00000000d4000000)
 Metaspace       used 20189K, capacity 20462K, committed 20864K, reserved 1067008K
  class space    used 2325K, capacity 2397K, committed 2432K, reserved 1048576K
}
Event: 19.112 GC heap before
{Heap before GC invocations=13 (full 2):
 PSYoungGen      total 163840K, used 7902K [0x00000000f0380000, 0x00000000ff300000, 0x0000000100000000)
  eden space 145408K, 0% used [0x00000000f0380000,0x00000000f0380000,0x00000000f9180000)
  from space 18432K, 42% used [0x00000000f9180000,0x00000000f9937bb8,0x00000000fa380000)
  to   space 17408K, 0% used [0x00000000fe200000,0x00000000fe200000,0x00000000ff300000)
 ParOldGen       total 55296K, used 45698K [0x00000000d0a00000, 0x00000000d4000000, 0x00000000f0380000)
  object space 55296K, 82% used [0x00000000d0a00000,0x00000000d36a0a80,0x00000000d4000000)
 Metaspace       used 20189K, capacity 20462K, committed 20864K, reserved 1067008K
  class space    used 2325K, capacity 2397K, committed 2432K, reserved 1048576K
Event: 19.316 GC heap after
Heap after GC invocations=13 (full 2):
 PSYoungGen      total 163840K, used 0K [0x00000000f0380000, 0x00000000ff300000, 0x0000000100000000)
  eden space 145408K, 0% used [0x00000000f0380000,0x00000000f0380000,0x00000000f9180000)
  from space 18432K, 0% used [0x00000000f9180000,0x00000000f9180000,0x00000000fa380000)
  to   space 17408K, 0% used [0x00000000fe200000,0x00000000fe200000,0x00000000ff300000)
 ParOldGen       total 77824K, used 49039K [0x00000000d0a00000, 0x00000000d5600000, 0x00000000f0380000)
  object space 77824K, 63% used [0x00000000d0a00000,0x00000000d39e3d80,0x00000000d5600000)
 Metaspace       used 20189K, capacity 20462K, committed 20864K, reserved 1067008K
  class space    used 2325K, capacity 2397K, committed 2432K, reserved 1048576K
}

Deoptimization events (10 events):
Event: 18.736 Thread 0x00007f57dc11b000 Uncommon trap: reason=class_check action=maybe_recompile pc=0x00007f5811594254 method=java.util.AbstractCollection.toArray([Ljava/lang/Object;)[Ljava/lang/Object; @ 1
Event: 18.737 Thread 0x00007f57dc11b000 Uncommon trap: reason=class_check action=maybe_recompile pc=0x00007f5811594254 method=java.util.AbstractCollection.toArray([Ljava/lang/Object;)[Ljava/lang/Object; @ 1
Event: 19.336 Thread 0x00007f58200ff000 Uncommon trap: reason=unreached action=reinterpret pc=0x00007f581170b4e0 method=java.util.WeakHashMap.expungeStaleEntries()V @ 9
Event: 20.667 Thread 0x00007f57dc196800 Uncommon trap: reason=bimorphic action=maybe_recompile pc=0x00007f5811470a84 method=sun.security.provider.DigestBase.engineUpdate([BII)V @ 128
Event: 20.667 Thread 0x00007f57dc196800 Uncommon trap: reason=bimorphic action=maybe_recompile pc=0x00007f5811470a84 method=sun.security.provider.DigestBase.engineUpdate([BII)V @ 128
Event: 22.683 Thread 0x00007f57dc196800 Uncommon trap: reason=class_check action=maybe_recompile pc=0x00007f58115e1be4 method=java.util.regex.Pattern$CharProperty.match(Ljava/util/regex/Matcher;ILjava/lang/CharSequence;)Z @ 18
Event: 22.683 Thread 0x00007f57dc196800 Uncommon trap: reason=class_check action=maybe_recompile pc=0x00007f58115e1be4 method=java.util.regex.Pattern$CharProperty.match(Ljava/util/regex/Matcher;ILjava/lang/CharSequence;)Z @ 18
Event: 39.898 Thread 0x00007f57dc11b000 Uncommon trap: reason=unreached action=reinterpret pc=0x00007f58117c096c method=ch.qos.logback.classic.spi.LoggingEvent.<init>(Ljava/lang/String;Lch/qos/logback/classic/Logger;Lch/qos/logback/classic/Level;Ljava/lang/String;Ljava/lang/Throwable;[Ljava/lan
Event: 39.907 Thread 0x00007f57dc11b000 Uncommon trap: reason=unreached action=reinterpret pc=0x00007f58116cee94 method=java.util.zip.ZipCoder.decoder()Ljava/nio/charset/CharsetDecoder; @ 4
Event: 65.094 Thread 0x00007f57d0032800 Uncommon trap: reason=unreached action=reinterpret pc=0x00007f581165b4e0 method=java.util.Date.normalize()Lsun/util/calendar/BaseCalendar$Date; @ 4

Internal exceptions (10 events):
Event: 39.904 Thread 0x00007f57dc11b000 Exception <a 'java/security/PrivilegedActionException'> (0x00000000f1d37b28) thrown at [/HUDSON/workspace/8-2-build-linux-amd64/jdk8u25/1514/hotspot/src/share/vm/prims/jvm.cpp, line 1312]
Event: 39.905 Thread 0x00007f57dc11b000 Exception <a 'java/security/PrivilegedActionException'> (0x00000000f1d3abd8) thrown at [/HUDSON/workspace/8-2-build-linux-amd64/jdk8u25/1514/hotspot/src/share/vm/prims/jvm.cpp, line 1312]
Event: 39.907 Thread 0x00007f57dc11b000 Implicit null exception at 0x00007f58116ce917 to 0x00007f58116cee81
Event: 63.700 Thread 0x00007f57d0023800 Exception <a 'java/net/UnknownHostException'> (0x00000000f7a3cef0) thrown at [/HUDSON/workspace/8-2-build-linux-amd64/jdk8u25/1514/hotspot/src/share/vm/prims/jni.cpp, line 716]
Event: 65.094 Thread 0x00007f57d0032800 Implicit null exception at 0x00007f58116593f5 to 0x00007f581165b4cd
Event: 65.117 Thread 0x00007f57d0032800 Exception <a 'java/security/PrivilegedActionException'> (0x00000000f7e11760) thrown at [/HUDSON/workspace/8-2-build-linux-amd64/jdk8u25/1514/hotspot/src/share/vm/prims/jvm.cpp, line 1312]
Event: 65.117 Thread 0x00007f57d0032800 Exception <a 'java/security/PrivilegedActionException'> (0x00000000f7e12060) thrown at [/HUDSON/workspace/8-2-build-linux-amd64/jdk8u25/1514/hotspot/src/share/vm/prims/jvm.cpp, line 1312]
Event: 67.702 Thread 0x00007f57d002e800 Exception <a 'java/net/UnknownHostException'> (0x00000000f7925188) thrown at [/HUDSON/workspace/8-2-build-linux-amd64/jdk8u25/1514/hotspot/src/share/vm/prims/jni.cpp, line 742]
Event: 74.004 Thread 0x00007f57dc11b000 Exception <a 'java/security/PrivilegedActionException'> (0x00000000f7822248) thrown at [/HUDSON/workspace/8-2-build-linux-amd64/jdk8u25/1514/hotspot/src/share/vm/prims/jvm.cpp, line 1312]
Event: 75.160 Thread 0x00007f57dc11b000 Exception <a 'java/security/PrivilegedActionException'> (0x00000000f782d650) thrown at [/HUDSON/workspace/8-2-build-linux-amd64/jdk8u25/1514/hotspot/src/share/vm/prims/jvm.cpp, line 1312]

Events (10 events):
Event: 74.025 Thread 0x00007f57d006f800 Thread exited: 0x00007f57d006f800
Event: 74.025 Thread 0x00007f57d0075000 Thread exited: 0x00007f57d0075000
Event: 74.025 Thread 0x00007f57d005d800 Thread exited: 0x00007f57d005d800
Event: 74.025 Thread 0x00007f57d0061800 Thread exited: 0x00007f57d0061800
Event: 74.025 Thread 0x00007f57d0040800 Thread exited: 0x00007f57d0040800
Event: 75.151 Thread 0x00007f57d0027800 Thread exited: 0x00007f57d0027800
Event: 75.152 Thread 0x00007f57d0034000 Thread exited: 0x00007f57d0034000
Event: 75.154 Thread 0x00007f57d0036000 Thread exited: 0x00007f57d0036000
Event: 75.160 loading class org/bitcoinj/core/PeerGroup$6
Event: 75.160 loading class org/bitcoinj/core/PeerGroup$6 done


Dynamic libraries:
00400000-00401000 r-xp 00000000 08:02 11797142                           /usr/lib/jvm/java-8-oracle/jre/bin/java
00600000-00601000 rw-p 00000000 08:02 11797142                           /usr/lib/jvm/java-8-oracle/jre/bin/java
01af1000-01b12000 rw-p 00000000 00:00 0                                  [heap]
d0a00000-d5600000 rw-p 00000000 00:00 0 
d5600000-f0380000 ---p 00000000 00:00 0 
f0380000-ff300000 rw-p 00000000 00:00 0 
ff300000-100000000 ---p 00000000 00:00 0 
100000000-100260000 rw-p 00000000 00:00 0 
100260000-140000000 ---p 00000000 00:00 0 
7f57c3d70000-7f57c3d73000 ---p 00000000 00:00 0 
7f57c3d73000-7f57c3e71000 rw-p 00000000 00:00 0 
7f57c3e71000-7f57c3e74000 ---p 00000000 00:00 0 
7f57c3e74000-7f57c3f72000 rw-p 00000000 00:00 0 
7f57c3f72000-7f57c3f75000 ---p 00000000 00:00 0 
7f57c3f75000-7f57c4073000 rw-p 00000000 00:00 0 
7f57c4073000-7f57c4076000 ---p 00000000 00:00 0 
7f57c4076000-7f57c4174000 rw-p 00000000 00:00 0 
7f57c4174000-7f57c4177000 ---p 00000000 00:00 0 
7f57c4177000-7f57c4275000 rw-p 00000000 00:00 0 
7f57c4275000-7f57c4278000 ---p 00000000 00:00 0 
7f57c4278000-7f57c4376000 rw-p 00000000 00:00 0 
7f57c4376000-7f57c4379000 ---p 00000000 00:00 0 
7f57c4379000-7f57c4477000 rw-p 00000000 00:00 0 
7f57c4477000-7f57c447a000 ---p 00000000 00:00 0 
7f57c447a000-7f57c4578000 rw-p 00000000 00:00 0 
7f57c4578000-7f57c457b000 ---p 00000000 00:00 0 
7f57c457b000-7f57c4679000 rw-p 00000000 00:00 0 
7f57c4679000-7f57c467c000 ---p 00000000 00:00 0 
7f57c467c000-7f57c477a000 rw-p 00000000 00:00 0 
7f57c477a000-7f57c477d000 ---p 00000000 00:00 0 
7f57c477d000-7f57c487b000 rw-p 00000000 00:00 0 
7f57c487b000-7f57c487e000 ---p 00000000 00:00 0 
7f57c487e000-7f57c497c000 rw-p 00000000 00:00 0 
7f57c497c000-7f57c497f000 ---p 00000000 00:00 0 
7f57c497f000-7f57c4a7d000 rw-p 00000000 00:00 0 
7f57c4a7d000-7f57c4a80000 ---p 00000000 00:00 0 
7f57c4a80000-7f57c4b7e000 rw-p 00000000 00:00 0 
7f57c4b7e000-7f57c4b81000 ---p 00000000 00:00 0 
7f57c4b81000-7f57c4c7f000 rw-p 00000000 00:00 0 
7f57c4c7f000-7f57c4c82000 ---p 00000000 00:00 0 
7f57c4c82000-7f57c4d80000 rw-p 00000000 00:00 0 
7f57c4d80000-7f57c4d83000 ---p 00000000 00:00 0 
7f57c4d83000-7f57c4e81000 rw-p 00000000 00:00 0 
7f57c4e81000-7f57c4e84000 ---p 00000000 00:00 0 
7f57c4e84000-7f57c4f82000 rw-p 00000000 00:00 0 
7f57c4f82000-7f57c4f85000 ---p 00000000 00:00 0 
7f57c4f85000-7f57c5083000 rw-p 00000000 00:00 0 
7f57c5083000-7f57c5086000 ---p 00000000 00:00 0 
7f57c5086000-7f57c5184000 rw-p 00000000 00:00 0 
7f57c5184000-7f57c5187000 ---p 00000000 00:00 0 
7f57c5187000-7f57c5285000 rw-p 00000000 00:00 0 
7f57c5285000-7f57c5288000 ---p 00000000 00:00 0 
7f57c5288000-7f57c5386000 rw-p 00000000 00:00 0 
7f57c5386000-7f57c5389000 ---p 00000000 00:00 0 
7f57c5389000-7f57c5487000 rw-p 00000000 00:00 0 
7f57c5487000-7f57c548a000 ---p 00000000 00:00 0 
7f57c548a000-7f57c5588000 rw-p 00000000 00:00 0 
7f57c5588000-7f57c558b000 ---p 00000000 00:00 0 
7f57c558b000-7f57c5689000 rw-p 00000000 00:00 0 
7f57c5689000-7f57c568c000 ---p 00000000 00:00 0 
7f57c568c000-7f57c578a000 rw-p 00000000 00:00 0 
7f57c578a000-7f57c578d000 ---p 00000000 00:00 0 
7f57c578d000-7f57c588b000 rw-p 00000000 00:00 0 
7f57c588b000-7f57c588e000 ---p 00000000 00:00 0 
7f57c588e000-7f57c598c000 rw-p 00000000 00:00 0                          [stack:11685]
7f57c598c000-7f57c598f000 ---p 00000000 00:00 0 
7f57c598f000-7f57c5a8d000 rw-p 00000000 00:00 0                          [stack:11681]
7f57c5a8d000-7f57c5a90000 ---p 00000000 00:00 0 
7f57c5a90000-7f57c5b8e000 rw-p 00000000 00:00 0                          [stack:11680]
7f57c5b8e000-7f57c5b91000 ---p 00000000 00:00 0 
7f57c5b91000-7f57c5c8f000 rw-p 00000000 00:00 0                          [stack:11678]
7f57c5c8f000-7f57c5c92000 ---p 00000000 00:00 0 
7f57c5c92000-7f57c5e10000 rw-p 00000000 00:00 0                          [stack:11677]
7f57c5e10000-7f57c5f93000 ---p 00000000 00:00 0 
7f57c5f93000-7f57c6091000 rw-p 00000000 00:00 0 
7f57c6091000-7f57c6094000 ---p 00000000 00:00 0 
7f57c6094000-7f57c6192000 rw-p 00000000 00:00 0 
7f57c6192000-7f57c6195000 ---p 00000000 00:00 0 
7f57c6195000-7f57c6293000 rw-p 00000000 00:00 0 
7f57c6293000-7f57c6296000 ---p 00000000 00:00 0 
7f57c6296000-7f57c6394000 rw-p 00000000 00:00 0 
7f57c6394000-7f57c6397000 ---p 00000000 00:00 0 
7f57c6397000-7f57c6495000 rw-p 00000000 00:00 0 
7f57c6495000-7f57c6498000 ---p 00000000 00:00 0 
7f57c6498000-7f57c6596000 rw-p 00000000 00:00 0                          [stack:11598]
7f57c6596000-7f57c6599000 ---p 00000000 00:00 0 
7f57c6599000-7f57c6697000 rw-p 00000000 00:00 0                          [stack:11597]
7f57c6697000-7f57c669a000 ---p 00000000 00:00 0 
7f57c669a000-7f57c6798000 rw-p 00000000 00:00 0                          [stack:11675]
7f57c6798000-7f57c679b000 ---p 00000000 00:00 0 
7f57c679b000-7f57c6899000 rw-p 00000000 00:00 0                          [stack:11672]
7f57c6899000-7f57c689c000 ---p 00000000 00:00 0 
7f57c689c000-7f57c699a000 rw-p 00000000 00:00 0 
7f57c699a000-7f57c699d000 ---p 00000000 00:00 0 
7f57c699d000-7f57c6a9b000 rw-p 00000000 00:00 0 
7f57c6a9b000-7f57c6a9e000 ---p 00000000 00:00 0 
7f57c6a9e000-7f57c6b9c000 rw-p 00000000 00:00 0                          [stack:11673]
7f57c6b9c000-7f57c6b9f000 ---p 00000000 00:00 0 
7f57c6b9f000-7f57c6c9d000 rw-p 00000000 00:00 0 
7f57c6c9d000-7f57c6ca0000 ---p 00000000 00:00 0 
7f57c6ca0000-7f57c6d9e000 rw-p 00000000 00:00 0                          [stack:11676]
7f57c6d9e000-7f57c6da1000 ---p 00000000 00:00 0 
7f57c6da1000-7f57c6e9f000 rw-p 00000000 00:00 0 
7f57c6e9f000-7f57c6ea2000 ---p 00000000 00:00 0 
7f57c6ea2000-7f57c6fa0000 rw-p 00000000 00:00 0 
7f57c6fa0000-7f57c6fa3000 ---p 00000000 00:00 0 
7f57c6fa3000-7f57c70a1000 rw-p 00000000 00:00 0                          [stack:11674]
7f57c70a1000-7f57c70a4000 ---p 00000000 00:00 0 
7f57c70a4000-7f57c71a2000 rw-p 00000000 00:00 0                          [stack:11582]
7f57c71a2000-7f57c71a5000 ---p 00000000 00:00 0 
7f57c71a5000-7f57c72a3000 rw-p 00000000 00:00 0                          [stack:11563]
7f57c72a3000-7f57c72a6000 ---p 00000000 00:00 0 
7f57c72a6000-7f57c73a4000 rw-p 00000000 00:00 0                          [stack:11564]
7f57c73a4000-7f57c73a7000 ---p 00000000 00:00 0 
7f57c73a7000-7f57c74a5000 rw-p 00000000 00:00 0                          [stack:11561]
7f57c74a5000-7f57c74a8000 ---p 00000000 00:00 0 
7f57c74a8000-7f57c77a6000 rw-p 00000000 00:00 0                          [stack:11551]
7f57c77a6000-7f57c77a9000 ---p 00000000 00:00 0 
7f57c77a9000-7f57c78a7000 rw-p 00000000 00:00 0                          [stack:11532]
7f57c78a7000-7f57c78aa000 ---p 00000000 00:00 0 
7f57c78aa000-7f57c79a8000 rw-p 00000000 00:00 0                          [stack:11531]
7f57c79a8000-7f57c79af000 r-xp 00000000 08:02 8655898                    /lib/x86_64-linux-gnu/libnss_dns-2.15.so
7f57c79af000-7f57c7bae000 ---p 00007000 08:02 8655898                    /lib/x86_64-linux-gnu/libnss_dns-2.15.so
7f57c7bae000-7f57c7baf000 r--p 00006000 08:02 8655898                    /lib/x86_64-linux-gnu/libnss_dns-2.15.so
7f57c7baf000-7f57c7bb0000 rw-p 00007000 08:02 8655898                    /lib/x86_64-linux-gnu/libnss_dns-2.15.so
7f57c7bb0000-7f57c7bb2000 r-xp 00000000 08:02 8650805                    /lib/libnss_mdns4_minimal.so.2
7f57c7bb2000-7f57c7db1000 ---p 00002000 08:02 8650805                    /lib/libnss_mdns4_minimal.so.2
7f57c7db1000-7f57c7db2000 r--p 00001000 08:02 8650805                    /lib/libnss_mdns4_minimal.so.2
7f57c7db2000-7f57c7db3000 rw-p 00002000 08:02 8650805                    /lib/libnss_mdns4_minimal.so.2
7f57c7db3000-7f57c7db6000 ---p 00000000 00:00 0 
7f57c7db6000-7f57c7eb4000 rw-p 00000000 00:00 0                          [stack:11518]
7f57c7eb4000-7f57c7eb7000 ---p 00000000 00:00 0 
7f57c7eb7000-7f57c7fb5000 rw-p 00000000 00:00 0                          [stack:11517]
7f57c7fb5000-7f57c7fb8000 ---p 00000000 00:00 0 
7f57c7fb8000-7f57c80b6000 rw-p 00000000 00:00 0                          [stack:11516]
7f57c816e000-7f57c8171000 ---p 00000000 00:00 0 
7f57c8171000-7f57c826f000 rw-p 00000000 00:00 0                          [stack:11596]
7f57c826f000-7f57c8272000 ---p 00000000 00:00 0 
7f57c8272000-7f57c8370000 rw-p 00000000 00:00 0                          [stack:11595]
7f57c8370000-7f57c8372000 r-xp 00000000 08:02 8650804                    /lib/libnss_mdns4.so.2
7f57c8372000-7f57c8571000 ---p 00002000 08:02 8650804                    /lib/libnss_mdns4.so.2
7f57c8571000-7f57c8572000 r--p 00001000 08:02 8650804                    /lib/libnss_mdns4.so.2
7f57c8572000-7f57c8573000 rw-p 00002000 08:02 8650804                    /lib/libnss_mdns4.so.2
7f57c8573000-7f57c8576000 ---p 00000000 00:00 0 
7f57c8576000-7f57c8674000 rw-p 00000000 00:00 0                          [stack:11506]
7f57c8674000-7f57c8677000 ---p 00000000 00:00 0 
7f57c8677000-7f57c8975000 rw-p 00000000 00:00 0                          [stack:11504]
7f57c8975000-7f57c8978000 ---p 00000000 00:00 0 
7f57c8978000-7f57c8a76000 rw-p 00000000 00:00 0                          [stack:11503]
7f57c8a76000-7f57c8a79000 ---p 00000000 00:00 0 
7f57c8a79000-7f57c8b77000 rw-p 00000000 00:00 0                          [stack:11500]
7f57c8b77000-7f57c8b7a000 ---p 00000000 00:00 0 
7f57c8b7a000-7f57c8c78000 rw-p 00000000 00:00 0                          [stack:11499]
7f57c8c78000-7f57c8d15000 rw-s 00000000 08:02 9049711                    /home/tyler/.bitmerchant-wallet/bitmerchant-wallet.spvchain
7f57c9d18000-7f57c9d1e000 r-xp 00000000 08:02 10886392                   /usr/lib/x86_64-linux-gnu/libogg.so.0.7.1
7f57c9d1e000-7f57c9f1d000 ---p 00006000 08:02 10886392                   /usr/lib/x86_64-linux-gnu/libogg.so.0.7.1
7f57c9f1d000-7f57c9f1e000 r--p 00005000 08:02 10886392                   /usr/lib/x86_64-linux-gnu/libogg.so.0.7.1
7f57c9f1e000-7f57c9f1f000 rw-p 00006000 08:02 10886392                   /usr/lib/x86_64-linux-gnu/libogg.so.0.7.1
7f57c9f20000-7f57c9f4b000 r-xp 00000000 08:02 10886544                   /usr/lib/x86_64-linux-gnu/libvorbis.so.0.4.5
7f57c9f4b000-7f57ca14a000 ---p 0002b000 08:02 10886544                   /usr/lib/x86_64-linux-gnu/libvorbis.so.0.4.5
7f57ca14a000-7f57ca14b000 r--p 0002a000 08:02 10886544                   /usr/lib/x86_64-linux-gnu/libvorbis.so.0.4.5
7f57ca14b000-7f57ca14c000 rw-p 0002b000 08:02 10886544                   /usr/lib/x86_64-linux-gnu/libvorbis.so.0.4.5
7f57ca150000-7f57ca158000 r-xp 00000000 08:02 10886352                   /usr/lib/x86_64-linux-gnu/libltdl.so.7.3.0
7f57ca158000-7f57ca358000 ---p 00008000 08:02 10886352                   /usr/lib/x86_64-linux-gnu/libltdl.so.7.3.0
7f57ca358000-7f57ca359000 r--p 00008000 08:02 10886352                   /usr/lib/x86_64-linux-gnu/libltdl.so.7.3.0
7f57ca359000-7f57ca35a000 rw-p 00009000 08:02 10886352                   /usr/lib/x86_64-linux-gnu/libltdl.so.7.3.0
7f57ca360000-7f57ca370000 r-xp 00000000 08:02 10886517                   /usr/lib/x86_64-linux-gnu/libtdb.so.1.2.9
7f57ca370000-7f57ca56f000 ---p 00010000 08:02 10886517                   /usr/lib/x86_64-linux-gnu/libtdb.so.1.2.9
7f57ca56f000-7f57ca570000 r--p 0000f000 08:02 10886517                   /usr/lib/x86_64-linux-gnu/libtdb.so.1.2.9
7f57ca570000-7f57ca571000 rw-p 00010000 08:02 10886517                   /usr/lib/x86_64-linux-gnu/libtdb.so.1.2.9
7f57ca578000-7f57ca57f000 r-xp 00000000 08:02 10886548                   /usr/lib/x86_64-linux-gnu/libvorbisfile.so.3.3.4
7f57ca57f000-7f57ca77e000 ---p 00007000 08:02 10886548                   /usr/lib/x86_64-linux-gnu/libvorbisfile.so.3.3.4
7f57ca77e000-7f57ca77f000 r--p 00006000 08:02 10886548                   /usr/lib/x86_64-linux-gnu/libvorbisfile.so.3.3.4
7f57ca77f000-7f57ca780000 rw-p 00007000 08:02 10886548                   /usr/lib/x86_64-linux-gnu/libvorbisfile.so.3.3.4
7f57ca780000-7f57ca78f000 r-xp 00000000 08:02 10886057                   /usr/lib/x86_64-linux-gnu/libcanberra.so.0.2.5
7f57ca78f000-7f57ca98e000 ---p 0000f000 08:02 10886057                   /usr/lib/x86_64-linux-gnu/libcanberra.so.0.2.5
7f57ca98e000-7f57ca98f000 r--p 0000e000 08:02 10886057                   /usr/lib/x86_64-linux-gnu/libcanberra.so.0.2.5
7f57ca98f000-7f57ca990000 rw-p 0000f000 08:02 10886057                   /usr/lib/x86_64-linux-gnu/libcanberra.so.0.2.5
7f57ca990000-7f57ca994000 r-xp 00000000 08:02 10886053                   /usr/lib/x86_64-linux-gnu/libcanberra-gtk.so.0.1.8
7f57ca994000-7f57cab93000 ---p 00004000 08:02 10886053                   /usr/lib/x86_64-linux-gnu/libcanberra-gtk.so.0.1.8
7f57cab93000-7f57cab94000 r--p 00003000 08:02 10886053                   /usr/lib/x86_64-linux-gnu/libcanberra-gtk.so.0.1.8
7f57cab94000-7f57cab95000 rw-p 00004000 08:02 10886053                   /usr/lib/x86_64-linux-gnu/libcanberra-gtk.so.0.1.8
7f57cab97000-7f57cab98000 ---p 00000000 00:00 0 
7f57cab98000-7f57cb398000 rw-p 00000000 00:00 0                          [stack:11488]
7f57cb398000-7f57cb3c7000 r-xp 00000000 08:02 11013966                   /usr/lib/x86_64-linux-gnu/gtk-2.0/2.10.0/engines/libmurrine.so
7f57cb3c7000-7f57cb5c7000 ---p 0002f000 08:02 11013966                   /usr/lib/x86_64-linux-gnu/gtk-2.0/2.10.0/engines/libmurrine.so
7f57cb5c7000-7f57cb5c8000 r--p 0002f000 08:02 11013966                   /usr/lib/x86_64-linux-gnu/gtk-2.0/2.10.0/engines/libmurrine.so
7f57cb5c8000-7f57cb5c9000 rw-p 00030000 08:02 11013966                   /usr/lib/x86_64-linux-gnu/gtk-2.0/2.10.0/engines/libmurrine.so
7f57cb5cf000-7f57cb5d0000 ---p 00000000 00:00 0 
7f57cb5d0000-7f57cbdd0000 rw-p 00000000 00:00 0                          [stack:11487]
7f57cbdd0000-7f57cbeb2000 r-xp 00000000 08:02 10886507                   /usr/lib/x86_64-linux-gnu/libstdc++.so.6.0.16
7f57cbeb2000-7f57cc0b1000 ---p 000e2000 08:02 10886507                   /usr/lib/x86_64-linux-gnu/libstdc++.so.6.0.16
7f57cc0b1000-7f57cc0b9000 r--p 000e1000 08:02 10886507                   /usr/lib/x86_64-linux-gnu/libstdc++.so.6.0.16
7f57cc0b9000-7f57cc0bb000 rw-p 000e9000 08:02 10886507                   /usr/lib/x86_64-linux-gnu/libstdc++.so.6.0.16
7f57cc0bb000-7f57cc0d0000 rw-p 00000000 00:00 0 
7f57cc0e0000-7f57cc0e5000 r-xp 00000000 08:02 11013985                   /usr/lib/x86_64-linux-gnu/gtk-2.0/modules/libcanberra-gtk-module.so
7f57cc0e5000-7f57cc2e4000 ---p 00005000 08:02 11013985                   /usr/lib/x86_64-linux-gnu/gtk-2.0/modules/libcanberra-gtk-module.so
7f57cc2e4000-7f57cc2e5000 r--p 00004000 08:02 11013985                   /usr/lib/x86_64-linux-gnu/gtk-2.0/modules/libcanberra-gtk-module.so
7f57cc2e5000-7f57cc2e6000 rw-p 00005000 08:02 11013985                   /usr/lib/x86_64-linux-gnu/gtk-2.0/modules/libcanberra-gtk-module.so
7f57cc2e8000-7f57cc2f8000 r-xp 00000000 08:02 11013837                   /usr/lib/x86_64-linux-gnu/gio/modules/libgioremote-volume-monitor.so
7f57cc2f8000-7f57cc4f7000 ---p 00010000 08:02 11013837                   /usr/lib/x86_64-linux-gnu/gio/modules/libgioremote-volume-monitor.so
7f57cc4f7000-7f57cc4f8000 r--p 0000f000 08:02 11013837                   /usr/lib/x86_64-linux-gnu/gio/modules/libgioremote-volume-monitor.so
7f57cc4f8000-7f57cc4f9000 rw-p 00010000 08:02 11013837                   /usr/lib/x86_64-linux-gnu/gio/modules/libgioremote-volume-monitor.so
7f57cc500000-7f57cc507000 r-xp 00000000 08:02 11013833                   /usr/lib/x86_64-linux-gnu/gio/modules/libdconfsettings.so
7f57cc507000-7f57cc706000 ---p 00007000 08:02 11013833                   /usr/lib/x86_64-linux-gnu/gio/modules/libdconfsettings.so
7f57cc706000-7f57cc707000 r--p 00006000 08:02 11013833                   /usr/lib/x86_64-linux-gnu/gio/modules/libdconfsettings.so
7f57cc707000-7f57cc708000 rw-p 00007000 08:02 11013833                   /usr/lib/x86_64-linux-gnu/gio/modules/libdconfsettings.so
7f57cc708000-7f57cc714000 r-xp 00000000 08:02 8650872                    /lib/x86_64-linux-gnu/libudev.so.0.13.0
7f57cc714000-7f57cc913000 ---p 0000c000 08:02 8650872                    /lib/x86_64-linux-gnu/libudev.so.0.13.0
7f57cc913000-7f57cc914000 r--p 0000b000 08:02 8650872                    /lib/x86_64-linux-gnu/libudev.so.0.13.0
7f57cc914000-7f57cc915000 rw-p 0000c000 08:02 8650872                    /lib/x86_64-linux-gnu/libudev.so.0.13.0
7f57cc918000-7f57cc95a000 r-xp 00000000 08:02 8650817                    /lib/x86_64-linux-gnu/libdbus-1.so.3.5.8
7f57cc95a000-7f57ccb5a000 ---p 00042000 08:02 8650817                    /lib/x86_64-linux-gnu/libdbus-1.so.3.5.8
7f57ccb5a000-7f57ccb5b000 r--p 00042000 08:02 8650817                    /lib/x86_64-linux-gnu/libdbus-1.so.3.5.8
7f57ccb5b000-7f57ccb5c000 rw-p 00043000 08:02 8650817                    /lib/x86_64-linux-gnu/libdbus-1.so.3.5.8
7f57ccb60000-7f57ccb76000 r-xp 00000000 08:02 11014031                   /usr/lib/x86_64-linux-gnu/gvfs/libgvfscommon.so
7f57ccb76000-7f57ccd75000 ---p 00016000 08:02 11014031                   /usr/lib/x86_64-linux-gnu/gvfs/libgvfscommon.so
7f57ccd75000-7f57ccd76000 r--p 00015000 08:02 11014031                   /usr/lib/x86_64-linux-gnu/gvfs/libgvfscommon.so
7f57ccd76000-7f57ccd77000 rw-p 00016000 08:02 11014031                   /usr/lib/x86_64-linux-gnu/gvfs/libgvfscommon.so
7f57ccd78000-7f57ccda0000 r-xp 00000000 08:02 11013838                   /usr/lib/x86_64-linux-gnu/gio/modules/libgvfsdbus.so
7f57ccda0000-7f57ccf9f000 ---p 00028000 08:02 11013838                   /usr/lib/x86_64-linux-gnu/gio/modules/libgvfsdbus.so
7f57ccf9f000-7f57ccfa0000 r--p 00027000 08:02 11013838                   /usr/lib/x86_64-linux-gnu/gio/modules/libgvfsdbus.so
7f57ccfa0000-7f57ccfa1000 rw-p 00028000 08:02 11013838                   /usr/lib/x86_64-linux-gnu/gio/modules/libgvfsdbus.so
7f57ccfa8000-7f57ccfb8000 r-xp 00000000 08:02 10881862                   /usr/lib/liboverlay-scrollbar-0.2.so.0.0.16
7f57ccfb8000-7f57cd1b7000 ---p 00010000 08:02 10881862                   /usr/lib/liboverlay-scrollbar-0.2.so.0.0.16
7f57cd1b7000-7f57cd1b8000 r--p 0000f000 08:02 10881862                   /usr/lib/liboverlay-scrollbar-0.2.so.0.0.16
7f57cd1b8000-7f57cd1b9000 rw-p 00010000 08:02 10881862                   /usr/lib/liboverlay-scrollbar-0.2.so.0.0.16
7f57cd1c0000-7f57cd1c1000 r-xp 00000000 08:02 10880555                   /usr/lib/x86_64-linux-gnu/libgthread-2.0.so.0.3200.4
7f57cd1c1000-7f57cd3c0000 ---p 00001000 08:02 10880555                   /usr/lib/x86_64-linux-gnu/libgthread-2.0.so.0.3200.4
7f57cd3c0000-7f57cd3c1000 r--p 00000000 08:02 10880555                   /usr/lib/x86_64-linux-gnu/libgthread-2.0.so.0.3200.4
7f57cd3c1000-7f57cd3c2000 rw-p 00001000 08:02 10880555                   /usr/lib/x86_64-linux-gnu/libgthread-2.0.so.0.3200.4
7f57cd3c8000-7f57cd404000 r-xp 00000000 08:02 8654414                    /lib/x86_64-linux-gnu/libpcre.so.3.12.1
7f57cd404000-7f57cd603000 ---p 0003c000 08:02 8654414                    /lib/x86_64-linux-gnu/libpcre.so.3.12.1
7f57cd603000-7f57cd604000 r--p 0003b000 08:02 8654414                    /lib/x86_64-linux-gnu/libpcre.so.3.12.1
7f57cd604000-7f57cd605000 rw-p 0003c000 08:02 8654414                    /lib/x86_64-linux-gnu/libpcre.so.3.12.1
7f57cd608000-7f57cd60f000 r-xp 00000000 08:02 10886136                   /usr/lib/x86_64-linux-gnu/libffi.so.6.0.0
7f57cd60f000-7f57cd80e000 ---p 00007000 08:02 10886136                   /usr/lib/x86_64-linux-gnu/libffi.so.6.0.0
7f57cd80e000-7f57cd80f000 r--p 00006000 08:02 10886136                   /usr/lib/x86_64-linux-gnu/libffi.so.6.0.0
7f57cd80f000-7f57cd810000 rw-p 00007000 08:02 10886136                   /usr/lib/x86_64-linux-gnu/libffi.so.6.0.0
7f57cd810000-7f57cd837000 r-xp 00000000 08:02 8654359                    /lib/x86_64-linux-gnu/libexpat.so.1.5.2
7f57cd837000-7f57cda37000 ---p 00027000 08:02 8654359                    /lib/x86_64-linux-gnu/libexpat.so.1.5.2
7f57cda37000-7f57cda39000 r--p 00027000 08:02 8654359                    /lib/x86_64-linux-gnu/libexpat.so.1.5.2
7f57cda39000-7f57cda3a000 rw-p 00029000 08:02 8654359                    /lib/x86_64-linux-gnu/libexpat.so.1.5.2
7f57cda40000-7f57cda58000 r-xp 00000000 08:02 8655886                    /lib/x86_64-linux-gnu/libresolv-2.15.so
7f57cda58000-7f57cdc58000 ---p 00018000 08:02 8655886                    /lib/x86_64-linux-gnu/libresolv-2.15.so
7f57cdc58000-7f57cdc59000 r--p 00018000 08:02 8655886                    /lib/x86_64-linux-gnu/libresolv-2.15.so
7f57cdc59000-7f57cdc5a000 rw-p 00019000 08:02 8655886                    /lib/x86_64-linux-gnu/libresolv-2.15.so
7f57cdc5a000-7f57cdc5c000 rw-p 00000000 00:00 0 
7f57cdc60000-7f57cdc7d000 r-xp 00000000 08:02 8654429                    /lib/x86_64-linux-gnu/libselinux.so.1
7f57cdc7d000-7f57cde7c000 ---p 0001d000 08:02 8654429                    /lib/x86_64-linux-gnu/libselinux.so.1
7f57cde7c000-7f57cde7d000 r--p 0001c000 08:02 8654429                    /lib/x86_64-linux-gnu/libselinux.so.1
7f57cde7d000-7f57cde7e000 rw-p 0001d000 08:02 8654429                    /lib/x86_64-linux-gnu/libselinux.so.1
7f57cde7e000-7f57cde7f000 rw-p 00000000 00:00 0 
7f57cde80000-7f57cde83000 r-xp 00000000 08:02 10879353                   /usr/lib/x86_64-linux-gnu/libgmodule-2.0.so.0.3200.4
7f57cde83000-7f57ce082000 ---p 00003000 08:02 10879353                   /usr/lib/x86_64-linux-gnu/libgmodule-2.0.so.0.3200.4
7f57ce082000-7f57ce083000 r--p 00002000 08:02 10879353                   /usr/lib/x86_64-linux-gnu/libgmodule-2.0.so.0.3200.4
7f57ce083000-7f57ce084000 rw-p 00003000 08:02 10879353                   /usr/lib/x86_64-linux-gnu/libgmodule-2.0.so.0.3200.4
7f57ce088000-7f57ce09e000 r-xp 00000000 08:02 8654452                    /lib/x86_64-linux-gnu/libz.so.1.2.3.4
7f57ce09e000-7f57ce29d000 ---p 00016000 08:02 8654452                    /lib/x86_64-linux-gnu/libz.so.1.2.3.4
7f57ce29d000-7f57ce29e000 r--p 00015000 08:02 8654452                    /lib/x86_64-linux-gnu/libz.so.1.2.3.4
7f57ce29e000-7f57ce29f000 rw-p 00016000 08:02 8654452                    /lib/x86_64-linux-gnu/libz.so.1.2.3.4
7f57ce2a0000-7f57ce2a8000 r-xp 00000000 08:02 10886567                   /usr/lib/x86_64-linux-gnu/libxcb-render.so.0.0.0
7f57ce2a8000-7f57ce4a8000 ---p 00008000 08:02 10886567                   /usr/lib/x86_64-linux-gnu/libxcb-render.so.0.0.0
7f57ce4a8000-7f57ce4a9000 r--p 00008000 08:02 10886567                   /usr/lib/x86_64-linux-gnu/libxcb-render.so.0.0.0
7f57ce4a9000-7f57ce4aa000 rw-p 00009000 08:02 10886567                   /usr/lib/x86_64-linux-gnu/libxcb-render.so.0.0.0
7f57ce4b0000-7f57ce4b2000 r-xp 00000000 08:02 10886571                   /usr/lib/x86_64-linux-gnu/libxcb-shm.so.0.0.0
7f57ce4b2000-7f57ce6b1000 ---p 00002000 08:02 10886571                   /usr/lib/x86_64-linux-gnu/libxcb-shm.so.0.0.0
7f57ce6b1000-7f57ce6b2000 r--p 00001000 08:02 10886571                   /usr/lib/x86_64-linux-gnu/libxcb-shm.so.0.0.0
7f57ce6b2000-7f57ce6b3000 rw-p 00002000 08:02 10886571                   /usr/lib/x86_64-linux-gnu/libxcb-shm.so.0.0.0
7f57ce6b8000-7f57ce6de000 r-xp 00000000 08:02 8654418                    /lib/x86_64-linux-gnu/libpng12.so.0.46.0
7f57ce6de000-7f57ce8de000 ---p 00026000 08:02 8654418                    /lib/x86_64-linux-gnu/libpng12.so.0.46.0
7f57ce8de000-7f57ce8df000 r--p 00026000 08:02 8654418                    /lib/x86_64-linux-gnu/libpng12.so.0.46.0
7f57ce8df000-7f57ce8e0000 rw-p 00027000 08:02 8654418                    /lib/x86_64-linux-gnu/libpng12.so.0.46.0
7f57ce8e0000-7f57ce970000 r-xp 00000000 08:02 10880223                   /usr/lib/x86_64-linux-gnu/libpixman-1.so.0.30.2
7f57ce970000-7f57ceb6f000 ---p 00090000 08:02 10880223                   /usr/lib/x86_64-linux-gnu/libpixman-1.so.0.30.2
7f57ceb6f000-7f57ceb76000 r--p 0008f000 08:02 10880223                   /usr/lib/x86_64-linux-gnu/libpixman-1.so.0.30.2
7f57ceb76000-7f57ceb77000 rw-p 00096000 08:02 10880223                   /usr/lib/x86_64-linux-gnu/libpixman-1.so.0.30.2
7f57ceb78000-7f57cec0e000 r-xp 00000000 08:02 10886146                   /usr/lib/x86_64-linux-gnu/libfreetype.so.6.8.0
7f57cec0e000-7f57cee0d000 ---p 00096000 08:02 10886146                   /usr/lib/x86_64-linux-gnu/libfreetype.so.6.8.0
7f57cee0d000-7f57cee13000 r--p 00095000 08:02 10886146                   /usr/lib/x86_64-linux-gnu/libfreetype.so.6.8.0
7f57cee13000-7f57cee14000 rw-p 0009b000 08:02 10886146                   /usr/lib/x86_64-linux-gnu/libfreetype.so.6.8.0
7f57cee18000-7f57cee1a000 r-xp 00000000 08:02 10885961                   /usr/lib/x86_64-linux-gnu/libXdamage.so.1.1.0
7f57cee1a000-7f57cf019000 ---p 00002000 08:02 10885961                   /usr/lib/x86_64-linux-gnu/libXdamage.so.1.1.0
7f57cf019000-7f57cf01a000 r--p 00001000 08:02 10885961                   /usr/lib/x86_64-linux-gnu/libXdamage.so.1.1.0
7f57cf01a000-7f57cf01b000 rw-p 00002000 08:02 10885961                   /usr/lib/x86_64-linux-gnu/libXdamage.so.1.1.0
7f57cf020000-7f57cf022000 r-xp 00000000 08:02 10885957                   /usr/lib/x86_64-linux-gnu/libXcomposite.so.1.0.0
7f57cf022000-7f57cf221000 ---p 00002000 08:02 10885957                   /usr/lib/x86_64-linux-gnu/libXcomposite.so.1.0.0
7f57cf221000-7f57cf222000 r--p 00001000 08:02 10885957                   /usr/lib/x86_64-linux-gnu/libXcomposite.so.1.0.0
7f57cf222000-7f57cf223000 rw-p 00002000 08:02 10885957                   /usr/lib/x86_64-linux-gnu/libXcomposite.so.1.0.0
7f57cf228000-7f57cf428000 rw-p 00000000 00:00 0 
7f57cf428000-7f57cf42f000 r-xp 00000000 08:02 10885983                   /usr/lib/x86_64-linux-gnu/libXrandr.so.2.2.0
7f57cf42f000-7f57cf62e000 ---p 00007000 08:02 10885983                   /usr/lib/x86_64-linux-gnu/libXrandr.so.2.2.0
7f57cf62e000-7f57cf62f000 r--p 00006000 08:02 10885983                   /usr/lib/x86_64-linux-gnu/libXrandr.so.2.2.0
7f57cf62f000-7f57cf630000 rw-p 00007000 08:02 10885983                   /usr/lib/x86_64-linux-gnu/libXrandr.so.2.2.0
7f57cf630000-7f57cf722000 r-xp 00000000 08:02 8654346                    /lib/x86_64-linux-gnu/libglib-2.0.so.0.3200.4
7f57cf722000-7f57cf922000 ---p 000f2000 08:02 8654346                    /lib/x86_64-linux-gnu/libglib-2.0.so.0.3200.4
7f57cf922000-7f57cf923000 r--p 000f2000 08:02 8654346                    /lib/x86_64-linux-gnu/libglib-2.0.so.0.3200.4
7f57cf923000-7f57cf924000 rw-p 000f3000 08:02 8654346                    /lib/x86_64-linux-gnu/libglib-2.0.so.0.3200.4
7f57cf924000-7f57cf925000 rw-p 00000000 00:00 0 
7f57cf928000-7f57cf975000 r-xp 00000000 08:02 10880557                   /usr/lib/x86_64-linux-gnu/libgobject-2.0.so.0.3200.4
7f57cf975000-7f57cfb75000 ---p 0004d000 08:02 10880557                   /usr/lib/x86_64-linux-gnu/libgobject-2.0.so.0.3200.4
7f57cfb75000-7f57cfb76000 r--p 0004d000 08:02 10880557                   /usr/lib/x86_64-linux-gnu/libgobject-2.0.so.0.3200.4
7f57cfb76000-7f57cfb77000 rw-p 0004e000 08:02 10880557                   /usr/lib/x86_64-linux-gnu/libgobject-2.0.so.0.3200.4
7f57cfb78000-7f57cfbac000 r-xp 00000000 08:02 10886138                   /usr/lib/x86_64-linux-gnu/libfontconfig.so.1.4.4
7f57cfbac000-7f57cfdac000 ---p 00034000 08:02 10886138                   /usr/lib/x86_64-linux-gnu/libfontconfig.so.1.4.4
7f57cfdac000-7f57cfdad000 r--p 00034000 08:02 10886138                   /usr/lib/x86_64-linux-gnu/libfontconfig.so.1.4.4
7f57cfdad000-7f57cfdae000 rw-p 00035000 08:02 10886138                   /usr/lib/x86_64-linux-gnu/libfontconfig.so.1.4.4
7f57cfdb0000-7f57cfdf6000 r-xp 00000000 08:02 10886404                   /usr/lib/x86_64-linux-gnu/libpango-1.0.so.0.3000.0
7f57cfdf6000-7f57cfff6000 ---p 00046000 08:02 10886404                   /usr/lib/x86_64-linux-gnu/libpango-1.0.so.0.3000.0
7f57cfff6000-7f57cfff8000 r--p 00046000 08:02 10886404                   /usr/lib/x86_64-linux-gnu/libpango-1.0.so.0.3000.0
7f57cfff8000-7f57cfff9000 rw-p 00048000 08:02 10886404                   /usr/lib/x86_64-linux-gnu/libpango-1.0.so.0.3000.0
7f57d0000000-7f57d02ff000 rw-p 00000000 00:00 0 
7f57d02ff000-7f57d4000000 ---p 00000000 00:00 0 
7f57d4000000-7f57d40cb000 rw-p 00000000 00:00 0 
7f57d40cb000-7f57d8000000 ---p 00000000 00:00 0 
7f57d8018000-7f57d801a000 r-xp 00000000 08:02 10885973                   /usr/lib/x86_64-linux-gnu/libXinerama.so.1.0.0
7f57d801a000-7f57d8219000 ---p 00002000 08:02 10885973                   /usr/lib/x86_64-linux-gnu/libXinerama.so.1.0.0
7f57d8219000-7f57d821a000 r--p 00001000 08:02 10885973                   /usr/lib/x86_64-linux-gnu/libXinerama.so.1.0.0
7f57d821a000-7f57d821b000 rw-p 00002000 08:02 10885973                   /usr/lib/x86_64-linux-gnu/libXinerama.so.1.0.0
7f57d8220000-7f57d8249000 r-xp 00000000 08:02 10886408                   /usr/lib/x86_64-linux-gnu/libpangoft2-1.0.so.0.3000.0
7f57d8249000-7f57d8448000 ---p 00029000 08:02 10886408                   /usr/lib/x86_64-linux-gnu/libpangoft2-1.0.so.0.3000.0
7f57d8448000-7f57d8449000 r--p 00028000 08:02 10886408                   /usr/lib/x86_64-linux-gnu/libpangoft2-1.0.so.0.3000.0
7f57d8449000-7f57d844a000 rw-p 00029000 08:02 10886408                   /usr/lib/x86_64-linux-gnu/libpangoft2-1.0.so.0.3000.0
7f57d8450000-7f57d8598000 r-xp 00000000 08:02 10880556                   /usr/lib/x86_64-linux-gnu/libgio-2.0.so.0.3200.4
7f57d8598000-7f57d8797000 ---p 00148000 08:02 10880556                   /usr/lib/x86_64-linux-gnu/libgio-2.0.so.0.3200.4
7f57d8797000-7f57d879b000 r--p 00147000 08:02 10880556                   /usr/lib/x86_64-linux-gnu/libgio-2.0.so.0.3200.4
7f57d879b000-7f57d879d000 rw-p 0014b000 08:02 10880556                   /usr/lib/x86_64-linux-gnu/libgio-2.0.so.0.3200.4
7f57d879d000-7f57d879f000 rw-p 00000000 00:00 0 
7f57d87a0000-7f57d87be000 r-xp 00000000 08:02 10880593                   /usr/lib/x86_64-linux-gnu/libgdk_pixbuf-2.0.so.0.2600.1
7f57d87be000-7f57d89be000 ---p 0001e000 08:02 10880593                   /usr/lib/x86_64-linux-gnu/libgdk_pixbuf-2.0.so.0.2600.1
7f57d89be000-7f57d89bf000 r--p 0001e000 08:02 10880593                   /usr/lib/x86_64-linux-gnu/libgdk_pixbuf-2.0.so.0.2600.1
7f57d89bf000-7f57d89c0000 rw-p 0001f000 08:02 10880593                   /usr/lib/x86_64-linux-gnu/libgdk_pixbuf-2.0.so.0.2600.1
7f57d89c0000-7f57d8a79000 r-xp 00000000 08:02 10886049                   /usr/lib/x86_64-linux-gnu/libcairo.so.2.11000.2
7f57d8a79000-7f57d8c78000 ---p 000b9000 08:02 10886049                   /usr/lib/x86_64-linux-gnu/libcairo.so.2.11000.2
7f57d8c78000-7f57d8c7a000 r--p 000b8000 08:02 10886049                   /usr/lib/x86_64-linux-gnu/libcairo.so.2.11000.2
7f57d8c7a000-7f57d8c7b000 rw-p 000ba000 08:02 10886049                   /usr/lib/x86_64-linux-gnu/libcairo.so.2.11000.2
7f57d8c7b000-7f57d8c7e000 rw-p 00000000 00:00 0 
7f57d8c80000-7f57d8ca0000 r-xp 00000000 08:02 10879311                   /usr/lib/x86_64-linux-gnu/libatk-1.0.so.0.20609.1
7f57d8ca0000-7f57d8ea0000 ---p 00020000 08:02 10879311                   /usr/lib/x86_64-linux-gnu/libatk-1.0.so.0.20609.1
7f57d8ea0000-7f57d8ea2000 r--p 00020000 08:02 10879311                   /usr/lib/x86_64-linux-gnu/libatk-1.0.so.0.20609.1
7f57d8ea2000-7f57d8ea3000 rw-p 00022000 08:02 10879311                   /usr/lib/x86_64-linux-gnu/libatk-1.0.so.0.20609.1
7f57d8ea8000-7f57d8eb3000 r-xp 00000000 08:02 10886406                   /usr/lib/x86_64-linux-gnu/libpangocairo-1.0.so.0.3000.0
7f57d8eb3000-7f57d90b2000 ---p 0000b000 08:02 10886406                   /usr/lib/x86_64-linux-gnu/libpangocairo-1.0.so.0.3000.0
7f57d90b2000-7f57d90b3000 r--p 0000a000 08:02 10886406                   /usr/lib/x86_64-linux-gnu/libpangocairo-1.0.so.0.3000.0
7f57d90b3000-7f57d90b4000 rw-p 0000b000 08:02 10886406                   /usr/lib/x86_64-linux-gnu/libpangocairo-1.0.so.0.3000.0
7f57d90b8000-7f57d9165000 r-xp 00000000 08:02 10880596                   /usr/lib/x86_64-linux-gnu/libgdk-x11-2.0.so.0.2400.10
7f57d9165000-7f57d9364000 ---p 000ad000 08:02 10880596                   /usr/lib/x86_64-linux-gnu/libgdk-x11-2.0.so.0.2400.10
7f57d9364000-7f57d9368000 r--p 000ac000 08:02 10880596                   /usr/lib/x86_64-linux-gnu/libgdk-x11-2.0.so.0.2400.10
7f57d9368000-7f57d936a000 rw-p 000b0000 08:02 10880596                   /usr/lib/x86_64-linux-gnu/libgdk-x11-2.0.so.0.2400.10
7f57d9370000-7f57d979e000 r-xp 00000000 08:02 10880598                   /usr/lib/x86_64-linux-gnu/libgtk-x11-2.0.so.0.2400.10
7f57d979e000-7f57d999d000 ---p 0042e000 08:02 10880598                   /usr/lib/x86_64-linux-gnu/libgtk-x11-2.0.so.0.2400.10
7f57d999d000-7f57d99a4000 r--p 0042d000 08:02 10880598                   /usr/lib/x86_64-linux-gnu/libgtk-x11-2.0.so.0.2400.10
7f57d99a4000-7f57d99a8000 rw-p 00434000 08:02 10880598                   /usr/lib/x86_64-linux-gnu/libgtk-x11-2.0.so.0.2400.10
7f57d99a8000-7f57d99aa000 rw-p 00000000 00:00 0 
7f57d99af000-7f57d99b2000 ---p 00000000 00:00 0 
7f57d99b2000-7f57d9ab0000 rw-p 00000000 00:00 0                          [stack:11486]
7f57d9ab0000-7f57d9ab5000 r-xp 00000000 08:02 10879297                   /usr/lib/x86_64-linux-gnu/libXfixes.so.3.1.0
7f57d9ab5000-7f57d9cb4000 ---p 00005000 08:02 10879297                   /usr/lib/x86_64-linux-gnu/libXfixes.so.3.1.0
7f57d9cb4000-7f57d9cb5000 r--p 00004000 08:02 10879297                   /usr/lib/x86_64-linux-gnu/libXfixes.so.3.1.0
7f57d9cb5000-7f57d9cb6000 rw-p 00005000 08:02 10879297                   /usr/lib/x86_64-linux-gnu/libXfixes.so.3.1.0
7f57d9cb8000-7f57d9cc1000 r-xp 00000000 08:02 10885959                   /usr/lib/x86_64-linux-gnu/libXcursor.so.1.0.2
7f57d9cc1000-7f57d9ec0000 ---p 00009000 08:02 10885959                   /usr/lib/x86_64-linux-gnu/libXcursor.so.1.0.2
7f57d9ec0000-7f57d9ec1000 r--p 00008000 08:02 10885959                   /usr/lib/x86_64-linux-gnu/libXcursor.so.1.0.2
7f57d9ec1000-7f57d9ec2000 rw-p 00009000 08:02 10885959                   /usr/lib/x86_64-linux-gnu/libXcursor.so.1.0.2
7f57d9ec7000-7f57d9eca000 ---p 00000000 00:00 0 
7f57d9eca000-7f57d9fc8000 rw-p 00000000 00:00 0                          [stack:11485]
7f57d9fc8000-7f57da02c000 r-xp 00000000 08:02 13899048                   /usr/lib/jvm/java-8-oracle/jre/lib/amd64/libfontmanager.so
7f57da02c000-7f57da22c000 ---p 00064000 08:02 13899048                   /usr/lib/jvm/java-8-oracle/jre/lib/amd64/libfontmanager.so
7f57da22c000-7f57da230000 rw-p 00064000 08:02 13899048                   /usr/lib/jvm/java-8-oracle/jre/lib/amd64/libfontmanager.so
7f57da230000-7f57da241000 rw-p 00000000 00:00 0 
7f57da248000-7f57da259000 r-xp 00000000 08:02 13899060                   /usr/lib/jvm/java-8-oracle/jre/lib/amd64/libnio.so
7f57da259000-7f57da458000 ---p 00011000 08:02 13899060                   /usr/lib/jvm/java-8-oracle/jre/lib/amd64/libnio.so
7f57da458000-7f57da459000 rw-p 00010000 08:02 13899060                   /usr/lib/jvm/java-8-oracle/jre/lib/amd64/libnio.so
7f57da460000-7f57da476000 r-xp 00000000 08:02 13899066                   /usr/lib/jvm/java-8-oracle/jre/lib/amd64/libnet.so
7f57da476000-7f57da676000 ---p 00016000 08:02 13899066                   /usr/lib/jvm/java-8-oracle/jre/lib/amd64/libnet.so
7f57da676000-7f57da677000 rw-p 00016000 08:02 13899066                   /usr/lib/jvm/java-8-oracle/jre/lib/amd64/libnet.so
7f57da677000-7f57da67a000 ---p 00000000 00:00 0 
7f57da67a000-7f57da978000 rw-p 00000000 00:00 0                          [stack:11484]
7f57da978000-7f57da97b000 ---p 00000000 00:00 0 
7f57da97b000-7f57daa79000 rw-p 00000000 00:00 0                          [stack:11483]
7f57daa79000-7f57daa7c000 ---p 00000000 00:00 0 
7f57daa7c000-7f57dab7a000 rw-p 00000000 00:00 0                          [stack:11482]
7f57dab7a000-7f57dab7d000 ---p 00000000 00:00 0 
7f57dab7d000-7f57dac7b000 rw-p 00000000 00:00 0                          [stack:11481]
7f57dac7b000-7f57dac7e000 ---p 00000000 00:00 0 
7f57dac7e000-7f57dad7c000 rw-p 00000000 00:00 0                          [stack:11480]
7f57dad7c000-7f57dad7f000 ---p 00000000 00:00 0 
7f57dad7f000-7f57dae7d000 rw-p 00000000 00:00 0                          [stack:11479]
7f57dae7d000-7f57dae80000 ---p 00000000 00:00 0 
7f57dae80000-7f57daf7e000 rw-p 00000000 00:00 0                          [stack:11478]
7f57daf7e000-7f57daf81000 ---p 00000000 00:00 0 
7f57daf81000-7f57db07f000 rw-p 00000000 00:00 0                          [stack:11477]
7f57db07f000-7f57db082000 ---p 00000000 00:00 0 
7f57db082000-7f57db180000 rw-p 00000000 00:00 0                          [stack:11476]
7f57db180000-7f57db185000 r-xp 00000000 08:02 10885963                   /usr/lib/x86_64-linux-gnu/libXdmcp.so.6.0.0
7f57db185000-7f57db384000 ---p 00005000 08:02 10885963                   /usr/lib/x86_64-linux-gnu/libXdmcp.so.6.0.0
7f57db384000-7f57db385000 r--p 00004000 08:02 10885963                   /usr/lib/x86_64-linux-gnu/libXdmcp.so.6.0.0
7f57db385000-7f57db386000 rw-p 00005000 08:02 10885963                   /usr/lib/x86_64-linux-gnu/libXdmcp.so.6.0.0
7f57db388000-7f57db38a000 r-xp 00000000 08:02 10885952                   /usr/lib/x86_64-linux-gnu/libXau.so.6.0.0
7f57db38a000-7f57db589000 ---p 00002000 08:02 10885952                   /usr/lib/x86_64-linux-gnu/libXau.so.6.0.0
7f57db589000-7f57db58a000 r--p 00001000 08:02 10885952                   /usr/lib/x86_64-linux-gnu/libXau.so.6.0.0
7f57db58a000-7f57db58b000 rw-p 00002000 08:02 10885952                   /usr/lib/x86_64-linux-gnu/libXau.so.6.0.0
7f57db58f000-7f57db592000 ---p 00000000 00:00 0 
7f57db592000-7f57db690000 rw-p 00000000 00:00 0                          [stack:11475]
7f57db690000-7f57db6ad000 r-xp 00000000 08:02 10886575                   /usr/lib/x86_64-linux-gnu/libxcb.so.1.1.0
7f57db6ad000-7f57db8ac000 ---p 0001d000 08:02 10886575                   /usr/lib/x86_64-linux-gnu/libxcb.so.1.1.0
7f57db8ac000-7f57db8ad000 r--p 0001c000 08:02 10886575                   /usr/lib/x86_64-linux-gnu/libxcb.so.1.1.0
7f57db8ad000-7f57db8ae000 rw-p 0001d000 08:02 10886575                   /usr/lib/x86_64-linux-gnu/libxcb.so.1.1.0
7f57db8b0000-7f57db8bf000 r-xp 00000000 08:02 10880227                   /usr/lib/x86_64-linux-gnu/libXi.so.6.1.0
7f57db8bf000-7f57dbabe000 ---p 0000f000 08:02 10880227                   /usr/lib/x86_64-linux-gnu/libXi.so.6.1.0
7f57dbabe000-7f57dbabf000 r--p 0000e000 08:02 10880227                   /usr/lib/x86_64-linux-gnu/libXi.so.6.1.0
7f57dbabf000-7f57dbac0000 rw-p 0000f000 08:02 10880227                   /usr/lib/x86_64-linux-gnu/libXi.so.6.1.0
7f57dbac0000-7f57dbac5000 r-xp 00000000 08:02 10885991                   /usr/lib/x86_64-linux-gnu/libXtst.so.6.1.0
7f57dbac5000-7f57dbcc4000 ---p 00005000 08:02 10885991                   /usr/lib/x86_64-linux-gnu/libXtst.so.6.1.0
7f57dbcc4000-7f57dbcc5000 r--p 00004000 08:02 10885991                   /usr/lib/x86_64-linux-gnu/libXtst.so.6.1.0
7f57dbcc5000-7f57dbcc6000 rw-p 00005000 08:02 10885991                   /usr/lib/x86_64-linux-gnu/libXtst.so.6.1.0
7f57dbcc8000-7f57dbdf8000 r-xp 00000000 08:02 10880585                   /usr/lib/x86_64-linux-gnu/libX11.so.6.3.0
7f57dbdf8000-7f57dbff8000 ---p 00130000 08:02 10880585                   /usr/lib/x86_64-linux-gnu/libX11.so.6.3.0
7f57dbff8000-7f57dbff9000 r--p 00130000 08:02 10880585                   /usr/lib/x86_64-linux-gnu/libX11.so.6.3.0
7f57dbff9000-7f57dbffd000 rw-p 00131000 08:02 10880585                   /usr/lib/x86_64-linux-gnu/libX11.so.6.3.0
7f57dc000000-7f57dc443000 rw-p 00000000 00:00 0 
7f57dc443000-7f57e0000000 ---p 00000000 00:00 0 
7f57e0000000-7f57e0071000 rw-p 00000000 00:00 0 
7f57e0071000-7f57e4000000 ---p 00000000 00:00 0 
7f57e4000000-7f57e4039000 rw-p 00000000 00:00 0 
7f57e4039000-7f57e8000000 ---p 00000000 00:00 0 
7f57e8000000-7f57e8075000 rw-p 00000000 00:00 0 
7f57e8075000-7f57ec000000 ---p 00000000 00:00 0 
7f57ec000000-7f57ed090000 rw-p 00000000 00:00 0 
7f57ed090000-7f57f0000000 ---p 00000000 00:00 0 
7f57f0000000-7f57f05e0000 rw-p 00000000 00:00 0 
7f57f05e0000-7f57f4000000 ---p 00000000 00:00 0 
7f57f4000000-7f57f404c000 rw-p 00000000 00:00 0 
7f57f404c000-7f57f8000000 ---p 00000000 00:00 0 
7f57f8000000-7f57f8046000 rw-p 00000000 00:00 0 
7f57f8046000-7f57fc000000 ---p 00000000 00:00 0 
7f57fc000000-7f57fc190000 rw-p 00000000 00:00 0 
7f57fc190000-7f5800000000 ---p 00000000 00:00 0 
7f5800000000-7f5800041000 rw-p 00000000 00:00 0 
7f5800041000-7f5804000000 ---p 00000000 00:00 0 
7f5804000000-7f5804027000 rw-p 00000000 00:00 0 
7f5804027000-7f5808000000 ---p 00000000 00:00 0 
7f5808038000-7f5808054000 r--s 00000000 08:02 11010226                   /usr/share/mime/mime.cache
7f5808058000-7f5808076000 r--p 00000000 08:02 11536647                   /usr/share/glib-2.0/schemas/gschemas.compiled
7f5808078000-7f5808081000 r-xp 00000000 08:02 10885985                   /usr/lib/x86_64-linux-gnu/libXrender.so.1.3.0
7f5808081000-7f5808280000 ---p 00009000 08:02 10885985                   /usr/lib/x86_64-linux-gnu/libXrender.so.1.3.0
7f5808280000-7f5808281000 r--p 00008000 08:02 10885985                   /usr/lib/x86_64-linux-gnu/libXrender.so.1.3.0
7f5808281000-7f5808282000 rw-p 00009000 08:02 10885985                   /usr/lib/x86_64-linux-gnu/libXrender.so.1.3.0
7f5808288000-7f5808298000 r-xp 00000000 08:02 10885965                   /usr/lib/x86_64-linux-gnu/libXext.so.6.4.0
7f5808298000-7f5808497000 ---p 00010000 08:02 10885965                   /usr/lib/x86_64-linux-gnu/libXext.so.6.4.0
7f5808497000-7f5808498000 r--p 0000f000 08:02 10885965                   /usr/lib/x86_64-linux-gnu/libXext.so.6.4.0
7f5808498000-7f5808499000 rw-p 00010000 08:02 10885965                   /usr/lib/x86_64-linux-gnu/libXext.so.6.4.0
7f58084b8000-7f580850c000 r-xp 00000000 08:02 13899100                   /usr/lib/jvm/java-8-oracle/jre/lib/amd64/libawt_xawt.so
7f580850c000-7f580870c000 ---p 00054000 08:02 13899100                   /usr/lib/jvm/java-8-oracle/jre/lib/amd64/libawt_xawt.so
7f580870c000-7f5808710000 rw-p 00054000 08:02 13899100                   /usr/lib/jvm/java-8-oracle/jre/lib/amd64/libawt_xawt.so
7f5808710000-7f5808711000 rw-p 00000000 00:00 0 
7f5808718000-7f58087ba000 r-xp 00000000 08:02 13899078                   /usr/lib/jvm/java-8-oracle/jre/lib/amd64/libawt.so
7f58087ba000-7f58089ba000 ---p 000a2000 08:02 13899078                   /usr/lib/jvm/java-8-oracle/jre/lib/amd64/libawt.so
7f58089ba000-7f58089c6000 rw-p 000a2000 08:02 13899078                   /usr/lib/jvm/java-8-oracle/jre/lib/amd64/libawt.so
7f58089c6000-7f58089ea000 rw-p 00000000 00:00 0 
7f58089ef000-7f58089f2000 ---p 00000000 00:00 0 
7f58089f2000-7f5808af0000 rw-p 00000000 00:00 0                          [stack:11474]
7f5808af0000-7f5808b05000 r-xp 00000000 08:02 8654362                    /lib/x86_64-linux-gnu/libgcc_s.so.1
7f5808b05000-7f5808d04000 ---p 00015000 08:02 8654362                    /lib/x86_64-linux-gnu/libgcc_s.so.1
7f5808d04000-7f5808d05000 r--p 00014000 08:02 8654362                    /lib/x86_64-linux-gnu/libgcc_s.so.1
7f5808d05000-7f5808d06000 rw-p 00015000 08:02 8654362                    /lib/x86_64-linux-gnu/libgcc_s.so.1
7f5808d10000-7f5808d13000 r--p 00000000 08:02 7875131                    /home/tyler/.config/dconf/user
7f5808d17000-7f5808d1c000 r--s 0003f000 08:02 13899138                   /usr/lib/jvm/java-8-oracle/jre/lib/ext/sunjce_provider.jar
7f5808d20000-7f5808d52000 r-xp 00000000 08:02 13899065                   /usr/lib/jvm/java-8-oracle/jre/lib/amd64/libsunec.so
7f5808d52000-7f5808f51000 ---p 00032000 08:02 13899065                   /usr/lib/jvm/java-8-oracle/jre/lib/amd64/libsunec.so
7f5808f51000-7f5808f57000 rw-p 00031000 08:02 13899065                   /usr/lib/jvm/java-8-oracle/jre/lib/amd64/libsunec.so
7f5808f57000-7f5808f67000 rw-p 00000000 00:00 0 
7f5808f6c000-7f580916c000 rw-p 00000000 00:00 0 
7f580916c000-7f580916f000 ---p 00000000 00:00 0 
7f580916f000-7f580926d000 rw-p 00000000 00:00 0                          [stack:11473]
7f580926d000-7f5809270000 ---p 00000000 00:00 0 
7f5809270000-7f580936e000 rw-p 00000000 00:00 0                          [stack:11505]
7f580936e000-7f5809378000 r--s 00116000 08:02 13899140                   /usr/lib/jvm/java-8-oracle/jre/lib/ext/localedata.jar
7f580937b000-7f580943b000 r--s 00cdb000 08:02 7999179                    /home/tyler/git/bitmerchant-wallet/target/bitmerchant-wallet-shaded.jar
7f580943b000-7f580943c000 ---p 00000000 00:00 0 
7f580943c000-7f580953c000 rw-p 00000000 00:00 0                          [stack:11470]
7f580953c000-7f580953f000 ---p 00000000 00:00 0 
7f580953f000-7f580963d000 rw-p 00000000 00:00 0                          [stack:11469]
7f580963d000-7f5809640000 ---p 00000000 00:00 0 
7f5809640000-7f580973e000 rw-p 00000000 00:00 0                          [stack:11468]
7f580973e000-7f5809741000 ---p 00000000 00:00 0 
7f5809741000-7f580983f000 rw-p 00000000 00:00 0                          [stack:11467]
7f580983f000-7f5809842000 ---p 00000000 00:00 0 
7f5809842000-7f5809940000 rw-p 00000000 00:00 0                          [stack:11466]
7f5809940000-7f5809d3e000 r--p 00000000 08:02 10883108                   /usr/lib/locale/locale-archive
7f5809d45000-7f5809d48000 ---p 00000000 00:00 0 
7f5809d48000-7f5809e46000 rw-p 00000000 00:00 0                          [stack:11465]
7f5809e46000-7f5809e49000 ---p 00000000 00:00 0 
7f5809e49000-7f5809f47000 rw-p 00000000 00:00 0                          [stack:11464]
7f5809f47000-7f5809f48000 ---p 00000000 00:00 0 
7f5809f48000-7f580c000000 rw-p 00000000 00:00 0                          [stack:11463]
7f580c000000-7f580c022000 rw-p 00000000 00:00 0 
7f580c022000-7f5810000000 ---p 00000000 00:00 0 
7f5810002000-7f5810005000 r--s 0003a000 08:02 13899134                   /usr/lib/jvm/java-8-oracle/jre/lib/ext/sunpkcs11.jar
7f581000b000-7f5810027000 r--s 00393000 08:02 13899136                   /usr/lib/jvm/java-8-oracle/jre/lib/ext/cldrdata.jar
7f5810029000-7f581012a000 rw-p 00000000 00:00 0 
7f581012a000-7f5810300000 r--s 03caa000 08:02 12190137                   /usr/lib/jvm/java-8-oracle/jre/lib/rt.jar
7f5810307000-7f5810c82000 rw-p 00000000 00:00 0 
7f5810c82000-7f5810c83000 ---p 00000000 00:00 0 
7f5810c83000-7f5810d83000 rw-p 00000000 00:00 0                          [stack:11462]
7f5810d83000-7f5810d84000 ---p 00000000 00:00 0 
7f5810d84000-7f5810eaa000 rw-p 00000000 00:00 0                          [stack:11461]
7f5810eaa000-7f5810f80000 ---p 00000000 00:00 0 
7f5810f80000-7f5810ff9000 rw-p 00000000 00:00 0 
7f5810ff9000-7f5810fff000 ---p 00000000 00:00 0 
7f5810fff000-7f5811000000 rw-p 00000000 00:00 0 
7f5811000000-7f58118e0000 rwxp 00000000 00:00 0 
7f58118e0000-7f5820000000 ---p 00000000 00:00 0 
7f5820000000-7f5820437000 rw-p 00000000 00:00 0 
7f5820437000-7f5824000000 ---p 00000000 00:00 0 
7f5824003000-7f5824007000 r--s 00093000 08:02 12190145                   /usr/lib/jvm/java-8-oracle/jre/lib/jsse.jar
7f582400c000-7f5824081000 rw-p 00000000 00:00 0 
7f5824081000-7f5824158000 ---p 00000000 00:00 0 
7f5824158000-7f582417c000 rw-p 00000000 00:00 0 
7f582417c000-7f5824518000 ---p 00000000 00:00 0 
7f5824518000-7f5824532000 r-xp 00000000 08:02 13899088                   /usr/lib/jvm/java-8-oracle/jre/lib/amd64/libzip.so
7f5824532000-7f5824732000 ---p 0001a000 08:02 13899088                   /usr/lib/jvm/java-8-oracle/jre/lib/amd64/libzip.so
7f5824732000-7f5824733000 rw-p 0001a000 08:02 13899088                   /usr/lib/jvm/java-8-oracle/jre/lib/amd64/libzip.so
7f5824738000-7f5824744000 r-xp 00000000 08:02 8655884                    /lib/x86_64-linux-gnu/libnss_files-2.15.so
7f5824744000-7f5824943000 ---p 0000c000 08:02 8655884                    /lib/x86_64-linux-gnu/libnss_files-2.15.so
7f5824943000-7f5824944000 r--p 0000b000 08:02 8655884                    /lib/x86_64-linux-gnu/libnss_files-2.15.so
7f5824944000-7f5824945000 rw-p 0000c000 08:02 8655884                    /lib/x86_64-linux-gnu/libnss_files-2.15.so
7f5824948000-7f5824952000 r-xp 00000000 08:02 8655891                    /lib/x86_64-linux-gnu/libnss_nis-2.15.so
7f5824952000-7f5824b52000 ---p 0000a000 08:02 8655891                    /lib/x86_64-linux-gnu/libnss_nis-2.15.so
7f5824b52000-7f5824b53000 r--p 0000a000 08:02 8655891                    /lib/x86_64-linux-gnu/libnss_nis-2.15.so
7f5824b53000-7f5824b54000 rw-p 0000b000 08:02 8655891                    /lib/x86_64-linux-gnu/libnss_nis-2.15.so
7f5824b58000-7f5824b6f000 r-xp 00000000 08:02 8655883                    /lib/x86_64-linux-gnu/libnsl-2.15.so
7f5824b6f000-7f5824d6e000 ---p 00017000 08:02 8655883                    /lib/x86_64-linux-gnu/libnsl-2.15.so
7f5824d6e000-7f5824d6f000 r--p 00016000 08:02 8655883                    /lib/x86_64-linux-gnu/libnsl-2.15.so
7f5824d6f000-7f5824d70000 rw-p 00017000 08:02 8655883                    /lib/x86_64-linux-gnu/libnsl-2.15.so
7f5824d70000-7f5824d72000 rw-p 00000000 00:00 0 
7f5824d78000-7f5824d80000 r-xp 00000000 08:02 8655890                    /lib/x86_64-linux-gnu/libnss_compat-2.15.so
7f5824d80000-7f5824f7f000 ---p 00008000 08:02 8655890                    /lib/x86_64-linux-gnu/libnss_compat-2.15.so
7f5824f7f000-7f5824f80000 r--p 00007000 08:02 8655890                    /lib/x86_64-linux-gnu/libnss_compat-2.15.so
7f5824f80000-7f5824f81000 rw-p 00008000 08:02 8655890                    /lib/x86_64-linux-gnu/libnss_compat-2.15.so
7f5824f88000-7f5824fb2000 r-xp 00000000 08:02 13899083                   /usr/lib/jvm/java-8-oracle/jre/lib/amd64/libjava.so
7f5824fb2000-7f58251b2000 ---p 0002a000 08:02 13899083                   /usr/lib/jvm/java-8-oracle/jre/lib/amd64/libjava.so
7f58251b2000-7f58251b4000 rw-p 0002a000 08:02 13899083                   /usr/lib/jvm/java-8-oracle/jre/lib/amd64/libjava.so
7f58251b8000-7f58251c5000 r-xp 00000000 08:02 13899059                   /usr/lib/jvm/java-8-oracle/jre/lib/amd64/libverify.so
7f58251c5000-7f58253c5000 ---p 0000d000 08:02 13899059                   /usr/lib/jvm/java-8-oracle/jre/lib/amd64/libverify.so
7f58253c5000-7f58253c7000 rw-p 0000d000 08:02 13899059                   /usr/lib/jvm/java-8-oracle/jre/lib/amd64/libverify.so
7f58253c8000-7f58253cf000 r-xp 00000000 08:02 8655881                    /lib/x86_64-linux-gnu/librt-2.15.so
7f58253cf000-7f58255ce000 ---p 00007000 08:02 8655881                    /lib/x86_64-linux-gnu/librt-2.15.so
7f58255ce000-7f58255cf000 r--p 00006000 08:02 8655881                    /lib/x86_64-linux-gnu/librt-2.15.so
7f58255cf000-7f58255d0000 rw-p 00007000 08:02 8655881                    /lib/x86_64-linux-gnu/librt-2.15.so
7f58255d0000-7f58256cb000 r-xp 00000000 08:02 8655888                    /lib/x86_64-linux-gnu/libm-2.15.so
7f58256cb000-7f58258ca000 ---p 000fb000 08:02 8655888                    /lib/x86_64-linux-gnu/libm-2.15.so
7f58258ca000-7f58258cb000 r--p 000fa000 08:02 8655888                    /lib/x86_64-linux-gnu/libm-2.15.so
7f58258cb000-7f58258cc000 rw-p 000fb000 08:02 8655888                    /lib/x86_64-linux-gnu/libm-2.15.so
7f58258d0000-7f582653d000 r-xp 00000000 08:02 13899106                   /usr/lib/jvm/java-8-oracle/jre/lib/amd64/server/libjvm.so
7f582653d000-7f582673c000 ---p 00c6d000 08:02 13899106                   /usr/lib/jvm/java-8-oracle/jre/lib/amd64/server/libjvm.so
7f582673c000-7f5826812000 rw-p 00c6c000 08:02 13899106                   /usr/lib/jvm/java-8-oracle/jre/lib/amd64/server/libjvm.so
7f5826812000-7f5826855000 rw-p 00000000 00:00 0 
7f5826858000-7f5826a0d000 r-xp 00000000 08:02 8655885                    /lib/x86_64-linux-gnu/libc-2.15.so
7f5826a0d000-7f5826c0c000 ---p 001b5000 08:02 8655885                    /lib/x86_64-linux-gnu/libc-2.15.so
7f5826c0c000-7f5826c10000 r--p 001b4000 08:02 8655885                    /lib/x86_64-linux-gnu/libc-2.15.so
7f5826c10000-7f5826c12000 rw-p 001b8000 08:02 8655885                    /lib/x86_64-linux-gnu/libc-2.15.so
7f5826c12000-7f5826c17000 rw-p 00000000 00:00 0 
7f5826c18000-7f5826c1a000 r-xp 00000000 08:02 8655899                    /lib/x86_64-linux-gnu/libdl-2.15.so
7f5826c1a000-7f5826e1a000 ---p 00002000 08:02 8655899                    /lib/x86_64-linux-gnu/libdl-2.15.so
7f5826e1a000-7f5826e1b000 r--p 00002000 08:02 8655899                    /lib/x86_64-linux-gnu/libdl-2.15.so
7f5826e1b000-7f5826e1c000 rw-p 00003000 08:02 8655899                    /lib/x86_64-linux-gnu/libdl-2.15.so
7f5826e20000-7f5826e35000 r-xp 00000000 08:02 13899108                   /usr/lib/jvm/java-8-oracle/jre/lib/amd64/jli/libjli.so
7f5826e35000-7f5827034000 ---p 00015000 08:02 13899108                   /usr/lib/jvm/java-8-oracle/jre/lib/amd64/jli/libjli.so
7f5827034000-7f5827035000 rw-p 00014000 08:02 13899108                   /usr/lib/jvm/java-8-oracle/jre/lib/amd64/jli/libjli.so
7f5827038000-7f5827050000 r-xp 00000000 08:02 8655879                    /lib/x86_64-linux-gnu/libpthread-2.15.so
7f5827050000-7f582724f000 ---p 00018000 08:02 8655879                    /lib/x86_64-linux-gnu/libpthread-2.15.so
7f582724f000-7f5827250000 r--p 00017000 08:02 8655879                    /lib/x86_64-linux-gnu/libpthread-2.15.so
7f5827250000-7f5827251000 rw-p 00018000 08:02 8655879                    /lib/x86_64-linux-gnu/libpthread-2.15.so
7f5827251000-7f5827255000 rw-p 00000000 00:00 0 
7f5827258000-7f582727a000 r-xp 00000000 08:02 8655878                    /lib/x86_64-linux-gnu/ld-2.15.so
7f5827280000-7f5827281000 r--s 00000000 08:02 7879448                    /home/tyler/.cache/dconf/user
7f5827282000-7f5827284000 r--s 0001a000 08:02 12190124                   /usr/lib/jvm/java-8-oracle/jre/lib/jce.jar
7f5827284000-7f5827364000 rw-p 00000000 00:00 0 
7f5827364000-7f5827367000 ---p 00000000 00:00 0 
7f5827367000-7f5827468000 rw-p 00000000 00:00 0                          [stack:11460]
7f5827469000-7f582746a000 r--s 00009000 08:02 13899139                   /usr/lib/jvm/java-8-oracle/jre/lib/ext/sunec.jar
7f582746d000-7f5827470000 rw-p 00000000 00:00 0 
7f5827470000-7f5827478000 rw-s 00000000 08:02 15599425                   /tmp/hsperfdata_tyler/11459
7f5827478000-7f5827479000 rw-p 00000000 00:00 0 
7f5827479000-7f582747a000 r--p 00000000 00:00 0 
7f582747a000-7f582747b000 r--p 00022000 08:02 8655878                    /lib/x86_64-linux-gnu/ld-2.15.so
7f582747b000-7f582747d000 rw-p 00023000 08:02 8655878                    /lib/x86_64-linux-gnu/ld-2.15.so
7f582747d000-7f5827480000 rw-p 00000000 00:00 0 
7fff01fd4000-7fff01ff5000 rw-p 00000000 00:00 0                          [stack]
7fff02000000-7fff02002000 r-xp 00000000 00:00 0                          [vdso]
ffffffffff600000-ffffffffff601000 r-xp 00000000 00:00 0                  [vsyscall]

VM Arguments:
java_command: target/bitmerchant-wallet-shaded.jar
java_class_path (initial): target/bitmerchant-wallet-shaded.jar
Launcher Type: SUN_STANDARD

Environment Variables:
PATH=/usr/lib/lightdm/lightdm:/usr/local/sbin:/usr/local/bin:/usr/sbin:/usr/bin:/sbin:/bin:/usr/games:/home/tyler/.rvm/bin:/home/tyler/.rvm/bin
SHELL=/bin/bash
DISPLAY=:0

Signal Handlers:
SIGSEGV: [libjvm.so+0xa79a80], sa_mask[0]=11111111011111111101111111111110, sa_flags=SA_RESTART|SA_SIGINFO
SIGBUS: [libjvm.so+0xa79a80], sa_mask[0]=11111111011111111101111111111110, sa_flags=SA_RESTART|SA_SIGINFO
SIGFPE: [libjvm.so+0x8e24e0], sa_mask[0]=11111111011111111101111111111110, sa_flags=SA_RESTART|SA_SIGINFO
SIGPIPE: SIG_IGN, sa_mask[0]=00000000000010000000000000000000, sa_flags=SA_RESTART
SIGXFSZ: [libjvm.so+0x8e24e0], sa_mask[0]=11111111011111111101111111111110, sa_flags=SA_RESTART|SA_SIGINFO
SIGILL: [libjvm.so+0x8e24e0], sa_mask[0]=11111111011111111101111111111110, sa_flags=SA_RESTART|SA_SIGINFO
SIGUSR1: SIG_DFL, sa_mask[0]=00000000000000000000000000000000, sa_flags=none
SIGUSR2: [libjvm.so+0x8e3d10], sa_mask[0]=00000000000000000000000000000000, sa_flags=SA_RESTART|SA_SIGINFO
SIGHUP: SIG_IGN, sa_mask[0]=00000000000000000000000000000000, sa_flags=none
SIGINT: SIG_IGN, sa_mask[0]=00000000000000000000000000000000, sa_flags=none
SIGTERM: [libjvm.so+0x8e50d0], sa_mask[0]=11111111011111111101111111111110, sa_flags=SA_RESTART|SA_SIGINFO
SIGQUIT: [libjvm.so+0x8e50d0], sa_mask[0]=11111111011111111101111111111110, sa_flags=SA_RESTART|SA_SIGINFO


---------------  S Y S T E M  ---------------

OS:DISTRIB_ID="elementary OS"
DISTRIB_RELEASE=0.2.1
DISTRIB_CODENAME=luna
DISTRIB_DESCRIPTION="elementary OS Luna"

uname:Linux 3.11.0-26-generic #45~precise1-Ubuntu SMP Tue Jul 15 04:02:35 UTC 2014 x86_64
libc:glibc 2.15 NPTL 2.15 
rlimit: STACK 8192k, CORE 0k, NPROC 24027, NOFILE 4096, AS infinity
load average:3.02 3.09 2.39

/proc/meminfo:
MemTotal:        3102324 kB
MemFree:          219604 kB
Buffers:            6152 kB
Cached:           253728 kB
SwapCached:       124524 kB
Active:          1846056 kB
Inactive:         650736 kB
Active(anon):    1701256 kB
Inactive(anon):   547152 kB
Active(file):     144800 kB
Inactive(file):   103584 kB
Unevictable:         312 kB
Mlocked:             312 kB
SwapTotal:       1535996 kB
SwapFree:         818940 kB
Dirty:              3056 kB
Writeback:             0 kB
AnonPages:       2162556 kB
Mapped:           216844 kB
Shmem:             11244 kB
Slab:              89744 kB
SReclaimable:      53052 kB
SUnreclaim:        36692 kB
KernelStack:        6104 kB
PageTables:        51920 kB
NFS_Unstable:          0 kB
Bounce:                0 kB
WritebackTmp:          0 kB
CommitLimit:     3087156 kB
Committed_AS:   18655772 kB
VmallocTotal:   34359738367 kB
VmallocUsed:      104404 kB
VmallocChunk:   34359591172 kB
HardwareCorrupted:     0 kB
AnonHugePages:         0 kB
HugePages_Total:       0
HugePages_Free:        0
HugePages_Rsvd:        0
HugePages_Surp:        0
Hugepagesize:       2048 kB
DirectMap4k:     1379472 kB
DirectMap2M:     1923072 kB
DirectMap1G:           0 kB


CPU:total 2 (2 cores per cpu, 1 threads per core) family 21 model 19 stepping 1, cmov, cx8, fxsr, mmx, sse, sse2, sse3, ssse3, sse4.1, sse4.2, popcnt, avx, aes, clmul, mmxext, 3dnowpref, lzcnt, sse4a, tsc, tscinvbit, tscinv, bmi1

/proc/cpuinfo:
processor	: 0
vendor_id	: AuthenticAMD
cpu family	: 21
model		: 19
model name	: AMD A6-5350M APU with Radeon(tm) HD Graphics
stepping	: 1
microcode	: 0x6001119
cpu MHz		: 2900.000
cache size	: 1024 KB
physical id	: 0
siblings	: 2
core id		: 0
cpu cores	: 1
apicid		: 16
initial apicid	: 0
fpu		: yes
fpu_exception	: yes
cpuid level	: 13
wp		: yes
flags		: fpu vme de pse tsc msr pae mce cx8 apic sep mtrr pge mca cmov pat pse36 clflush mmx fxsr sse sse2 ht syscall nx mmxext fxsr_opt pdpe1gb rdtscp lm constant_tsc rep_good nopl nonstop_tsc extd_apicid aperfmperf pni pclmulqdq monitor ssse3 fma cx16 sse4_1 sse4_2 popcnt aes xsave avx f16c lahf_lm cmp_legacy svm extapic cr8_legacy abm sse4a misalignsse 3dnowprefetch osvw ibs xop skinit wdt lwp fma4 tce nodeid_msr tbm topoext perfctr_core perfctr_nb arat cpb hw_pstate npt lbrv svm_lock nrip_save tsc_scale vmcb_clean flushbyasid decodeassists pausefilter pfthreshold bmi1
bogomips	: 5789.45
TLB size	: 1536 4K pages
clflush size	: 64
cache_alignment	: 64
address sizes	: 48 bits physical, 48 bits virtual
power management: ts ttp tm 100mhzsteps hwpstate cpb eff_freq_ro

processor	: 1
vendor_id	: AuthenticAMD
cpu family	: 21
model		: 19
model name	: AMD A6-5350M APU with Radeon(tm) HD Graphics   
stepping	: 1
microcode	: 0x6001119
cpu MHz		: 1400.000
cache size	: 1024 KB
physical id	: 0
siblings	: 2
core id		: 1
cpu cores	: 1
apicid		: 17
initial apicid	: 1
fpu		: yes
fpu_exception	: yes
cpuid level	: 13
wp		: yes
flags		: fpu vme de pse tsc msr pae mce cx8 apic sep mtrr pge mca cmov pat pse36 clflush mmx fxsr sse sse2 ht syscall nx mmxext fxsr_opt pdpe1gb rdtscp lm constant_tsc rep_good nopl nonstop_tsc extd_apicid aperfmperf pni pclmulqdq monitor ssse3 fma cx16 sse4_1 sse4_2 popcnt aes xsave avx f16c lahf_lm cmp_legacy svm extapic cr8_legacy abm sse4a misalignsse 3dnowprefetch osvw ibs xop skinit wdt lwp fma4 tce nodeid_msr tbm topoext perfctr_core perfctr_nb arat cpb hw_pstate npt lbrv svm_lock nrip_save tsc_scale vmcb_clean flushbyasid decodeassists pausefilter pfthreshold bmi1
bogomips	: 5789.45
TLB size	: 1536 4K pages
clflush size	: 64
cache_alignment	: 64
address sizes	: 48 bits physical, 48 bits virtual
power management: ts ttp tm 100mhzsteps hwpstate cpb eff_freq_ro



Memory: 4k page, physical 3102324k(219604k free), swap 1535996k(818940k free)

vm_info: Java HotSpot(TM) 64-Bit Server VM (25.25-b02) for linux-amd64 JRE (1.8.0_25-b17), built on Sep 17 2014 17:32:11 by "java_re" with gcc 4.3.0 20080428 (Red Hat 4.3.0-8)

time: Thu Jan  8 11:52:08 2015
elapsed time: 75 seconds (0d 0h 1m 15s)

